#
# There is insufficient memory for the Java Runtime Environment to continue.
# Native memory allocation (malloc) failed to allocate 1085536 bytes for Chunk::new
# Possible reasons:
#   The system is out of physical RAM or swap space
#   The process is running with CompressedOops enabled, and the Java Heap may be blocking the growth of the native heap
# Possible solutions:
#   Reduce memory load on the system
#   Increase physical memory or swap space
#   Check if swap backing store is full
#   Decrease Java heap size (-Xmx/-Xms)
#   Decrease number of Java threads
#   Decrease Java thread stack sizes (-Xss)
#   Set larger code cache with -XX:ReservedCodeCacheSize=
#   JVM is running with Unscaled Compressed Oops mode in which the Java heap is
#     placed in the first 4GB address space. The Java Heap base address is the
#     maximum limit for the native heap growth. Please use -XX:HeapBaseMinAddress
#     to set the Java Heap base and to place the Java Heap above 4GB virtual address.
# This output file may be truncated or incomplete.
#
#  Out of Memory Error (arena.cpp:189), pid=14428, tid=11440
#
# JRE version: Java(TM) SE Runtime Environment (17.0.10+11) (build 17.0.10+11-LTS-240)
# Java VM: Java HotSpot(TM) 64-Bit Server VM (17.0.10+11-LTS-240, mixed mode, sharing, tiered, compressed oops, compressed class ptrs, g1 gc, windows-amd64)
# No core dump will be written. Minidumps are not enabled by default on client versions of Windows
#

---------------  S U M M A R Y ------------

Command Line: --add-opens=java.base/java.util=ALL-UNNAMED --add-opens=java.base/java.lang=ALL-UNNAMED --add-opens=java.base/java.lang.invoke=ALL-UNNAMED --add-opens=java.prefs/java.util.prefs=ALL-UNNAMED --add-opens=java.base/java.nio.charset=ALL-UNNAMED --add-opens=java.base/java.net=ALL-UNNAMED --add-opens=java.base/java.util.concurrent.atomic=ALL-UNNAMED -XX:MaxMetaspaceSize=384m -XX:+HeapDumpOnOutOfMemoryError -Xms256m -Xmx512m -Dfile.encoding=windows-1252 -Duser.country=US -Duser.language=en -Duser.variant -javaagent:C:\Users\win\.gradle\wrapper\dists\gradle-8.5-bin\5t9huq95ubn472n8rpzujfbqh\gradle-8.5\lib\agents\gradle-instrumentation-agent-8.5.jar org.gradle.launcher.daemon.bootstrap.GradleDaemon 8.5

Host: Intel(R) Core(TM) i5-7300U CPU @ 2.60GHz, 4 cores, 7G,  Windows 10 , 64 bit Build 19041 (10.0.19041.3636)
Time: Mon Mar 25 19:19:01 2024 SE Asia Standard Time elapsed time: 188.719974 seconds (0d 0h 3m 8s)

---------------  T H R E A D  ---------------

Current thread (0x000002197f7090e0):  JavaThread "C2 CompilerThread0" daemon [_thread_in_native, id=11440, stack(0x00000019c5400000,0x00000019c5500000)]


Current CompileTask:
C2: 188720 8565   !   4       io.spring.gradle.dependencymanagement.org.codehaus.plexus.interpolation.StringSearchInterpolator::interpolate (668 bytes)

Stack: [0x00000019c5400000,0x00000019c5500000]
Native frames: (J=compiled Java code, j=interpreted, Vv=VM code, C=native code)
V  [jvm.dll+0x677a5a]
V  [jvm.dll+0x7d8b2d]
V  [jvm.dll+0x7da48e]
V  [jvm.dll+0x7daaf3]
V  [jvm.dll+0x2455ff]
V  [jvm.dll+0xaaafb]
V  [jvm.dll+0xab09c]
V  [jvm.dll+0x2aafef]
V  [jvm.dll+0x57fd55]
V  [jvm.dll+0x220472]
V  [jvm.dll+0x22084f]
V  [jvm.dll+0x2197a6]
V  [jvm.dll+0x216c79]
V  [jvm.dll+0x1a3410]
V  [jvm.dll+0x226aeb]
V  [jvm.dll+0x224cab]
V  [jvm.dll+0x78e45c]
V  [jvm.dll+0x78888a]
V  [jvm.dll+0x676935]
C  [ucrtbase.dll+0x21bb2]
C  [KERNEL32.DLL+0x17344]
C  [ntdll.dll+0x526b1]


---------------  P R O C E S S  ---------------

Threads class SMR info:
_java_thread_list=0x000002191be7f0e0, length=87, elements={
0x0000021967689330, 0x000002197f6ebd60, 0x000002197f6ecaf0, 0x000002197f703590,
0x000002197f704320, 0x000002197f707c10, 0x000002197f7084e0, 0x000002197f7090e0,
0x000002197f70bab0, 0x000002197f890460, 0x000002197f8b63d0, 0x000002197f9b5400,
0x000002191ba9fc10, 0x000002191bb7a160, 0x000002191b96e670, 0x000002197fa296a0,
0x000002191c7cbc00, 0x000002197f954010, 0x000002191b619870, 0x000002191c594be0,
0x000002191c593cb0, 0x000002191c596020, 0x000002191c595b10, 0x000002191c5946d0,
0x000002191c5937a0, 0x000002191c5950f0, 0x000002191c596530, 0x000002191c596a40,
0x000002191c596f50, 0x000002191cf4b070, 0x000002191cf50b90, 0x000002191cf515b0,
0x000002191cf4fc60, 0x000002191cf4c4b0, 0x000002191cf4ed30, 0x000002191cf4f750,
0x000002191cf50170, 0x000002191cf4ced0, 0x000002191cf50680, 0x000002191cf51ac0,
0x000002191cf4e820, 0x000002191cf51fd0, 0x000002191cf524e0, 0x000002191cf4de00,
0x000002191cf529f0, 0x000002191cf4b580, 0x000002191cf4e310, 0x000002191cf4d8f0,
0x000002191cf4ba90, 0x000002191cf4c9c0, 0x000002191cf4d3e0, 0x000002191cf4f240,
0x000002191c595600, 0x000002191d37c7d0, 0x000002191d37a460, 0x000002191d379530,
0x000002191d37b390, 0x000002191d37c2c0, 0x000002191d379a40, 0x000002191d379f50,
0x000002191d37ae80, 0x000002191d37a970, 0x000002191d37b8a0, 0x000002191d37bdb0,
0x000002191b6dbeb0, 0x000002191b6ddd10, 0x000002191b6da560, 0x000002191b6db9a0,
0x000002191b6da050, 0x000002191b6d9630, 0x000002191b6dc8d0, 0x000002191b6db490,
0x000002191b6df660, 0x000002191b6dcde0, 0x000002191b6d9b40, 0x000002191b6dd800,
0x000002191b6de220, 0x000002191b6d9120, 0x000002191b6dc3c0, 0x000002191b6d8700,
0x000002191b6daa70, 0x000002191b6dd2f0, 0x000002191b6de730, 0x000002191b6daf80,
0x000002191b6dec40, 0x000002191b6df150, 0x000002191b6dfb70
}

Java Threads: ( => current thread )
  0x0000021967689330 JavaThread "main" [_thread_blocked, id=18368, stack(0x00000019c4700000,0x00000019c4800000)]
  0x000002197f6ebd60 JavaThread "Reference Handler" daemon [_thread_blocked, id=10224, stack(0x00000019c4e00000,0x00000019c4f00000)]
  0x000002197f6ecaf0 JavaThread "Finalizer" daemon [_thread_blocked, id=4552, stack(0x00000019c4f00000,0x00000019c5000000)]
  0x000002197f703590 JavaThread "Signal Dispatcher" daemon [_thread_blocked, id=13388, stack(0x00000019c5000000,0x00000019c5100000)]
  0x000002197f704320 JavaThread "Attach Listener" daemon [_thread_blocked, id=18560, stack(0x00000019c5100000,0x00000019c5200000)]
  0x000002197f707c10 JavaThread "Service Thread" daemon [_thread_blocked, id=5544, stack(0x00000019c5200000,0x00000019c5300000)]
  0x000002197f7084e0 JavaThread "Monitor Deflation Thread" daemon [_thread_blocked, id=8084, stack(0x00000019c5300000,0x00000019c5400000)]
=>0x000002197f7090e0 JavaThread "C2 CompilerThread0" daemon [_thread_in_native, id=11440, stack(0x00000019c5400000,0x00000019c5500000)]
  0x000002197f70bab0 JavaThread "C1 CompilerThread0" daemon [_thread_blocked, id=16992, stack(0x00000019c5500000,0x00000019c5600000)]
  0x000002197f890460 JavaThread "Sweeper thread" daemon [_thread_blocked, id=16188, stack(0x00000019c5600000,0x00000019c5700000)]
  0x000002197f8b63d0 JavaThread "Common-Cleaner" daemon [_thread_blocked, id=1120, stack(0x00000019c5700000,0x00000019c5800000)]
  0x000002197f9b5400 JavaThread "Notification Thread" daemon [_thread_blocked, id=484, stack(0x00000019c5800000,0x00000019c5900000)]
  0x000002191ba9fc10 JavaThread "Daemon health stats" [_thread_blocked, id=7924, stack(0x00000019c5d00000,0x00000019c5e00000)]
  0x000002191bb7a160 JavaThread "Incoming local TCP Connector on port 49201" [_thread_in_native, id=5488, stack(0x00000019c5e00000,0x00000019c5f00000)]
  0x000002191b96e670 JavaThread "Daemon periodic checks" [_thread_blocked, id=6184, stack(0x00000019c5f00000,0x00000019c6000000)]
  0x000002197fa296a0 JavaThread "Daemon" [_thread_blocked, id=4992, stack(0x00000019c6000000,0x00000019c6100000)]
  0x000002191c7cbc00 JavaThread "Handler for socket connection from /127.0.0.1:49201 to /127.0.0.1:49202" [_thread_in_native, id=7428, stack(0x00000019c6100000,0x00000019c6200000)]
  0x000002197f954010 JavaThread "Cancel handler" [_thread_blocked, id=4424, stack(0x00000019c6200000,0x00000019c6300000)]
  0x000002191b619870 JavaThread "Daemon worker" [_thread_blocked, id=10744, stack(0x00000019c6300000,0x00000019c6400000)]
  0x000002191c594be0 JavaThread "Asynchronous log dispatcher for DefaultDaemonConnection: socket connection from /127.0.0.1:49201 to /127.0.0.1:49202" [_thread_blocked, id=6812, stack(0x00000019c6400000,0x00000019c6500000)]
  0x000002191c593cb0 JavaThread "Stdin handler" [_thread_blocked, id=12100, stack(0x00000019c6500000,0x00000019c6600000)]
  0x000002191c596020 JavaThread "Daemon client event forwarder" [_thread_blocked, id=6828, stack(0x00000019c6600000,0x00000019c6700000)]
  0x000002191c595b10 JavaThread "Cache worker for journal cache (C:\Users\win\.gradle\caches\journal-1)" [_thread_blocked, id=2772, stack(0x00000019c6700000,0x00000019c6800000)]
  0x000002191c5946d0 JavaThread "File lock request listener" [_thread_in_native, id=11740, stack(0x00000019c6800000,0x00000019c6900000)]
  0x000002191c5937a0 JavaThread "Cache worker for file hash cache (C:\Users\win\.gradle\caches\8.5\fileHashes)" [_thread_blocked, id=10160, stack(0x00000019c6a00000,0x00000019c6b00000)]
  0x000002191c5950f0 JavaThread "File watcher server" daemon [_thread_in_native, id=9200, stack(0x00000019c4500000,0x00000019c4600000)]
  0x000002191c596530 JavaThread "File watcher consumer" daemon [_thread_blocked, id=12052, stack(0x00000019c6b00000,0x00000019c6c00000)]
  0x000002191c596a40 JavaThread "Cache worker for checksums cache (D:\HK2(2023-2024)\KTPM\20119821_PhamTrungVinh\API_Gateway\.gradle\8.5\checksums)" [_thread_blocked, id=9320, stack(0x00000019c6c00000,0x00000019c6d00000)]
  0x000002191c596f50 JavaThread "Cache worker for file hash cache (D:\HK2(2023-2024)\KTPM\20119821_PhamTrungVinh\API_Gateway\.gradle\8.5\fileHashes)" [_thread_blocked, id=13676, stack(0x00000019c6d00000,0x00000019c6e00000)]
  0x000002191cf4b070 JavaThread "Cache worker for cache directory md-supplier (C:\Users\win\.gradle\caches\8.5\md-supplier)" [_thread_blocked, id=5824, stack(0x00000019c6e00000,0x00000019c6f00000)]
  0x000002191cf50b90 JavaThread "Cache worker for cache directory md-rule (C:\Users\win\.gradle\caches\8.5\md-rule)" [_thread_blocked, id=17632, stack(0x00000019c6f00000,0x00000019c7000000)]
  0x000002191cf515b0 JavaThread "Cache worker for file content cache (C:\Users\win\.gradle\caches\8.5\fileContent)" [_thread_blocked, id=16088, stack(0x00000019c7000000,0x00000019c7100000)]
  0x000002191cf4fc60 JavaThread "Cache worker for execution history cache (C:\Users\win\.gradle\caches\8.5\executionHistory)" [_thread_blocked, id=7392, stack(0x00000019c7100000,0x00000019c7200000)]
  0x000002191cf4c4b0 JavaThread "jar transforms" [_thread_blocked, id=17400, stack(0x00000019c7400000,0x00000019c7500000)]
  0x000002191cf4ed30 JavaThread "jar transforms Thread 2" [_thread_blocked, id=16572, stack(0x00000019c7500000,0x00000019c7600000)]
  0x000002191cf4f750 JavaThread "jar transforms Thread 3" [_thread_blocked, id=14652, stack(0x00000019c7600000,0x00000019c7700000)]
  0x000002191cf50170 JavaThread "jar transforms Thread 4" [_thread_blocked, id=8000, stack(0x00000019c7700000,0x00000019c7800000)]
  0x000002191cf4ced0 JavaThread "File lock release action executor Thread 2" [_thread_blocked, id=2956, stack(0x00000019c4400000,0x00000019c4500000)]
  0x000002191cf50680 JavaThread "Cache worker for dependencies-accessors (D:\HK2(2023-2024)\KTPM\20119821_PhamTrungVinh\API_Gateway\.gradle\8.5\dependencies-accessors)" [_thread_blocked, id=11328, stack(0x00000019c4600000,0x00000019c4700000)]
  0x000002191cf51ac0 JavaThread "Cache worker for Build Output Cleanup Cache (D:\HK2(2023-2024)\KTPM\20119821_PhamTrungVinh\API_Gateway\.gradle\buildOutputCleanup)" [_thread_blocked, id=10276, stack(0x00000019c7800000,0x00000019c7900000)]
  0x000002191cf4e820 JavaThread "Unconstrained build operations" [_thread_blocked, id=1296, stack(0x00000019c7900000,0x00000019c7a00000)]
  0x000002191cf51fd0 JavaThread "Unconstrained build operations Thread 2" [_thread_blocked, id=6080, stack(0x00000019c7a00000,0x00000019c7b00000)]
  0x000002191cf524e0 JavaThread "Unconstrained build operations Thread 3" [_thread_blocked, id=16616, stack(0x00000019c7b00000,0x00000019c7c00000)]
  0x000002191cf4de00 JavaThread "Memory manager" [_thread_blocked, id=13596, stack(0x00000019c7c00000,0x00000019c7d00000)]
  0x000002191cf529f0 JavaThread "included builds" [_thread_blocked, id=9348, stack(0x00000019c7e00000,0x00000019c7f00000)]
  0x000002191cf4b580 JavaThread "Execution worker" [_thread_blocked, id=12592, stack(0x00000019c7f00000,0x00000019c8000000)]
  0x000002191cf4e310 JavaThread "Execution worker Thread 2" [_thread_blocked, id=1292, stack(0x00000019c8000000,0x00000019c8100000)]
  0x000002191cf4d8f0 JavaThread "Execution worker Thread 3" [_thread_blocked, id=6244, stack(0x00000019c8100000,0x00000019c8200000)]
  0x000002191cf4ba90 JavaThread "Cache worker for execution history cache (D:\HK2(2023-2024)\KTPM\20119821_PhamTrungVinh\API_Gateway\.gradle\8.5\executionHistory)" [_thread_blocked, id=15992, stack(0x00000019c8200000,0x00000019c8300000)]
  0x000002191cf4c9c0 JavaThread "Unconstrained build operations Thread 4" [_thread_blocked, id=14144, stack(0x00000019c8300000,0x00000019c8400000)]
  0x000002191cf4d3e0 JavaThread "Unconstrained build operations Thread 5" [_thread_blocked, id=8788, stack(0x00000019c6900000,0x00000019c6a00000)]
  0x000002191cf4f240 JavaThread "Unconstrained build operations Thread 6" [_thread_blocked, id=14160, stack(0x00000019c8400000,0x00000019c8500000)]
  0x000002191c595600 JavaThread "Unconstrained build operations Thread 7" [_thread_blocked, id=3860, stack(0x00000019c8500000,0x00000019c8600000)]
  0x000002191d37c7d0 JavaThread "Unconstrained build operations Thread 8" [_thread_blocked, id=2076, stack(0x00000019c8600000,0x00000019c8700000)]
  0x000002191d37a460 JavaThread "Unconstrained build operations Thread 9" [_thread_blocked, id=10056, stack(0x00000019c8700000,0x00000019c8800000)]
  0x000002191d379530 JavaThread "Unconstrained build operations Thread 10" [_thread_blocked, id=16608, stack(0x00000019c8800000,0x00000019c8900000)]
  0x000002191d37b390 JavaThread "Unconstrained build operations Thread 11" [_thread_blocked, id=16612, stack(0x00000019c8900000,0x00000019c8a00000)]
  0x000002191d37c2c0 JavaThread "Unconstrained build operations Thread 12" [_thread_blocked, id=3308, stack(0x00000019c8a00000,0x00000019c8b00000)]
  0x000002191d379a40 JavaThread "Unconstrained build operations Thread 13" [_thread_blocked, id=5076, stack(0x00000019c8b00000,0x00000019c8c00000)]
  0x000002191d379f50 JavaThread "Unconstrained build operations Thread 14" [_thread_blocked, id=4580, stack(0x00000019c8c00000,0x00000019c8d00000)]
  0x000002191d37ae80 JavaThread "Unconstrained build operations Thread 15" [_thread_blocked, id=18628, stack(0x00000019c8d00000,0x00000019c8e00000)]
  0x000002191d37a970 JavaThread "Unconstrained build operations Thread 16" [_thread_blocked, id=9388, stack(0x00000019c7200000,0x00000019c7300000)]
  0x000002191d37b8a0 JavaThread "Unconstrained build operations Thread 17" [_thread_blocked, id=4576, stack(0x00000019c8e00000,0x00000019c8f00000)]
  0x000002191d37bdb0 JavaThread "Unconstrained build operations Thread 18" [_thread_blocked, id=8792, stack(0x00000019c8f00000,0x00000019c9000000)]
  0x000002191b6dbeb0 JavaThread "Unconstrained build operations Thread 19" [_thread_blocked, id=15248, stack(0x00000019c9000000,0x00000019c9100000)]
  0x000002191b6ddd10 JavaThread "Unconstrained build operations Thread 20" [_thread_blocked, id=17364, stack(0x00000019c9100000,0x00000019c9200000)]
  0x000002191b6da560 JavaThread "Unconstrained build operations Thread 21" [_thread_blocked, id=16504, stack(0x00000019c9200000,0x00000019c9300000)]
  0x000002191b6db9a0 JavaThread "Unconstrained build operations Thread 22" [_thread_blocked, id=8020, stack(0x00000019c9300000,0x00000019c9400000)]
  0x000002191b6da050 JavaThread "Unconstrained build operations Thread 23" [_thread_blocked, id=3172, stack(0x00000019c9400000,0x00000019c9500000)]
  0x000002191b6d9630 JavaThread "Unconstrained build operations Thread 24" [_thread_blocked, id=19572, stack(0x00000019c9500000,0x00000019c9600000)]
  0x000002191b6dc8d0 JavaThread "Unconstrained build operations Thread 25" [_thread_blocked, id=20032, stack(0x00000019c9600000,0x00000019c9700000)]
  0x000002191b6db490 JavaThread "Unconstrained build operations Thread 26" [_thread_blocked, id=6268, stack(0x00000019c9700000,0x00000019c9800000)]
  0x000002191b6df660 JavaThread "Unconstrained build operations Thread 27" [_thread_blocked, id=9812, stack(0x00000019c9800000,0x00000019c9900000)]
  0x000002191b6dcde0 JavaThread "Unconstrained build operations Thread 28" [_thread_blocked, id=18440, stack(0x00000019c9900000,0x00000019c9a00000)]
  0x000002191b6d9b40 JavaThread "Unconstrained build operations Thread 29" [_thread_blocked, id=20156, stack(0x00000019c9a00000,0x00000019c9b00000)]
  0x000002191b6dd800 JavaThread "Unconstrained build operations Thread 30" [_thread_blocked, id=19704, stack(0x00000019c9b00000,0x00000019c9c00000)]
  0x000002191b6de220 JavaThread "File lock release action executor Thread 3" [_thread_blocked, id=20244, stack(0x00000019c9c00000,0x00000019c9d00000)]
  0x000002191b6d9120 JavaThread "Unconstrained build operations Thread 31" [_thread_blocked, id=11224, stack(0x00000019c9d00000,0x00000019c9e00000)]
  0x000002191b6dc3c0 JavaThread "Unconstrained build operations Thread 32" [_thread_blocked, id=1148, stack(0x00000019c9e00000,0x00000019c9f00000)]
  0x000002191b6d8700 JavaThread "Unconstrained build operations Thread 33" [_thread_blocked, id=20516, stack(0x00000019c9f00000,0x00000019ca000000)]
  0x000002191b6daa70 JavaThread "Unconstrained build operations Thread 34" [_thread_blocked, id=20532, stack(0x00000019ca000000,0x00000019ca100000)]
  0x000002191b6dd2f0 JavaThread "Unconstrained build operations Thread 35" [_thread_blocked, id=20544, stack(0x00000019ca100000,0x00000019ca200000)]
  0x000002191b6de730 JavaThread "Unconstrained build operations Thread 36" [_thread_blocked, id=20548, stack(0x00000019ca200000,0x00000019ca300000)]
  0x000002191b6daf80 JavaThread "Unconstrained build operations Thread 37" [_thread_blocked, id=20552, stack(0x00000019ca300000,0x00000019ca400000)]
  0x000002191b6dec40 JavaThread "Unconstrained build operations Thread 38" [_thread_blocked, id=20568, stack(0x00000019ca400000,0x00000019ca500000)]
  0x000002191b6df150 JavaThread "Unconstrained build operations Thread 39" [_thread_blocked, id=20576, stack(0x00000019ca500000,0x00000019ca600000)]
  0x000002191b6dfb70 JavaThread "Unconstrained build operations Thread 40" [_thread_blocked, id=20592, stack(0x00000019ca600000,0x00000019ca700000)]

Other Threads:
  0x000002197f6e5f00 VMThread "VM Thread" [stack: 0x00000019c4d00000,0x00000019c4e00000] [id=9324]
  0x000002196768a2f0 WatcherThread [stack: 0x00000019c5900000,0x00000019c5a00000] [id=1272]
  0x00000219676b74f0 GCTaskThread "GC Thread#0" [stack: 0x00000019c4800000,0x00000019c4900000] [id=1104]
  0x000002197fad51e0 GCTaskThread "GC Thread#1" [stack: 0x00000019c5a00000,0x00000019c5b00000] [id=3764]
  0x000002197fc5f520 GCTaskThread "GC Thread#2" [stack: 0x00000019c5b00000,0x00000019c5c00000] [id=10596]
  0x000002197fc5f7e0 GCTaskThread "GC Thread#3" [stack: 0x00000019c5c00000,0x00000019c5d00000] [id=12172]
  0x00000219676bd360 ConcurrentGCThread "G1 Main Marker" [stack: 0x00000019c4900000,0x00000019c4a00000] [id=4904]
  0x00000219676bdc80 ConcurrentGCThread "G1 Conc#0" [stack: 0x00000019c4a00000,0x00000019c4b00000] [id=18348]
  0x000002197f5b20c0 ConcurrentGCThread "G1 Refine#0" [stack: 0x00000019c4b00000,0x00000019c4c00000] [id=14464]
  0x000002191d70ec60 ConcurrentGCThread "G1 Refine#1" [stack: 0x00000019c7d00000,0x00000019c7e00000] [id=13400]
  0x000002191d70f530 ConcurrentGCThread "G1 Refine#2" [stack: 0x00000019ca700000,0x00000019ca800000] [id=21384]
  0x000002197f5b2a00 ConcurrentGCThread "G1 Service" [stack: 0x00000019c4c00000,0x00000019c4d00000] [id=19036]

Threads with active compile tasks:
C2 CompilerThread0   188785 8565   !   4       io.spring.gradle.dependencymanagement.org.codehaus.plexus.interpolation.StringSearchInterpolator::interpolate (668 bytes)

VM state: not at safepoint (normal execution)

VM Mutex/Monitor currently owned by a thread: None

Heap address: 0x00000000e0000000, size: 512 MB, Compressed Oops mode: 32-bit

CDS archive(s) mapped at: [0x0000021902000000-0x0000021902bd0000-0x0000021902bd0000), size 12386304, SharedBaseAddress: 0x0000021902000000, ArchiveRelocationMode: 1.
Compressed class space mapped at: 0x0000021903000000-0x0000021917000000, reserved size: 335544320
Narrow klass base: 0x0000021902000000, Narrow klass shift: 0, Narrow klass range: 0x100000000

GC Precious Log:
 CPUs: 4 total, 4 available
 Memory: 8052M
 Large Page Support: Disabled
 NUMA Support: Disabled
 Compressed Oops: Enabled (32-bit)
 Heap Region Size: 1M
 Heap Min Capacity: 256M
 Heap Initial Capacity: 256M
 Heap Max Capacity: 512M
 Pre-touch: Disabled
 Parallel Workers: 4
 Concurrent Workers: 1
 Concurrent Refinement Workers: 4
 Periodic GC: Disabled

Heap:
 garbage-first heap   total 262144K, used 52006K [0x00000000e0000000, 0x0000000100000000)
  region size 1024K, 22 young (22528K), 20 survivors (20480K)
 Metaspace       used 52436K, committed 52992K, reserved 393216K
  class space    used 7295K, committed 7552K, reserved 327680K

Heap Regions: E=young(eden), S=young(survivor), O=old, HS=humongous(starts), HC=humongous(continues), CS=collection set, F=free, OA=open archive, CA=closed archive, TAMS=top-at-mark-start (previous, next)
|   0|0x00000000e0000000, 0x00000000e0100000, 0x00000000e0100000|100%| O|  |TAMS 0x00000000e0100000, 0x00000000e0000000| Untracked 
|   1|0x00000000e0100000, 0x00000000e0200000, 0x00000000e0200000|100%| O|  |TAMS 0x00000000e0200000, 0x00000000e0100000| Untracked 
|   2|0x00000000e0200000, 0x00000000e0300000, 0x00000000e0300000|100%|HS|  |TAMS 0x00000000e0300000, 0x00000000e0200000| Complete 
|   3|0x00000000e0300000, 0x00000000e0400000, 0x00000000e0400000|100%|HC|  |TAMS 0x00000000e0400000, 0x00000000e0300000| Complete 
|   4|0x00000000e0400000, 0x00000000e0500000, 0x00000000e0500000|100%|HC|  |TAMS 0x00000000e0500000, 0x00000000e0400000| Complete 
|   5|0x00000000e0500000, 0x00000000e0600000, 0x00000000e0600000|100%|HC|  |TAMS 0x00000000e0600000, 0x00000000e0500000| Complete 
|   6|0x00000000e0600000, 0x00000000e0700000, 0x00000000e0700000|100%| O|  |TAMS 0x00000000e0700000, 0x00000000e0600000| Untracked 
|   7|0x00000000e0700000, 0x00000000e0800000, 0x00000000e0800000|100%| O|  |TAMS 0x00000000e0800000, 0x00000000e0700000| Untracked 
|   8|0x00000000e0800000, 0x00000000e0900000, 0x00000000e0900000|100%| O|  |TAMS 0x00000000e0900000, 0x00000000e0800000| Untracked 
|   9|0x00000000e0900000, 0x00000000e0a00000, 0x00000000e0a00000|100%| O|  |TAMS 0x00000000e0a00000, 0x00000000e0900000| Untracked 
|  10|0x00000000e0a00000, 0x00000000e0b00000, 0x00000000e0b00000|100%| O|  |TAMS 0x00000000e0b00000, 0x00000000e0a00000| Untracked 
|  11|0x00000000e0b00000, 0x00000000e0c00000, 0x00000000e0c00000|100%| O|  |TAMS 0x00000000e0b00000, 0x00000000e0b00000| Untracked 
|  12|0x00000000e0c00000, 0x00000000e0d00000, 0x00000000e0d00000|100%| O|  |TAMS 0x00000000e0c00000, 0x00000000e0c00000| Untracked 
|  13|0x00000000e0d00000, 0x00000000e0e00000, 0x00000000e0e00000|100%| O|  |TAMS 0x00000000e0d00000, 0x00000000e0d00000| Untracked 
|  14|0x00000000e0e00000, 0x00000000e0f00000, 0x00000000e0f00000|100%| O|  |TAMS 0x00000000e0e00000, 0x00000000e0e00000| Untracked 
|  15|0x00000000e0f00000, 0x00000000e1000000, 0x00000000e1000000|100%| O|  |TAMS 0x00000000e0f00000, 0x00000000e0f00000| Untracked 
|  16|0x00000000e1000000, 0x00000000e1100000, 0x00000000e1100000|100%| O|  |TAMS 0x00000000e1100000, 0x00000000e1000000| Untracked 
|  17|0x00000000e1100000, 0x00000000e1200000, 0x00000000e1200000|100%| O|  |TAMS 0x00000000e1200000, 0x00000000e1100000| Untracked 
|  18|0x00000000e1200000, 0x00000000e1300000, 0x00000000e1300000|100%| O|  |TAMS 0x00000000e1300000, 0x00000000e1200000| Untracked 
|  19|0x00000000e1300000, 0x00000000e1400000, 0x00000000e1400000|100%| O|  |TAMS 0x00000000e1400000, 0x00000000e1300000| Untracked 
|  20|0x00000000e1400000, 0x00000000e1500000, 0x00000000e1500000|100%| O|  |TAMS 0x00000000e1500000, 0x00000000e1400000| Untracked 
|  21|0x00000000e1500000, 0x00000000e1600000, 0x00000000e1600000|100%| O|  |TAMS 0x00000000e1600000, 0x00000000e1500000| Untracked 
|  22|0x00000000e1600000, 0x00000000e1700000, 0x00000000e1700000|100%| O|  |TAMS 0x00000000e1700000, 0x00000000e1600000| Untracked 
|  23|0x00000000e1700000, 0x00000000e1800000, 0x00000000e1800000|100%| O|  |TAMS 0x00000000e1800000, 0x00000000e1700000| Untracked 
|  24|0x00000000e1800000, 0x00000000e1900000, 0x00000000e1900000|100%| O|  |TAMS 0x00000000e1900000, 0x00000000e1800000| Untracked 
|  25|0x00000000e1900000, 0x00000000e1a00000, 0x00000000e1a00000|100%| O|  |TAMS 0x00000000e1a00000, 0x00000000e1900000| Untracked 
|  26|0x00000000e1a00000, 0x00000000e1b00000, 0x00000000e1b00000|100%| O|  |TAMS 0x00000000e1a62a00, 0x00000000e1a00000| Untracked 
|  27|0x00000000e1b00000, 0x00000000e1c00000, 0x00000000e1c00000|100%| O|  |TAMS 0x00000000e1b00000, 0x00000000e1b00000| Untracked 
|  28|0x00000000e1c00000, 0x00000000e1d00000, 0x00000000e1d00000|100%| O|  |TAMS 0x00000000e1c00000, 0x00000000e1c00000| Untracked 
|  29|0x00000000e1d00000, 0x00000000e1dc9800, 0x00000000e1e00000| 78%| O|  |TAMS 0x00000000e1d00000, 0x00000000e1d00000| Untracked 
|  30|0x00000000e1e00000, 0x00000000e1e00000, 0x00000000e1f00000|  0%| F|  |TAMS 0x00000000e1e00000, 0x00000000e1e00000| Untracked 
|  31|0x00000000e1f00000, 0x00000000e1f00000, 0x00000000e2000000|  0%| F|  |TAMS 0x00000000e1f00000, 0x00000000e1f00000| Untracked 
|  32|0x00000000e2000000, 0x00000000e2000000, 0x00000000e2100000|  0%| F|  |TAMS 0x00000000e2000000, 0x00000000e2000000| Untracked 
|  33|0x00000000e2100000, 0x00000000e2100000, 0x00000000e2200000|  0%| F|  |TAMS 0x00000000e2100000, 0x00000000e2100000| Untracked 
|  34|0x00000000e2200000, 0x00000000e2200000, 0x00000000e2300000|  0%| F|  |TAMS 0x00000000e2200000, 0x00000000e2200000| Untracked 
|  35|0x00000000e2300000, 0x00000000e2300000, 0x00000000e2400000|  0%| F|  |TAMS 0x00000000e2300000, 0x00000000e2300000| Untracked 
|  36|0x00000000e2400000, 0x00000000e2400000, 0x00000000e2500000|  0%| F|  |TAMS 0x00000000e2400000, 0x00000000e2400000| Untracked 
|  37|0x00000000e2500000, 0x00000000e2500000, 0x00000000e2600000|  0%| F|  |TAMS 0x00000000e2500000, 0x00000000e2500000| Untracked 
|  38|0x00000000e2600000, 0x00000000e2600000, 0x00000000e2700000|  0%| F|  |TAMS 0x00000000e2600000, 0x00000000e2600000| Untracked 
|  39|0x00000000e2700000, 0x00000000e2700000, 0x00000000e2800000|  0%| F|  |TAMS 0x00000000e2700000, 0x00000000e2700000| Untracked 
|  40|0x00000000e2800000, 0x00000000e2800000, 0x00000000e2900000|  0%| F|  |TAMS 0x00000000e2800000, 0x00000000e2800000| Untracked 
|  41|0x00000000e2900000, 0x00000000e2900000, 0x00000000e2a00000|  0%| F|  |TAMS 0x00000000e2900000, 0x00000000e2900000| Untracked 
|  42|0x00000000e2a00000, 0x00000000e2a00000, 0x00000000e2b00000|  0%| F|  |TAMS 0x00000000e2a00000, 0x00000000e2a00000| Untracked 
|  43|0x00000000e2b00000, 0x00000000e2b00000, 0x00000000e2c00000|  0%| F|  |TAMS 0x00000000e2b00000, 0x00000000e2b00000| Untracked 
|  44|0x00000000e2c00000, 0x00000000e2c00000, 0x00000000e2d00000|  0%| F|  |TAMS 0x00000000e2c00000, 0x00000000e2c00000| Untracked 
|  45|0x00000000e2d00000, 0x00000000e2d00000, 0x00000000e2e00000|  0%| F|  |TAMS 0x00000000e2d00000, 0x00000000e2d00000| Untracked 
|  46|0x00000000e2e00000, 0x00000000e2e00000, 0x00000000e2f00000|  0%| F|  |TAMS 0x00000000e2e00000, 0x00000000e2e00000| Untracked 
|  47|0x00000000e2f00000, 0x00000000e2f00000, 0x00000000e3000000|  0%| F|  |TAMS 0x00000000e2f00000, 0x00000000e2f00000| Untracked 
|  48|0x00000000e3000000, 0x00000000e3000000, 0x00000000e3100000|  0%| F|  |TAMS 0x00000000e3000000, 0x00000000e3000000| Untracked 
|  49|0x00000000e3100000, 0x00000000e3100000, 0x00000000e3200000|  0%| F|  |TAMS 0x00000000e3100000, 0x00000000e3100000| Untracked 
|  50|0x00000000e3200000, 0x00000000e3200000, 0x00000000e3300000|  0%| F|  |TAMS 0x00000000e3200000, 0x00000000e3200000| Untracked 
|  51|0x00000000e3300000, 0x00000000e3300000, 0x00000000e3400000|  0%| F|  |TAMS 0x00000000e3300000, 0x00000000e3300000| Untracked 
|  52|0x00000000e3400000, 0x00000000e3400000, 0x00000000e3500000|  0%| F|  |TAMS 0x00000000e3400000, 0x00000000e3400000| Untracked 
|  53|0x00000000e3500000, 0x00000000e3500000, 0x00000000e3600000|  0%| F|  |TAMS 0x00000000e3500000, 0x00000000e3500000| Untracked 
|  54|0x00000000e3600000, 0x00000000e3600000, 0x00000000e3700000|  0%| F|  |TAMS 0x00000000e3600000, 0x00000000e3600000| Untracked 
|  55|0x00000000e3700000, 0x00000000e3700000, 0x00000000e3800000|  0%| F|  |TAMS 0x00000000e3700000, 0x00000000e3700000| Untracked 
|  56|0x00000000e3800000, 0x00000000e3800000, 0x00000000e3900000|  0%| F|  |TAMS 0x00000000e3800000, 0x00000000e3800000| Untracked 
|  57|0x00000000e3900000, 0x00000000e3900000, 0x00000000e3a00000|  0%| F|  |TAMS 0x00000000e3900000, 0x00000000e3900000| Untracked 
|  58|0x00000000e3a00000, 0x00000000e3a00000, 0x00000000e3b00000|  0%| F|  |TAMS 0x00000000e3a00000, 0x00000000e3a00000| Untracked 
|  59|0x00000000e3b00000, 0x00000000e3b00000, 0x00000000e3c00000|  0%| F|  |TAMS 0x00000000e3b00000, 0x00000000e3b00000| Untracked 
|  60|0x00000000e3c00000, 0x00000000e3c00000, 0x00000000e3d00000|  0%| F|  |TAMS 0x00000000e3c00000, 0x00000000e3c00000| Untracked 
|  61|0x00000000e3d00000, 0x00000000e3d00000, 0x00000000e3e00000|  0%| F|  |TAMS 0x00000000e3d00000, 0x00000000e3d00000| Untracked 
|  62|0x00000000e3e00000, 0x00000000e3e00000, 0x00000000e3f00000|  0%| F|  |TAMS 0x00000000e3e00000, 0x00000000e3e00000| Untracked 
|  63|0x00000000e3f00000, 0x00000000e3f00000, 0x00000000e4000000|  0%| F|  |TAMS 0x00000000e3f00000, 0x00000000e3f00000| Untracked 
|  64|0x00000000e4000000, 0x00000000e4000000, 0x00000000e4100000|  0%| F|  |TAMS 0x00000000e4000000, 0x00000000e4000000| Untracked 
|  65|0x00000000e4100000, 0x00000000e4100000, 0x00000000e4200000|  0%| F|  |TAMS 0x00000000e4100000, 0x00000000e4100000| Untracked 
|  66|0x00000000e4200000, 0x00000000e4200000, 0x00000000e4300000|  0%| F|  |TAMS 0x00000000e4200000, 0x00000000e4200000| Untracked 
|  67|0x00000000e4300000, 0x00000000e4300000, 0x00000000e4400000|  0%| F|  |TAMS 0x00000000e4300000, 0x00000000e4300000| Untracked 
|  68|0x00000000e4400000, 0x00000000e4400000, 0x00000000e4500000|  0%| F|  |TAMS 0x00000000e4400000, 0x00000000e4400000| Untracked 
|  69|0x00000000e4500000, 0x00000000e4500000, 0x00000000e4600000|  0%| F|  |TAMS 0x00000000e4500000, 0x00000000e4500000| Untracked 
|  70|0x00000000e4600000, 0x00000000e4600000, 0x00000000e4700000|  0%| F|  |TAMS 0x00000000e4600000, 0x00000000e4600000| Untracked 
|  71|0x00000000e4700000, 0x00000000e4700000, 0x00000000e4800000|  0%| F|  |TAMS 0x00000000e4700000, 0x00000000e4700000| Untracked 
|  72|0x00000000e4800000, 0x00000000e4800000, 0x00000000e4900000|  0%| F|  |TAMS 0x00000000e4800000, 0x00000000e4800000| Untracked 
|  73|0x00000000e4900000, 0x00000000e4900000, 0x00000000e4a00000|  0%| F|  |TAMS 0x00000000e4900000, 0x00000000e4900000| Untracked 
|  74|0x00000000e4a00000, 0x00000000e4a00000, 0x00000000e4b00000|  0%| F|  |TAMS 0x00000000e4a00000, 0x00000000e4a00000| Untracked 
|  75|0x00000000e4b00000, 0x00000000e4b00000, 0x00000000e4c00000|  0%| F|  |TAMS 0x00000000e4b00000, 0x00000000e4b00000| Untracked 
|  76|0x00000000e4c00000, 0x00000000e4c00000, 0x00000000e4d00000|  0%| F|  |TAMS 0x00000000e4c00000, 0x00000000e4c00000| Untracked 
|  77|0x00000000e4d00000, 0x00000000e4d00000, 0x00000000e4e00000|  0%| F|  |TAMS 0x00000000e4d00000, 0x00000000e4d00000| Untracked 
|  78|0x00000000e4e00000, 0x00000000e4e00000, 0x00000000e4f00000|  0%| F|  |TAMS 0x00000000e4e00000, 0x00000000e4e00000| Untracked 
|  79|0x00000000e4f00000, 0x00000000e4f00000, 0x00000000e5000000|  0%| F|  |TAMS 0x00000000e4f00000, 0x00000000e4f00000| Untracked 
|  80|0x00000000e5000000, 0x00000000e5000000, 0x00000000e5100000|  0%| F|  |TAMS 0x00000000e5000000, 0x00000000e5000000| Untracked 
|  81|0x00000000e5100000, 0x00000000e5100000, 0x00000000e5200000|  0%| F|  |TAMS 0x00000000e5100000, 0x00000000e5100000| Untracked 
|  82|0x00000000e5200000, 0x00000000e5200000, 0x00000000e5300000|  0%| F|  |TAMS 0x00000000e5200000, 0x00000000e5200000| Untracked 
|  83|0x00000000e5300000, 0x00000000e5400000, 0x00000000e5400000|100%| S|CS|TAMS 0x00000000e5300000, 0x00000000e5300000| Complete 
|  84|0x00000000e5400000, 0x00000000e5500000, 0x00000000e5500000|100%| S|CS|TAMS 0x00000000e5400000, 0x00000000e5400000| Complete 
|  85|0x00000000e5500000, 0x00000000e5500000, 0x00000000e5600000|  0%| F|  |TAMS 0x00000000e5500000, 0x00000000e5500000| Untracked 
|  86|0x00000000e5600000, 0x00000000e5600000, 0x00000000e5700000|  0%| F|  |TAMS 0x00000000e5600000, 0x00000000e5600000| Untracked 
|  87|0x00000000e5700000, 0x00000000e5700000, 0x00000000e5800000|  0%| F|  |TAMS 0x00000000e5700000, 0x00000000e5700000| Untracked 
|  88|0x00000000e5800000, 0x00000000e5800000, 0x00000000e5900000|  0%| F|  |TAMS 0x00000000e5800000, 0x00000000e5800000| Untracked 
|  89|0x00000000e5900000, 0x00000000e5900000, 0x00000000e5a00000|  0%| F|  |TAMS 0x00000000e5900000, 0x00000000e5900000| Untracked 
|  90|0x00000000e5a00000, 0x00000000e5a00000, 0x00000000e5b00000|  0%| F|  |TAMS 0x00000000e5a00000, 0x00000000e5a00000| Untracked 
|  91|0x00000000e5b00000, 0x00000000e5b00000, 0x00000000e5c00000|  0%| F|  |TAMS 0x00000000e5b00000, 0x00000000e5b00000| Untracked 
|  92|0x00000000e5c00000, 0x00000000e5c00000, 0x00000000e5d00000|  0%| F|  |TAMS 0x00000000e5c00000, 0x00000000e5c00000| Untracked 
|  93|0x00000000e5d00000, 0x00000000e5d00000, 0x00000000e5e00000|  0%| F|  |TAMS 0x00000000e5d00000, 0x00000000e5d00000| Untracked 
|  94|0x00000000e5e00000, 0x00000000e5e00000, 0x00000000e5f00000|  0%| F|  |TAMS 0x00000000e5e00000, 0x00000000e5e00000| Untracked 
|  95|0x00000000e5f00000, 0x00000000e5f00000, 0x00000000e6000000|  0%| F|  |TAMS 0x00000000e5f00000, 0x00000000e5f00000| Untracked 
|  96|0x00000000e6000000, 0x00000000e6000000, 0x00000000e6100000|  0%| F|  |TAMS 0x00000000e6000000, 0x00000000e6000000| Untracked 
|  97|0x00000000e6100000, 0x00000000e6100000, 0x00000000e6200000|  0%| F|  |TAMS 0x00000000e6100000, 0x00000000e6100000| Untracked 
|  98|0x00000000e6200000, 0x00000000e6200000, 0x00000000e6300000|  0%| F|  |TAMS 0x00000000e6200000, 0x00000000e6200000| Untracked 
|  99|0x00000000e6300000, 0x00000000e6300000, 0x00000000e6400000|  0%| F|  |TAMS 0x00000000e6300000, 0x00000000e6300000| Untracked 
| 100|0x00000000e6400000, 0x00000000e6400000, 0x00000000e6500000|  0%| F|  |TAMS 0x00000000e6400000, 0x00000000e6400000| Untracked 
| 101|0x00000000e6500000, 0x00000000e6500000, 0x00000000e6600000|  0%| F|  |TAMS 0x00000000e6500000, 0x00000000e6500000| Untracked 
| 102|0x00000000e6600000, 0x00000000e6600000, 0x00000000e6700000|  0%| F|  |TAMS 0x00000000e6600000, 0x00000000e6600000| Untracked 
| 103|0x00000000e6700000, 0x00000000e6800000, 0x00000000e6800000|100%| S|CS|TAMS 0x00000000e6700000, 0x00000000e6700000| Complete 
| 104|0x00000000e6800000, 0x00000000e6900000, 0x00000000e6900000|100%| S|CS|TAMS 0x00000000e6800000, 0x00000000e6800000| Complete 
| 105|0x00000000e6900000, 0x00000000e6a00000, 0x00000000e6a00000|100%| S|CS|TAMS 0x00000000e6900000, 0x00000000e6900000| Complete 
| 106|0x00000000e6a00000, 0x00000000e6b00000, 0x00000000e6b00000|100%| S|CS|TAMS 0x00000000e6a00000, 0x00000000e6a00000| Complete 
| 107|0x00000000e6b00000, 0x00000000e6c00000, 0x00000000e6c00000|100%| S|CS|TAMS 0x00000000e6b00000, 0x00000000e6b00000| Complete 
| 108|0x00000000e6c00000, 0x00000000e6d00000, 0x00000000e6d00000|100%| S|CS|TAMS 0x00000000e6c00000, 0x00000000e6c00000| Complete 
| 109|0x00000000e6d00000, 0x00000000e6e00000, 0x00000000e6e00000|100%| S|CS|TAMS 0x00000000e6d00000, 0x00000000e6d00000| Complete 
| 110|0x00000000e6e00000, 0x00000000e6f00000, 0x00000000e6f00000|100%| S|CS|TAMS 0x00000000e6e00000, 0x00000000e6e00000| Complete 
| 111|0x00000000e6f00000, 0x00000000e7000000, 0x00000000e7000000|100%| S|CS|TAMS 0x00000000e6f00000, 0x00000000e6f00000| Complete 
| 112|0x00000000e7000000, 0x00000000e7100000, 0x00000000e7100000|100%| S|CS|TAMS 0x00000000e7000000, 0x00000000e7000000| Complete 
| 113|0x00000000e7100000, 0x00000000e7200000, 0x00000000e7200000|100%| S|CS|TAMS 0x00000000e7100000, 0x00000000e7100000| Complete 
| 114|0x00000000e7200000, 0x00000000e7300000, 0x00000000e7300000|100%| S|CS|TAMS 0x00000000e7200000, 0x00000000e7200000| Complete 
| 115|0x00000000e7300000, 0x00000000e7400000, 0x00000000e7400000|100%| S|CS|TAMS 0x00000000e7300000, 0x00000000e7300000| Complete 
| 116|0x00000000e7400000, 0x00000000e7500000, 0x00000000e7500000|100%| S|CS|TAMS 0x00000000e7400000, 0x00000000e7400000| Complete 
| 117|0x00000000e7500000, 0x00000000e7600000, 0x00000000e7600000|100%| S|CS|TAMS 0x00000000e7500000, 0x00000000e7500000| Complete 
| 118|0x00000000e7600000, 0x00000000e7700000, 0x00000000e7700000|100%| S|CS|TAMS 0x00000000e7600000, 0x00000000e7600000| Complete 
| 119|0x00000000e7700000, 0x00000000e7800000, 0x00000000e7800000|100%| S|CS|TAMS 0x00000000e7700000, 0x00000000e7700000| Complete 
| 120|0x00000000e7800000, 0x00000000e7900000, 0x00000000e7900000|100%| S|CS|TAMS 0x00000000e7800000, 0x00000000e7800000| Complete 
| 121|0x00000000e7900000, 0x00000000e7900000, 0x00000000e7a00000|  0%| F|  |TAMS 0x00000000e7900000, 0x00000000e7900000| Untracked 
| 122|0x00000000e7a00000, 0x00000000e7a00000, 0x00000000e7b00000|  0%| F|  |TAMS 0x00000000e7a00000, 0x00000000e7a00000| Untracked 
| 123|0x00000000e7b00000, 0x00000000e7b00000, 0x00000000e7c00000|  0%| F|  |TAMS 0x00000000e7b00000, 0x00000000e7b00000| Untracked 
| 124|0x00000000e7c00000, 0x00000000e7c00000, 0x00000000e7d00000|  0%| F|  |TAMS 0x00000000e7c00000, 0x00000000e7c00000| Untracked 
| 125|0x00000000e7d00000, 0x00000000e7d00000, 0x00000000e7e00000|  0%| F|  |TAMS 0x00000000e7d00000, 0x00000000e7d00000| Untracked 
| 126|0x00000000e7e00000, 0x00000000e7e00000, 0x00000000e7f00000|  0%| F|  |TAMS 0x00000000e7e00000, 0x00000000e7e00000| Untracked 
| 127|0x00000000e7f00000, 0x00000000e7f00000, 0x00000000e8000000|  0%| F|  |TAMS 0x00000000e7f00000, 0x00000000e7f00000| Untracked 
| 128|0x00000000e8000000, 0x00000000e8000000, 0x00000000e8100000|  0%| F|  |TAMS 0x00000000e8000000, 0x00000000e8000000| Untracked 
| 129|0x00000000e8100000, 0x00000000e8100000, 0x00000000e8200000|  0%| F|  |TAMS 0x00000000e8100000, 0x00000000e8100000| Untracked 
| 130|0x00000000e8200000, 0x00000000e8200000, 0x00000000e8300000|  0%| F|  |TAMS 0x00000000e8200000, 0x00000000e8200000| Untracked 
| 131|0x00000000e8300000, 0x00000000e8300000, 0x00000000e8400000|  0%| F|  |TAMS 0x00000000e8300000, 0x00000000e8300000| Untracked 
| 132|0x00000000e8400000, 0x00000000e8400000, 0x00000000e8500000|  0%| F|  |TAMS 0x00000000e8400000, 0x00000000e8400000| Untracked 
| 133|0x00000000e8500000, 0x00000000e8500000, 0x00000000e8600000|  0%| F|  |TAMS 0x00000000e8500000, 0x00000000e8500000| Untracked 
| 134|0x00000000e8600000, 0x00000000e8600000, 0x00000000e8700000|  0%| F|  |TAMS 0x00000000e8600000, 0x00000000e8600000| Untracked 
| 135|0x00000000e8700000, 0x00000000e8700000, 0x00000000e8800000|  0%| F|  |TAMS 0x00000000e8700000, 0x00000000e8700000| Untracked 
| 136|0x00000000e8800000, 0x00000000e8800000, 0x00000000e8900000|  0%| F|  |TAMS 0x00000000e8800000, 0x00000000e8800000| Untracked 
| 137|0x00000000e8900000, 0x00000000e8900000, 0x00000000e8a00000|  0%| F|  |TAMS 0x00000000e8900000, 0x00000000e8900000| Untracked 
| 138|0x00000000e8a00000, 0x00000000e8a00000, 0x00000000e8b00000|  0%| F|  |TAMS 0x00000000e8a00000, 0x00000000e8a00000| Untracked 
| 139|0x00000000e8b00000, 0x00000000e8b00000, 0x00000000e8c00000|  0%| F|  |TAMS 0x00000000e8b00000, 0x00000000e8b00000| Untracked 
| 140|0x00000000e8c00000, 0x00000000e8c00000, 0x00000000e8d00000|  0%| F|  |TAMS 0x00000000e8c00000, 0x00000000e8c00000| Untracked 
| 141|0x00000000e8d00000, 0x00000000e8d00000, 0x00000000e8e00000|  0%| F|  |TAMS 0x00000000e8d00000, 0x00000000e8d00000| Untracked 
| 142|0x00000000e8e00000, 0x00000000e8e00000, 0x00000000e8f00000|  0%| F|  |TAMS 0x00000000e8e00000, 0x00000000e8e00000| Untracked 
| 143|0x00000000e8f00000, 0x00000000e8f00000, 0x00000000e9000000|  0%| F|  |TAMS 0x00000000e8f00000, 0x00000000e8f00000| Untracked 
| 144|0x00000000e9000000, 0x00000000e9000000, 0x00000000e9100000|  0%| F|  |TAMS 0x00000000e9000000, 0x00000000e9000000| Untracked 
| 145|0x00000000e9100000, 0x00000000e9100000, 0x00000000e9200000|  0%| F|  |TAMS 0x00000000e9100000, 0x00000000e9100000| Untracked 
| 146|0x00000000e9200000, 0x00000000e9200000, 0x00000000e9300000|  0%| F|  |TAMS 0x00000000e9200000, 0x00000000e9200000| Untracked 
| 147|0x00000000e9300000, 0x00000000e9300000, 0x00000000e9400000|  0%| F|  |TAMS 0x00000000e9300000, 0x00000000e9300000| Untracked 
| 148|0x00000000e9400000, 0x00000000e9400000, 0x00000000e9500000|  0%| F|  |TAMS 0x00000000e9400000, 0x00000000e9400000| Untracked 
| 149|0x00000000e9500000, 0x00000000e9500000, 0x00000000e9600000|  0%| F|  |TAMS 0x00000000e9500000, 0x00000000e9500000| Untracked 
| 150|0x00000000e9600000, 0x00000000e9600000, 0x00000000e9700000|  0%| F|  |TAMS 0x00000000e9600000, 0x00000000e9600000| Untracked 
| 151|0x00000000e9700000, 0x00000000e9700000, 0x00000000e9800000|  0%| F|  |TAMS 0x00000000e9700000, 0x00000000e9700000| Untracked 
| 152|0x00000000e9800000, 0x00000000e9800000, 0x00000000e9900000|  0%| F|  |TAMS 0x00000000e9800000, 0x00000000e9800000| Untracked 
| 153|0x00000000e9900000, 0x00000000e9900000, 0x00000000e9a00000|  0%| F|  |TAMS 0x00000000e9900000, 0x00000000e9900000| Untracked 
| 154|0x00000000e9a00000, 0x00000000e9a00000, 0x00000000e9b00000|  0%| F|  |TAMS 0x00000000e9a00000, 0x00000000e9a00000| Untracked 
| 155|0x00000000e9b00000, 0x00000000e9b00000, 0x00000000e9c00000|  0%| F|  |TAMS 0x00000000e9b00000, 0x00000000e9b00000| Untracked 
| 156|0x00000000e9c00000, 0x00000000e9c00000, 0x00000000e9d00000|  0%| F|  |TAMS 0x00000000e9c00000, 0x00000000e9c00000| Untracked 
| 157|0x00000000e9d00000, 0x00000000e9d00000, 0x00000000e9e00000|  0%| F|  |TAMS 0x00000000e9d00000, 0x00000000e9d00000| Untracked 
| 158|0x00000000e9e00000, 0x00000000e9e00000, 0x00000000e9f00000|  0%| F|  |TAMS 0x00000000e9e00000, 0x00000000e9e00000| Untracked 
| 159|0x00000000e9f00000, 0x00000000e9f00000, 0x00000000ea000000|  0%| F|  |TAMS 0x00000000e9f00000, 0x00000000e9f00000| Untracked 
| 160|0x00000000ea000000, 0x00000000ea000000, 0x00000000ea100000|  0%| F|  |TAMS 0x00000000ea000000, 0x00000000ea000000| Untracked 
| 161|0x00000000ea100000, 0x00000000ea100000, 0x00000000ea200000|  0%| F|  |TAMS 0x00000000ea100000, 0x00000000ea100000| Untracked 
| 162|0x00000000ea200000, 0x00000000ea200000, 0x00000000ea300000|  0%| F|  |TAMS 0x00000000ea200000, 0x00000000ea200000| Untracked 
| 163|0x00000000ea300000, 0x00000000ea300000, 0x00000000ea400000|  0%| F|  |TAMS 0x00000000ea300000, 0x00000000ea300000| Untracked 
| 164|0x00000000ea400000, 0x00000000ea400000, 0x00000000ea500000|  0%| F|  |TAMS 0x00000000ea400000, 0x00000000ea400000| Untracked 
| 165|0x00000000ea500000, 0x00000000ea500000, 0x00000000ea600000|  0%| F|  |TAMS 0x00000000ea500000, 0x00000000ea500000| Untracked 
| 166|0x00000000ea600000, 0x00000000ea600000, 0x00000000ea700000|  0%| F|  |TAMS 0x00000000ea600000, 0x00000000ea600000| Untracked 
| 167|0x00000000ea700000, 0x00000000ea700000, 0x00000000ea800000|  0%| F|  |TAMS 0x00000000ea700000, 0x00000000ea700000| Untracked 
| 168|0x00000000ea800000, 0x00000000ea800000, 0x00000000ea900000|  0%| F|  |TAMS 0x00000000ea800000, 0x00000000ea800000| Untracked 
| 169|0x00000000ea900000, 0x00000000ea900000, 0x00000000eaa00000|  0%| F|  |TAMS 0x00000000ea900000, 0x00000000ea900000| Untracked 
| 170|0x00000000eaa00000, 0x00000000eaa00000, 0x00000000eab00000|  0%| F|  |TAMS 0x00000000eaa00000, 0x00000000eaa00000| Untracked 
| 171|0x00000000eab00000, 0x00000000eab00000, 0x00000000eac00000|  0%| F|  |TAMS 0x00000000eab00000, 0x00000000eab00000| Untracked 
| 172|0x00000000eac00000, 0x00000000eac00000, 0x00000000ead00000|  0%| F|  |TAMS 0x00000000eac00000, 0x00000000eac00000| Untracked 
| 173|0x00000000ead00000, 0x00000000ead00000, 0x00000000eae00000|  0%| F|  |TAMS 0x00000000ead00000, 0x00000000ead00000| Untracked 
| 174|0x00000000eae00000, 0x00000000eae00000, 0x00000000eaf00000|  0%| F|  |TAMS 0x00000000eae00000, 0x00000000eae00000| Untracked 
| 175|0x00000000eaf00000, 0x00000000eaf00000, 0x00000000eb000000|  0%| F|  |TAMS 0x00000000eaf00000, 0x00000000eaf00000| Untracked 
| 176|0x00000000eb000000, 0x00000000eb000000, 0x00000000eb100000|  0%| F|  |TAMS 0x00000000eb000000, 0x00000000eb000000| Untracked 
| 177|0x00000000eb100000, 0x00000000eb100000, 0x00000000eb200000|  0%| F|  |TAMS 0x00000000eb100000, 0x00000000eb100000| Untracked 
| 178|0x00000000eb200000, 0x00000000eb200000, 0x00000000eb300000|  0%| F|  |TAMS 0x00000000eb200000, 0x00000000eb200000| Untracked 
| 179|0x00000000eb300000, 0x00000000eb300000, 0x00000000eb400000|  0%| F|  |TAMS 0x00000000eb300000, 0x00000000eb300000| Untracked 
| 180|0x00000000eb400000, 0x00000000eb400000, 0x00000000eb500000|  0%| F|  |TAMS 0x00000000eb400000, 0x00000000eb400000| Untracked 
| 181|0x00000000eb500000, 0x00000000eb500000, 0x00000000eb600000|  0%| F|  |TAMS 0x00000000eb500000, 0x00000000eb500000| Untracked 
| 182|0x00000000eb600000, 0x00000000eb600000, 0x00000000eb700000|  0%| F|  |TAMS 0x00000000eb600000, 0x00000000eb600000| Untracked 
| 183|0x00000000eb700000, 0x00000000eb700000, 0x00000000eb800000|  0%| F|  |TAMS 0x00000000eb700000, 0x00000000eb700000| Untracked 
| 184|0x00000000eb800000, 0x00000000eb800000, 0x00000000eb900000|  0%| F|  |TAMS 0x00000000eb800000, 0x00000000eb800000| Untracked 
| 185|0x00000000eb900000, 0x00000000eb900000, 0x00000000eba00000|  0%| F|  |TAMS 0x00000000eb900000, 0x00000000eb900000| Untracked 
| 186|0x00000000eba00000, 0x00000000eba00000, 0x00000000ebb00000|  0%| F|  |TAMS 0x00000000eba00000, 0x00000000eba00000| Untracked 
| 187|0x00000000ebb00000, 0x00000000ebb00000, 0x00000000ebc00000|  0%| F|  |TAMS 0x00000000ebb00000, 0x00000000ebb00000| Untracked 
| 188|0x00000000ebc00000, 0x00000000ebc00000, 0x00000000ebd00000|  0%| F|  |TAMS 0x00000000ebc00000, 0x00000000ebc00000| Untracked 
| 189|0x00000000ebd00000, 0x00000000ebd00000, 0x00000000ebe00000|  0%| F|  |TAMS 0x00000000ebd00000, 0x00000000ebd00000| Untracked 
| 190|0x00000000ebe00000, 0x00000000ebe00000, 0x00000000ebf00000|  0%| F|  |TAMS 0x00000000ebe00000, 0x00000000ebe00000| Untracked 
| 191|0x00000000ebf00000, 0x00000000ebf00000, 0x00000000ec000000|  0%| F|  |TAMS 0x00000000ebf00000, 0x00000000ebf00000| Untracked 
| 192|0x00000000ec000000, 0x00000000ec000000, 0x00000000ec100000|  0%| F|  |TAMS 0x00000000ec000000, 0x00000000ec000000| Untracked 
| 193|0x00000000ec100000, 0x00000000ec100000, 0x00000000ec200000|  0%| F|  |TAMS 0x00000000ec100000, 0x00000000ec100000| Untracked 
| 194|0x00000000ec200000, 0x00000000ec200000, 0x00000000ec300000|  0%| F|  |TAMS 0x00000000ec200000, 0x00000000ec200000| Untracked 
| 195|0x00000000ec300000, 0x00000000ec300000, 0x00000000ec400000|  0%| F|  |TAMS 0x00000000ec300000, 0x00000000ec300000| Untracked 
| 196|0x00000000ec400000, 0x00000000ec400000, 0x00000000ec500000|  0%| F|  |TAMS 0x00000000ec400000, 0x00000000ec400000| Untracked 
| 197|0x00000000ec500000, 0x00000000ec500000, 0x00000000ec600000|  0%| F|  |TAMS 0x00000000ec500000, 0x00000000ec500000| Untracked 
| 198|0x00000000ec600000, 0x00000000ec600000, 0x00000000ec700000|  0%| F|  |TAMS 0x00000000ec600000, 0x00000000ec600000| Untracked 
| 199|0x00000000ec700000, 0x00000000ec700000, 0x00000000ec800000|  0%| F|  |TAMS 0x00000000ec700000, 0x00000000ec700000| Untracked 
| 200|0x00000000ec800000, 0x00000000ec800000, 0x00000000ec900000|  0%| F|  |TAMS 0x00000000ec800000, 0x00000000ec800000| Untracked 
| 201|0x00000000ec900000, 0x00000000ec900000, 0x00000000eca00000|  0%| F|  |TAMS 0x00000000ec900000, 0x00000000ec900000| Untracked 
| 202|0x00000000eca00000, 0x00000000eca00000, 0x00000000ecb00000|  0%| F|  |TAMS 0x00000000eca00000, 0x00000000eca00000| Untracked 
| 203|0x00000000ecb00000, 0x00000000ecb00000, 0x00000000ecc00000|  0%| F|  |TAMS 0x00000000ecb00000, 0x00000000ecb00000| Untracked 
| 204|0x00000000ecc00000, 0x00000000ecc00000, 0x00000000ecd00000|  0%| F|  |TAMS 0x00000000ecc00000, 0x00000000ecc00000| Untracked 
| 205|0x00000000ecd00000, 0x00000000ecd00000, 0x00000000ece00000|  0%| F|  |TAMS 0x00000000ecd00000, 0x00000000ecd00000| Untracked 
| 206|0x00000000ece00000, 0x00000000ece00000, 0x00000000ecf00000|  0%| F|  |TAMS 0x00000000ece00000, 0x00000000ece00000| Untracked 
| 207|0x00000000ecf00000, 0x00000000ecf00000, 0x00000000ed000000|  0%| F|  |TAMS 0x00000000ecf00000, 0x00000000ecf00000| Untracked 
| 208|0x00000000ed000000, 0x00000000ed000000, 0x00000000ed100000|  0%| F|  |TAMS 0x00000000ed000000, 0x00000000ed000000| Untracked 
| 209|0x00000000ed100000, 0x00000000ed100000, 0x00000000ed200000|  0%| F|  |TAMS 0x00000000ed100000, 0x00000000ed100000| Untracked 
| 210|0x00000000ed200000, 0x00000000ed200000, 0x00000000ed300000|  0%| F|  |TAMS 0x00000000ed200000, 0x00000000ed200000| Untracked 
| 211|0x00000000ed300000, 0x00000000ed300000, 0x00000000ed400000|  0%| F|  |TAMS 0x00000000ed300000, 0x00000000ed300000| Untracked 
| 212|0x00000000ed400000, 0x00000000ed400000, 0x00000000ed500000|  0%| F|  |TAMS 0x00000000ed400000, 0x00000000ed400000| Untracked 
| 213|0x00000000ed500000, 0x00000000ed500000, 0x00000000ed600000|  0%| F|  |TAMS 0x00000000ed500000, 0x00000000ed500000| Untracked 
| 214|0x00000000ed600000, 0x00000000ed600000, 0x00000000ed700000|  0%| F|  |TAMS 0x00000000ed600000, 0x00000000ed600000| Untracked 
| 215|0x00000000ed700000, 0x00000000ed700000, 0x00000000ed800000|  0%| F|  |TAMS 0x00000000ed700000, 0x00000000ed700000| Untracked 
| 216|0x00000000ed800000, 0x00000000ed800000, 0x00000000ed900000|  0%| F|  |TAMS 0x00000000ed800000, 0x00000000ed800000| Untracked 
| 217|0x00000000ed900000, 0x00000000ed900000, 0x00000000eda00000|  0%| F|  |TAMS 0x00000000ed900000, 0x00000000ed900000| Untracked 
| 218|0x00000000eda00000, 0x00000000eda00000, 0x00000000edb00000|  0%| F|  |TAMS 0x00000000eda00000, 0x00000000eda00000| Untracked 
| 219|0x00000000edb00000, 0x00000000edb00000, 0x00000000edc00000|  0%| F|  |TAMS 0x00000000edb00000, 0x00000000edb00000| Untracked 
| 220|0x00000000edc00000, 0x00000000edc00000, 0x00000000edd00000|  0%| F|  |TAMS 0x00000000edc00000, 0x00000000edc00000| Untracked 
| 221|0x00000000edd00000, 0x00000000edd00000, 0x00000000ede00000|  0%| F|  |TAMS 0x00000000edd00000, 0x00000000edd00000| Untracked 
| 222|0x00000000ede00000, 0x00000000ede00000, 0x00000000edf00000|  0%| F|  |TAMS 0x00000000ede00000, 0x00000000ede00000| Untracked 
| 223|0x00000000edf00000, 0x00000000edf00000, 0x00000000ee000000|  0%| F|  |TAMS 0x00000000edf00000, 0x00000000edf00000| Untracked 
| 224|0x00000000ee000000, 0x00000000ee000000, 0x00000000ee100000|  0%| F|  |TAMS 0x00000000ee000000, 0x00000000ee000000| Untracked 
| 225|0x00000000ee100000, 0x00000000ee100000, 0x00000000ee200000|  0%| F|  |TAMS 0x00000000ee100000, 0x00000000ee100000| Untracked 
| 226|0x00000000ee200000, 0x00000000ee200000, 0x00000000ee300000|  0%| F|  |TAMS 0x00000000ee200000, 0x00000000ee200000| Untracked 
| 227|0x00000000ee300000, 0x00000000ee300000, 0x00000000ee400000|  0%| F|  |TAMS 0x00000000ee300000, 0x00000000ee300000| Untracked 
| 228|0x00000000ee400000, 0x00000000ee400000, 0x00000000ee500000|  0%| F|  |TAMS 0x00000000ee400000, 0x00000000ee400000| Untracked 
| 229|0x00000000ee500000, 0x00000000ee500000, 0x00000000ee600000|  0%| F|  |TAMS 0x00000000ee500000, 0x00000000ee500000| Untracked 
| 230|0x00000000ee600000, 0x00000000ee600000, 0x00000000ee700000|  0%| F|  |TAMS 0x00000000ee600000, 0x00000000ee600000| Untracked 
| 231|0x00000000ee700000, 0x00000000ee700000, 0x00000000ee800000|  0%| F|  |TAMS 0x00000000ee700000, 0x00000000ee700000| Untracked 
| 232|0x00000000ee800000, 0x00000000ee800000, 0x00000000ee900000|  0%| F|  |TAMS 0x00000000ee800000, 0x00000000ee800000| Untracked 
| 233|0x00000000ee900000, 0x00000000ee900000, 0x00000000eea00000|  0%| F|  |TAMS 0x00000000ee900000, 0x00000000ee900000| Untracked 
| 234|0x00000000eea00000, 0x00000000eea00000, 0x00000000eeb00000|  0%| F|  |TAMS 0x00000000eea00000, 0x00000000eea00000| Untracked 
| 235|0x00000000eeb00000, 0x00000000eeb00000, 0x00000000eec00000|  0%| F|  |TAMS 0x00000000eeb00000, 0x00000000eeb00000| Untracked 
| 236|0x00000000eec00000, 0x00000000eec00000, 0x00000000eed00000|  0%| F|  |TAMS 0x00000000eec00000, 0x00000000eec00000| Untracked 
| 237|0x00000000eed00000, 0x00000000eed00000, 0x00000000eee00000|  0%| F|  |TAMS 0x00000000eed00000, 0x00000000eed00000| Untracked 
| 238|0x00000000eee00000, 0x00000000eee00000, 0x00000000eef00000|  0%| F|  |TAMS 0x00000000eee00000, 0x00000000eee00000| Untracked 
| 239|0x00000000eef00000, 0x00000000eef00000, 0x00000000ef000000|  0%| F|  |TAMS 0x00000000eef00000, 0x00000000eef00000| Untracked 
| 240|0x00000000ef000000, 0x00000000ef000000, 0x00000000ef100000|  0%| F|  |TAMS 0x00000000ef000000, 0x00000000ef000000| Untracked 
| 241|0x00000000ef100000, 0x00000000ef100000, 0x00000000ef200000|  0%| F|  |TAMS 0x00000000ef100000, 0x00000000ef100000| Untracked 
| 242|0x00000000ef200000, 0x00000000ef200000, 0x00000000ef300000|  0%| F|  |TAMS 0x00000000ef200000, 0x00000000ef200000| Untracked 
| 243|0x00000000ef300000, 0x00000000ef300000, 0x00000000ef400000|  0%| F|  |TAMS 0x00000000ef300000, 0x00000000ef300000| Untracked 
| 244|0x00000000ef400000, 0x00000000ef400000, 0x00000000ef500000|  0%| F|  |TAMS 0x00000000ef400000, 0x00000000ef400000| Untracked 
| 245|0x00000000ef500000, 0x00000000ef500000, 0x00000000ef600000|  0%| F|  |TAMS 0x00000000ef500000, 0x00000000ef500000| Untracked 
| 246|0x00000000ef600000, 0x00000000ef600000, 0x00000000ef700000|  0%| F|  |TAMS 0x00000000ef600000, 0x00000000ef600000| Untracked 
| 247|0x00000000ef700000, 0x00000000ef700000, 0x00000000ef800000|  0%| F|  |TAMS 0x00000000ef700000, 0x00000000ef700000| Untracked 
| 248|0x00000000ef800000, 0x00000000ef800000, 0x00000000ef900000|  0%| F|  |TAMS 0x00000000ef800000, 0x00000000ef800000| Untracked 
| 249|0x00000000ef900000, 0x00000000ef900000, 0x00000000efa00000|  0%| F|  |TAMS 0x00000000ef900000, 0x00000000ef900000| Untracked 
| 250|0x00000000efa00000, 0x00000000efa00000, 0x00000000efb00000|  0%| F|  |TAMS 0x00000000efa00000, 0x00000000efa00000| Untracked 
| 251|0x00000000efb00000, 0x00000000efb00000, 0x00000000efc00000|  0%| F|  |TAMS 0x00000000efb00000, 0x00000000efb00000| Untracked 
| 252|0x00000000efc00000, 0x00000000efc00000, 0x00000000efd00000|  0%| F|  |TAMS 0x00000000efc00000, 0x00000000efc00000| Untracked 
| 253|0x00000000efd00000, 0x00000000efd00000, 0x00000000efe00000|  0%| F|  |TAMS 0x00000000efd00000, 0x00000000efd00000| Untracked 
| 254|0x00000000efe00000, 0x00000000efef5798, 0x00000000eff00000| 95%| E|  |TAMS 0x00000000efe00000, 0x00000000efe00000| Complete 
| 255|0x00000000eff00000, 0x00000000f0000000, 0x00000000f0000000|100%| E|CS|TAMS 0x00000000eff00000, 0x00000000eff00000| Complete 

Card table byte_map: [0x000002197df40000,0x000002197e040000] _byte_map_base: 0x000002197d840000

Marking Bits (Prev, Next): (CMBitMap*) 0x00000219676b8a30, (CMBitMap*) 0x00000219676b8a70
 Prev Bits: [0x000002197e140000, 0x000002197e940000)
 Next Bits: [0x000002197e940000, 0x000002197f140000)

Polling page: 0x0000021965820000

Metaspace:

Usage:
  Non-class:     44.08 MB used.
      Class:      7.12 MB used.
       Both:     51.21 MB used.

Virtual space:
  Non-class space:       64.00 MB reserved,      44.38 MB ( 69%) committed,  1 nodes.
      Class space:      320.00 MB reserved,       7.38 MB (  2%) committed,  1 nodes.
             Both:      384.00 MB reserved,      51.75 MB ( 13%) committed. 

Chunk freelists:
   Non-Class:  3.55 MB
       Class:  8.52 MB
        Both:  12.06 MB

MaxMetaspaceSize: 384.00 MB
CompressedClassSpaceSize: 320.00 MB
Initial GC threshold: 21.00 MB
Current GC threshold: 58.75 MB
CDS: on
MetaspaceReclaimPolicy: balanced
 - commit_granule_bytes: 65536.
 - commit_granule_words: 8192.
 - virtual_space_node_default_size: 8388608.
 - enlarge_chunks_in_place: 1.
 - new_chunks_are_fully_committed: 0.
 - uncommit_free_chunks: 1.
 - use_allocation_guard: 0.
 - handle_deallocations: 1.


Internal statistics:

num_allocs_failed_limit: 6.
num_arena_births: 578.
num_arena_deaths: 0.
num_vsnodes_births: 2.
num_vsnodes_deaths: 0.
num_space_committed: 828.
num_space_uncommitted: 0.
num_chunks_returned_to_freelist: 6.
num_chunks_taken_from_freelist: 2697.
num_chunk_merges: 6.
num_chunk_splits: 1759.
num_chunks_enlarged: 1170.
num_inconsistent_stats: 0.

CodeHeap 'non-profiled nmethods': size=120000Kb used=4381Kb max_used=4381Kb free=115618Kb
 bounds [0x0000021976a10000, 0x0000021976e60000, 0x000002197df40000]
CodeHeap 'profiled nmethods': size=120000Kb used=15533Kb max_used=15533Kb free=104466Kb
 bounds [0x000002196ef40000, 0x000002196fe70000, 0x0000021976470000]
CodeHeap 'non-nmethods': size=5760Kb used=2319Kb max_used=2401Kb free=3440Kb
 bounds [0x0000021976470000, 0x00000219766e0000, 0x0000021976a10000]
 total_blobs=8620 nmethods=7786 adapters=745
 compilation: enabled
              stopped_count=0, restarted_count=0
 full_count=0

Compilation events (20 events):
Event: 188.569 Thread 0x000002197f70bab0 8589       3       org.gradle.api.internal.artifacts.ivyservice.ivyresolve.RepositoryChainComponentMetaDataResolver::isFetchingMetadataCheap (82 bytes)
Event: 188.569 Thread 0x000002197f70bab0 nmethod 8589 0x000002196fe5c890 code [0x000002196fe5cae0, 0x000002196fe5d668]
Event: 188.569 Thread 0x000002197f70bab0 8590       3       org.gradle.api.internal.artifacts.ivyservice.ivyresolve.ErrorHandlingModuleComponentRepository$ErrorHandlingModuleComponentRepositoryAccess::estimateMetadataFetchingCost (11 bytes)
Event: 188.570 Thread 0x000002197f70bab0 nmethod 8590 0x000002196fe5d910 code [0x000002196fe5dac0, 0x000002196fe5dc88]
Event: 188.570 Thread 0x000002197f70bab0 8591       3       org.gradle.api.internal.artifacts.ivyservice.ivyresolve.CachingModuleComponentRepository$LocateInCacheRepositoryAccess::estimateMetadataFetchingCost (191 bytes)
Event: 188.573 Thread 0x000002197f70bab0 nmethod 8591 0x000002196fe5dd90 code [0x000002196fe5e260, 0x000002196fe60b78]
Event: 188.573 Thread 0x000002197f70bab0 8592       3       org.gradle.internal.component.external.model.AbstractLazyModuleComponentResolveMetadata::populateConfigurationFromDescriptor (56 bytes)
Event: 188.574 Thread 0x000002197f70bab0 nmethod 8592 0x000002196fe61990 code [0x000002196fe61b80, 0x000002196fe620a8]
Event: 188.574 Thread 0x000002197f70bab0 8594       3       org.gradle.internal.component.external.model.AbstractLazyModuleComponentResolveMetadata::populateHierarchy (64 bytes)
Event: 188.574 Thread 0x000002197f70bab0 nmethod 8594 0x000002196fe62290 code [0x000002196fe624c0, 0x000002196fe62cf8]
Event: 188.574 Thread 0x000002197f70bab0 8593       3       org.gradle.internal.component.external.model.AbstractLazyModuleComponentResolveMetadata::constructHierarchy (39 bytes)
Event: 188.576 Thread 0x000002197f70bab0 nmethod 8593 0x000002196fe62f90 code [0x000002196fe63240, 0x000002196fe640b8]
Event: 188.576 Thread 0x000002197f70bab0 8595       3       org.gradle.internal.component.external.model.maven.DefaultMavenModuleResolveMetadata::createConfiguration (52 bytes)
Event: 188.576 Thread 0x000002197f70bab0 nmethod 8595 0x000002196fe64510 code [0x000002196fe64700, 0x000002196fe64de8]
Event: 188.576 Thread 0x000002197f70bab0 8596       3       org.gradle.internal.component.external.model.maven.DefaultMavenModuleResolveMetadata::getArtifactsForConfiguration (5 bytes)
Event: 188.576 Thread 0x000002197f70bab0 nmethod 8596 0x000002196fe65110 code [0x000002196fe652a0, 0x000002196fe653c8]
Event: 188.576 Thread 0x000002197f70bab0 8597       3       org.gradle.internal.component.external.model.maven.RealisedMavenModuleResolveMetadata::getArtifactsForConfiguration (118 bytes)
Event: 188.578 Thread 0x000002197f70bab0 nmethod 8597 0x000002196fe65490 code [0x000002196fe658c0, 0x000002196fe678b8]
Event: 188.578 Thread 0x000002197f70bab0 8598       3       com.google.common.cache.LocalCache$Segment::<init> (163 bytes)
Event: 188.581 Thread 0x000002197f70bab0 nmethod 8598 0x000002196fe68210 code [0x000002196fe68620, 0x000002196fe6ac88]

GC Heap History (16 events):
Event: 2.590 GC heap before
{Heap before GC invocations=0 (full 0):
 garbage-first heap   total 262144K, used 13312K [0x00000000e0000000, 0x0000000100000000)
  region size 1024K, 13 young (13312K), 0 survivors (0K)
 Metaspace       used 1026K, committed 1152K, reserved 393216K
  class space    used 80K, committed 128K, reserved 327680K
}
Event: 2.628 GC heap after
{Heap after GC invocations=1 (full 0):
 garbage-first heap   total 262144K, used 3429K [0x00000000e0000000, 0x0000000100000000)
  region size 1024K, 2 young (2048K), 2 survivors (2048K)
 Metaspace       used 1026K, committed 1152K, reserved 393216K
  class space    used 80K, committed 128K, reserved 327680K
}
Event: 4.917 GC heap before
{Heap before GC invocations=1 (full 0):
 garbage-first heap   total 262144K, used 22885K [0x00000000e0000000, 0x0000000100000000)
  region size 1024K, 18 young (18432K), 2 survivors (2048K)
 Metaspace       used 3927K, committed 4096K, reserved 393216K
  class space    used 491K, committed 576K, reserved 327680K
}
Event: 4.921 GC heap after
{Heap after GC invocations=2 (full 0):
 garbage-first heap   total 262144K, used 10614K [0x00000000e0000000, 0x0000000100000000)
  region size 1024K, 3 young (3072K), 3 survivors (3072K)
 Metaspace       used 3927K, committed 4096K, reserved 393216K
  class space    used 491K, committed 576K, reserved 327680K
}
Event: 7.847 GC heap before
{Heap before GC invocations=2 (full 0):
 garbage-first heap   total 262144K, used 33142K [0x00000000e0000000, 0x0000000100000000)
  region size 1024K, 25 young (25600K), 3 survivors (3072K)
 Metaspace       used 4005K, committed 4160K, reserved 393216K
  class space    used 492K, committed 576K, reserved 327680K
}
Event: 7.850 GC heap after
{Heap after GC invocations=3 (full 0):
 garbage-first heap   total 262144K, used 11316K [0x00000000e0000000, 0x0000000100000000)
  region size 1024K, 1 young (1024K), 1 survivors (1024K)
 Metaspace       used 4005K, committed 4160K, reserved 393216K
  class space    used 492K, committed 576K, reserved 327680K
}
Event: 32.341 GC heap before
{Heap before GC invocations=3 (full 0):
 garbage-first heap   total 262144K, used 128052K [0x00000000e0000000, 0x0000000100000000)
  region size 1024K, 115 young (117760K), 1 survivors (1024K)
 Metaspace       used 21239K, committed 21504K, reserved 393216K
  class space    used 3118K, committed 3264K, reserved 327680K
}
Event: 32.359 GC heap after
{Heap after GC invocations=4 (full 0):
 garbage-first heap   total 262144K, used 22413K [0x00000000e0000000, 0x0000000100000000)
  region size 1024K, 12 young (12288K), 12 survivors (12288K)
 Metaspace       used 21239K, committed 21504K, reserved 393216K
  class space    used 3118K, committed 3264K, reserved 327680K
}
Event: 75.253 GC heap before
{Heap before GC invocations=5 (full 0):
 garbage-first heap   total 262144K, used 140173K [0x00000000e0000000, 0x0000000100000000)
  region size 1024K, 123 young (125952K), 12 survivors (12288K)
 Metaspace       used 35507K, committed 35904K, reserved 393216K
  class space    used 4925K, committed 5120K, reserved 327680K
}
Event: 75.295 GC heap after
{Heap after GC invocations=6 (full 0):
 garbage-first heap   total 262144K, used 31586K [0x00000000e0000000, 0x0000000100000000)
  region size 1024K, 10 young (10240K), 10 survivors (10240K)
 Metaspace       used 35507K, committed 35904K, reserved 393216K
  class space    used 4925K, committed 5120K, reserved 327680K
}
Event: 75.306 GC heap before
{Heap before GC invocations=6 (full 0):
 garbage-first heap   total 262144K, used 31586K [0x00000000e0000000, 0x0000000100000000)
  region size 1024K, 11 young (11264K), 10 survivors (10240K)
 Metaspace       used 35546K, committed 35968K, reserved 393216K
  class space    used 4937K, committed 5184K, reserved 327680K
}
Event: 75.320 GC heap after
{Heap after GC invocations=7 (full 0):
 garbage-first heap   total 262144K, used 30455K [0x00000000e0000000, 0x0000000100000000)
  region size 1024K, 9 young (9216K), 9 survivors (9216K)
 Metaspace       used 35546K, committed 35968K, reserved 393216K
  class space    used 4937K, committed 5184K, reserved 327680K
}
Event: 110.151 GC heap before
{Heap before GC invocations=8 (full 0):
 garbage-first heap   total 262144K, used 178935K [0x00000000e0000000, 0x0000000100000000)
  region size 1024K, 153 young (156672K), 9 survivors (9216K)
 Metaspace       used 47988K, committed 48512K, reserved 393216K
  class space    used 6833K, committed 7104K, reserved 327680K
}
Event: 110.175 GC heap after
{Heap after GC invocations=9 (full 0):
 garbage-first heap   total 262144K, used 39701K [0x00000000e0000000, 0x0000000100000000)
  region size 1024K, 18 young (18432K), 18 survivors (18432K)
 Metaspace       used 47988K, committed 48512K, reserved 393216K
  class space    used 6833K, committed 7104K, reserved 327680K
}
Event: 188.336 GC heap before
{Heap before GC invocations=9 (full 0):
 garbage-first heap   total 262144K, used 176917K [0x00000000e0000000, 0x0000000100000000)
  region size 1024K, 153 young (156672K), 18 survivors (18432K)
 Metaspace       used 52411K, committed 52928K, reserved 393216K
  class space    used 7294K, committed 7552K, reserved 327680K
}
Event: 188.520 GC heap after
{Heap after GC invocations=10 (full 0):
 garbage-first heap   total 262144K, used 50982K [0x00000000e0000000, 0x0000000100000000)
  region size 1024K, 20 young (20480K), 20 survivors (20480K)
 Metaspace       used 52411K, committed 52928K, reserved 393216K
  class space    used 7294K, committed 7552K, reserved 327680K
}

Deoptimization events (20 events):
Event: 177.941 Thread 0x000002191cf4b580 DEOPT PACKING pc=0x0000021976a4c1d4 sp=0x00000019c7ffaaa0
Event: 177.941 Thread 0x000002191cf4b580 DEOPT UNPACKING pc=0x00000219764c23a3 sp=0x00000019c7ffaa78 mode 2
Event: 177.945 Thread 0x000002191cf4b580 Uncommon trap: trap_request=0xffffff45 fr.pc=0x0000021976ce3060 relative=0x00000000000001c0
Event: 177.945 Thread 0x000002191cf4b580 Uncommon trap: reason=unstable_if action=reinterpret pc=0x0000021976ce3060 method=com.esotericsoftware.kryo.io.Input.require(I)I @ 65 c2
Event: 177.945 Thread 0x000002191cf4b580 DEOPT PACKING pc=0x0000021976ce3060 sp=0x00000019c7ffaa60
Event: 177.945 Thread 0x000002191cf4b580 DEOPT UNPACKING pc=0x00000219764c23a3 sp=0x00000019c7ffaa10 mode 2
Event: 178.105 Thread 0x000002191cf4b580 Uncommon trap: trap_request=0xffffff45 fr.pc=0x0000021976db81d8 relative=0x00000000000003f8
Event: 178.105 Thread 0x000002191cf4b580 Uncommon trap: reason=unstable_if action=reinterpret pc=0x0000021976db81d8 method=com.esotericsoftware.kryo.io.Output.writeString(Ljava/lang/String;)V @ 93 c2
Event: 178.106 Thread 0x000002191cf4b580 DEOPT PACKING pc=0x0000021976db81d8 sp=0x00000019c7ff9c50
Event: 178.106 Thread 0x000002191cf4b580 DEOPT UNPACKING pc=0x00000219764c23a3 sp=0x00000019c7ff9be8 mode 2
Event: 187.064 Thread 0x000002191cf4b580 DEOPT PACKING pc=0x000002196fa18a38 sp=0x00000019c7ff9030
Event: 187.064 Thread 0x000002191cf4b580 DEOPT UNPACKING pc=0x00000219764c2b43 sp=0x00000019c7ff84f0 mode 0
Event: 187.213 Thread 0x000002191cf4b580 Uncommon trap: trap_request=0xffffff45 fr.pc=0x0000021976d561c4 relative=0x0000000000001324
Event: 187.213 Thread 0x000002191cf4b580 Uncommon trap: reason=unstable_if action=reinterpret pc=0x0000021976d561c4 method=io.spring.gradle.dependencymanagement.org.codehaus.plexus.util.xml.pull.MXParser.isS(C)Z @ 21 c2
Event: 187.213 Thread 0x000002191cf4b580 DEOPT PACKING pc=0x0000021976d561c4 sp=0x00000019c7ffa560
Event: 187.213 Thread 0x000002191cf4b580 DEOPT UNPACKING pc=0x00000219764c23a3 sp=0x00000019c7ffa498 mode 2
Event: 187.560 Thread 0x000002191cf4b580 DEOPT PACKING pc=0x000002196f8d1bc3 sp=0x00000019c7ff8a10
Event: 187.560 Thread 0x000002191cf4b580 DEOPT UNPACKING pc=0x00000219764c2b43 sp=0x00000019c7ff7e98 mode 0
Event: 188.010 Thread 0x000002191cf4b580 DEOPT PACKING pc=0x000002196fa5cc76 sp=0x00000019c7ffa490
Event: 188.010 Thread 0x000002191cf4b580 DEOPT UNPACKING pc=0x00000219764c2b43 sp=0x00000019c7ff9990 mode 0

Classes unloaded (0 events):
No events

Classes redefined (0 events):
No events

Internal exceptions (20 events):
Event: 110.280 Thread 0x000002191b619870 Exception <a 'java/lang/ClassNotFoundException'{0x00000000efdcd5e8}: org/gradle/language/jvm/tasks/ProcessResourcesBeanInfo> (0x00000000efdcd5e8) 
thrown [s\open\src\hotspot\share\classfile\systemDictionary.cpp, line 256]
Event: 110.281 Thread 0x000002191b619870 Exception <a 'java/lang/ClassNotFoundException'{0x00000000efdd7ab8}: org/gradle/api/tasks/CopyBeanInfo> (0x00000000efdd7ab8) 
thrown [s\open\src\hotspot\share\classfile\systemDictionary.cpp, line 256]
Event: 110.282 Thread 0x000002191b619870 Exception <a 'java/lang/ClassNotFoundException'{0x00000000efde25c0}: org/gradle/api/tasks/AbstractCopyTaskBeanInfo> (0x00000000efde25c0) 
thrown [s\open\src\hotspot\share\classfile\systemDictionary.cpp, line 256]
Event: 110.283 Thread 0x000002191b619870 Exception <a 'java/lang/ClassNotFoundException'{0x00000000efdecbb0}: org/gradle/api/tasks/AbstractCopyTaskCustomizer> (0x00000000efdecbb0) 
thrown [s\open\src\hotspot\share\classfile\systemDictionary.cpp, line 256]
Event: 110.288 Thread 0x000002191b619870 Exception <a 'java/lang/ClassNotFoundException'{0x00000000efc6c5e8}: org/gradle/api/tasks/CopyCustomizer> (0x00000000efc6c5e8) 
thrown [s\open\src\hotspot\share\classfile\systemDictionary.cpp, line 256]
Event: 110.291 Thread 0x000002191b619870 Exception <a 'java/lang/ClassNotFoundException'{0x00000000efc90480}: org/gradle/language/jvm/tasks/ProcessResourcesCustomizer> (0x00000000efc90480) 
thrown [s\open\src\hotspot\share\classfile\systemDictionary.cpp, line 256]
Event: 110.293 Thread 0x000002191b619870 Exception <a 'java/lang/ClassNotFoundException'{0x00000000efcb10a8}: org/gradle/language/jvm/tasks/ProcessResources_DecoratedCustomizer> (0x00000000efcb10a8) 
thrown [s\open\src\hotspot\share\classfile\systemDictionary.cpp, line 256]
Event: 110.302 Thread 0x000002191b619870 Exception <a 'java/lang/ClassNotFoundException'{0x00000000efb518e0}: org/gradle/api/DefaultTask_DecoratedBeanInfo> (0x00000000efb518e0) 
thrown [s\open\src\hotspot\share\classfile\systemDictionary.cpp, line 256]
Event: 110.302 Thread 0x000002191b619870 Exception <a 'java/lang/ClassNotFoundException'{0x00000000efb5bd28}: org/gradle/api/DefaultTask_DecoratedCustomizer> (0x00000000efb5bd28) 
thrown [s\open\src\hotspot\share\classfile\systemDictionary.cpp, line 256]
Event: 110.838 Thread 0x000002191cf529f0 Exception <a 'java/lang/NoSuchMethodError'{0x00000000ef82e910}: 'java.lang.Object java.lang.invoke.DirectMethodHandle$Holder.newInvokeSpecial(java.lang.Object, java.lang.Object, java.lang.Object, java.lang.Object, int, java.lang.Object)'> (0x00000000ef82e910) 
thrown [s\open\src\hotspot\share\interpreter\linkResolver.cpp, line 759]
Event: 110.838 Thread 0x000002191cf529f0 Exception <a 'java/lang/NoSuchMethodError'{0x00000000ef832c30}: 'java.lang.Object java.lang.invoke.Invokers$Holder.linkToTargetMethod(java.lang.Object, java.lang.Object, java.lang.Object, int, java.lang.Object, java.lang.Object)'> (0x00000000ef832c30) 
thrown [s\open\src\hotspot\share\interpreter\linkResolver.cpp, line 759]
Event: 111.197 Thread 0x000002191cf4b580 Exception <a 'java/lang/NoSuchMethodError'{0x00000000ef9ced80}: 'void java.lang.invoke.DirectMethodHandle$Holder.invokeInterface(java.lang.Object, java.lang.Object, java.lang.Object, java.lang.Object)'> (0x00000000ef9ced80) 
thrown [s\open\src\hotspot\share\interpreter\linkResolver.cpp, line 759]
Event: 111.330 Thread 0x000002191cf4b580 Exception <a 'java/lang/IncompatibleClassChangeError'{0x00000000ef68cb08}: Found class java.lang.Object, but interface was expected> (0x00000000ef68cb08) 
thrown [s\open\src\hotspot\share\interpreter\linkResolver.cpp, line 826]
Event: 111.376 Thread 0x000002191c596020 Exception <a 'java/lang/NoSuchMethodError'{0x00000000ef56c578}: static Lorg/gradle/internal/build/event/types/DefaultTaskStartedProgressEvent;.<clinit>()V> (0x00000000ef56c578) 
thrown [s\open\src\hotspot\share\prims\jni.cpp, line 1107]
Event: 111.377 Thread 0x000002191c596020 Exception <a 'java/lang/NoSuchMethodError'{0x00000000ef56e5e0}: static Lorg/gradle/internal/build/event/types/AbstractProgressEvent;.<clinit>()V> (0x00000000ef56e5e0) 
thrown [s\open\src\hotspot\share\prims\jni.cpp, line 1107]
Event: 111.379 Thread 0x000002191c596020 Exception <a 'java/lang/NoSuchMethodError'{0x00000000ef579210}: static Lorg/gradle/internal/build/event/types/DefaultTaskDescriptor;.<clinit>()V> (0x00000000ef579210) 
thrown [s\open\src\hotspot\share\prims\jni.cpp, line 1107]
Event: 111.384 Thread 0x000002191c596020 Exception <a 'java/lang/NoSuchMethodError'{0x00000000ef5a1e50}: static Lorg/gradle/internal/operations/OperationIdentifier;.<clinit>()V> (0x00000000ef5a1e50) 
thrown [s\open\src\hotspot\share\prims\jni.cpp, line 1107]
Event: 111.385 Thread 0x000002191c596020 Exception <a 'java/lang/NoSuchMethodError'{0x00000000ef5aba58}: static Lorg/gradle/internal/build/event/types/DefaultBinaryPluginIdentifier;.<clinit>()V> (0x00000000ef5aba58) 
thrown [s\open\src\hotspot\share\prims\jni.cpp, line 1107]
Event: 113.778 Thread 0x000002191cf4b580 Exception <a 'java/lang/IncompatibleClassChangeError'{0x00000000ef219450}: Found class java.lang.Object, but interface was expected> (0x00000000ef219450) 
thrown [s\open\src\hotspot\share\interpreter\linkResolver.cpp, line 826]
Event: 113.793 Thread 0x000002191cf4b580 Exception <a 'java/lang/NoSuchMethodError'{0x00000000ef231dc8}: static Ljava/lang/Object;.<clinit>()V> (0x00000000ef231dc8) 
thrown [s\open\src\hotspot\share\prims\jni.cpp, line 1107]

VM Operations (20 events):
Event: 175.834 Executing VM operation: Cleanup
Event: 175.834 Executing VM operation: Cleanup done
Event: 176.846 Executing VM operation: Cleanup
Event: 176.846 Executing VM operation: Cleanup done
Event: 177.193 Executing VM operation: HandshakeAllThreads
Event: 177.193 Executing VM operation: HandshakeAllThreads done
Event: 178.015 Executing VM operation: ICBufferFull
Event: 178.015 Executing VM operation: ICBufferFull done
Event: 179.027 Executing VM operation: Cleanup
Event: 179.027 Executing VM operation: Cleanup done
Event: 181.391 Executing VM operation: HandshakeAllThreads
Event: 181.391 Executing VM operation: HandshakeAllThreads done
Event: 186.423 Executing VM operation: Cleanup
Event: 186.481 Executing VM operation: Cleanup done
Event: 187.490 Executing VM operation: Cleanup
Event: 187.490 Executing VM operation: Cleanup done
Event: 187.598 Executing VM operation: HandshakeAllThreads
Event: 187.599 Executing VM operation: HandshakeAllThreads done
Event: 188.335 Executing VM operation: G1CollectForAllocation
Event: 188.522 Executing VM operation: G1CollectForAllocation done

Events (20 events):
Event: 163.230 Thread 0x000002191b6dc8d0 Thread added: 0x000002191b6dc8d0
Event: 170.154 Thread 0x000002191b6db490 Thread added: 0x000002191b6db490
Event: 170.166 Thread 0x000002191b6df660 Thread added: 0x000002191b6df660
Event: 170.514 Thread 0x000002191b6dcde0 Thread added: 0x000002191b6dcde0
Event: 171.213 Thread 0x000002191b6d9b40 Thread added: 0x000002191b6d9b40
Event: 172.680 Thread 0x000002191b6dd800 Thread added: 0x000002191b6dd800
Event: 172.727 Thread 0x000002191b6de220 Thread added: 0x000002191b6de220
Event: 172.730 Thread 0x000002191b6d9120 Thread added: 0x000002191b6d9120
Event: 173.269 Thread 0x000002191b6dc3c0 Thread added: 0x000002191b6dc3c0
Event: 175.155 Thread 0x000002191b6d8700 Thread added: 0x000002191b6d8700
Event: 175.203 Thread 0x000002191b6daa70 Thread added: 0x000002191b6daa70
Event: 175.253 Thread 0x000002191b6dd2f0 Thread added: 0x000002191b6dd2f0
Event: 175.269 Thread 0x000002191b6de730 Thread added: 0x000002191b6de730
Event: 175.282 Thread 0x000002191b6daf80 Thread added: 0x000002191b6daf80
Event: 175.304 Thread 0x000002191b6dec40 Thread added: 0x000002191b6dec40
Event: 175.335 Thread 0x000002191b6df150 Thread added: 0x000002191b6df150
Event: 175.428 Thread 0x000002191b6dfb70 Thread added: 0x000002191b6dfb70
Event: 177.972 loading class java/util/AbstractList$ListItr
Event: 177.972 loading class java/util/AbstractList$ListItr done
Event: 187.642 Thread 0x000002197f890460 flushing nmethod 0x000002196f43c490


Dynamic libraries:
0x00007ff7613b0000 - 0x00007ff7613c0000 	C:\Program Files\Java\jdk-17\bin\java.exe
0x00007fffefeb0000 - 0x00007ffff00a8000 	C:\WINDOWS\SYSTEM32\ntdll.dll
0x00007fffee5c0000 - 0x00007fffee67d000 	C:\WINDOWS\System32\KERNEL32.DLL
0x00007fffedae0000 - 0x00007fffeddd6000 	C:\WINDOWS\System32\KERNELBASE.dll
0x00007fffedde0000 - 0x00007fffedee0000 	C:\WINDOWS\System32\ucrtbase.dll
0x00007fffe8bd0000 - 0x00007fffe8be9000 	C:\Program Files\Java\jdk-17\bin\jli.dll
0x00007fffefcf0000 - 0x00007fffefda0000 	C:\WINDOWS\System32\ADVAPI32.dll
0x00007fffef310000 - 0x00007fffef3ae000 	C:\WINDOWS\System32\msvcrt.dll
0x00007fffeee00000 - 0x00007fffeeea0000 	C:\WINDOWS\System32\sechost.dll
0x00007fffeeb00000 - 0x00007fffeec25000 	C:\WINDOWS\System32\RPCRT4.dll
0x00007fffed560000 - 0x00007fffed587000 	C:\WINDOWS\System32\bcrypt.dll
0x00007fffda010000 - 0x00007fffda2aa000 	C:\WINDOWS\WinSxS\amd64_microsoft.windows.common-controls_6595b64144ccf1df_6.0.19041.3636_none_60b6a03d71f818d5\COMCTL32.dll
0x00007fffee740000 - 0x00007fffee76b000 	C:\WINDOWS\System32\GDI32.dll
0x00007fffed7f0000 - 0x00007fffed812000 	C:\WINDOWS\System32\win32u.dll
0x00007fffed590000 - 0x00007fffed6a7000 	C:\WINDOWS\System32\gdi32full.dll
0x00007fffed870000 - 0x00007fffed90d000 	C:\WINDOWS\System32\msvcp_win.dll
0x00007fffee7b0000 - 0x00007fffee94e000 	C:\WINDOWS\System32\USER32.dll
0x00007fffdeec0000 - 0x00007fffdeeca000 	C:\WINDOWS\SYSTEM32\VERSION.dll
0x00007fffe8cc0000 - 0x00007fffe8cdb000 	C:\Program Files\Java\jdk-17\bin\VCRUNTIME140.dll
0x00007fffee770000 - 0x00007fffee7a2000 	C:\WINDOWS\System32\IMM32.DLL
0x00007fffe8d60000 - 0x00007fffe8d6c000 	C:\Program Files\Java\jdk-17\bin\vcruntime140_1.dll
0x00007fffe1170000 - 0x00007fffe11fe000 	C:\Program Files\Java\jdk-17\bin\msvcp140.dll
0x00007fffbcaf0000 - 0x00007fffbd6cf000 	C:\Program Files\Java\jdk-17\bin\server\jvm.dll
0x00007fffedfd0000 - 0x00007fffedfd8000 	C:\WINDOWS\System32\PSAPI.DLL
0x00007fffdd780000 - 0x00007fffdd789000 	C:\WINDOWS\SYSTEM32\WSOCK32.dll
0x00007fffeea90000 - 0x00007fffeeafb000 	C:\WINDOWS\System32\WS2_32.dll
0x00007fffdcf00000 - 0x00007fffdcf27000 	C:\WINDOWS\SYSTEM32\WINMM.dll
0x00007fffebd60000 - 0x00007fffebd72000 	C:\WINDOWS\SYSTEM32\kernel.appcore.dll
0x00007fffe8630000 - 0x00007fffe863a000 	C:\Program Files\Java\jdk-17\bin\jimage.dll
0x00007fffebb40000 - 0x00007fffebd24000 	C:\WINDOWS\SYSTEM32\DBGHELP.DLL
0x00007fffd83f0000 - 0x00007fffd8424000 	C:\WINDOWS\SYSTEM32\dbgcore.DLL
0x00007fffed6b0000 - 0x00007fffed732000 	C:\WINDOWS\System32\bcryptPrimitives.dll
0x00007fffe6860000 - 0x00007fffe686e000 	C:\Program Files\Java\jdk-17\bin\instrument.dll
0x00007fffe3c10000 - 0x00007fffe3c35000 	C:\Program Files\Java\jdk-17\bin\java.dll
0x00007fffc5f70000 - 0x00007fffc6047000 	C:\Program Files\Java\jdk-17\bin\jsvml.dll
0x00007fffef3b0000 - 0x00007fffefb1b000 	C:\WINDOWS\System32\SHELL32.dll
0x00007fffeb3a0000 - 0x00007fffebb3e000 	C:\WINDOWS\SYSTEM32\windows.storage.dll
0x00007fffee260000 - 0x00007fffee5b3000 	C:\WINDOWS\System32\combase.dll
0x00007fffecde0000 - 0x00007fffece0e000 	C:\WINDOWS\SYSTEM32\Wldp.dll
0x00007fffefda0000 - 0x00007fffefe6d000 	C:\WINDOWS\System32\OLEAUT32.dll
0x00007fffefb20000 - 0x00007fffefbcd000 	C:\WINDOWS\System32\SHCORE.dll
0x00007fffedf70000 - 0x00007fffedfc5000 	C:\WINDOWS\System32\shlwapi.dll
0x00007fffed490000 - 0x00007fffed4b5000 	C:\WINDOWS\SYSTEM32\profapi.dll
0x00007fffe67f0000 - 0x00007fffe6808000 	C:\Program Files\Java\jdk-17\bin\zip.dll
0x00007fffe2a70000 - 0x00007fffe2a89000 	C:\Program Files\Java\jdk-17\bin\net.dll
0x00007fffe3d10000 - 0x00007fffe3e1a000 	C:\WINDOWS\SYSTEM32\WINHTTP.dll
0x00007fffecbc0000 - 0x00007fffecc2a000 	C:\WINDOWS\system32\mswsock.dll
0x00007fffe1e90000 - 0x00007fffe1ea6000 	C:\Program Files\Java\jdk-17\bin\nio.dll
0x00007fffe2700000 - 0x00007fffe2710000 	C:\Program Files\Java\jdk-17\bin\verify.dll
0x00007fffd4480000 - 0x00007fffd44a7000 	C:\Users\win\.gradle\native\c067742578af261105cb4f569cf0c3c89f3d7b1fecec35dd04571415982c5e48\windows-amd64\native-platform.dll
0x00007fffbd6d0000 - 0x00007fffbd814000 	C:\Users\win\.gradle\native\38dada09dfb8b06ba9b0570ebf7e218e3eb74d4ef43ca46872605cf95ebc2f47\windows-amd64\native-platform-file-events.dll
0x00007fffe1f60000 - 0x00007fffe1f6a000 	C:\Program Files\Java\jdk-17\bin\management.dll
0x00007fffe1e80000 - 0x00007fffe1e8b000 	C:\Program Files\Java\jdk-17\bin\management_ext.dll
0x00007fffece20000 - 0x00007fffece38000 	C:\WINDOWS\SYSTEM32\CRYPTSP.dll
0x00007fffec510000 - 0x00007fffec544000 	C:\WINDOWS\system32\rsaenh.dll
0x00007fffed410000 - 0x00007fffed43e000 	C:\WINDOWS\SYSTEM32\USERENV.dll
0x00007fffecd50000 - 0x00007fffecd5c000 	C:\WINDOWS\SYSTEM32\CRYPTBASE.dll
0x00007fffec8d0000 - 0x00007fffec90b000 	C:\WINDOWS\SYSTEM32\IPHLPAPI.DLL
0x00007fffedfe0000 - 0x00007fffedfe8000 	C:\WINDOWS\System32\NSI.dll
0x00007fffe5950000 - 0x00007fffe5967000 	C:\WINDOWS\SYSTEM32\dhcpcsvc6.DLL
0x00007fffe66b0000 - 0x00007fffe66cd000 	C:\WINDOWS\SYSTEM32\dhcpcsvc.DLL
0x00007fffec910000 - 0x00007fffec9db000 	C:\WINDOWS\SYSTEM32\DNSAPI.dll
0x00007fffe1d60000 - 0x00007fffe1d6e000 	C:\Program Files\Java\jdk-17\bin\sunmscapi.dll
0x00007fffed910000 - 0x00007fffeda6d000 	C:\WINDOWS\System32\CRYPT32.dll
0x00007fffecf30000 - 0x00007fffecf58000 	C:\WINDOWS\SYSTEM32\ncrypt.dll
0x00007fffecef0000 - 0x00007fffecf2b000 	C:\WINDOWS\SYSTEM32\NTASN1.dll
0x00007fffe1ac0000 - 0x00007fffe1ac7000 	C:\WINDOWS\system32\wshunix.dll

dbghelp: loaded successfully - version: 4.0.5 - missing functions: none
symbol engine: initialized successfully - sym options: 0x614 - pdb path: .;C:\Program Files\Java\jdk-17\bin;C:\WINDOWS\SYSTEM32;C:\WINDOWS\WinSxS\amd64_microsoft.windows.common-controls_6595b64144ccf1df_6.0.19041.3636_none_60b6a03d71f818d5;C:\Program Files\Java\jdk-17\bin\server;C:\Users\win\.gradle\native\c067742578af261105cb4f569cf0c3c89f3d7b1fecec35dd04571415982c5e48\windows-amd64;C:\Users\win\.gradle\native\38dada09dfb8b06ba9b0570ebf7e218e3eb74d4ef43ca46872605cf95ebc2f47\windows-amd64

VM Arguments:
jvm_args: --add-opens=java.base/java.util=ALL-UNNAMED --add-opens=java.base/java.lang=ALL-UNNAMED --add-opens=java.base/java.lang.invoke=ALL-UNNAMED --add-opens=java.prefs/java.util.prefs=ALL-UNNAMED --add-opens=java.base/java.nio.charset=ALL-UNNAMED --add-opens=java.base/java.net=ALL-UNNAMED --add-opens=java.base/java.util.concurrent.atomic=ALL-UNNAMED -XX:MaxMetaspaceSize=384m -XX:+HeapDumpOnOutOfMemoryError -Xms256m -Xmx512m -Dfile.encoding=windows-1252 -Duser.country=US -Duser.language=en -Duser.variant -javaagent:C:\Users\win\.gradle\wrapper\dists\gradle-8.5-bin\5t9huq95ubn472n8rpzujfbqh\gradle-8.5\lib\agents\gradle-instrumentation-agent-8.5.jar 
java_command: org.gradle.launcher.daemon.bootstrap.GradleDaemon 8.5
java_class_path (initial): C:\Users\win\.gradle\wrapper\dists\gradle-8.5-bin\5t9huq95ubn472n8rpzujfbqh\gradle-8.5\lib\gradle-launcher-8.5.jar
Launcher Type: SUN_STANDARD

[Global flags]
     intx CICompilerCount                          = 3                                         {product} {ergonomic}
   size_t CompressedClassSpaceSize                 = 335544320                                 {product} {ergonomic}
     uint ConcGCThreads                            = 1                                         {product} {ergonomic}
     uint G1ConcRefinementThreads                  = 4                                         {product} {ergonomic}
   size_t G1HeapRegionSize                         = 1048576                                   {product} {ergonomic}
    uintx GCDrainStackTargetSize                   = 64                                        {product} {ergonomic}
     bool HeapDumpOnOutOfMemoryError               = true                                   {manageable} {command line}
   size_t InitialHeapSize                          = 268435456                                 {product} {command line}
   size_t MarkStackSize                            = 4194304                                   {product} {ergonomic}
   size_t MaxHeapSize                              = 536870912                                 {product} {command line}
   size_t MaxMetaspaceSize                         = 402653184                                 {product} {command line}
   size_t MaxNewSize                               = 321912832                                 {product} {ergonomic}
   size_t MinHeapDeltaBytes                        = 1048576                                   {product} {ergonomic}
   size_t MinHeapSize                              = 268435456                                 {product} {command line}
    uintx NonNMethodCodeHeapSize                   = 5832780                                {pd product} {ergonomic}
    uintx NonProfiledCodeHeapSize                  = 122912730                              {pd product} {ergonomic}
    uintx ProfiledCodeHeapSize                     = 122912730                              {pd product} {ergonomic}
    uintx ReservedCodeCacheSize                    = 251658240                              {pd product} {ergonomic}
     bool SegmentedCodeCache                       = true                                      {product} {ergonomic}
   size_t SoftMaxHeapSize                          = 536870912                              {manageable} {ergonomic}
     bool UseCompressedClassPointers               = true                           {product lp64_product} {ergonomic}
     bool UseCompressedOops                        = true                           {product lp64_product} {ergonomic}
     bool UseG1GC                                  = true                                      {product} {ergonomic}
     bool UseLargePagesIndividualAllocation        = false                                  {pd product} {ergonomic}

Logging:
Log output configuration:
 #0: stdout all=warning uptime,level,tags
 #1: stderr all=off uptime,level,tags

Environment Variables:
JAVA_HOME=C:\Program Files\Java\jdk-17
PATH=C:\Program Files\Common Files\Oracle\Java\javapath;C:\WINDOWS\system32;C:\WINDOWS;C:\WINDOWS\System32\Wbem;C:\WINDOWS\System32\WindowsPowerShell\v1.0\;C:\WINDOWS\System32\OpenSSH\;C:\Program Files\Git\cmd;C:\Program Files\Azure Data Studio\bin;C:\Program Files (x86)\Microsoft SQL Server\160\Tools\Binn\;C:\Program Files\Microsoft SQL Server\160\Tools\Binn\;C:\Program Files\Microsoft SQL Server\Client SDK\ODBC\170\Tools\Binn\;C:\Program Files\Microsoft SQL Server\160\DTS\Binn\;C:\Program Files (x86)\Microsoft SQL Server\160\DTS\Binn\;C:\Program Files\Java\jdk-17\bin;C:\hadoop-3.1.3\bin;C:\hadoop-3.1.3\sbin;;C:\Program Files\Docker\Docker\resources\bin;C:\Program Files\dotnet\;C:\Program Files\nodejs\;C:\Users\win\AppData\Local\Microsoft\WindowsApps;C:\Users\win\AppData\Local\GitHubDesktop\bin;C:\Users\win\AppData\Local\Programs\Microsoft VS Code\bin;C:\Program Files\Azure Data Studio\bin;C:\Program Files\Java\jdk-17\bin;C:\hadoop-3.1.3\bin;C:\hadoop-3.1.3\sbin;C:\Users\win\.dotnet\tools;C:\Users\win\AppData\Roaming\npm;C:\Program Files\JetBrains\IntelliJ IDEA 2023.3.2\bin;
USERNAME=win
OS=Windows_NT
PROCESSOR_IDENTIFIER=Intel64 Family 6 Model 142 Stepping 9, GenuineIntel



---------------  S Y S T E M  ---------------

OS:
 Windows 10 , 64 bit Build 19041 (10.0.19041.3636)
OS uptime: 3 days 20:54 hours
Hyper-V role detected

CPU: total 4 (initial active 4) (2 cores per cpu, 2 threads per core) family 6 model 142 stepping 9 microcode 0xf0, cx8, cmov, fxsr, ht, mmx, 3dnowpref, sse, sse2, sse3, ssse3, sse4.1, sse4.2, popcnt, lzcnt, tsc, tscinvbit, avx, avx2, aes, erms, clmul, bmi1, bmi2, rtm, adx, fma, vzeroupper, clflush, clflushopt, hv

Memory: 4k page, system-wide physical 8052M (131M free)
TotalPageFile size 18576M (AvailPageFile size 0M)
current process WorkingSet (physical memory assigned to process): 272M, peak: 330M
current process commit charge ("private bytes"): 464M, peak: 466M

vm_info: Java HotSpot(TM) 64-Bit Server VM (17.0.10+11-LTS-240) for windows-amd64 JRE (17.0.10+11-LTS-240), built on Dec 19 2023 21:47:25 by "mach5one" with MS VC++ 17.1 (VS2022)

END.
