#
# There is insufficient memory for the Java Runtime Environment to continue.
# Native memory allocation (malloc) failed to allocate 32744 bytes for ChunkPool::allocate
# Possible reasons:
#   The system is out of physical RAM or swap space
#   The process is running with CompressedOops enabled, and the Java Heap may be blocking the growth of the native heap
# Possible solutions:
#   Reduce memory load on the system
#   Increase physical memory or swap space
#   Check if swap backing store is full
#   Decrease Java heap size (-Xmx/-Xms)
#   Decrease number of Java threads
#   Decrease Java thread stack sizes (-Xss)
#   Set larger code cache with -XX:ReservedCodeCacheSize=
#   JVM is running with Unscaled Compressed Oops mode in which the Java heap is
#     placed in the first 4GB address space. The Java Heap base address is the
#     maximum limit for the native heap growth. Please use -XX:HeapBaseMinAddress
#     to set the Java Heap base and to place the Java Heap above 4GB virtual address.
# This output file may be truncated or incomplete.
#
#  Out of Memory Error (arena.cpp:78), pid=18348, tid=2000
#
# JRE version: Java(TM) SE Runtime Environment (17.0.10+11) (build 17.0.10+11-LTS-240)
# Java VM: Java HotSpot(TM) 64-Bit Server VM (17.0.10+11-LTS-240, mixed mode, sharing, tiered, compressed oops, compressed class ptrs, g1 gc, windows-amd64)
# No core dump will be written. Minidumps are not enabled by default on client versions of Windows
#

---------------  S U M M A R Y ------------

Command Line: --add-opens=java.base/java.util=ALL-UNNAMED --add-opens=java.base/java.lang=ALL-UNNAMED --add-opens=java.base/java.lang.invoke=ALL-UNNAMED --add-opens=java.prefs/java.util.prefs=ALL-UNNAMED --add-opens=java.base/java.nio.charset=ALL-UNNAMED --add-opens=java.base/java.net=ALL-UNNAMED --add-opens=java.base/java.util.concurrent.atomic=ALL-UNNAMED -XX:MaxMetaspaceSize=384m -XX:+HeapDumpOnOutOfMemoryError -Xms256m -Xmx512m -Dfile.encoding=windows-1252 -Duser.country=US -Duser.language=en -Duser.variant -javaagent:C:\Users\win\.gradle\wrapper\dists\gradle-8.5-bin\5t9huq95ubn472n8rpzujfbqh\gradle-8.5\lib\agents\gradle-instrumentation-agent-8.5.jar org.gradle.launcher.daemon.bootstrap.GradleDaemon 8.5

Host: Intel(R) Core(TM) i5-7300U CPU @ 2.60GHz, 4 cores, 7G,  Windows 10 , 64 bit Build 19041 (10.0.19041.3636)
Time: Mon Mar 25 19:12:56 2024 SE Asia Standard Time elapsed time: 124.506259 seconds (0d 0h 2m 4s)

---------------  T H R E A D  ---------------

Current thread (0x000002a31896a870):  JavaThread "C2 CompilerThread0" daemon [_thread_in_native, id=2000, stack(0x000000c57dc00000,0x000000c57dd00000)]


Current CompileTask:
C2: 124506 9823       4       org.gradle.internal.service.DefaultServiceRegistry$ClassInspector::getDetailsForClass (50 bytes)

Stack: [0x000000c57dc00000,0x000000c57dd00000]
Native frames: (J=compiled Java code, j=interpreted, Vv=VM code, C=native code)
V  [jvm.dll+0x677a5a]
V  [jvm.dll+0x7d8b2d]
V  [jvm.dll+0x7da48e]
V  [jvm.dll+0x7daaf3]
V  [jvm.dll+0x2455ff]
V  [jvm.dll+0xaad50]
V  [jvm.dll+0xab09c]
V  [jvm.dll+0x366e1d]
V  [jvm.dll+0x561326]
V  [jvm.dll+0x32c240]
V  [jvm.dll+0x32b6aa]
V  [jvm.dll+0x21794f]
V  [jvm.dll+0x216d81]
V  [jvm.dll+0x1a3410]
V  [jvm.dll+0x226aeb]
V  [jvm.dll+0x224cab]
V  [jvm.dll+0x78e45c]
V  [jvm.dll+0x78888a]
V  [jvm.dll+0x676935]
C  [ucrtbase.dll+0x21bb2]
C  [KERNEL32.DLL+0x17344]
C  [ntdll.dll+0x526b1]


---------------  P R O C E S S  ---------------

Threads class SMR info:
_java_thread_list=0x000002a318e34750, length=36, elements={
0x000002a37e82ba50, 0x000002a31894d800, 0x000002a31894e590, 0x000002a318965f40,
0x000002a318966910, 0x000002a3189692f0, 0x000002a318969bc0, 0x000002a31896a870,
0x000002a31896d240, 0x000002a3189de160, 0x000002a318935d10, 0x000002a318cdf1a0,
0x000002a3351ef8a0, 0x000002a334abb8c0, 0x000002a332a771a0, 0x000002a3337c5730,
0x000002a318b21570, 0x000002a318b238e0, 0x000002a318b21f90, 0x000002a318b224a0,
0x000002a318b24810, 0x000002a318b23df0, 0x000002a318b24300, 0x000002a333942870,
0x000002a333940500, 0x000002a333941430, 0x000002a333945b10, 0x000002a333940f20,
0x000002a333946530, 0x000002a33393fae0, 0x000002a333946a40, 0x000002a33393fff0,
0x000002a333942360, 0x000002a333943290, 0x000002a33393f0c0, 0x000002a3339441c0
}

Java Threads: ( => current thread )
  0x000002a37e82ba50 JavaThread "main" [_thread_blocked, id=7660, stack(0x000000c57cf00000,0x000000c57d000000)]
  0x000002a31894d800 JavaThread "Reference Handler" daemon [_thread_blocked, id=13548, stack(0x000000c57d600000,0x000000c57d700000)]
  0x000002a31894e590 JavaThread "Finalizer" daemon [_thread_blocked, id=4256, stack(0x000000c57d700000,0x000000c57d800000)]
  0x000002a318965f40 JavaThread "Signal Dispatcher" daemon [_thread_blocked, id=11512, stack(0x000000c57d800000,0x000000c57d900000)]
  0x000002a318966910 JavaThread "Attach Listener" daemon [_thread_blocked, id=9028, stack(0x000000c57d900000,0x000000c57da00000)]
  0x000002a3189692f0 JavaThread "Service Thread" daemon [_thread_blocked, id=1516, stack(0x000000c57da00000,0x000000c57db00000)]
  0x000002a318969bc0 JavaThread "Monitor Deflation Thread" daemon [_thread_blocked, id=13156, stack(0x000000c57db00000,0x000000c57dc00000)]
=>0x000002a31896a870 JavaThread "C2 CompilerThread0" daemon [_thread_in_native, id=2000, stack(0x000000c57dc00000,0x000000c57dd00000)]
  0x000002a31896d240 JavaThread "C1 CompilerThread0" daemon [_thread_blocked, id=6672, stack(0x000000c57dd00000,0x000000c57de00000)]
  0x000002a3189de160 JavaThread "Sweeper thread" daemon [_thread_blocked, id=7288, stack(0x000000c57de00000,0x000000c57df00000)]
  0x000002a318935d10 JavaThread "Common-Cleaner" daemon [_thread_blocked, id=8428, stack(0x000000c57df00000,0x000000c57e000000)]
  0x000002a318cdf1a0 JavaThread "Notification Thread" daemon [_thread_blocked, id=7964, stack(0x000000c57e000000,0x000000c57e100000)]
  0x000002a3351ef8a0 JavaThread "Daemon health stats" [_thread_blocked, id=12052, stack(0x000000c57e600000,0x000000c57e700000)]
  0x000002a334abb8c0 JavaThread "Incoming local TCP Connector on port 65402" [_thread_in_native, id=14184, stack(0x000000c57e500000,0x000000c57e600000)]
  0x000002a332a771a0 JavaThread "Daemon periodic checks" [_thread_blocked, id=444, stack(0x000000c57e700000,0x000000c57e800000)]
  0x000002a3337c5730 JavaThread "Daemon" [_thread_blocked, id=18608, stack(0x000000c57e800000,0x000000c57e900000)]
  0x000002a318b21570 JavaThread "Daemon worker" [_thread_in_native, id=19380, stack(0x000000c57eb00000,0x000000c57ec00000)]
  0x000002a318b238e0 JavaThread "Cache worker for journal cache (C:\Users\win\.gradle\caches\journal-1)" [_thread_blocked, id=19308, stack(0x000000c57ef00000,0x000000c57f000000)]
  0x000002a318b21f90 JavaThread "File lock request listener" [_thread_in_native, id=8752, stack(0x000000c57f000000,0x000000c57f100000)]
  0x000002a318b224a0 JavaThread "File lock release action executor" [_thread_blocked, id=9020, stack(0x000000c57f100000,0x000000c57f200000)]
  0x000002a318b24810 JavaThread "Cache worker for file hash cache (C:\Users\win\.gradle\caches\8.5\fileHashes)" [_thread_blocked, id=2028, stack(0x000000c57f200000,0x000000c57f300000)]
  0x000002a318b23df0 JavaThread "File watcher server" daemon [_thread_in_native, id=11256, stack(0x000000c57f300000,0x000000c57f400000)]
  0x000002a318b24300 JavaThread "File watcher consumer" daemon [_thread_blocked, id=4944, stack(0x000000c57f400000,0x000000c57f500000)]
  0x000002a333942870 JavaThread "Cache worker for file content cache (C:\Users\win\.gradle\caches\8.5\fileContent)" [_thread_blocked, id=1268, stack(0x000000c57f900000,0x000000c57fa00000)]
  0x000002a333940500 JavaThread "Cache worker for execution history cache (C:\Users\win\.gradle\caches\8.5\executionHistory)" [_thread_blocked, id=17060, stack(0x000000c57fa00000,0x000000c57fb00000)]
  0x000002a333941430 JavaThread "jar transforms" [_thread_blocked, id=8444, stack(0x000000c57fb00000,0x000000c57fc00000)]
  0x000002a333945b10 JavaThread "jar transforms Thread 2" [_thread_blocked, id=10492, stack(0x000000c57fc00000,0x000000c57fd00000)]
  0x000002a333940f20 JavaThread "jar transforms Thread 3" [_thread_blocked, id=16048, stack(0x000000c57ff00000,0x000000c580000000)]
  0x000002a333946530 JavaThread "jar transforms Thread 4" [_thread_blocked, id=6564, stack(0x000000c500000000,0x000000c500100000)]
  0x000002a33393fae0 JavaThread "Memory manager" [_thread_blocked, id=16796, stack(0x000000c500600000,0x000000c500700000)]
  0x000002a333946a40 JavaThread "included builds" [_thread_blocked, id=12800, stack(0x000000c500800000,0x000000c500900000)]
  0x000002a33393fff0 JavaThread "Handler for socket connection from /127.0.0.1:65402 to /127.0.0.1:65474" [_thread_in_native, id=14832, stack(0x000000c500100000,0x000000c500200000)]
  0x000002a333942360 JavaThread "Cancel handler" [_thread_blocked, id=4420, stack(0x000000c500200000,0x000000c500300000)]
  0x000002a333943290 JavaThread "Asynchronous log dispatcher for DefaultDaemonConnection: socket connection from /127.0.0.1:65402 to /127.0.0.1:65474" [_thread_blocked, id=16308, stack(0x000000c500300000,0x000000c500400000)]
  0x000002a33393f0c0 JavaThread "Stdin handler" [_thread_blocked, id=18564, stack(0x000000c500400000,0x000000c500500000)]
  0x000002a3339441c0 JavaThread "Daemon client event forwarder" [_thread_blocked, id=11908, stack(0x000000c500500000,0x000000c500600000)]

Other Threads:
  0x000002a318948ff0 VMThread "VM Thread" [stack: 0x000000c57d500000,0x000000c57d600000] [id=3940]
  0x000002a37e82ca10 WatcherThread [stack: 0x000000c57e100000,0x000000c57e200000] [id=11392]
  0x000002a37e858bd0 GCTaskThread "GC Thread#0" [stack: 0x000000c57d000000,0x000000c57d100000] [id=17944]
  0x000002a318eede90 GCTaskThread "GC Thread#1" [stack: 0x000000c57e200000,0x000000c57e300000] [id=15896]
  0x000002a318eee150 GCTaskThread "GC Thread#2" [stack: 0x000000c57e300000,0x000000c57e400000] [id=2844]
  0x000002a318eee410 GCTaskThread "GC Thread#3" [stack: 0x000000c57e400000,0x000000c57e500000] [id=14968]
  0x000002a37e85ea40 ConcurrentGCThread "G1 Main Marker" [stack: 0x000000c57d100000,0x000000c57d200000] [id=11472]
  0x000002a37e85f360 ConcurrentGCThread "G1 Conc#0" [stack: 0x000000c57d200000,0x000000c57d300000] [id=8012]
  0x000002a37e8f81e0 ConcurrentGCThread "G1 Refine#0" [stack: 0x000000c57d300000,0x000000c57d400000] [id=11780]
  0x000002a33463c560 ConcurrentGCThread "G1 Refine#1" [stack: 0x000000c500700000,0x000000c500800000] [id=224]
  0x000002a334387840 ConcurrentGCThread "G1 Refine#2" [stack: 0x000000c503200000,0x000000c503300000] [id=15716]
  0x000002a334384940 ConcurrentGCThread "G1 Refine#3" [stack: 0x000000c503300000,0x000000c503400000] [id=18132]
  0x000002a37e8f8b20 ConcurrentGCThread "G1 Service" [stack: 0x000000c57d400000,0x000000c57d500000] [id=2356]

Threads with active compile tasks:
C2 CompilerThread0   124550 9823       4       org.gradle.internal.service.DefaultServiceRegistry$ClassInspector::getDetailsForClass (50 bytes)

VM state: not at safepoint (normal execution)

VM Mutex/Monitor currently owned by a thread: None

Heap address: 0x00000000e0000000, size: 512 MB, Compressed Oops mode: 32-bit

CDS archive(s) mapped at: [0x000002a319000000-0x000002a319bd0000-0x000002a319bd0000), size 12386304, SharedBaseAddress: 0x000002a319000000, ArchiveRelocationMode: 1.
Compressed class space mapped at: 0x000002a31a000000-0x000002a32e000000, reserved size: 335544320
Narrow klass base: 0x000002a319000000, Narrow klass shift: 0, Narrow klass range: 0x100000000

GC Precious Log:
 CPUs: 4 total, 4 available
 Memory: 8052M
 Large Page Support: Disabled
 NUMA Support: Disabled
 Compressed Oops: Enabled (32-bit)
 Heap Region Size: 1M
 Heap Min Capacity: 256M
 Heap Initial Capacity: 256M
 Heap Max Capacity: 512M
 Pre-touch: Disabled
 Parallel Workers: 4
 Concurrent Workers: 1
 Concurrent Refinement Workers: 4
 Periodic GC: Disabled

Heap:
 garbage-first heap   total 262144K, used 151433K [0x00000000e0000000, 0x0000000100000000)
  region size 1024K, 120 young (122880K), 20 survivors (20480K)
 Metaspace       used 53838K, committed 54400K, reserved 393216K
  class space    used 7440K, committed 7744K, reserved 327680K

Heap Regions: E=young(eden), S=young(survivor), O=old, HS=humongous(starts), HC=humongous(continues), CS=collection set, F=free, OA=open archive, CA=closed archive, TAMS=top-at-mark-start (previous, next)
|   0|0x00000000e0000000, 0x00000000e0100000, 0x00000000e0100000|100%| O|  |TAMS 0x00000000e0100000, 0x00000000e0000000| Untracked 
|   1|0x00000000e0100000, 0x00000000e0200000, 0x00000000e0200000|100%| O|  |TAMS 0x00000000e0200000, 0x00000000e0100000| Untracked 
|   2|0x00000000e0200000, 0x00000000e0300000, 0x00000000e0300000|100%|HS|  |TAMS 0x00000000e0300000, 0x00000000e0200000| Complete 
|   3|0x00000000e0300000, 0x00000000e0400000, 0x00000000e0400000|100%|HC|  |TAMS 0x00000000e0400000, 0x00000000e0300000| Complete 
|   4|0x00000000e0400000, 0x00000000e0500000, 0x00000000e0500000|100%|HC|  |TAMS 0x00000000e0500000, 0x00000000e0400000| Complete 
|   5|0x00000000e0500000, 0x00000000e0600000, 0x00000000e0600000|100%|HC|  |TAMS 0x00000000e0600000, 0x00000000e0500000| Complete 
|   6|0x00000000e0600000, 0x00000000e0700000, 0x00000000e0700000|100%| O|  |TAMS 0x00000000e0700000, 0x00000000e0600000| Untracked 
|   7|0x00000000e0700000, 0x00000000e0800000, 0x00000000e0800000|100%| O|  |TAMS 0x00000000e0800000, 0x00000000e0700000| Untracked 
|   8|0x00000000e0800000, 0x00000000e0900000, 0x00000000e0900000|100%| O|  |TAMS 0x00000000e0900000, 0x00000000e0800000| Untracked 
|   9|0x00000000e0900000, 0x00000000e0a00000, 0x00000000e0a00000|100%| O|  |TAMS 0x00000000e0a00000, 0x00000000e0900000| Untracked 
|  10|0x00000000e0a00000, 0x00000000e0b00000, 0x00000000e0b00000|100%| O|  |TAMS 0x00000000e0a66200, 0x00000000e0a00000| Untracked 
|  11|0x00000000e0b00000, 0x00000000e0c00000, 0x00000000e0c00000|100%| O|  |TAMS 0x00000000e0b00000, 0x00000000e0b00000| Untracked 
|  12|0x00000000e0c00000, 0x00000000e0d00000, 0x00000000e0d00000|100%| O|  |TAMS 0x00000000e0c00000, 0x00000000e0c00000| Untracked 
|  13|0x00000000e0d00000, 0x00000000e0e00000, 0x00000000e0e00000|100%| O|  |TAMS 0x00000000e0d00000, 0x00000000e0d00000| Untracked 
|  14|0x00000000e0e00000, 0x00000000e0f00000, 0x00000000e0f00000|100%| O|  |TAMS 0x00000000e0e00000, 0x00000000e0e00000| Untracked 
|  15|0x00000000e0f00000, 0x00000000e1000000, 0x00000000e1000000|100%| O|  |TAMS 0x00000000e0f00000, 0x00000000e0f00000| Untracked 
|  16|0x00000000e1000000, 0x00000000e1100000, 0x00000000e1100000|100%| O|  |TAMS 0x00000000e1000000, 0x00000000e1000000| Untracked 
|  17|0x00000000e1100000, 0x00000000e1200000, 0x00000000e1200000|100%| O|  |TAMS 0x00000000e1100000, 0x00000000e1100000| Untracked 
|  18|0x00000000e1200000, 0x00000000e1300000, 0x00000000e1300000|100%| O|  |TAMS 0x00000000e1200000, 0x00000000e1200000| Untracked 
|  19|0x00000000e1300000, 0x00000000e1400000, 0x00000000e1400000|100%| O|  |TAMS 0x00000000e1300000, 0x00000000e1300000| Untracked 
|  20|0x00000000e1400000, 0x00000000e1500000, 0x00000000e1500000|100%| O|  |TAMS 0x00000000e1400000, 0x00000000e1400000| Untracked 
|  21|0x00000000e1500000, 0x00000000e1600000, 0x00000000e1600000|100%| O|  |TAMS 0x00000000e1500000, 0x00000000e1500000| Untracked 
|  22|0x00000000e1600000, 0x00000000e1700000, 0x00000000e1700000|100%| O|  |TAMS 0x00000000e1600000, 0x00000000e1600000| Untracked 
|  23|0x00000000e1700000, 0x00000000e1800000, 0x00000000e1800000|100%| O|  |TAMS 0x00000000e1700000, 0x00000000e1700000| Untracked 
|  24|0x00000000e1800000, 0x00000000e1900000, 0x00000000e1900000|100%| O|  |TAMS 0x00000000e1800000, 0x00000000e1800000| Untracked 
|  25|0x00000000e1900000, 0x00000000e1a00000, 0x00000000e1a00000|100%| O|  |TAMS 0x00000000e1900000, 0x00000000e1900000| Untracked 
|  26|0x00000000e1a00000, 0x00000000e1b00000, 0x00000000e1b00000|100%| O|  |TAMS 0x00000000e1a00000, 0x00000000e1a00000| Untracked 
|  27|0x00000000e1b00000, 0x00000000e1c00000, 0x00000000e1c00000|100%| O|  |TAMS 0x00000000e1b00000, 0x00000000e1b00000| Untracked 
|  28|0x00000000e1c00000, 0x00000000e1d00000, 0x00000000e1d00000|100%| O|  |TAMS 0x00000000e1c00000, 0x00000000e1c00000| Untracked 
|  29|0x00000000e1d00000, 0x00000000e1de2400, 0x00000000e1e00000| 88%| O|  |TAMS 0x00000000e1d00000, 0x00000000e1d00000| Untracked 
|  30|0x00000000e1e00000, 0x00000000e1e00000, 0x00000000e1f00000|  0%| F|  |TAMS 0x00000000e1e00000, 0x00000000e1e00000| Untracked 
|  31|0x00000000e1f00000, 0x00000000e1f00000, 0x00000000e2000000|  0%| F|  |TAMS 0x00000000e1f00000, 0x00000000e1f00000| Untracked 
|  32|0x00000000e2000000, 0x00000000e2000000, 0x00000000e2100000|  0%| F|  |TAMS 0x00000000e2000000, 0x00000000e2000000| Untracked 
|  33|0x00000000e2100000, 0x00000000e2100000, 0x00000000e2200000|  0%| F|  |TAMS 0x00000000e2100000, 0x00000000e2100000| Untracked 
|  34|0x00000000e2200000, 0x00000000e2200000, 0x00000000e2300000|  0%| F|  |TAMS 0x00000000e2200000, 0x00000000e2200000| Untracked 
|  35|0x00000000e2300000, 0x00000000e2300000, 0x00000000e2400000|  0%| F|  |TAMS 0x00000000e2300000, 0x00000000e2300000| Untracked 
|  36|0x00000000e2400000, 0x00000000e2400000, 0x00000000e2500000|  0%| F|  |TAMS 0x00000000e2400000, 0x00000000e2400000| Untracked 
|  37|0x00000000e2500000, 0x00000000e2500000, 0x00000000e2600000|  0%| F|  |TAMS 0x00000000e2500000, 0x00000000e2500000| Untracked 
|  38|0x00000000e2600000, 0x00000000e2600000, 0x00000000e2700000|  0%| F|  |TAMS 0x00000000e2600000, 0x00000000e2600000| Untracked 
|  39|0x00000000e2700000, 0x00000000e2700000, 0x00000000e2800000|  0%| F|  |TAMS 0x00000000e2700000, 0x00000000e2700000| Untracked 
|  40|0x00000000e2800000, 0x00000000e2800000, 0x00000000e2900000|  0%| F|  |TAMS 0x00000000e2800000, 0x00000000e2800000| Untracked 
|  41|0x00000000e2900000, 0x00000000e2900000, 0x00000000e2a00000|  0%| F|  |TAMS 0x00000000e2900000, 0x00000000e2900000| Untracked 
|  42|0x00000000e2a00000, 0x00000000e2a00000, 0x00000000e2b00000|  0%| F|  |TAMS 0x00000000e2a00000, 0x00000000e2a00000| Untracked 
|  43|0x00000000e2b00000, 0x00000000e2b00000, 0x00000000e2c00000|  0%| F|  |TAMS 0x00000000e2b00000, 0x00000000e2b00000| Untracked 
|  44|0x00000000e2c00000, 0x00000000e2c00000, 0x00000000e2d00000|  0%| F|  |TAMS 0x00000000e2c00000, 0x00000000e2c00000| Untracked 
|  45|0x00000000e2d00000, 0x00000000e2d00000, 0x00000000e2e00000|  0%| F|  |TAMS 0x00000000e2d00000, 0x00000000e2d00000| Untracked 
|  46|0x00000000e2e00000, 0x00000000e2e00000, 0x00000000e2f00000|  0%| F|  |TAMS 0x00000000e2e00000, 0x00000000e2e00000| Untracked 
|  47|0x00000000e2f00000, 0x00000000e2f00000, 0x00000000e3000000|  0%| F|  |TAMS 0x00000000e2f00000, 0x00000000e2f00000| Untracked 
|  48|0x00000000e3000000, 0x00000000e3000000, 0x00000000e3100000|  0%| F|  |TAMS 0x00000000e3000000, 0x00000000e3000000| Untracked 
|  49|0x00000000e3100000, 0x00000000e3100000, 0x00000000e3200000|  0%| F|  |TAMS 0x00000000e3100000, 0x00000000e3100000| Untracked 
|  50|0x00000000e3200000, 0x00000000e3200000, 0x00000000e3300000|  0%| F|  |TAMS 0x00000000e3200000, 0x00000000e3200000| Untracked 
|  51|0x00000000e3300000, 0x00000000e3300000, 0x00000000e3400000|  0%| F|  |TAMS 0x00000000e3300000, 0x00000000e3300000| Untracked 
|  52|0x00000000e3400000, 0x00000000e3400000, 0x00000000e3500000|  0%| F|  |TAMS 0x00000000e3400000, 0x00000000e3400000| Untracked 
|  53|0x00000000e3500000, 0x00000000e3500000, 0x00000000e3600000|  0%| F|  |TAMS 0x00000000e3500000, 0x00000000e3500000| Untracked 
|  54|0x00000000e3600000, 0x00000000e3600000, 0x00000000e3700000|  0%| F|  |TAMS 0x00000000e3600000, 0x00000000e3600000| Untracked 
|  55|0x00000000e3700000, 0x00000000e3700000, 0x00000000e3800000|  0%| F|  |TAMS 0x00000000e3700000, 0x00000000e3700000| Untracked 
|  56|0x00000000e3800000, 0x00000000e3800000, 0x00000000e3900000|  0%| F|  |TAMS 0x00000000e3800000, 0x00000000e3800000| Untracked 
|  57|0x00000000e3900000, 0x00000000e3900000, 0x00000000e3a00000|  0%| F|  |TAMS 0x00000000e3900000, 0x00000000e3900000| Untracked 
|  58|0x00000000e3a00000, 0x00000000e3a00000, 0x00000000e3b00000|  0%| F|  |TAMS 0x00000000e3a00000, 0x00000000e3a00000| Untracked 
|  59|0x00000000e3b00000, 0x00000000e3b00000, 0x00000000e3c00000|  0%| F|  |TAMS 0x00000000e3b00000, 0x00000000e3b00000| Untracked 
|  60|0x00000000e3c00000, 0x00000000e3c00000, 0x00000000e3d00000|  0%| F|  |TAMS 0x00000000e3c00000, 0x00000000e3c00000| Untracked 
|  61|0x00000000e3d00000, 0x00000000e3d00000, 0x00000000e3e00000|  0%| F|  |TAMS 0x00000000e3d00000, 0x00000000e3d00000| Untracked 
|  62|0x00000000e3e00000, 0x00000000e3e00000, 0x00000000e3f00000|  0%| F|  |TAMS 0x00000000e3e00000, 0x00000000e3e00000| Untracked 
|  63|0x00000000e3f00000, 0x00000000e3f00000, 0x00000000e4000000|  0%| F|  |TAMS 0x00000000e3f00000, 0x00000000e3f00000| Untracked 
|  64|0x00000000e4000000, 0x00000000e4000000, 0x00000000e4100000|  0%| F|  |TAMS 0x00000000e4000000, 0x00000000e4000000| Untracked 
|  65|0x00000000e4100000, 0x00000000e4100000, 0x00000000e4200000|  0%| F|  |TAMS 0x00000000e4100000, 0x00000000e4100000| Untracked 
|  66|0x00000000e4200000, 0x00000000e4200000, 0x00000000e4300000|  0%| F|  |TAMS 0x00000000e4200000, 0x00000000e4200000| Untracked 
|  67|0x00000000e4300000, 0x00000000e4300000, 0x00000000e4400000|  0%| F|  |TAMS 0x00000000e4300000, 0x00000000e4300000| Untracked 
|  68|0x00000000e4400000, 0x00000000e4400000, 0x00000000e4500000|  0%| F|  |TAMS 0x00000000e4400000, 0x00000000e4400000| Untracked 
|  69|0x00000000e4500000, 0x00000000e4500000, 0x00000000e4600000|  0%| F|  |TAMS 0x00000000e4500000, 0x00000000e4500000| Untracked 
|  70|0x00000000e4600000, 0x00000000e4600000, 0x00000000e4700000|  0%| F|  |TAMS 0x00000000e4600000, 0x00000000e4600000| Untracked 
|  71|0x00000000e4700000, 0x00000000e4700000, 0x00000000e4800000|  0%| F|  |TAMS 0x00000000e4700000, 0x00000000e4700000| Untracked 
|  72|0x00000000e4800000, 0x00000000e4800000, 0x00000000e4900000|  0%| F|  |TAMS 0x00000000e4800000, 0x00000000e4800000| Untracked 
|  73|0x00000000e4900000, 0x00000000e4900000, 0x00000000e4a00000|  0%| F|  |TAMS 0x00000000e4900000, 0x00000000e4900000| Untracked 
|  74|0x00000000e4a00000, 0x00000000e4a00000, 0x00000000e4b00000|  0%| F|  |TAMS 0x00000000e4a00000, 0x00000000e4a00000| Untracked 
|  75|0x00000000e4b00000, 0x00000000e4b00000, 0x00000000e4c00000|  0%| F|  |TAMS 0x00000000e4b00000, 0x00000000e4b00000| Untracked 
|  76|0x00000000e4c00000, 0x00000000e4c00000, 0x00000000e4d00000|  0%| F|  |TAMS 0x00000000e4c00000, 0x00000000e4c00000| Untracked 
|  77|0x00000000e4d00000, 0x00000000e4d00000, 0x00000000e4e00000|  0%| F|  |TAMS 0x00000000e4d00000, 0x00000000e4d00000| Untracked 
|  78|0x00000000e4e00000, 0x00000000e4e00000, 0x00000000e4f00000|  0%| F|  |TAMS 0x00000000e4e00000, 0x00000000e4e00000| Untracked 
|  79|0x00000000e4f00000, 0x00000000e4f00000, 0x00000000e5000000|  0%| F|  |TAMS 0x00000000e4f00000, 0x00000000e4f00000| Untracked 
|  80|0x00000000e5000000, 0x00000000e5000000, 0x00000000e5100000|  0%| F|  |TAMS 0x00000000e5000000, 0x00000000e5000000| Untracked 
|  81|0x00000000e5100000, 0x00000000e5100000, 0x00000000e5200000|  0%| F|  |TAMS 0x00000000e5100000, 0x00000000e5100000| Untracked 
|  82|0x00000000e5200000, 0x00000000e5200000, 0x00000000e5300000|  0%| F|  |TAMS 0x00000000e5200000, 0x00000000e5200000| Untracked 
|  83|0x00000000e5300000, 0x00000000e5400000, 0x00000000e5400000|100%| S|CS|TAMS 0x00000000e5300000, 0x00000000e5300000| Complete 
|  84|0x00000000e5400000, 0x00000000e5500000, 0x00000000e5500000|100%| S|CS|TAMS 0x00000000e5400000, 0x00000000e5400000| Complete 
|  85|0x00000000e5500000, 0x00000000e5500000, 0x00000000e5600000|  0%| F|  |TAMS 0x00000000e5500000, 0x00000000e5500000| Untracked 
|  86|0x00000000e5600000, 0x00000000e5600000, 0x00000000e5700000|  0%| F|  |TAMS 0x00000000e5600000, 0x00000000e5600000| Untracked 
|  87|0x00000000e5700000, 0x00000000e5700000, 0x00000000e5800000|  0%| F|  |TAMS 0x00000000e5700000, 0x00000000e5700000| Untracked 
|  88|0x00000000e5800000, 0x00000000e5800000, 0x00000000e5900000|  0%| F|  |TAMS 0x00000000e5800000, 0x00000000e5800000| Untracked 
|  89|0x00000000e5900000, 0x00000000e5900000, 0x00000000e5a00000|  0%| F|  |TAMS 0x00000000e5900000, 0x00000000e5900000| Untracked 
|  90|0x00000000e5a00000, 0x00000000e5a00000, 0x00000000e5b00000|  0%| F|  |TAMS 0x00000000e5a00000, 0x00000000e5a00000| Untracked 
|  91|0x00000000e5b00000, 0x00000000e5b00000, 0x00000000e5c00000|  0%| F|  |TAMS 0x00000000e5b00000, 0x00000000e5b00000| Untracked 
|  92|0x00000000e5c00000, 0x00000000e5c00000, 0x00000000e5d00000|  0%| F|  |TAMS 0x00000000e5c00000, 0x00000000e5c00000| Untracked 
|  93|0x00000000e5d00000, 0x00000000e5d00000, 0x00000000e5e00000|  0%| F|  |TAMS 0x00000000e5d00000, 0x00000000e5d00000| Untracked 
|  94|0x00000000e5e00000, 0x00000000e5e00000, 0x00000000e5f00000|  0%| F|  |TAMS 0x00000000e5e00000, 0x00000000e5e00000| Untracked 
|  95|0x00000000e5f00000, 0x00000000e5f00000, 0x00000000e6000000|  0%| F|  |TAMS 0x00000000e5f00000, 0x00000000e5f00000| Untracked 
|  96|0x00000000e6000000, 0x00000000e6000000, 0x00000000e6100000|  0%| F|  |TAMS 0x00000000e6000000, 0x00000000e6000000| Untracked 
|  97|0x00000000e6100000, 0x00000000e6100000, 0x00000000e6200000|  0%| F|  |TAMS 0x00000000e6100000, 0x00000000e6100000| Untracked 
|  98|0x00000000e6200000, 0x00000000e6200000, 0x00000000e6300000|  0%| F|  |TAMS 0x00000000e6200000, 0x00000000e6200000| Untracked 
|  99|0x00000000e6300000, 0x00000000e6300000, 0x00000000e6400000|  0%| F|  |TAMS 0x00000000e6300000, 0x00000000e6300000| Untracked 
| 100|0x00000000e6400000, 0x00000000e6400000, 0x00000000e6500000|  0%| F|  |TAMS 0x00000000e6400000, 0x00000000e6400000| Untracked 
| 101|0x00000000e6500000, 0x00000000e6500000, 0x00000000e6600000|  0%| F|  |TAMS 0x00000000e6500000, 0x00000000e6500000| Untracked 
| 102|0x00000000e6600000, 0x00000000e6600000, 0x00000000e6700000|  0%| F|  |TAMS 0x00000000e6600000, 0x00000000e6600000| Untracked 
| 103|0x00000000e6700000, 0x00000000e6800000, 0x00000000e6800000|100%| S|CS|TAMS 0x00000000e6700000, 0x00000000e6700000| Complete 
| 104|0x00000000e6800000, 0x00000000e6900000, 0x00000000e6900000|100%| S|CS|TAMS 0x00000000e6800000, 0x00000000e6800000| Complete 
| 105|0x00000000e6900000, 0x00000000e6a00000, 0x00000000e6a00000|100%| S|CS|TAMS 0x00000000e6900000, 0x00000000e6900000| Complete 
| 106|0x00000000e6a00000, 0x00000000e6b00000, 0x00000000e6b00000|100%| S|CS|TAMS 0x00000000e6a00000, 0x00000000e6a00000| Complete 
| 107|0x00000000e6b00000, 0x00000000e6c00000, 0x00000000e6c00000|100%| S|CS|TAMS 0x00000000e6b00000, 0x00000000e6b00000| Complete 
| 108|0x00000000e6c00000, 0x00000000e6d00000, 0x00000000e6d00000|100%| S|CS|TAMS 0x00000000e6c00000, 0x00000000e6c00000| Complete 
| 109|0x00000000e6d00000, 0x00000000e6e00000, 0x00000000e6e00000|100%| S|CS|TAMS 0x00000000e6d00000, 0x00000000e6d00000| Complete 
| 110|0x00000000e6e00000, 0x00000000e6f00000, 0x00000000e6f00000|100%| S|CS|TAMS 0x00000000e6e00000, 0x00000000e6e00000| Complete 
| 111|0x00000000e6f00000, 0x00000000e7000000, 0x00000000e7000000|100%| S|CS|TAMS 0x00000000e6f00000, 0x00000000e6f00000| Complete 
| 112|0x00000000e7000000, 0x00000000e7100000, 0x00000000e7100000|100%| S|CS|TAMS 0x00000000e7000000, 0x00000000e7000000| Complete 
| 113|0x00000000e7100000, 0x00000000e7200000, 0x00000000e7200000|100%| S|CS|TAMS 0x00000000e7100000, 0x00000000e7100000| Complete 
| 114|0x00000000e7200000, 0x00000000e7300000, 0x00000000e7300000|100%| S|CS|TAMS 0x00000000e7200000, 0x00000000e7200000| Complete 
| 115|0x00000000e7300000, 0x00000000e7400000, 0x00000000e7400000|100%| S|CS|TAMS 0x00000000e7300000, 0x00000000e7300000| Complete 
| 116|0x00000000e7400000, 0x00000000e7500000, 0x00000000e7500000|100%| S|CS|TAMS 0x00000000e7400000, 0x00000000e7400000| Complete 
| 117|0x00000000e7500000, 0x00000000e7600000, 0x00000000e7600000|100%| S|CS|TAMS 0x00000000e7500000, 0x00000000e7500000| Complete 
| 118|0x00000000e7600000, 0x00000000e7700000, 0x00000000e7700000|100%| S|CS|TAMS 0x00000000e7600000, 0x00000000e7600000| Complete 
| 119|0x00000000e7700000, 0x00000000e7800000, 0x00000000e7800000|100%| S|CS|TAMS 0x00000000e7700000, 0x00000000e7700000| Complete 
| 120|0x00000000e7800000, 0x00000000e7900000, 0x00000000e7900000|100%| S|CS|TAMS 0x00000000e7800000, 0x00000000e7800000| Complete 
| 121|0x00000000e7900000, 0x00000000e7900000, 0x00000000e7a00000|  0%| F|  |TAMS 0x00000000e7900000, 0x00000000e7900000| Untracked 
| 122|0x00000000e7a00000, 0x00000000e7a00000, 0x00000000e7b00000|  0%| F|  |TAMS 0x00000000e7a00000, 0x00000000e7a00000| Untracked 
| 123|0x00000000e7b00000, 0x00000000e7b00000, 0x00000000e7c00000|  0%| F|  |TAMS 0x00000000e7b00000, 0x00000000e7b00000| Untracked 
| 124|0x00000000e7c00000, 0x00000000e7c00000, 0x00000000e7d00000|  0%| F|  |TAMS 0x00000000e7c00000, 0x00000000e7c00000| Untracked 
| 125|0x00000000e7d00000, 0x00000000e7d00000, 0x00000000e7e00000|  0%| F|  |TAMS 0x00000000e7d00000, 0x00000000e7d00000| Untracked 
| 126|0x00000000e7e00000, 0x00000000e7e00000, 0x00000000e7f00000|  0%| F|  |TAMS 0x00000000e7e00000, 0x00000000e7e00000| Untracked 
| 127|0x00000000e7f00000, 0x00000000e7f00000, 0x00000000e8000000|  0%| F|  |TAMS 0x00000000e7f00000, 0x00000000e7f00000| Untracked 
| 128|0x00000000e8000000, 0x00000000e8000000, 0x00000000e8100000|  0%| F|  |TAMS 0x00000000e8000000, 0x00000000e8000000| Untracked 
| 129|0x00000000e8100000, 0x00000000e8100000, 0x00000000e8200000|  0%| F|  |TAMS 0x00000000e8100000, 0x00000000e8100000| Untracked 
| 130|0x00000000e8200000, 0x00000000e8200000, 0x00000000e8300000|  0%| F|  |TAMS 0x00000000e8200000, 0x00000000e8200000| Untracked 
| 131|0x00000000e8300000, 0x00000000e8300000, 0x00000000e8400000|  0%| F|  |TAMS 0x00000000e8300000, 0x00000000e8300000| Untracked 
| 132|0x00000000e8400000, 0x00000000e8400000, 0x00000000e8500000|  0%| F|  |TAMS 0x00000000e8400000, 0x00000000e8400000| Untracked 
| 133|0x00000000e8500000, 0x00000000e8500000, 0x00000000e8600000|  0%| F|  |TAMS 0x00000000e8500000, 0x00000000e8500000| Untracked 
| 134|0x00000000e8600000, 0x00000000e8600000, 0x00000000e8700000|  0%| F|  |TAMS 0x00000000e8600000, 0x00000000e8600000| Untracked 
| 135|0x00000000e8700000, 0x00000000e8700000, 0x00000000e8800000|  0%| F|  |TAMS 0x00000000e8700000, 0x00000000e8700000| Untracked 
| 136|0x00000000e8800000, 0x00000000e8800000, 0x00000000e8900000|  0%| F|  |TAMS 0x00000000e8800000, 0x00000000e8800000| Untracked 
| 137|0x00000000e8900000, 0x00000000e8900000, 0x00000000e8a00000|  0%| F|  |TAMS 0x00000000e8900000, 0x00000000e8900000| Untracked 
| 138|0x00000000e8a00000, 0x00000000e8a00000, 0x00000000e8b00000|  0%| F|  |TAMS 0x00000000e8a00000, 0x00000000e8a00000| Untracked 
| 139|0x00000000e8b00000, 0x00000000e8b00000, 0x00000000e8c00000|  0%| F|  |TAMS 0x00000000e8b00000, 0x00000000e8b00000| Untracked 
| 140|0x00000000e8c00000, 0x00000000e8c00000, 0x00000000e8d00000|  0%| F|  |TAMS 0x00000000e8c00000, 0x00000000e8c00000| Untracked 
| 141|0x00000000e8d00000, 0x00000000e8d00000, 0x00000000e8e00000|  0%| F|  |TAMS 0x00000000e8d00000, 0x00000000e8d00000| Untracked 
| 142|0x00000000e8e00000, 0x00000000e8e00000, 0x00000000e8f00000|  0%| F|  |TAMS 0x00000000e8e00000, 0x00000000e8e00000| Untracked 
| 143|0x00000000e8f00000, 0x00000000e8f00000, 0x00000000e9000000|  0%| F|  |TAMS 0x00000000e8f00000, 0x00000000e8f00000| Untracked 
| 144|0x00000000e9000000, 0x00000000e9000000, 0x00000000e9100000|  0%| F|  |TAMS 0x00000000e9000000, 0x00000000e9000000| Untracked 
| 145|0x00000000e9100000, 0x00000000e9100000, 0x00000000e9200000|  0%| F|  |TAMS 0x00000000e9100000, 0x00000000e9100000| Untracked 
| 146|0x00000000e9200000, 0x00000000e9200000, 0x00000000e9300000|  0%| F|  |TAMS 0x00000000e9200000, 0x00000000e9200000| Untracked 
| 147|0x00000000e9300000, 0x00000000e9300000, 0x00000000e9400000|  0%| F|  |TAMS 0x00000000e9300000, 0x00000000e9300000| Untracked 
| 148|0x00000000e9400000, 0x00000000e9400000, 0x00000000e9500000|  0%| F|  |TAMS 0x00000000e9400000, 0x00000000e9400000| Untracked 
| 149|0x00000000e9500000, 0x00000000e9500000, 0x00000000e9600000|  0%| F|  |TAMS 0x00000000e9500000, 0x00000000e9500000| Untracked 
| 150|0x00000000e9600000, 0x00000000e9600000, 0x00000000e9700000|  0%| F|  |TAMS 0x00000000e9600000, 0x00000000e9600000| Untracked 
| 151|0x00000000e9700000, 0x00000000e9700000, 0x00000000e9800000|  0%| F|  |TAMS 0x00000000e9700000, 0x00000000e9700000| Untracked 
| 152|0x00000000e9800000, 0x00000000e9800000, 0x00000000e9900000|  0%| F|  |TAMS 0x00000000e9800000, 0x00000000e9800000| Untracked 
| 153|0x00000000e9900000, 0x00000000e9900000, 0x00000000e9a00000|  0%| F|  |TAMS 0x00000000e9900000, 0x00000000e9900000| Untracked 
| 154|0x00000000e9a00000, 0x00000000e9a00000, 0x00000000e9b00000|  0%| F|  |TAMS 0x00000000e9a00000, 0x00000000e9a00000| Untracked 
| 155|0x00000000e9b00000, 0x00000000e9b00000, 0x00000000e9c00000|  0%| F|  |TAMS 0x00000000e9b00000, 0x00000000e9b00000| Untracked 
| 156|0x00000000e9c00000, 0x00000000e9c3e9a8, 0x00000000e9d00000| 24%| E|  |TAMS 0x00000000e9c00000, 0x00000000e9c00000| Complete 
| 157|0x00000000e9d00000, 0x00000000e9e00000, 0x00000000e9e00000|100%| E|CS|TAMS 0x00000000e9d00000, 0x00000000e9d00000| Complete 
| 158|0x00000000e9e00000, 0x00000000e9f00000, 0x00000000e9f00000|100%| E|CS|TAMS 0x00000000e9e00000, 0x00000000e9e00000| Complete 
| 159|0x00000000e9f00000, 0x00000000ea000000, 0x00000000ea000000|100%| E|CS|TAMS 0x00000000e9f00000, 0x00000000e9f00000| Complete 
| 160|0x00000000ea000000, 0x00000000ea100000, 0x00000000ea100000|100%| E|CS|TAMS 0x00000000ea000000, 0x00000000ea000000| Complete 
| 161|0x00000000ea100000, 0x00000000ea200000, 0x00000000ea200000|100%| E|CS|TAMS 0x00000000ea100000, 0x00000000ea100000| Complete 
| 162|0x00000000ea200000, 0x00000000ea300000, 0x00000000ea300000|100%| E|CS|TAMS 0x00000000ea200000, 0x00000000ea200000| Complete 
| 163|0x00000000ea300000, 0x00000000ea400000, 0x00000000ea400000|100%| E|CS|TAMS 0x00000000ea300000, 0x00000000ea300000| Complete 
| 164|0x00000000ea400000, 0x00000000ea500000, 0x00000000ea500000|100%| E|CS|TAMS 0x00000000ea400000, 0x00000000ea400000| Complete 
| 165|0x00000000ea500000, 0x00000000ea600000, 0x00000000ea600000|100%| E|CS|TAMS 0x00000000ea500000, 0x00000000ea500000| Complete 
| 166|0x00000000ea600000, 0x00000000ea700000, 0x00000000ea700000|100%| E|CS|TAMS 0x00000000ea600000, 0x00000000ea600000| Complete 
| 167|0x00000000ea700000, 0x00000000ea800000, 0x00000000ea800000|100%| E|CS|TAMS 0x00000000ea700000, 0x00000000ea700000| Complete 
| 168|0x00000000ea800000, 0x00000000ea900000, 0x00000000ea900000|100%| E|CS|TAMS 0x00000000ea800000, 0x00000000ea800000| Complete 
| 169|0x00000000ea900000, 0x00000000eaa00000, 0x00000000eaa00000|100%| E|  |TAMS 0x00000000ea900000, 0x00000000ea900000| Complete 
| 170|0x00000000eaa00000, 0x00000000eab00000, 0x00000000eab00000|100%| E|CS|TAMS 0x00000000eaa00000, 0x00000000eaa00000| Complete 
| 171|0x00000000eab00000, 0x00000000eac00000, 0x00000000eac00000|100%| E|CS|TAMS 0x00000000eab00000, 0x00000000eab00000| Complete 
| 172|0x00000000eac00000, 0x00000000ead00000, 0x00000000ead00000|100%| E|CS|TAMS 0x00000000eac00000, 0x00000000eac00000| Complete 
| 173|0x00000000ead00000, 0x00000000eae00000, 0x00000000eae00000|100%| E|CS|TAMS 0x00000000ead00000, 0x00000000ead00000| Complete 
| 174|0x00000000eae00000, 0x00000000eaf00000, 0x00000000eaf00000|100%| E|CS|TAMS 0x00000000eae00000, 0x00000000eae00000| Complete 
| 175|0x00000000eaf00000, 0x00000000eb000000, 0x00000000eb000000|100%| E|CS|TAMS 0x00000000eaf00000, 0x00000000eaf00000| Complete 
| 176|0x00000000eb000000, 0x00000000eb100000, 0x00000000eb100000|100%| E|CS|TAMS 0x00000000eb000000, 0x00000000eb000000| Complete 
| 177|0x00000000eb100000, 0x00000000eb200000, 0x00000000eb200000|100%| E|CS|TAMS 0x00000000eb100000, 0x00000000eb100000| Complete 
| 178|0x00000000eb200000, 0x00000000eb300000, 0x00000000eb300000|100%| E|CS|TAMS 0x00000000eb200000, 0x00000000eb200000| Complete 
| 179|0x00000000eb300000, 0x00000000eb400000, 0x00000000eb400000|100%| E|CS|TAMS 0x00000000eb300000, 0x00000000eb300000| Complete 
| 180|0x00000000eb400000, 0x00000000eb500000, 0x00000000eb500000|100%| E|CS|TAMS 0x00000000eb400000, 0x00000000eb400000| Complete 
| 181|0x00000000eb500000, 0x00000000eb600000, 0x00000000eb600000|100%| E|CS|TAMS 0x00000000eb500000, 0x00000000eb500000| Complete 
| 182|0x00000000eb600000, 0x00000000eb700000, 0x00000000eb700000|100%| E|CS|TAMS 0x00000000eb600000, 0x00000000eb600000| Complete 
| 183|0x00000000eb700000, 0x00000000eb800000, 0x00000000eb800000|100%| E|CS|TAMS 0x00000000eb700000, 0x00000000eb700000| Complete 
| 184|0x00000000eb800000, 0x00000000eb900000, 0x00000000eb900000|100%| E|CS|TAMS 0x00000000eb800000, 0x00000000eb800000| Complete 
| 185|0x00000000eb900000, 0x00000000eba00000, 0x00000000eba00000|100%| E|CS|TAMS 0x00000000eb900000, 0x00000000eb900000| Complete 
| 186|0x00000000eba00000, 0x00000000ebb00000, 0x00000000ebb00000|100%| E|CS|TAMS 0x00000000eba00000, 0x00000000eba00000| Complete 
| 187|0x00000000ebb00000, 0x00000000ebc00000, 0x00000000ebc00000|100%| E|CS|TAMS 0x00000000ebb00000, 0x00000000ebb00000| Complete 
| 188|0x00000000ebc00000, 0x00000000ebd00000, 0x00000000ebd00000|100%| E|CS|TAMS 0x00000000ebc00000, 0x00000000ebc00000| Complete 
| 189|0x00000000ebd00000, 0x00000000ebe00000, 0x00000000ebe00000|100%| E|CS|TAMS 0x00000000ebd00000, 0x00000000ebd00000| Complete 
| 190|0x00000000ebe00000, 0x00000000ebf00000, 0x00000000ebf00000|100%| E|CS|TAMS 0x00000000ebe00000, 0x00000000ebe00000| Complete 
| 191|0x00000000ebf00000, 0x00000000ec000000, 0x00000000ec000000|100%| E|CS|TAMS 0x00000000ebf00000, 0x00000000ebf00000| Complete 
| 192|0x00000000ec000000, 0x00000000ec100000, 0x00000000ec100000|100%| E|CS|TAMS 0x00000000ec000000, 0x00000000ec000000| Complete 
| 193|0x00000000ec100000, 0x00000000ec200000, 0x00000000ec200000|100%| E|CS|TAMS 0x00000000ec100000, 0x00000000ec100000| Complete 
| 194|0x00000000ec200000, 0x00000000ec300000, 0x00000000ec300000|100%| E|CS|TAMS 0x00000000ec200000, 0x00000000ec200000| Complete 
| 195|0x00000000ec300000, 0x00000000ec400000, 0x00000000ec400000|100%| E|CS|TAMS 0x00000000ec300000, 0x00000000ec300000| Complete 
| 196|0x00000000ec400000, 0x00000000ec500000, 0x00000000ec500000|100%| E|CS|TAMS 0x00000000ec400000, 0x00000000ec400000| Complete 
| 197|0x00000000ec500000, 0x00000000ec600000, 0x00000000ec600000|100%| E|CS|TAMS 0x00000000ec500000, 0x00000000ec500000| Complete 
| 198|0x00000000ec600000, 0x00000000ec700000, 0x00000000ec700000|100%| E|CS|TAMS 0x00000000ec600000, 0x00000000ec600000| Complete 
| 199|0x00000000ec700000, 0x00000000ec800000, 0x00000000ec800000|100%| E|CS|TAMS 0x00000000ec700000, 0x00000000ec700000| Complete 
| 200|0x00000000ec800000, 0x00000000ec900000, 0x00000000ec900000|100%| E|CS|TAMS 0x00000000ec800000, 0x00000000ec800000| Complete 
| 201|0x00000000ec900000, 0x00000000eca00000, 0x00000000eca00000|100%| E|CS|TAMS 0x00000000ec900000, 0x00000000ec900000| Complete 
| 202|0x00000000eca00000, 0x00000000ecb00000, 0x00000000ecb00000|100%| E|CS|TAMS 0x00000000eca00000, 0x00000000eca00000| Complete 
| 203|0x00000000ecb00000, 0x00000000ecc00000, 0x00000000ecc00000|100%| E|CS|TAMS 0x00000000ecb00000, 0x00000000ecb00000| Complete 
| 204|0x00000000ecc00000, 0x00000000ecd00000, 0x00000000ecd00000|100%| E|CS|TAMS 0x00000000ecc00000, 0x00000000ecc00000| Complete 
| 205|0x00000000ecd00000, 0x00000000ece00000, 0x00000000ece00000|100%| E|CS|TAMS 0x00000000ecd00000, 0x00000000ecd00000| Complete 
| 206|0x00000000ece00000, 0x00000000ecf00000, 0x00000000ecf00000|100%| E|CS|TAMS 0x00000000ece00000, 0x00000000ece00000| Complete 
| 207|0x00000000ecf00000, 0x00000000ed000000, 0x00000000ed000000|100%| E|CS|TAMS 0x00000000ecf00000, 0x00000000ecf00000| Complete 
| 208|0x00000000ed000000, 0x00000000ed100000, 0x00000000ed100000|100%| E|CS|TAMS 0x00000000ed000000, 0x00000000ed000000| Complete 
| 209|0x00000000ed100000, 0x00000000ed200000, 0x00000000ed200000|100%| E|CS|TAMS 0x00000000ed100000, 0x00000000ed100000| Complete 
| 210|0x00000000ed200000, 0x00000000ed300000, 0x00000000ed300000|100%| E|CS|TAMS 0x00000000ed200000, 0x00000000ed200000| Complete 
| 211|0x00000000ed300000, 0x00000000ed400000, 0x00000000ed400000|100%| E|CS|TAMS 0x00000000ed300000, 0x00000000ed300000| Complete 
| 212|0x00000000ed400000, 0x00000000ed500000, 0x00000000ed500000|100%| E|CS|TAMS 0x00000000ed400000, 0x00000000ed400000| Complete 
| 213|0x00000000ed500000, 0x00000000ed600000, 0x00000000ed600000|100%| E|CS|TAMS 0x00000000ed500000, 0x00000000ed500000| Complete 
| 214|0x00000000ed600000, 0x00000000ed700000, 0x00000000ed700000|100%| E|CS|TAMS 0x00000000ed600000, 0x00000000ed600000| Complete 
| 215|0x00000000ed700000, 0x00000000ed800000, 0x00000000ed800000|100%| E|CS|TAMS 0x00000000ed700000, 0x00000000ed700000| Complete 
| 216|0x00000000ed800000, 0x00000000ed900000, 0x00000000ed900000|100%| E|CS|TAMS 0x00000000ed800000, 0x00000000ed800000| Complete 
| 217|0x00000000ed900000, 0x00000000eda00000, 0x00000000eda00000|100%| E|CS|TAMS 0x00000000ed900000, 0x00000000ed900000| Complete 
| 218|0x00000000eda00000, 0x00000000edb00000, 0x00000000edb00000|100%| E|CS|TAMS 0x00000000eda00000, 0x00000000eda00000| Complete 
| 219|0x00000000edb00000, 0x00000000edc00000, 0x00000000edc00000|100%| E|CS|TAMS 0x00000000edb00000, 0x00000000edb00000| Complete 
| 220|0x00000000edc00000, 0x00000000edd00000, 0x00000000edd00000|100%| E|CS|TAMS 0x00000000edc00000, 0x00000000edc00000| Complete 
| 221|0x00000000edd00000, 0x00000000ede00000, 0x00000000ede00000|100%| E|CS|TAMS 0x00000000edd00000, 0x00000000edd00000| Complete 
| 222|0x00000000ede00000, 0x00000000edf00000, 0x00000000edf00000|100%| E|CS|TAMS 0x00000000ede00000, 0x00000000ede00000| Complete 
| 223|0x00000000edf00000, 0x00000000ee000000, 0x00000000ee000000|100%| E|CS|TAMS 0x00000000edf00000, 0x00000000edf00000| Complete 
| 224|0x00000000ee000000, 0x00000000ee100000, 0x00000000ee100000|100%| E|CS|TAMS 0x00000000ee000000, 0x00000000ee000000| Complete 
| 225|0x00000000ee100000, 0x00000000ee200000, 0x00000000ee200000|100%| E|CS|TAMS 0x00000000ee100000, 0x00000000ee100000| Complete 
| 226|0x00000000ee200000, 0x00000000ee300000, 0x00000000ee300000|100%| E|CS|TAMS 0x00000000ee200000, 0x00000000ee200000| Complete 
| 227|0x00000000ee300000, 0x00000000ee400000, 0x00000000ee400000|100%| E|CS|TAMS 0x00000000ee300000, 0x00000000ee300000| Complete 
| 228|0x00000000ee400000, 0x00000000ee500000, 0x00000000ee500000|100%| E|CS|TAMS 0x00000000ee400000, 0x00000000ee400000| Complete 
| 229|0x00000000ee500000, 0x00000000ee600000, 0x00000000ee600000|100%| E|CS|TAMS 0x00000000ee500000, 0x00000000ee500000| Complete 
| 230|0x00000000ee600000, 0x00000000ee700000, 0x00000000ee700000|100%| E|CS|TAMS 0x00000000ee600000, 0x00000000ee600000| Complete 
| 231|0x00000000ee700000, 0x00000000ee800000, 0x00000000ee800000|100%| E|CS|TAMS 0x00000000ee700000, 0x00000000ee700000| Complete 
| 232|0x00000000ee800000, 0x00000000ee900000, 0x00000000ee900000|100%| E|CS|TAMS 0x00000000ee800000, 0x00000000ee800000| Complete 
| 233|0x00000000ee900000, 0x00000000eea00000, 0x00000000eea00000|100%| E|CS|TAMS 0x00000000ee900000, 0x00000000ee900000| Complete 
| 234|0x00000000eea00000, 0x00000000eeb00000, 0x00000000eeb00000|100%| E|CS|TAMS 0x00000000eea00000, 0x00000000eea00000| Complete 
| 235|0x00000000eeb00000, 0x00000000eec00000, 0x00000000eec00000|100%| E|CS|TAMS 0x00000000eeb00000, 0x00000000eeb00000| Complete 
| 236|0x00000000eec00000, 0x00000000eed00000, 0x00000000eed00000|100%| E|CS|TAMS 0x00000000eec00000, 0x00000000eec00000| Complete 
| 237|0x00000000eed00000, 0x00000000eee00000, 0x00000000eee00000|100%| E|CS|TAMS 0x00000000eed00000, 0x00000000eed00000| Complete 
| 238|0x00000000eee00000, 0x00000000eef00000, 0x00000000eef00000|100%| E|CS|TAMS 0x00000000eee00000, 0x00000000eee00000| Complete 
| 239|0x00000000eef00000, 0x00000000ef000000, 0x00000000ef000000|100%| E|CS|TAMS 0x00000000eef00000, 0x00000000eef00000| Complete 
| 240|0x00000000ef000000, 0x00000000ef100000, 0x00000000ef100000|100%| E|CS|TAMS 0x00000000ef000000, 0x00000000ef000000| Complete 
| 241|0x00000000ef100000, 0x00000000ef200000, 0x00000000ef200000|100%| E|CS|TAMS 0x00000000ef100000, 0x00000000ef100000| Complete 
| 242|0x00000000ef200000, 0x00000000ef300000, 0x00000000ef300000|100%| E|CS|TAMS 0x00000000ef200000, 0x00000000ef200000| Complete 
| 243|0x00000000ef300000, 0x00000000ef400000, 0x00000000ef400000|100%| E|CS|TAMS 0x00000000ef300000, 0x00000000ef300000| Complete 
| 244|0x00000000ef400000, 0x00000000ef500000, 0x00000000ef500000|100%| E|CS|TAMS 0x00000000ef400000, 0x00000000ef400000| Complete 
| 245|0x00000000ef500000, 0x00000000ef600000, 0x00000000ef600000|100%| E|CS|TAMS 0x00000000ef500000, 0x00000000ef500000| Complete 
| 246|0x00000000ef600000, 0x00000000ef700000, 0x00000000ef700000|100%| E|CS|TAMS 0x00000000ef600000, 0x00000000ef600000| Complete 
| 247|0x00000000ef700000, 0x00000000ef800000, 0x00000000ef800000|100%| E|CS|TAMS 0x00000000ef700000, 0x00000000ef700000| Complete 
| 248|0x00000000ef800000, 0x00000000ef900000, 0x00000000ef900000|100%| E|CS|TAMS 0x00000000ef800000, 0x00000000ef800000| Complete 
| 249|0x00000000ef900000, 0x00000000efa00000, 0x00000000efa00000|100%| E|CS|TAMS 0x00000000ef900000, 0x00000000ef900000| Complete 
| 250|0x00000000efa00000, 0x00000000efb00000, 0x00000000efb00000|100%| E|CS|TAMS 0x00000000efa00000, 0x00000000efa00000| Complete 
| 251|0x00000000efb00000, 0x00000000efc00000, 0x00000000efc00000|100%| E|CS|TAMS 0x00000000efb00000, 0x00000000efb00000| Complete 
| 252|0x00000000efc00000, 0x00000000efd00000, 0x00000000efd00000|100%| E|CS|TAMS 0x00000000efc00000, 0x00000000efc00000| Complete 
| 253|0x00000000efd00000, 0x00000000efe00000, 0x00000000efe00000|100%| E|CS|TAMS 0x00000000efd00000, 0x00000000efd00000| Complete 
| 254|0x00000000efe00000, 0x00000000eff00000, 0x00000000eff00000|100%| E|CS|TAMS 0x00000000efe00000, 0x00000000efe00000| Complete 
| 255|0x00000000eff00000, 0x00000000f0000000, 0x00000000f0000000|100%| E|CS|TAMS 0x00000000eff00000, 0x00000000eff00000| Complete 

Card table byte_map: [0x000002a37e900000,0x000002a37ea00000] _byte_map_base: 0x000002a37e200000

Marking Bits (Prev, Next): (CMBitMap*) 0x000002a37e85a110, (CMBitMap*) 0x000002a37e85a150
 Prev Bits: [0x000002a37eb00000, 0x000002a37f300000)
 Next Bits: [0x000002a37f300000, 0x000002a37fb00000)

Polling page: 0x000002a37c770000

Metaspace:

Usage:
  Non-class:     45.31 MB used.
      Class:      7.27 MB used.
       Both:     52.58 MB used.

Virtual space:
  Non-class space:       64.00 MB reserved,      45.56 MB ( 71%) committed,  1 nodes.
      Class space:      320.00 MB reserved,       7.56 MB (  2%) committed,  1 nodes.
             Both:      384.00 MB reserved,      53.12 MB ( 14%) committed. 

Chunk freelists:
   Non-Class:  2.07 MB
       Class:  8.36 MB
        Both:  10.42 MB

MaxMetaspaceSize: 384.00 MB
CompressedClassSpaceSize: 320.00 MB
Initial GC threshold: 21.00 MB
Current GC threshold: 58.75 MB
CDS: on
MetaspaceReclaimPolicy: balanced
 - commit_granule_bytes: 65536.
 - commit_granule_words: 8192.
 - virtual_space_node_default_size: 8388608.
 - enlarge_chunks_in_place: 1.
 - new_chunks_are_fully_committed: 0.
 - uncommit_free_chunks: 1.
 - use_allocation_guard: 0.
 - handle_deallocations: 1.


Internal statistics:

num_allocs_failed_limit: 6.
num_arena_births: 616.
num_arena_deaths: 0.
num_vsnodes_births: 2.
num_vsnodes_deaths: 0.
num_space_committed: 850.
num_space_uncommitted: 0.
num_chunks_returned_to_freelist: 6.
num_chunks_taken_from_freelist: 2825.
num_chunk_merges: 6.
num_chunk_splits: 1828.
num_chunks_enlarged: 1194.
num_inconsistent_stats: 0.

CodeHeap 'non-profiled nmethods': size=120000Kb used=5672Kb max_used=5672Kb free=114327Kb
 bounds [0x000002a30f2b0000, 0x000002a30f840000, 0x000002a3167e0000]
CodeHeap 'profiled nmethods': size=120000Kb used=18435Kb max_used=18435Kb free=101564Kb
 bounds [0x000002a3077e0000, 0x000002a3089f0000, 0x000002a30ed10000]
CodeHeap 'non-nmethods': size=5760Kb used=2321Kb max_used=2415Kb free=3438Kb
 bounds [0x000002a30ed10000, 0x000002a30ef80000, 0x000002a30f2b0000]
 total_blobs=9840 nmethods=9003 adapters=749
 compilation: enabled
              stopped_count=0, restarted_count=0
 full_count=0

Compilation events (20 events):
Event: 124.273 Thread 0x000002a31896d240 nmethod 9811 0x000002a3089de010 code [0x000002a3089de1e0, 0x000002a3089de5e8]
Event: 124.273 Thread 0x000002a31896d240 9814       3       java.util.LinkedHashSet::<init> (27 bytes)
Event: 124.274 Thread 0x000002a31896d240 nmethod 9814 0x000002a3089de790 code [0x000002a3089de980, 0x000002a3089ded28]
Event: 124.277 Thread 0x000002a31896d240 9815       3       java.util.concurrent.LinkedBlockingDeque$AbstractItr::hasNext (13 bytes)
Event: 124.277 Thread 0x000002a31896d240 nmethod 9815 0x000002a3089dee90 code [0x000002a3089df020, 0x000002a3089df198]
Event: 124.277 Thread 0x000002a31896d240 9816       3       java.util.Collections$UnmodifiableList::get (11 bytes)
Event: 124.277 Thread 0x000002a31896d240 nmethod 9816 0x000002a3089df210 code [0x000002a3089df3c0, 0x000002a3089df588]
Event: 124.281 Thread 0x000002a31896d240 9817       3       org.gradle.internal.service.InjectUtil::isPackagePrivate (27 bytes)
Event: 124.281 Thread 0x000002a31896d240 nmethod 9817 0x000002a3089df690 code [0x000002a3089df840, 0x000002a3089dfc38]
Event: 124.281 Thread 0x000002a31896d240 9818       3       org.gradle.internal.service.DefaultServiceRegistry$1::add (24 bytes)
Event: 124.282 Thread 0x000002a31896d240 nmethod 9818 0x000002a3089dfd10 code [0x000002a3089dfee0, 0x000002a3089e0178]
Event: 124.282 Thread 0x000002a31896d240 9819       3       org.gradle.internal.service.DefaultServiceRegistry$ConstructorService::<init> (7 bytes)
Event: 124.282 Thread 0x000002a31896d240 nmethod 9819 0x000002a3089e0310 code [0x000002a3089e04a0, 0x000002a3089e05e8]
Event: 124.282 Thread 0x000002a31896d240 9820       3       org.gradle.internal.service.InjectUtil::isPublicOrPackageScoped (26 bytes)
Event: 124.282 Thread 0x000002a31896a870 9821       4       jdk.internal.reflect.AccessorGenerator::sub (5 bytes)
Event: 124.283 Thread 0x000002a31896d240 nmethod 9820 0x000002a3089e0690 code [0x000002a3089e0860, 0x000002a3089e0e18]
Event: 124.283 Thread 0x000002a31896a870 nmethod 9821 0x000002a30f839a90 code [0x000002a30f839c00, 0x000002a30f839c58]
Event: 124.287 Thread 0x000002a31896a870 9822       4       org.gradle.internal.event.DefaultListenerManager::getAnnotations (4 bytes)
Event: 124.287 Thread 0x000002a31896a870 nmethod 9822 0x000002a30f839d90 code [0x000002a30f839f00, 0x000002a30f839f78]
Event: 124.290 Thread 0x000002a31896a870 9823       4       org.gradle.internal.service.DefaultServiceRegistry$ClassInspector::getDetailsForClass (50 bytes)

GC Heap History (14 events):
Event: 3.229 GC heap before
{Heap before GC invocations=0 (full 0):
 garbage-first heap   total 262144K, used 13312K [0x00000000e0000000, 0x0000000100000000)
  region size 1024K, 13 young (13312K), 0 survivors (0K)
 Metaspace       used 1025K, committed 1152K, reserved 393216K
  class space    used 80K, committed 128K, reserved 327680K
}
Event: 3.239 GC heap after
{Heap after GC invocations=1 (full 0):
 garbage-first heap   total 262144K, used 3456K [0x00000000e0000000, 0x0000000100000000)
  region size 1024K, 2 young (2048K), 2 survivors (2048K)
 Metaspace       used 1025K, committed 1152K, reserved 393216K
  class space    used 80K, committed 128K, reserved 327680K
}
Event: 6.646 GC heap before
{Heap before GC invocations=1 (full 0):
 garbage-first heap   total 262144K, used 22912K [0x00000000e0000000, 0x0000000100000000)
  region size 1024K, 18 young (18432K), 2 survivors (2048K)
 Metaspace       used 3940K, committed 4096K, reserved 393216K
  class space    used 491K, committed 576K, reserved 327680K
}
Event: 6.650 GC heap after
{Heap after GC invocations=2 (full 0):
 garbage-first heap   total 262144K, used 10588K [0x00000000e0000000, 0x0000000100000000)
  region size 1024K, 3 young (3072K), 3 survivors (3072K)
 Metaspace       used 3940K, committed 4096K, reserved 393216K
  class space    used 491K, committed 576K, reserved 327680K
}
Event: 9.195 GC heap before
{Heap before GC invocations=2 (full 0):
 garbage-first heap   total 262144K, used 33116K [0x00000000e0000000, 0x0000000100000000)
  region size 1024K, 25 young (25600K), 3 survivors (3072K)
 Metaspace       used 4025K, committed 4160K, reserved 393216K
  class space    used 492K, committed 576K, reserved 327680K
}
Event: 9.198 GC heap after
{Heap after GC invocations=3 (full 0):
 garbage-first heap   total 262144K, used 11208K [0x00000000e0000000, 0x0000000100000000)
  region size 1024K, 1 young (1024K), 1 survivors (1024K)
 Metaspace       used 4025K, committed 4160K, reserved 393216K
  class space    used 492K, committed 576K, reserved 327680K
}
Event: 36.501 GC heap before
{Heap before GC invocations=3 (full 0):
 garbage-first heap   total 262144K, used 126920K [0x00000000e0000000, 0x0000000100000000)
  region size 1024K, 115 young (117760K), 1 survivors (1024K)
 Metaspace       used 21222K, committed 21504K, reserved 393216K
  class space    used 3108K, committed 3264K, reserved 327680K
}
Event: 36.519 GC heap after
{Heap after GC invocations=4 (full 0):
 garbage-first heap   total 262144K, used 22163K [0x00000000e0000000, 0x0000000100000000)
  region size 1024K, 12 young (12288K), 12 survivors (12288K)
 Metaspace       used 21222K, committed 21504K, reserved 393216K
  class space    used 3108K, committed 3264K, reserved 327680K
}
Event: 46.640 GC heap before
{Heap before GC invocations=5 (full 0):
 garbage-first heap   total 262144K, used 137875K [0x00000000e0000000, 0x0000000100000000)
  region size 1024K, 122 young (124928K), 12 survivors (12288K)
 Metaspace       used 35588K, committed 35968K, reserved 393216K
  class space    used 4958K, committed 5184K, reserved 327680K
}
Event: 46.660 GC heap after
{Heap after GC invocations=6 (full 0):
 garbage-first heap   total 262144K, used 31618K [0x00000000e0000000, 0x0000000100000000)
  region size 1024K, 10 young (10240K), 10 survivors (10240K)
 Metaspace       used 35588K, committed 35968K, reserved 393216K
  class space    used 4958K, committed 5184K, reserved 327680K
}
Event: 61.268 GC heap before
{Heap before GC invocations=7 (full 0):
 garbage-first heap   total 262144K, used 179074K [0x00000000e0000000, 0x0000000100000000)
  region size 1024K, 153 young (156672K), 10 survivors (10240K)
 Metaspace       used 47900K, committed 48448K, reserved 393216K
  class space    used 6833K, committed 7104K, reserved 327680K
}
Event: 61.290 GC heap after
{Heap after GC invocations=8 (full 0):
 garbage-first heap   total 262144K, used 40111K [0x00000000e0000000, 0x0000000100000000)
  region size 1024K, 18 young (18432K), 18 survivors (18432K)
 Metaspace       used 47900K, committed 48448K, reserved 393216K
  class space    used 6833K, committed 7104K, reserved 327680K
}
Event: 104.921 GC heap before
{Heap before GC invocations=8 (full 0):
 garbage-first heap   total 262144K, used 177327K [0x00000000e0000000, 0x0000000100000000)
  region size 1024K, 153 young (156672K), 18 survivors (18432K)
 Metaspace       used 52511K, committed 53056K, reserved 393216K
  class space    used 7286K, committed 7552K, reserved 327680K
}
Event: 104.963 GC heap after
{Heap after GC invocations=9 (full 0):
 garbage-first heap   total 262144K, used 51081K [0x00000000e0000000, 0x0000000100000000)
  region size 1024K, 20 young (20480K), 20 survivors (20480K)
 Metaspace       used 52511K, committed 53056K, reserved 393216K
  class space    used 7286K, committed 7552K, reserved 327680K
}

Deoptimization events (20 events):
Event: 124.276 Thread 0x000002a318b21570 Uncommon trap: trap_request=0xffffffde fr.pc=0x000002a30f547100 relative=0x00000000000003a0
Event: 124.276 Thread 0x000002a318b21570 Uncommon trap: reason=class_check action=maybe_recompile pc=0x000002a30f547100 method=java.util.stream.AbstractPipeline.copyIntoWithCancel(Ljava/util/stream/Sink;Ljava/util/Spliterator;)Z @ 32 c2
Event: 124.276 Thread 0x000002a318b21570 DEOPT PACKING pc=0x000002a30f547100 sp=0x000000c57ebfdf40
Event: 124.276 Thread 0x000002a318b21570 DEOPT UNPACKING pc=0x000002a30ed623a3 sp=0x000000c57ebfdde8 mode 2
Event: 124.276 Thread 0x000002a318b21570 Uncommon trap: trap_request=0xffffffde fr.pc=0x000002a30f547100 relative=0x00000000000003a0
Event: 124.276 Thread 0x000002a318b21570 Uncommon trap: reason=class_check action=maybe_recompile pc=0x000002a30f547100 method=java.util.stream.AbstractPipeline.copyIntoWithCancel(Ljava/util/stream/Sink;Ljava/util/Spliterator;)Z @ 32 c2
Event: 124.276 Thread 0x000002a318b21570 DEOPT PACKING pc=0x000002a30f547100 sp=0x000000c57ebfe020
Event: 124.276 Thread 0x000002a318b21570 DEOPT UNPACKING pc=0x000002a30ed623a3 sp=0x000000c57ebfdec8 mode 2
Event: 124.276 Thread 0x000002a318b21570 Uncommon trap: trap_request=0xffffffde fr.pc=0x000002a30f548180 relative=0x00000000000002a0
Event: 124.276 Thread 0x000002a318b21570 Uncommon trap: reason=class_check action=maybe_recompile pc=0x000002a30f548180 method=java.util.stream.AbstractPipeline.copyIntoWithCancel(Ljava/util/stream/Sink;Ljava/util/Spliterator;)Z @ 32 c2
Event: 124.276 Thread 0x000002a318b21570 DEOPT PACKING pc=0x000002a30f548180 sp=0x000000c57ebfdfa0
Event: 124.276 Thread 0x000002a318b21570 DEOPT UNPACKING pc=0x000002a30ed623a3 sp=0x000000c57ebfdec0 mode 2
Event: 124.276 Thread 0x000002a318b21570 Uncommon trap: trap_request=0xffffff3d fr.pc=0x000002a30f7a4260 relative=0x00000000000002c0
Event: 124.276 Thread 0x000002a318b21570 Uncommon trap: reason=unstable_fused_if action=reinterpret pc=0x000002a30f7a4260 method=java.util.Formatter$Conversion.isText(C)Z @ 1 c2
Event: 124.276 Thread 0x000002a318b21570 DEOPT PACKING pc=0x000002a30f7a4260 sp=0x000000c57ebfe610
Event: 124.276 Thread 0x000002a318b21570 DEOPT UNPACKING pc=0x000002a30ed623a3 sp=0x000000c57ebfe570 mode 2
Event: 124.297 Thread 0x000002a318b21570 Uncommon trap: trap_request=0xffffffc6 fr.pc=0x000002a30f526148 relative=0x00000000000007e8
Event: 124.297 Thread 0x000002a318b21570 Uncommon trap: reason=bimorphic_or_optimized_type_check action=maybe_recompile pc=0x000002a30f526148 method=java.util.stream.MatchOps$MatchOp.evaluateSequential(Ljava/util/stream/PipelineHelper;Ljava/util/Spliterator;)Ljava/lang/Boolean; @ 14 c2
Event: 124.297 Thread 0x000002a318b21570 DEOPT PACKING pc=0x000002a30f526148 sp=0x000000c57ebfb1a0
Event: 124.297 Thread 0x000002a318b21570 DEOPT UNPACKING pc=0x000002a30ed623a3 sp=0x000000c57ebfb0d8 mode 2

Classes unloaded (0 events):
No events

Classes redefined (0 events):
No events

Internal exceptions (20 events):
Event: 61.571 Thread 0x000002a318b21570 Exception <a 'java/lang/ClassNotFoundException'{0x00000000efee5480}: org/gradle/api/DefaultTask_DecoratedBeanInfo> (0x00000000efee5480) 
thrown [s\open\src\hotspot\share\classfile\systemDictionary.cpp, line 256]
Event: 61.572 Thread 0x000002a318b21570 Exception <a 'java/lang/ClassNotFoundException'{0x00000000efeef8c8}: org/gradle/api/DefaultTask_DecoratedCustomizer> (0x00000000efeef8c8) 
thrown [s\open\src\hotspot\share\classfile\systemDictionary.cpp, line 256]
Event: 61.778 Thread 0x000002a333946a40 Exception <a 'java/lang/NoSuchMethodError'{0x00000000efb8c9c8}: 'java.lang.Object java.lang.invoke.DirectMethodHandle$Holder.newInvokeSpecial(java.lang.Object, java.lang.Object, java.lang.Object, java.lang.Object, int, java.lang.Object)'> (0x00000000efb8c9c8) 
thrown [s\open\src\hotspot\share\interpreter\linkResolver.cpp, line 759]
Event: 61.779 Thread 0x000002a333946a40 Exception <a 'java/lang/NoSuchMethodError'{0x00000000efb90d30}: 'java.lang.Object java.lang.invoke.Invokers$Holder.linkToTargetMethod(java.lang.Object, java.lang.Object, java.lang.Object, int, java.lang.Object, java.lang.Object)'> (0x00000000efb90d30) 
thrown [s\open\src\hotspot\share\interpreter\linkResolver.cpp, line 759]
Event: 61.838 Thread 0x000002a33393f5d0 Exception <a 'java/lang/NoSuchMethodError'{0x00000000efa37dc0}: 'void java.lang.invoke.DirectMethodHandle$Holder.invokeInterface(java.lang.Object, java.lang.Object, java.lang.Object, java.lang.Object)'> (0x00000000efa37dc0) 
thrown [s\open\src\hotspot\share\interpreter\linkResolver.cpp, line 759]
Event: 62.118 Thread 0x000002a33393f5d0 Exception <a 'java/lang/IncompatibleClassChangeError'{0x00000000ef85b0e8}: Found class java.lang.Object, but interface was expected> (0x00000000ef85b0e8) 
thrown [s\open\src\hotspot\share\interpreter\linkResolver.cpp, line 826]
Event: 62.199 Thread 0x000002a318b233d0 Exception <a 'java/lang/NoSuchMethodError'{0x00000000ef8c4a60}: static Lorg/gradle/internal/build/event/types/DefaultTaskStartedProgressEvent;.<clinit>()V> (0x00000000ef8c4a60) 
thrown [s\open\src\hotspot\share\prims\jni.cpp, line 1107]
Event: 62.200 Thread 0x000002a318b233d0 Exception <a 'java/lang/NoSuchMethodError'{0x00000000ef8c6ac8}: static Lorg/gradle/internal/build/event/types/AbstractProgressEvent;.<clinit>()V> (0x00000000ef8c6ac8) 
thrown [s\open\src\hotspot\share\prims\jni.cpp, line 1107]
Event: 62.201 Thread 0x000002a318b233d0 Exception <a 'java/lang/NoSuchMethodError'{0x00000000ef8d1730}: static Lorg/gradle/internal/build/event/types/DefaultTaskDescriptor;.<clinit>()V> (0x00000000ef8d1730) 
thrown [s\open\src\hotspot\share\prims\jni.cpp, line 1107]
Event: 62.210 Thread 0x000002a318b233d0 Exception <a 'java/lang/NoSuchMethodError'{0x00000000ef8fa358}: static Lorg/gradle/internal/operations/OperationIdentifier;.<clinit>()V> (0x00000000ef8fa358) 
thrown [s\open\src\hotspot\share\prims\jni.cpp, line 1107]
Event: 62.213 Thread 0x000002a318b233d0 Exception <a 'java/lang/NoSuchMethodError'{0x00000000ef704230}: static Lorg/gradle/internal/build/event/types/DefaultBinaryPluginIdentifier;.<clinit>()V> (0x00000000ef704230) 
thrown [s\open\src\hotspot\share\prims\jni.cpp, line 1107]
Event: 62.731 Thread 0x000002a33393f5d0 Exception <a 'java/lang/IncompatibleClassChangeError'{0x00000000ef5cba68}: Found class java.lang.Object, but interface was expected> (0x00000000ef5cba68) 
thrown [s\open\src\hotspot\share\interpreter\linkResolver.cpp, line 826]
Event: 62.734 Thread 0x000002a33393f5d0 Exception <a 'java/lang/NoSuchMethodError'{0x00000000ef5e4680}: static Ljava/lang/Object;.<clinit>()V> (0x00000000ef5e4680) 
thrown [s\open\src\hotspot\share\prims\jni.cpp, line 1107]
Event: 119.677 Thread 0x000002a33393f5d0 Exception <a 'java/lang/NoSuchMethodError'{0x00000000eae8d098}: 'void java.lang.invoke.DirectMethodHandle$Holder.invokeVirtual(java.lang.Object, java.lang.Object, java.lang.Object, java.lang.Object)'> (0x00000000eae8d098) 
thrown [s\open\src\hotspot\share\interpreter\linkResolver.cpp, line 759]
Event: 121.910 Thread 0x000002a33393f5d0 Exception <a 'java/lang/NoSuchMethodError'{0x00000000ea33d5f8}: 'int java.lang.invoke.DirectMethodHandle$Holder.invokeStaticInit(java.lang.Object, java.lang.Object, java.lang.Object, java.lang.Object, java.lang.Object)'> (0x00000000ea33d5f8) 
thrown [s\open\src\hotspot\share\interpreter\linkResolver.cpp, line 759]
Event: 122.121 Thread 0x000002a318b233d0 Exception <a 'java/lang/NoSuchMethodError'{0x00000000efe19680}: static Lorg/gradle/internal/build/event/types/DefaultTaskFinishedProgressEvent;.<clinit>()V> (0x00000000efe19680) 
thrown [s\open\src\hotspot\share\prims\jni.cpp, line 1107]
Event: 122.128 Thread 0x000002a318b233d0 Exception <a 'java/lang/NoSuchMethodError'{0x00000000ea293958}: static Lorg/gradle/internal/build/event/types/DefaultTaskSuccessResult;.<clinit>()V> (0x00000000ea293958) 
thrown [s\open\src\hotspot\share\prims\jni.cpp, line 1107]
Event: 122.130 Thread 0x000002a318b233d0 Exception <a 'java/lang/NoSuchMethodError'{0x00000000ea294c38}: static Lorg/gradle/internal/build/event/types/AbstractTaskResult;.<clinit>()V> (0x00000000ea294c38) 
thrown [s\open\src\hotspot\share\prims\jni.cpp, line 1107]
Event: 122.130 Thread 0x000002a318b233d0 Exception <a 'java/lang/NoSuchMethodError'{0x00000000ea296160}: static Lorg/gradle/internal/build/event/types/AbstractResult;.<clinit>()V> (0x00000000ea296160) 
thrown [s\open\src\hotspot\share\prims\jni.cpp, line 1107]
Event: 122.364 Thread 0x000002a318b21570 Exception <a 'java/lang/NoSuchMethodError'{0x00000000ea152390}: 'void java.lang.invoke.DirectMethodHandle$Holder.invokeSpecial(java.lang.Object, java.lang.Object, int)'> (0x00000000ea152390) 
thrown [s\open\src\hotspot\share\interpreter\linkResolver.cpp, line 759]

VM Operations (20 events):
Event: 115.058 Executing VM operation: Cleanup
Event: 115.058 Executing VM operation: Cleanup done
Event: 116.065 Executing VM operation: Cleanup
Event: 116.065 Executing VM operation: Cleanup done
Event: 117.072 Executing VM operation: Cleanup
Event: 117.072 Executing VM operation: Cleanup done
Event: 119.822 Executing VM operation: ICBufferFull
Event: 119.823 Executing VM operation: ICBufferFull done
Event: 120.522 Executing VM operation: HandshakeAllThreads
Event: 120.522 Executing VM operation: HandshakeAllThreads done
Event: 121.525 Executing VM operation: Cleanup
Event: 121.525 Executing VM operation: Cleanup done
Event: 122.066 Executing VM operation: HandshakeAllThreads
Event: 122.066 Executing VM operation: HandshakeAllThreads done
Event: 122.341 Executing VM operation: ICBufferFull
Event: 122.342 Executing VM operation: ICBufferFull done
Event: 123.349 Executing VM operation: Cleanup
Event: 123.349 Executing VM operation: Cleanup done
Event: 124.364 Executing VM operation: Cleanup
Event: 124.382 Executing VM operation: Cleanup done

Events (20 events):
Event: 122.691 loading class jdk/internal/access/foreign/MemorySegmentProxy done
Event: 122.691 Thread 0x000002a318b21a80 Thread exited: 0x000002a318b21a80
Event: 122.738 Thread 0x000002a318b22ec0 Thread exited: 0x000002a318b22ec0
Event: 122.742 loading class java/util/Locale$1
Event: 122.742 loading class java/util/Locale$1 done
Event: 122.754 Thread 0x000002a318b229b0 Thread exited: 0x000002a318b229b0
Event: 123.196 Thread 0x000002a333c23020 Thread exited: 0x000002a333c23020
Event: 124.056 Thread 0x000002a33393fff0 Thread added: 0x000002a33393fff0
Event: 124.135 Thread 0x000002a333942360 Thread added: 0x000002a333942360
Event: 124.272 Thread 0x000002a333943290 Thread added: 0x000002a333943290
Event: 124.273 loading class jdk/internal/math/FormattedFloatingDecimal$Form
Event: 124.273 loading class jdk/internal/math/FormattedFloatingDecimal$Form done
Event: 124.273 loading class jdk/internal/math/FormattedFloatingDecimal
Event: 124.274 loading class jdk/internal/math/FormattedFloatingDecimal done
Event: 124.274 loading class jdk/internal/math/FormattedFloatingDecimal$1
Event: 124.274 loading class jdk/internal/math/FormattedFloatingDecimal$1 done
Event: 124.274 loading class jdk/internal/math/FormattedFloatingDecimal$2
Event: 124.274 loading class jdk/internal/math/FormattedFloatingDecimal$2 done
Event: 124.278 Thread 0x000002a33393f0c0 Thread added: 0x000002a33393f0c0
Event: 124.278 Thread 0x000002a3339441c0 Thread added: 0x000002a3339441c0


Dynamic libraries:
0x00007ff7613b0000 - 0x00007ff7613c0000 	C:\Program Files\Java\jdk-17\bin\java.exe
0x00007fffefeb0000 - 0x00007ffff00a8000 	C:\WINDOWS\SYSTEM32\ntdll.dll
0x00007fffee5c0000 - 0x00007fffee67d000 	C:\WINDOWS\System32\KERNEL32.DLL
0x00007fffedae0000 - 0x00007fffeddd6000 	C:\WINDOWS\System32\KERNELBASE.dll
0x00007fffedde0000 - 0x00007fffedee0000 	C:\WINDOWS\System32\ucrtbase.dll
0x00007fffe8bd0000 - 0x00007fffe8be9000 	C:\Program Files\Java\jdk-17\bin\jli.dll
0x00007fffefcf0000 - 0x00007fffefda0000 	C:\WINDOWS\System32\ADVAPI32.dll
0x00007fffef310000 - 0x00007fffef3ae000 	C:\WINDOWS\System32\msvcrt.dll
0x00007fffeee00000 - 0x00007fffeeea0000 	C:\WINDOWS\System32\sechost.dll
0x00007fffeeb00000 - 0x00007fffeec25000 	C:\WINDOWS\System32\RPCRT4.dll
0x00007fffed560000 - 0x00007fffed587000 	C:\WINDOWS\System32\bcrypt.dll
0x00007fffee7b0000 - 0x00007fffee94e000 	C:\WINDOWS\System32\USER32.dll
0x00007fffed7f0000 - 0x00007fffed812000 	C:\WINDOWS\System32\win32u.dll
0x00007fffee740000 - 0x00007fffee76b000 	C:\WINDOWS\System32\GDI32.dll
0x00007fffed590000 - 0x00007fffed6a7000 	C:\WINDOWS\System32\gdi32full.dll
0x00007fffed870000 - 0x00007fffed90d000 	C:\WINDOWS\System32\msvcp_win.dll
0x00007fffda010000 - 0x00007fffda2aa000 	C:\WINDOWS\WinSxS\amd64_microsoft.windows.common-controls_6595b64144ccf1df_6.0.19041.3636_none_60b6a03d71f818d5\COMCTL32.dll
0x00007fffdeec0000 - 0x00007fffdeeca000 	C:\WINDOWS\SYSTEM32\VERSION.dll
0x00007fffe8cc0000 - 0x00007fffe8cdb000 	C:\Program Files\Java\jdk-17\bin\VCRUNTIME140.dll
0x00007fffee770000 - 0x00007fffee7a2000 	C:\WINDOWS\System32\IMM32.DLL
0x00007fffe8d60000 - 0x00007fffe8d6c000 	C:\Program Files\Java\jdk-17\bin\vcruntime140_1.dll
0x00007fffe1170000 - 0x00007fffe11fe000 	C:\Program Files\Java\jdk-17\bin\msvcp140.dll
0x00007fffbcaf0000 - 0x00007fffbd6cf000 	C:\Program Files\Java\jdk-17\bin\server\jvm.dll
0x00007fffedfd0000 - 0x00007fffedfd8000 	C:\WINDOWS\System32\PSAPI.DLL
0x00007fffdd780000 - 0x00007fffdd789000 	C:\WINDOWS\SYSTEM32\WSOCK32.dll
0x00007fffeea90000 - 0x00007fffeeafb000 	C:\WINDOWS\System32\WS2_32.dll
0x00007fffdcf00000 - 0x00007fffdcf27000 	C:\WINDOWS\SYSTEM32\WINMM.dll
0x00007fffebd60000 - 0x00007fffebd72000 	C:\WINDOWS\SYSTEM32\kernel.appcore.dll
0x00007fffe8630000 - 0x00007fffe863a000 	C:\Program Files\Java\jdk-17\bin\jimage.dll
0x00007fffebb40000 - 0x00007fffebd24000 	C:\WINDOWS\SYSTEM32\DBGHELP.DLL
0x00007fffd83f0000 - 0x00007fffd8424000 	C:\WINDOWS\SYSTEM32\dbgcore.DLL
0x00007fffed6b0000 - 0x00007fffed732000 	C:\WINDOWS\System32\bcryptPrimitives.dll
0x00007fffe6860000 - 0x00007fffe686e000 	C:\Program Files\Java\jdk-17\bin\instrument.dll
0x00007fffe3c10000 - 0x00007fffe3c35000 	C:\Program Files\Java\jdk-17\bin\java.dll
0x00007fffc5f70000 - 0x00007fffc6047000 	C:\Program Files\Java\jdk-17\bin\jsvml.dll
0x00007fffef3b0000 - 0x00007fffefb1b000 	C:\WINDOWS\System32\SHELL32.dll
0x00007fffeb3a0000 - 0x00007fffebb3e000 	C:\WINDOWS\SYSTEM32\windows.storage.dll
0x00007fffee260000 - 0x00007fffee5b3000 	C:\WINDOWS\System32\combase.dll
0x00007fffecde0000 - 0x00007fffece0e000 	C:\WINDOWS\SYSTEM32\Wldp.dll
0x00007fffefda0000 - 0x00007fffefe6d000 	C:\WINDOWS\System32\OLEAUT32.dll
0x00007fffefb20000 - 0x00007fffefbcd000 	C:\WINDOWS\System32\SHCORE.dll
0x00007fffedf70000 - 0x00007fffedfc5000 	C:\WINDOWS\System32\shlwapi.dll
0x00007fffed490000 - 0x00007fffed4b5000 	C:\WINDOWS\SYSTEM32\profapi.dll
0x00007fffe67f0000 - 0x00007fffe6808000 	C:\Program Files\Java\jdk-17\bin\zip.dll
0x00007fffe2a70000 - 0x00007fffe2a89000 	C:\Program Files\Java\jdk-17\bin\net.dll
0x00007fffe3d10000 - 0x00007fffe3e1a000 	C:\WINDOWS\SYSTEM32\WINHTTP.dll
0x00007fffecbc0000 - 0x00007fffecc2a000 	C:\WINDOWS\system32\mswsock.dll
0x00007fffe1e90000 - 0x00007fffe1ea6000 	C:\Program Files\Java\jdk-17\bin\nio.dll
0x00007fffe2700000 - 0x00007fffe2710000 	C:\Program Files\Java\jdk-17\bin\verify.dll
0x00007fffd4480000 - 0x00007fffd44a7000 	C:\Users\win\.gradle\native\c067742578af261105cb4f569cf0c3c89f3d7b1fecec35dd04571415982c5e48\windows-amd64\native-platform.dll
0x00007fffbd6d0000 - 0x00007fffbd814000 	C:\Users\win\.gradle\native\38dada09dfb8b06ba9b0570ebf7e218e3eb74d4ef43ca46872605cf95ebc2f47\windows-amd64\native-platform-file-events.dll
0x00007fffe1f60000 - 0x00007fffe1f6a000 	C:\Program Files\Java\jdk-17\bin\management.dll
0x00007fffe1e80000 - 0x00007fffe1e8b000 	C:\Program Files\Java\jdk-17\bin\management_ext.dll
0x00007fffece20000 - 0x00007fffece38000 	C:\WINDOWS\SYSTEM32\CRYPTSP.dll
0x00007fffec510000 - 0x00007fffec544000 	C:\WINDOWS\system32\rsaenh.dll
0x00007fffed410000 - 0x00007fffed43e000 	C:\WINDOWS\SYSTEM32\USERENV.dll
0x00007fffecd50000 - 0x00007fffecd5c000 	C:\WINDOWS\SYSTEM32\CRYPTBASE.dll
0x00007fffec8d0000 - 0x00007fffec90b000 	C:\WINDOWS\SYSTEM32\IPHLPAPI.DLL
0x00007fffedfe0000 - 0x00007fffedfe8000 	C:\WINDOWS\System32\NSI.dll
0x00007fffe5950000 - 0x00007fffe5967000 	C:\WINDOWS\SYSTEM32\dhcpcsvc6.DLL
0x00007fffe66b0000 - 0x00007fffe66cd000 	C:\WINDOWS\SYSTEM32\dhcpcsvc.DLL
0x00007fffec910000 - 0x00007fffec9db000 	C:\WINDOWS\SYSTEM32\DNSAPI.dll
0x00007fffe1d60000 - 0x00007fffe1d6e000 	C:\Program Files\Java\jdk-17\bin\sunmscapi.dll
0x00007fffed910000 - 0x00007fffeda6d000 	C:\WINDOWS\System32\CRYPT32.dll
0x00007fffecf30000 - 0x00007fffecf58000 	C:\WINDOWS\SYSTEM32\ncrypt.dll
0x00007fffecef0000 - 0x00007fffecf2b000 	C:\WINDOWS\SYSTEM32\NTASN1.dll
0x00007fffe1ac0000 - 0x00007fffe1ac7000 	C:\WINDOWS\system32\wshunix.dll

dbghelp: loaded successfully - version: 4.0.5 - missing functions: none
symbol engine: initialized successfully - sym options: 0x614 - pdb path: .;C:\Program Files\Java\jdk-17\bin;C:\WINDOWS\SYSTEM32;C:\WINDOWS\WinSxS\amd64_microsoft.windows.common-controls_6595b64144ccf1df_6.0.19041.3636_none_60b6a03d71f818d5;C:\Program Files\Java\jdk-17\bin\server;C:\Users\win\.gradle\native\c067742578af261105cb4f569cf0c3c89f3d7b1fecec35dd04571415982c5e48\windows-amd64;C:\Users\win\.gradle\native\38dada09dfb8b06ba9b0570ebf7e218e3eb74d4ef43ca46872605cf95ebc2f47\windows-amd64

VM Arguments:
jvm_args: --add-opens=java.base/java.util=ALL-UNNAMED --add-opens=java.base/java.lang=ALL-UNNAMED --add-opens=java.base/java.lang.invoke=ALL-UNNAMED --add-opens=java.prefs/java.util.prefs=ALL-UNNAMED --add-opens=java.base/java.nio.charset=ALL-UNNAMED --add-opens=java.base/java.net=ALL-UNNAMED --add-opens=java.base/java.util.concurrent.atomic=ALL-UNNAMED -XX:MaxMetaspaceSize=384m -XX:+HeapDumpOnOutOfMemoryError -Xms256m -Xmx512m -Dfile.encoding=windows-1252 -Duser.country=US -Duser.language=en -Duser.variant -javaagent:C:\Users\win\.gradle\wrapper\dists\gradle-8.5-bin\5t9huq95ubn472n8rpzujfbqh\gradle-8.5\lib\agents\gradle-instrumentation-agent-8.5.jar 
java_command: org.gradle.launcher.daemon.bootstrap.GradleDaemon 8.5
java_class_path (initial): C:\Users\win\.gradle\wrapper\dists\gradle-8.5-bin\5t9huq95ubn472n8rpzujfbqh\gradle-8.5\lib\gradle-launcher-8.5.jar
Launcher Type: SUN_STANDARD

[Global flags]
     intx CICompilerCount                          = 3                                         {product} {ergonomic}
   size_t CompressedClassSpaceSize                 = 335544320                                 {product} {ergonomic}
     uint ConcGCThreads                            = 1                                         {product} {ergonomic}
     uint G1ConcRefinementThreads                  = 4                                         {product} {ergonomic}
   size_t G1HeapRegionSize                         = 1048576                                   {product} {ergonomic}
    uintx GCDrainStackTargetSize                   = 64                                        {product} {ergonomic}
     bool HeapDumpOnOutOfMemoryError               = true                                   {manageable} {command line}
   size_t InitialHeapSize                          = 268435456                                 {product} {command line}
   size_t MarkStackSize                            = 4194304                                   {product} {ergonomic}
   size_t MaxHeapSize                              = 536870912                                 {product} {command line}
   size_t MaxMetaspaceSize                         = 402653184                                 {product} {command line}
   size_t MaxNewSize                               = 321912832                                 {product} {ergonomic}
   size_t MinHeapDeltaBytes                        = 1048576                                   {product} {ergonomic}
   size_t MinHeapSize                              = 268435456                                 {product} {command line}
    uintx NonNMethodCodeHeapSize                   = 5832780                                {pd product} {ergonomic}
    uintx NonProfiledCodeHeapSize                  = 122912730                              {pd product} {ergonomic}
    uintx ProfiledCodeHeapSize                     = 122912730                              {pd product} {ergonomic}
    uintx ReservedCodeCacheSize                    = 251658240                              {pd product} {ergonomic}
     bool SegmentedCodeCache                       = true                                      {product} {ergonomic}
   size_t SoftMaxHeapSize                          = 536870912                              {manageable} {ergonomic}
     bool UseCompressedClassPointers               = true                           {product lp64_product} {ergonomic}
     bool UseCompressedOops                        = true                           {product lp64_product} {ergonomic}
     bool UseG1GC                                  = true                                      {product} {ergonomic}
     bool UseLargePagesIndividualAllocation        = false                                  {pd product} {ergonomic}

Logging:
Log output configuration:
 #0: stdout all=warning uptime,level,tags
 #1: stderr all=off uptime,level,tags

Environment Variables:
JAVA_HOME=C:\Program Files\Java\jdk-17
PATH=C:\Program Files\Common Files\Oracle\Java\javapath;C:\WINDOWS\system32;C:\WINDOWS;C:\WINDOWS\System32\Wbem;C:\WINDOWS\System32\WindowsPowerShell\v1.0\;C:\WINDOWS\System32\OpenSSH\;C:\Program Files\Git\cmd;C:\Program Files\Azure Data Studio\bin;C:\Program Files (x86)\Microsoft SQL Server\160\Tools\Binn\;C:\Program Files\Microsoft SQL Server\160\Tools\Binn\;C:\Program Files\Microsoft SQL Server\Client SDK\ODBC\170\Tools\Binn\;C:\Program Files\Microsoft SQL Server\160\DTS\Binn\;C:\Program Files (x86)\Microsoft SQL Server\160\DTS\Binn\;C:\Program Files\Java\jdk-17\bin;C:\hadoop-3.1.3\bin;C:\hadoop-3.1.3\sbin;;C:\Program Files\Docker\Docker\resources\bin;C:\Program Files\dotnet\;C:\Program Files\nodejs\;C:\Users\win\AppData\Local\Microsoft\WindowsApps;C:\Users\win\AppData\Local\GitHubDesktop\bin;C:\Users\win\AppData\Local\Programs\Microsoft VS Code\bin;C:\Program Files\Azure Data Studio\bin;C:\Program Files\Java\jdk-17\bin;C:\hadoop-3.1.3\bin;C:\hadoop-3.1.3\sbin;C:\Users\win\.dotnet\tools;C:\Users\win\AppData\Roaming\npm;C:\Program Files\JetBrains\IntelliJ IDEA 2023.3.2\bin;
USERNAME=win
OS=Windows_NT
PROCESSOR_IDENTIFIER=Intel64 Family 6 Model 142 Stepping 9, GenuineIntel



---------------  S Y S T E M  ---------------

OS:
 Windows 10 , 64 bit Build 19041 (10.0.19041.3636)
OS uptime: 3 days 20:48 hours
Hyper-V role detected

CPU: total 4 (initial active 4) (2 cores per cpu, 2 threads per core) family 6 model 142 stepping 9 microcode 0xf0, cx8, cmov, fxsr, ht, mmx, 3dnowpref, sse, sse2, sse3, ssse3, sse4.1, sse4.2, popcnt, lzcnt, tsc, tscinvbit, avx, avx2, aes, erms, clmul, bmi1, bmi2, rtm, adx, fma, vzeroupper, clflush, clflushopt, hv

Memory: 4k page, system-wide physical 8052M (401M free)
TotalPageFile size 18576M (AvailPageFile size 7M)
current process WorkingSet (physical memory assigned to process): 320M, peak: 363M
current process commit charge ("private bytes"): 471M, peak: 479M

vm_info: Java HotSpot(TM) 64-Bit Server VM (17.0.10+11-LTS-240) for windows-amd64 JRE (17.0.10+11-LTS-240), built on Dec 19 2023 21:47:25 by "mach5one" with MS VC++ 17.1 (VS2022)

END.
