#
# There is insufficient memory for the Java Runtime Environment to continue.
# Native memory allocation (malloc) failed to allocate 332576 bytes for Chunk::new
# Possible reasons:
#   The system is out of physical RAM or swap space
#   The process is running with CompressedOops enabled, and the Java Heap may be blocking the growth of the native heap
# Possible solutions:
#   Reduce memory load on the system
#   Increase physical memory or swap space
#   Check if swap backing store is full
#   Decrease Java heap size (-Xmx/-Xms)
#   Decrease number of Java threads
#   Decrease Java thread stack sizes (-Xss)
#   Set larger code cache with -XX:ReservedCodeCacheSize=
#   JVM is running with Unscaled Compressed Oops mode in which the Java heap is
#     placed in the first 4GB address space. The Java Heap base address is the
#     maximum limit for the native heap growth. Please use -XX:HeapBaseMinAddress
#     to set the Java Heap base and to place the Java Heap above 4GB virtual address.
# This output file may be truncated or incomplete.
#
#  Out of Memory Error (arena.cpp:189), pid=9520, tid=14144
#
# JRE version: Java(TM) SE Runtime Environment (17.0.10+11) (build 17.0.10+11-LTS-240)
# Java VM: Java HotSpot(TM) 64-Bit Server VM (17.0.10+11-LTS-240, mixed mode, sharing, tiered, compressed oops, compressed class ptrs, g1 gc, windows-amd64)
# No core dump will be written. Minidumps are not enabled by default on client versions of Windows
#

---------------  S U M M A R Y ------------

Command Line: --add-opens=java.base/java.util=ALL-UNNAMED --add-opens=java.base/java.lang=ALL-UNNAMED --add-opens=java.base/java.lang.invoke=ALL-UNNAMED --add-opens=java.prefs/java.util.prefs=ALL-UNNAMED --add-opens=java.base/java.nio.charset=ALL-UNNAMED --add-opens=java.base/java.net=ALL-UNNAMED --add-opens=java.base/java.util.concurrent.atomic=ALL-UNNAMED -XX:MaxMetaspaceSize=384m -XX:+HeapDumpOnOutOfMemoryError -Xms256m -Xmx512m -Dfile.encoding=windows-1252 -Duser.country=US -Duser.language=en -Duser.variant -javaagent:C:\Users\win\.gradle\wrapper\dists\gradle-8.5-bin\5t9huq95ubn472n8rpzujfbqh\gradle-8.5\lib\agents\gradle-instrumentation-agent-8.5.jar org.gradle.launcher.daemon.bootstrap.GradleDaemon 8.5

Host: Intel(R) Core(TM) i5-7300U CPU @ 2.60GHz, 4 cores, 7G,  Windows 10 , 64 bit Build 19041 (10.0.19041.3636)
Time: Mon Mar 25 19:20:51 2024 SE Asia Standard Time elapsed time: 86.493953 seconds (0d 0h 1m 26s)

---------------  T H R E A D  ---------------

Current thread (0x0000022fa8509a60):  JavaThread "C2 CompilerThread0" daemon [_thread_in_native, id=14144, stack(0x00000044f9300000,0x00000044f9400000)]


Current CompileTask:
C2:  86494 3252       4       jdk.internal.org.objectweb.asm.SymbolTable::addType (81 bytes)

Stack: [0x00000044f9300000,0x00000044f9400000]
Native frames: (J=compiled Java code, j=interpreted, Vv=VM code, C=native code)
V  [jvm.dll+0x677a5a]
V  [jvm.dll+0x7d8b2d]
V  [jvm.dll+0x7da48e]
V  [jvm.dll+0x7daaf3]
V  [jvm.dll+0x2455ff]
V  [jvm.dll+0xaaafb]
V  [jvm.dll+0xab09c]
V  [jvm.dll+0x2aafef]
V  [jvm.dll+0x57fd55]
V  [jvm.dll+0x220472]
V  [jvm.dll+0x22084f]
V  [jvm.dll+0x2197a6]
V  [jvm.dll+0x216c79]
V  [jvm.dll+0x1a3410]
V  [jvm.dll+0x226aeb]
V  [jvm.dll+0x224cab]
V  [jvm.dll+0x78e45c]
V  [jvm.dll+0x78888a]
V  [jvm.dll+0x676935]
C  [ucrtbase.dll+0x21bb2]
C  [KERNEL32.DLL+0x17344]
C  [ntdll.dll+0x526b1]


---------------  P R O C E S S  ---------------

Threads class SMR info:
_java_thread_list=0x0000022fc2ae8ea0, length=34, elements={
0x0000022f8e47afa0, 0x0000022fa84ebdb0, 0x0000022fa84ecb40, 0x0000022fa8505130,
0x0000022fa8505b00, 0x0000022fa85084e0, 0x0000022fa8508db0, 0x0000022fa8509a60,
0x0000022fa8574690, 0x0000022fa857b4d0, 0x0000022fa84d5de0, 0x0000022fa87fa820,
0x0000022fa86d8ec0, 0x0000022fc3dae810, 0x0000022fc349b720, 0x0000022fc28504f0,
0x0000022fc28509d0, 0x0000022fc2985a10, 0x0000022fc2984ff0, 0x0000022fc2987360,
0x0000022fc29840c0, 0x0000022fc2985f20, 0x0000022fc2986e50, 0x0000022fc2983bb0,
0x0000022fc2984ae0, 0x0000022fc3ea1bd0, 0x0000022fc3e9ee40, 0x0000022fc3ea0ca0,
0x0000022fc3ea4e70, 0x0000022fc3ea62b0, 0x0000022fc3ea11b0, 0x0000022fc3ea4960,
0x0000022fc3ea25f0, 0x0000022fc3ea3f40
}

Java Threads: ( => current thread )
  0x0000022f8e47afa0 JavaThread "main" [_thread_blocked, id=16088, stack(0x00000044f8500000,0x00000044f8600000)]
  0x0000022fa84ebdb0 JavaThread "Reference Handler" daemon [_thread_blocked, id=6080, stack(0x00000044f8d00000,0x00000044f8e00000)]
  0x0000022fa84ecb40 JavaThread "Finalizer" daemon [_thread_blocked, id=16616, stack(0x00000044f8e00000,0x00000044f8f00000)]
  0x0000022fa8505130 JavaThread "Signal Dispatcher" daemon [_thread_blocked, id=15992, stack(0x00000044f8f00000,0x00000044f9000000)]
  0x0000022fa8505b00 JavaThread "Attach Listener" daemon [_thread_blocked, id=6828, stack(0x00000044f9000000,0x00000044f9100000)]
  0x0000022fa85084e0 JavaThread "Service Thread" daemon [_thread_blocked, id=12592, stack(0x00000044f9100000,0x00000044f9200000)]
  0x0000022fa8508db0 JavaThread "Monitor Deflation Thread" daemon [_thread_blocked, id=3860, stack(0x00000044f9200000,0x00000044f9300000)]
=>0x0000022fa8509a60 JavaThread "C2 CompilerThread0" daemon [_thread_in_native, id=14144, stack(0x00000044f9300000,0x00000044f9400000)]
  0x0000022fa8574690 JavaThread "C1 CompilerThread0" daemon [_thread_blocked, id=14160, stack(0x00000044f9400000,0x00000044f9500000)]
  0x0000022fa857b4d0 JavaThread "Sweeper thread" daemon [_thread_blocked, id=16608, stack(0x00000044f9500000,0x00000044f9600000)]
  0x0000022fa84d5de0 JavaThread "Common-Cleaner" daemon [_thread_blocked, id=4576, stack(0x00000044f9600000,0x00000044f9700000)]
  0x0000022fa87fa820 JavaThread "Notification Thread" daemon [_thread_blocked, id=3172, stack(0x00000044f9700000,0x00000044f9800000)]
  0x0000022fa86d8ec0 JavaThread "Daemon health stats" [_thread_blocked, id=6724, stack(0x00000044f9c00000,0x00000044f9d00000)]
  0x0000022fc3dae810 JavaThread "Incoming local TCP Connector on port 49398" [_thread_in_native, id=21148, stack(0x00000044f9d00000,0x00000044f9e00000)]
  0x0000022fc349b720 JavaThread "Daemon periodic checks" [_thread_blocked, id=21160, stack(0x00000044f9e00000,0x00000044f9f00000)]
  0x0000022fc28504f0 JavaThread "Daemon" [_thread_blocked, id=16232, stack(0x00000044f9f00000,0x00000044fa000000)]
  0x0000022fc28509d0 JavaThread "Handler for socket connection from /127.0.0.1:49398 to /127.0.0.1:49400" [_thread_in_native, id=5844, stack(0x00000044fa000000,0x00000044fa100000)]
  0x0000022fc2985a10 JavaThread "Cancel handler" [_thread_blocked, id=10104, stack(0x00000044fa100000,0x00000044fa200000)]
  0x0000022fc2984ff0 JavaThread "Daemon worker" [_thread_in_Java, id=19692, stack(0x00000044fa200000,0x00000044fa300000)]
  0x0000022fc2987360 JavaThread "Asynchronous log dispatcher for DefaultDaemonConnection: socket connection from /127.0.0.1:49398 to /127.0.0.1:49400" [_thread_blocked, id=20092, stack(0x00000044fa300000,0x00000044fa400000)]
  0x0000022fc29840c0 JavaThread "Stdin handler" [_thread_blocked, id=20188, stack(0x00000044fa400000,0x00000044fa500000)]
  0x0000022fc2985f20 JavaThread "Daemon client event forwarder" [_thread_blocked, id=2668, stack(0x00000044fa500000,0x00000044fa600000)]
  0x0000022fc2986e50 JavaThread "Cache worker for journal cache (C:\Users\win\.gradle\caches\journal-1)" [_thread_blocked, id=20652, stack(0x00000044fa600000,0x00000044fa700000)]
  0x0000022fc2983bb0 JavaThread "File lock request listener" [_thread_in_native, id=11088, stack(0x00000044fa700000,0x00000044fa800000)]
  0x0000022fc2984ae0 JavaThread "File lock release action executor" [_thread_blocked, id=6624, stack(0x00000044faa00000,0x00000044fab00000)]
  0x0000022fc3ea1bd0 JavaThread "Cache worker for file hash cache (C:\Users\win\.gradle\caches\8.5\fileHashes)" [_thread_blocked, id=868, stack(0x00000044fab00000,0x00000044fac00000)]
  0x0000022fc3e9ee40 JavaThread "File watcher server" daemon [_thread_in_native, id=18408, stack(0x00000044fac00000,0x00000044fad00000)]
  0x0000022fc3ea0ca0 JavaThread "File watcher consumer" daemon [_thread_blocked, id=11008, stack(0x00000044fad00000,0x00000044fae00000)]
  0x0000022fc3ea4e70 JavaThread "Cache worker for checksums cache (D:\HK2(2023-2024)\KTPM\20119821_PhamTrungVinh\Service1_Auth_JWT\.gradle\8.5\checksums)" [_thread_blocked, id=4992, stack(0x00000044fae00000,0x00000044faf00000)]
  0x0000022fc3ea62b0 JavaThread "Cache worker for file hash cache (D:\HK2(2023-2024)\KTPM\20119821_PhamTrungVinh\Service1_Auth_JWT\.gradle\8.5\fileHashes)" [_thread_blocked, id=5488, stack(0x00000044faf00000,0x00000044fb000000)]
  0x0000022fc3ea11b0 JavaThread "Cache worker for cache directory md-supplier (C:\Users\win\.gradle\caches\8.5\md-supplier)" [_thread_blocked, id=9980, stack(0x00000044fb000000,0x00000044fb100000)]
  0x0000022fc3ea4960 JavaThread "Cache worker for cache directory md-rule (C:\Users\win\.gradle\caches\8.5\md-rule)" [_thread_blocked, id=7620, stack(0x00000044fb100000,0x00000044fb200000)]
  0x0000022fc3ea25f0 JavaThread "Cache worker for file content cache (C:\Users\win\.gradle\caches\8.5\fileContent)" [_thread_blocked, id=19224, stack(0x00000044fb200000,0x00000044fb300000)]
  0x0000022fc3ea3f40 JavaThread "Cache worker for execution history cache (C:\Users\win\.gradle\caches\8.5\executionHistory)" [_thread_blocked, id=20088, stack(0x00000044fb300000,0x00000044fb400000)]

Other Threads:
  0x0000022fa84e4800 VMThread "VM Thread" [stack: 0x00000044f8c00000,0x00000044f8d00000] [id=2956]
  0x0000022fa883b9e0 WatcherThread [stack: 0x00000044f9800000,0x00000044f9900000] [id=20032]
  0x0000022f8e4a80e0 GCTaskThread "GC Thread#0" [stack: 0x00000044f8700000,0x00000044f8800000] [id=2772]
  0x0000022fa88edbf0 GCTaskThread "GC Thread#1" [stack: 0x00000044f9900000,0x00000044f9a00000] [id=20944]
  0x0000022fa88c14d0 GCTaskThread "GC Thread#2" [stack: 0x00000044f9a00000,0x00000044f9b00000] [id=21408]
  0x0000022fc200a0a0 GCTaskThread "GC Thread#3" [stack: 0x00000044f9b00000,0x00000044f9c00000] [id=21268]
  0x0000022f8e4adf50 ConcurrentGCThread "G1 Main Marker" [stack: 0x00000044f8800000,0x00000044f8900000] [id=16572]
  0x0000022f8e4ae870 ConcurrentGCThread "G1 Conc#0" [stack: 0x00000044f8900000,0x00000044f8a00000] [id=14652]
  0x0000022f8e547930 ConcurrentGCThread "G1 Refine#0" [stack: 0x00000044f8a00000,0x00000044f8b00000] [id=8000]
  0x0000022fa83b24b0 ConcurrentGCThread "G1 Service" [stack: 0x00000044f8b00000,0x00000044f8c00000] [id=17400]

Threads with active compile tasks:
C2 CompilerThread0    86535 3252       4       jdk.internal.org.objectweb.asm.SymbolTable::addType (81 bytes)

VM state: not at safepoint (normal execution)

VM Mutex/Monitor currently owned by a thread: None

Heap address: 0x00000000e0000000, size: 512 MB, Compressed Oops mode: 32-bit

CDS archive(s) mapped at: [0x0000022fa9000000-0x0000022fa9bd0000-0x0000022fa9bd0000), size 12386304, SharedBaseAddress: 0x0000022fa9000000, ArchiveRelocationMode: 1.
Compressed class space mapped at: 0x0000022faa000000-0x0000022fbe000000, reserved size: 335544320
Narrow klass base: 0x0000022fa9000000, Narrow klass shift: 0, Narrow klass range: 0x100000000

GC Precious Log:
 CPUs: 4 total, 4 available
 Memory: 8052M
 Large Page Support: Disabled
 NUMA Support: Disabled
 Compressed Oops: Enabled (32-bit)
 Heap Region Size: 1M
 Heap Min Capacity: 256M
 Heap Initial Capacity: 256M
 Heap Max Capacity: 512M
 Pre-touch: Disabled
 Parallel Workers: 4
 Concurrent Workers: 1
 Concurrent Refinement Workers: 4
 Periodic GC: Disabled

Heap:
 garbage-first heap   total 262144K, used 58323K [0x00000000e0000000, 0x0000000100000000)
  region size 1024K, 48 young (49152K), 12 survivors (12288K)
 Metaspace       used 25511K, committed 25856K, reserved 393216K
  class space    used 3783K, committed 3968K, reserved 327680K

Heap Regions: E=young(eden), S=young(survivor), O=old, HS=humongous(starts), HC=humongous(continues), CS=collection set, F=free, OA=open archive, CA=closed archive, TAMS=top-at-mark-start (previous, next)
|   0|0x00000000e0000000, 0x00000000e0100000, 0x00000000e0100000|100%| O|  |TAMS 0x00000000e0100000, 0x00000000e0000000| Untracked 
|   1|0x00000000e0100000, 0x00000000e0200000, 0x00000000e0200000|100%| O|  |TAMS 0x00000000e0200000, 0x00000000e0100000| Complete 
|   2|0x00000000e0200000, 0x00000000e0300000, 0x00000000e0300000|100%|HS|  |TAMS 0x00000000e0300000, 0x00000000e0200000| Complete 
|   3|0x00000000e0300000, 0x00000000e0400000, 0x00000000e0400000|100%|HC|  |TAMS 0x00000000e0400000, 0x00000000e0300000| Complete 
|   4|0x00000000e0400000, 0x00000000e0500000, 0x00000000e0500000|100%|HC|  |TAMS 0x00000000e0500000, 0x00000000e0400000| Complete 
|   5|0x00000000e0500000, 0x00000000e0600000, 0x00000000e0600000|100%|HC|  |TAMS 0x00000000e0600000, 0x00000000e0500000| Complete 
|   6|0x00000000e0600000, 0x00000000e0700000, 0x00000000e0700000|100%| O|  |TAMS 0x00000000e0700000, 0x00000000e0600000| Untracked 
|   7|0x00000000e0700000, 0x00000000e0800000, 0x00000000e0800000|100%| O|  |TAMS 0x00000000e0800000, 0x00000000e0700000| Untracked 
|   8|0x00000000e0800000, 0x00000000e0900000, 0x00000000e0900000|100%| O|  |TAMS 0x00000000e0900000, 0x00000000e0800000| Untracked 
|   9|0x00000000e0900000, 0x00000000e0a00000, 0x00000000e0a00000|100%| O|  |TAMS 0x00000000e0a00000, 0x00000000e0900000| Untracked 
|  10|0x00000000e0a00000, 0x00000000e0aa1c00, 0x00000000e0b00000| 63%| O|  |TAMS 0x00000000e0aa1c00, 0x00000000e0a00000| Untracked 
|  11|0x00000000e0b00000, 0x00000000e0b00000, 0x00000000e0c00000|  0%| F|  |TAMS 0x00000000e0b00000, 0x00000000e0b00000| Untracked 
|  12|0x00000000e0c00000, 0x00000000e0c00000, 0x00000000e0d00000|  0%| F|  |TAMS 0x00000000e0c00000, 0x00000000e0c00000| Untracked 
|  13|0x00000000e0d00000, 0x00000000e0d00000, 0x00000000e0e00000|  0%| F|  |TAMS 0x00000000e0d00000, 0x00000000e0d00000| Untracked 
|  14|0x00000000e0e00000, 0x00000000e0e00000, 0x00000000e0f00000|  0%| F|  |TAMS 0x00000000e0e00000, 0x00000000e0e00000| Untracked 
|  15|0x00000000e0f00000, 0x00000000e0f00000, 0x00000000e1000000|  0%| F|  |TAMS 0x00000000e0f00000, 0x00000000e0f00000| Untracked 
|  16|0x00000000e1000000, 0x00000000e1000000, 0x00000000e1100000|  0%| F|  |TAMS 0x00000000e1000000, 0x00000000e1000000| Untracked 
|  17|0x00000000e1100000, 0x00000000e1100000, 0x00000000e1200000|  0%| F|  |TAMS 0x00000000e1100000, 0x00000000e1100000| Untracked 
|  18|0x00000000e1200000, 0x00000000e1200000, 0x00000000e1300000|  0%| F|  |TAMS 0x00000000e1200000, 0x00000000e1200000| Untracked 
|  19|0x00000000e1300000, 0x00000000e1300000, 0x00000000e1400000|  0%| F|  |TAMS 0x00000000e1300000, 0x00000000e1300000| Untracked 
|  20|0x00000000e1400000, 0x00000000e1400000, 0x00000000e1500000|  0%| F|  |TAMS 0x00000000e1400000, 0x00000000e1400000| Untracked 
|  21|0x00000000e1500000, 0x00000000e1500000, 0x00000000e1600000|  0%| F|  |TAMS 0x00000000e1500000, 0x00000000e1500000| Untracked 
|  22|0x00000000e1600000, 0x00000000e1600000, 0x00000000e1700000|  0%| F|  |TAMS 0x00000000e1600000, 0x00000000e1600000| Untracked 
|  23|0x00000000e1700000, 0x00000000e1700000, 0x00000000e1800000|  0%| F|  |TAMS 0x00000000e1700000, 0x00000000e1700000| Untracked 
|  24|0x00000000e1800000, 0x00000000e1800000, 0x00000000e1900000|  0%| F|  |TAMS 0x00000000e1800000, 0x00000000e1800000| Untracked 
|  25|0x00000000e1900000, 0x00000000e1900000, 0x00000000e1a00000|  0%| F|  |TAMS 0x00000000e1900000, 0x00000000e1900000| Untracked 
|  26|0x00000000e1a00000, 0x00000000e1a00000, 0x00000000e1b00000|  0%| F|  |TAMS 0x00000000e1a00000, 0x00000000e1a00000| Untracked 
|  27|0x00000000e1b00000, 0x00000000e1b00000, 0x00000000e1c00000|  0%| F|  |TAMS 0x00000000e1b00000, 0x00000000e1b00000| Untracked 
|  28|0x00000000e1c00000, 0x00000000e1c00000, 0x00000000e1d00000|  0%| F|  |TAMS 0x00000000e1c00000, 0x00000000e1c00000| Untracked 
|  29|0x00000000e1d00000, 0x00000000e1d00000, 0x00000000e1e00000|  0%| F|  |TAMS 0x00000000e1d00000, 0x00000000e1d00000| Untracked 
|  30|0x00000000e1e00000, 0x00000000e1e00000, 0x00000000e1f00000|  0%| F|  |TAMS 0x00000000e1e00000, 0x00000000e1e00000| Untracked 
|  31|0x00000000e1f00000, 0x00000000e1f00000, 0x00000000e2000000|  0%| F|  |TAMS 0x00000000e1f00000, 0x00000000e1f00000| Untracked 
|  32|0x00000000e2000000, 0x00000000e2000000, 0x00000000e2100000|  0%| F|  |TAMS 0x00000000e2000000, 0x00000000e2000000| Untracked 
|  33|0x00000000e2100000, 0x00000000e2100000, 0x00000000e2200000|  0%| F|  |TAMS 0x00000000e2100000, 0x00000000e2100000| Untracked 
|  34|0x00000000e2200000, 0x00000000e2200000, 0x00000000e2300000|  0%| F|  |TAMS 0x00000000e2200000, 0x00000000e2200000| Untracked 
|  35|0x00000000e2300000, 0x00000000e2300000, 0x00000000e2400000|  0%| F|  |TAMS 0x00000000e2300000, 0x00000000e2300000| Untracked 
|  36|0x00000000e2400000, 0x00000000e2400000, 0x00000000e2500000|  0%| F|  |TAMS 0x00000000e2400000, 0x00000000e2400000| Untracked 
|  37|0x00000000e2500000, 0x00000000e2500000, 0x00000000e2600000|  0%| F|  |TAMS 0x00000000e2500000, 0x00000000e2500000| Untracked 
|  38|0x00000000e2600000, 0x00000000e2600000, 0x00000000e2700000|  0%| F|  |TAMS 0x00000000e2600000, 0x00000000e2600000| Untracked 
|  39|0x00000000e2700000, 0x00000000e2700000, 0x00000000e2800000|  0%| F|  |TAMS 0x00000000e2700000, 0x00000000e2700000| Untracked 
|  40|0x00000000e2800000, 0x00000000e2800000, 0x00000000e2900000|  0%| F|  |TAMS 0x00000000e2800000, 0x00000000e2800000| Untracked 
|  41|0x00000000e2900000, 0x00000000e2900000, 0x00000000e2a00000|  0%| F|  |TAMS 0x00000000e2900000, 0x00000000e2900000| Untracked 
|  42|0x00000000e2a00000, 0x00000000e2a00000, 0x00000000e2b00000|  0%| F|  |TAMS 0x00000000e2a00000, 0x00000000e2a00000| Untracked 
|  43|0x00000000e2b00000, 0x00000000e2b00000, 0x00000000e2c00000|  0%| F|  |TAMS 0x00000000e2b00000, 0x00000000e2b00000| Untracked 
|  44|0x00000000e2c00000, 0x00000000e2c00000, 0x00000000e2d00000|  0%| F|  |TAMS 0x00000000e2c00000, 0x00000000e2c00000| Untracked 
|  45|0x00000000e2d00000, 0x00000000e2d00000, 0x00000000e2e00000|  0%| F|  |TAMS 0x00000000e2d00000, 0x00000000e2d00000| Untracked 
|  46|0x00000000e2e00000, 0x00000000e2e00000, 0x00000000e2f00000|  0%| F|  |TAMS 0x00000000e2e00000, 0x00000000e2e00000| Untracked 
|  47|0x00000000e2f00000, 0x00000000e2f00000, 0x00000000e3000000|  0%| F|  |TAMS 0x00000000e2f00000, 0x00000000e2f00000| Untracked 
|  48|0x00000000e3000000, 0x00000000e3000000, 0x00000000e3100000|  0%| F|  |TAMS 0x00000000e3000000, 0x00000000e3000000| Untracked 
|  49|0x00000000e3100000, 0x00000000e3100000, 0x00000000e3200000|  0%| F|  |TAMS 0x00000000e3100000, 0x00000000e3100000| Untracked 
|  50|0x00000000e3200000, 0x00000000e3200000, 0x00000000e3300000|  0%| F|  |TAMS 0x00000000e3200000, 0x00000000e3200000| Untracked 
|  51|0x00000000e3300000, 0x00000000e3300000, 0x00000000e3400000|  0%| F|  |TAMS 0x00000000e3300000, 0x00000000e3300000| Untracked 
|  52|0x00000000e3400000, 0x00000000e3400000, 0x00000000e3500000|  0%| F|  |TAMS 0x00000000e3400000, 0x00000000e3400000| Untracked 
|  53|0x00000000e3500000, 0x00000000e3500000, 0x00000000e3600000|  0%| F|  |TAMS 0x00000000e3500000, 0x00000000e3500000| Untracked 
|  54|0x00000000e3600000, 0x00000000e3600000, 0x00000000e3700000|  0%| F|  |TAMS 0x00000000e3600000, 0x00000000e3600000| Untracked 
|  55|0x00000000e3700000, 0x00000000e3700000, 0x00000000e3800000|  0%| F|  |TAMS 0x00000000e3700000, 0x00000000e3700000| Untracked 
|  56|0x00000000e3800000, 0x00000000e3800000, 0x00000000e3900000|  0%| F|  |TAMS 0x00000000e3800000, 0x00000000e3800000| Untracked 
|  57|0x00000000e3900000, 0x00000000e3900000, 0x00000000e3a00000|  0%| F|  |TAMS 0x00000000e3900000, 0x00000000e3900000| Untracked 
|  58|0x00000000e3a00000, 0x00000000e3a00000, 0x00000000e3b00000|  0%| F|  |TAMS 0x00000000e3a00000, 0x00000000e3a00000| Untracked 
|  59|0x00000000e3b00000, 0x00000000e3b00000, 0x00000000e3c00000|  0%| F|  |TAMS 0x00000000e3b00000, 0x00000000e3b00000| Untracked 
|  60|0x00000000e3c00000, 0x00000000e3c00000, 0x00000000e3d00000|  0%| F|  |TAMS 0x00000000e3c00000, 0x00000000e3c00000| Untracked 
|  61|0x00000000e3d00000, 0x00000000e3d00000, 0x00000000e3e00000|  0%| F|  |TAMS 0x00000000e3d00000, 0x00000000e3d00000| Untracked 
|  62|0x00000000e3e00000, 0x00000000e3e00000, 0x00000000e3f00000|  0%| F|  |TAMS 0x00000000e3e00000, 0x00000000e3e00000| Untracked 
|  63|0x00000000e3f00000, 0x00000000e3f00000, 0x00000000e4000000|  0%| F|  |TAMS 0x00000000e3f00000, 0x00000000e3f00000| Untracked 
|  64|0x00000000e4000000, 0x00000000e4000000, 0x00000000e4100000|  0%| F|  |TAMS 0x00000000e4000000, 0x00000000e4000000| Untracked 
|  65|0x00000000e4100000, 0x00000000e4100000, 0x00000000e4200000|  0%| F|  |TAMS 0x00000000e4100000, 0x00000000e4100000| Untracked 
|  66|0x00000000e4200000, 0x00000000e4200000, 0x00000000e4300000|  0%| F|  |TAMS 0x00000000e4200000, 0x00000000e4200000| Untracked 
|  67|0x00000000e4300000, 0x00000000e4300000, 0x00000000e4400000|  0%| F|  |TAMS 0x00000000e4300000, 0x00000000e4300000| Untracked 
|  68|0x00000000e4400000, 0x00000000e4400000, 0x00000000e4500000|  0%| F|  |TAMS 0x00000000e4400000, 0x00000000e4400000| Untracked 
|  69|0x00000000e4500000, 0x00000000e4500000, 0x00000000e4600000|  0%| F|  |TAMS 0x00000000e4500000, 0x00000000e4500000| Untracked 
|  70|0x00000000e4600000, 0x00000000e4600000, 0x00000000e4700000|  0%| F|  |TAMS 0x00000000e4600000, 0x00000000e4600000| Untracked 
|  71|0x00000000e4700000, 0x00000000e4700000, 0x00000000e4800000|  0%| F|  |TAMS 0x00000000e4700000, 0x00000000e4700000| Untracked 
|  72|0x00000000e4800000, 0x00000000e4800000, 0x00000000e4900000|  0%| F|  |TAMS 0x00000000e4800000, 0x00000000e4800000| Untracked 
|  73|0x00000000e4900000, 0x00000000e4900000, 0x00000000e4a00000|  0%| F|  |TAMS 0x00000000e4900000, 0x00000000e4900000| Untracked 
|  74|0x00000000e4a00000, 0x00000000e4a00000, 0x00000000e4b00000|  0%| F|  |TAMS 0x00000000e4a00000, 0x00000000e4a00000| Untracked 
|  75|0x00000000e4b00000, 0x00000000e4b00000, 0x00000000e4c00000|  0%| F|  |TAMS 0x00000000e4b00000, 0x00000000e4b00000| Untracked 
|  76|0x00000000e4c00000, 0x00000000e4c00000, 0x00000000e4d00000|  0%| F|  |TAMS 0x00000000e4c00000, 0x00000000e4c00000| Untracked 
|  77|0x00000000e4d00000, 0x00000000e4d00000, 0x00000000e4e00000|  0%| F|  |TAMS 0x00000000e4d00000, 0x00000000e4d00000| Untracked 
|  78|0x00000000e4e00000, 0x00000000e4e00000, 0x00000000e4f00000|  0%| F|  |TAMS 0x00000000e4e00000, 0x00000000e4e00000| Untracked 
|  79|0x00000000e4f00000, 0x00000000e4f00000, 0x00000000e5000000|  0%| F|  |TAMS 0x00000000e4f00000, 0x00000000e4f00000| Untracked 
|  80|0x00000000e5000000, 0x00000000e5000000, 0x00000000e5100000|  0%| F|  |TAMS 0x00000000e5000000, 0x00000000e5000000| Untracked 
|  81|0x00000000e5100000, 0x00000000e5100000, 0x00000000e5200000|  0%| F|  |TAMS 0x00000000e5100000, 0x00000000e5100000| Untracked 
|  82|0x00000000e5200000, 0x00000000e5200000, 0x00000000e5300000|  0%| F|  |TAMS 0x00000000e5200000, 0x00000000e5200000| Untracked 
|  83|0x00000000e5300000, 0x00000000e5300000, 0x00000000e5400000|  0%| F|  |TAMS 0x00000000e5300000, 0x00000000e5300000| Untracked 
|  84|0x00000000e5400000, 0x00000000e5400000, 0x00000000e5500000|  0%| F|  |TAMS 0x00000000e5400000, 0x00000000e5400000| Untracked 
|  85|0x00000000e5500000, 0x00000000e5500000, 0x00000000e5600000|  0%| F|  |TAMS 0x00000000e5500000, 0x00000000e5500000| Untracked 
|  86|0x00000000e5600000, 0x00000000e5600000, 0x00000000e5700000|  0%| F|  |TAMS 0x00000000e5600000, 0x00000000e5600000| Untracked 
|  87|0x00000000e5700000, 0x00000000e5700000, 0x00000000e5800000|  0%| F|  |TAMS 0x00000000e5700000, 0x00000000e5700000| Untracked 
|  88|0x00000000e5800000, 0x00000000e5800000, 0x00000000e5900000|  0%| F|  |TAMS 0x00000000e5800000, 0x00000000e5800000| Untracked 
|  89|0x00000000e5900000, 0x00000000e5900000, 0x00000000e5a00000|  0%| F|  |TAMS 0x00000000e5900000, 0x00000000e5900000| Untracked 
|  90|0x00000000e5a00000, 0x00000000e5a00000, 0x00000000e5b00000|  0%| F|  |TAMS 0x00000000e5a00000, 0x00000000e5a00000| Untracked 
|  91|0x00000000e5b00000, 0x00000000e5b00000, 0x00000000e5c00000|  0%| F|  |TAMS 0x00000000e5b00000, 0x00000000e5b00000| Untracked 
|  92|0x00000000e5c00000, 0x00000000e5c00000, 0x00000000e5d00000|  0%| F|  |TAMS 0x00000000e5c00000, 0x00000000e5c00000| Untracked 
|  93|0x00000000e5d00000, 0x00000000e5d00000, 0x00000000e5e00000|  0%| F|  |TAMS 0x00000000e5d00000, 0x00000000e5d00000| Untracked 
|  94|0x00000000e5e00000, 0x00000000e5e00000, 0x00000000e5f00000|  0%| F|  |TAMS 0x00000000e5e00000, 0x00000000e5e00000| Untracked 
|  95|0x00000000e5f00000, 0x00000000e5f00000, 0x00000000e6000000|  0%| F|  |TAMS 0x00000000e5f00000, 0x00000000e5f00000| Untracked 
|  96|0x00000000e6000000, 0x00000000e6000000, 0x00000000e6100000|  0%| F|  |TAMS 0x00000000e6000000, 0x00000000e6000000| Untracked 
|  97|0x00000000e6100000, 0x00000000e6100000, 0x00000000e6200000|  0%| F|  |TAMS 0x00000000e6100000, 0x00000000e6100000| Untracked 
|  98|0x00000000e6200000, 0x00000000e6200000, 0x00000000e6300000|  0%| F|  |TAMS 0x00000000e6200000, 0x00000000e6200000| Untracked 
|  99|0x00000000e6300000, 0x00000000e6300000, 0x00000000e6400000|  0%| F|  |TAMS 0x00000000e6300000, 0x00000000e6300000| Untracked 
| 100|0x00000000e6400000, 0x00000000e6400000, 0x00000000e6500000|  0%| F|  |TAMS 0x00000000e6400000, 0x00000000e6400000| Untracked 
| 101|0x00000000e6500000, 0x00000000e6500000, 0x00000000e6600000|  0%| F|  |TAMS 0x00000000e6500000, 0x00000000e6500000| Untracked 
| 102|0x00000000e6600000, 0x00000000e6600000, 0x00000000e6700000|  0%| F|  |TAMS 0x00000000e6600000, 0x00000000e6600000| Untracked 
| 103|0x00000000e6700000, 0x00000000e6700000, 0x00000000e6800000|  0%| F|  |TAMS 0x00000000e6700000, 0x00000000e6700000| Untracked 
| 104|0x00000000e6800000, 0x00000000e6800000, 0x00000000e6900000|  0%| F|  |TAMS 0x00000000e6800000, 0x00000000e6800000| Untracked 
| 105|0x00000000e6900000, 0x00000000e6900000, 0x00000000e6a00000|  0%| F|  |TAMS 0x00000000e6900000, 0x00000000e6900000| Untracked 
| 106|0x00000000e6a00000, 0x00000000e6a00000, 0x00000000e6b00000|  0%| F|  |TAMS 0x00000000e6a00000, 0x00000000e6a00000| Untracked 
| 107|0x00000000e6b00000, 0x00000000e6b00000, 0x00000000e6c00000|  0%| F|  |TAMS 0x00000000e6b00000, 0x00000000e6b00000| Untracked 
| 108|0x00000000e6c00000, 0x00000000e6c00000, 0x00000000e6d00000|  0%| F|  |TAMS 0x00000000e6c00000, 0x00000000e6c00000| Untracked 
| 109|0x00000000e6d00000, 0x00000000e6d00000, 0x00000000e6e00000|  0%| F|  |TAMS 0x00000000e6d00000, 0x00000000e6d00000| Untracked 
| 110|0x00000000e6e00000, 0x00000000e6e00000, 0x00000000e6f00000|  0%| F|  |TAMS 0x00000000e6e00000, 0x00000000e6e00000| Untracked 
| 111|0x00000000e6f00000, 0x00000000e6f00000, 0x00000000e7000000|  0%| F|  |TAMS 0x00000000e6f00000, 0x00000000e6f00000| Untracked 
| 112|0x00000000e7000000, 0x00000000e7000000, 0x00000000e7100000|  0%| F|  |TAMS 0x00000000e7000000, 0x00000000e7000000| Untracked 
| 113|0x00000000e7100000, 0x00000000e7100000, 0x00000000e7200000|  0%| F|  |TAMS 0x00000000e7100000, 0x00000000e7100000| Untracked 
| 114|0x00000000e7200000, 0x00000000e7200000, 0x00000000e7300000|  0%| F|  |TAMS 0x00000000e7200000, 0x00000000e7200000| Untracked 
| 115|0x00000000e7300000, 0x00000000e7300000, 0x00000000e7400000|  0%| F|  |TAMS 0x00000000e7300000, 0x00000000e7300000| Untracked 
| 116|0x00000000e7400000, 0x00000000e7400000, 0x00000000e7500000|  0%| F|  |TAMS 0x00000000e7400000, 0x00000000e7400000| Untracked 
| 117|0x00000000e7500000, 0x00000000e7500000, 0x00000000e7600000|  0%| F|  |TAMS 0x00000000e7500000, 0x00000000e7500000| Untracked 
| 118|0x00000000e7600000, 0x00000000e7600000, 0x00000000e7700000|  0%| F|  |TAMS 0x00000000e7600000, 0x00000000e7600000| Untracked 
| 119|0x00000000e7700000, 0x00000000e7700000, 0x00000000e7800000|  0%| F|  |TAMS 0x00000000e7700000, 0x00000000e7700000| Untracked 
| 120|0x00000000e7800000, 0x00000000e7800000, 0x00000000e7900000|  0%| F|  |TAMS 0x00000000e7800000, 0x00000000e7800000| Untracked 
| 121|0x00000000e7900000, 0x00000000e7900000, 0x00000000e7a00000|  0%| F|  |TAMS 0x00000000e7900000, 0x00000000e7900000| Untracked 
| 122|0x00000000e7a00000, 0x00000000e7a00000, 0x00000000e7b00000|  0%| F|  |TAMS 0x00000000e7a00000, 0x00000000e7a00000| Untracked 
| 123|0x00000000e7b00000, 0x00000000e7b00000, 0x00000000e7c00000|  0%| F|  |TAMS 0x00000000e7b00000, 0x00000000e7b00000| Untracked 
| 124|0x00000000e7c00000, 0x00000000e7c00000, 0x00000000e7d00000|  0%| F|  |TAMS 0x00000000e7c00000, 0x00000000e7c00000| Untracked 
| 125|0x00000000e7d00000, 0x00000000e7d00000, 0x00000000e7e00000|  0%| F|  |TAMS 0x00000000e7d00000, 0x00000000e7d00000| Untracked 
| 126|0x00000000e7e00000, 0x00000000e7e00000, 0x00000000e7f00000|  0%| F|  |TAMS 0x00000000e7e00000, 0x00000000e7e00000| Untracked 
| 127|0x00000000e7f00000, 0x00000000e7f00000, 0x00000000e8000000|  0%| F|  |TAMS 0x00000000e7f00000, 0x00000000e7f00000| Untracked 
| 128|0x00000000e8000000, 0x00000000e8053140, 0x00000000e8100000| 32%| S|CS|TAMS 0x00000000e8000000, 0x00000000e8000000| Complete 
| 129|0x00000000e8100000, 0x00000000e8200000, 0x00000000e8200000|100%| S|CS|TAMS 0x00000000e8100000, 0x00000000e8100000| Complete 
| 130|0x00000000e8200000, 0x00000000e8300000, 0x00000000e8300000|100%| S|CS|TAMS 0x00000000e8200000, 0x00000000e8200000| Complete 
| 131|0x00000000e8300000, 0x00000000e8400000, 0x00000000e8400000|100%| S|CS|TAMS 0x00000000e8300000, 0x00000000e8300000| Complete 
| 132|0x00000000e8400000, 0x00000000e8500000, 0x00000000e8500000|100%| S|CS|TAMS 0x00000000e8400000, 0x00000000e8400000| Complete 
| 133|0x00000000e8500000, 0x00000000e8600000, 0x00000000e8600000|100%| S|CS|TAMS 0x00000000e8500000, 0x00000000e8500000| Complete 
| 134|0x00000000e8600000, 0x00000000e8700000, 0x00000000e8700000|100%| S|CS|TAMS 0x00000000e8600000, 0x00000000e8600000| Complete 
| 135|0x00000000e8700000, 0x00000000e8800000, 0x00000000e8800000|100%| S|CS|TAMS 0x00000000e8700000, 0x00000000e8700000| Complete 
| 136|0x00000000e8800000, 0x00000000e8900000, 0x00000000e8900000|100%| S|CS|TAMS 0x00000000e8800000, 0x00000000e8800000| Complete 
| 137|0x00000000e8900000, 0x00000000e8a00000, 0x00000000e8a00000|100%| S|CS|TAMS 0x00000000e8900000, 0x00000000e8900000| Complete 
| 138|0x00000000e8a00000, 0x00000000e8b00000, 0x00000000e8b00000|100%| S|CS|TAMS 0x00000000e8a00000, 0x00000000e8a00000| Complete 
| 139|0x00000000e8b00000, 0x00000000e8c00000, 0x00000000e8c00000|100%| S|CS|TAMS 0x00000000e8b00000, 0x00000000e8b00000| Complete 
| 140|0x00000000e8c00000, 0x00000000e8c00000, 0x00000000e8d00000|  0%| F|  |TAMS 0x00000000e8c00000, 0x00000000e8c00000| Untracked 
| 141|0x00000000e8d00000, 0x00000000e8d00000, 0x00000000e8e00000|  0%| F|  |TAMS 0x00000000e8d00000, 0x00000000e8d00000| Untracked 
| 142|0x00000000e8e00000, 0x00000000e8e00000, 0x00000000e8f00000|  0%| F|  |TAMS 0x00000000e8e00000, 0x00000000e8e00000| Untracked 
| 143|0x00000000e8f00000, 0x00000000e8f00000, 0x00000000e9000000|  0%| F|  |TAMS 0x00000000e8f00000, 0x00000000e8f00000| Untracked 
| 144|0x00000000e9000000, 0x00000000e9000000, 0x00000000e9100000|  0%| F|  |TAMS 0x00000000e9000000, 0x00000000e9000000| Untracked 
| 145|0x00000000e9100000, 0x00000000e9100000, 0x00000000e9200000|  0%| F|  |TAMS 0x00000000e9100000, 0x00000000e9100000| Untracked 
| 146|0x00000000e9200000, 0x00000000e9200000, 0x00000000e9300000|  0%| F|  |TAMS 0x00000000e9200000, 0x00000000e9200000| Untracked 
| 147|0x00000000e9300000, 0x00000000e9300000, 0x00000000e9400000|  0%| F|  |TAMS 0x00000000e9300000, 0x00000000e9300000| Untracked 
| 148|0x00000000e9400000, 0x00000000e9400000, 0x00000000e9500000|  0%| F|  |TAMS 0x00000000e9400000, 0x00000000e9400000| Untracked 
| 149|0x00000000e9500000, 0x00000000e9500000, 0x00000000e9600000|  0%| F|  |TAMS 0x00000000e9500000, 0x00000000e9500000| Untracked 
| 150|0x00000000e9600000, 0x00000000e9600000, 0x00000000e9700000|  0%| F|  |TAMS 0x00000000e9600000, 0x00000000e9600000| Untracked 
| 151|0x00000000e9700000, 0x00000000e9700000, 0x00000000e9800000|  0%| F|  |TAMS 0x00000000e9700000, 0x00000000e9700000| Untracked 
| 152|0x00000000e9800000, 0x00000000e9800000, 0x00000000e9900000|  0%| F|  |TAMS 0x00000000e9800000, 0x00000000e9800000| Untracked 
| 153|0x00000000e9900000, 0x00000000e9900000, 0x00000000e9a00000|  0%| F|  |TAMS 0x00000000e9900000, 0x00000000e9900000| Untracked 
| 154|0x00000000e9a00000, 0x00000000e9a00000, 0x00000000e9b00000|  0%| F|  |TAMS 0x00000000e9a00000, 0x00000000e9a00000| Untracked 
| 155|0x00000000e9b00000, 0x00000000e9b00000, 0x00000000e9c00000|  0%| F|  |TAMS 0x00000000e9b00000, 0x00000000e9b00000| Untracked 
| 156|0x00000000e9c00000, 0x00000000e9c00000, 0x00000000e9d00000|  0%| F|  |TAMS 0x00000000e9c00000, 0x00000000e9c00000| Untracked 
| 157|0x00000000e9d00000, 0x00000000e9d00000, 0x00000000e9e00000|  0%| F|  |TAMS 0x00000000e9d00000, 0x00000000e9d00000| Untracked 
| 158|0x00000000e9e00000, 0x00000000e9e00000, 0x00000000e9f00000|  0%| F|  |TAMS 0x00000000e9e00000, 0x00000000e9e00000| Untracked 
| 159|0x00000000e9f00000, 0x00000000e9f00000, 0x00000000ea000000|  0%| F|  |TAMS 0x00000000e9f00000, 0x00000000e9f00000| Untracked 
| 160|0x00000000ea000000, 0x00000000ea000000, 0x00000000ea100000|  0%| F|  |TAMS 0x00000000ea000000, 0x00000000ea000000| Untracked 
| 161|0x00000000ea100000, 0x00000000ea100000, 0x00000000ea200000|  0%| F|  |TAMS 0x00000000ea100000, 0x00000000ea100000| Untracked 
| 162|0x00000000ea200000, 0x00000000ea200000, 0x00000000ea300000|  0%| F|  |TAMS 0x00000000ea200000, 0x00000000ea200000| Untracked 
| 163|0x00000000ea300000, 0x00000000ea300000, 0x00000000ea400000|  0%| F|  |TAMS 0x00000000ea300000, 0x00000000ea300000| Untracked 
| 164|0x00000000ea400000, 0x00000000ea400000, 0x00000000ea500000|  0%| F|  |TAMS 0x00000000ea400000, 0x00000000ea400000| Untracked 
| 165|0x00000000ea500000, 0x00000000ea500000, 0x00000000ea600000|  0%| F|  |TAMS 0x00000000ea500000, 0x00000000ea500000| Untracked 
| 166|0x00000000ea600000, 0x00000000ea600000, 0x00000000ea700000|  0%| F|  |TAMS 0x00000000ea600000, 0x00000000ea600000| Untracked 
| 167|0x00000000ea700000, 0x00000000ea700000, 0x00000000ea800000|  0%| F|  |TAMS 0x00000000ea700000, 0x00000000ea700000| Untracked 
| 168|0x00000000ea800000, 0x00000000ea800000, 0x00000000ea900000|  0%| F|  |TAMS 0x00000000ea800000, 0x00000000ea800000| Untracked 
| 169|0x00000000ea900000, 0x00000000ea900000, 0x00000000eaa00000|  0%| F|  |TAMS 0x00000000ea900000, 0x00000000ea900000| Untracked 
| 170|0x00000000eaa00000, 0x00000000eaa00000, 0x00000000eab00000|  0%| F|  |TAMS 0x00000000eaa00000, 0x00000000eaa00000| Untracked 
| 171|0x00000000eab00000, 0x00000000eab00000, 0x00000000eac00000|  0%| F|  |TAMS 0x00000000eab00000, 0x00000000eab00000| Untracked 
| 172|0x00000000eac00000, 0x00000000eac00000, 0x00000000ead00000|  0%| F|  |TAMS 0x00000000eac00000, 0x00000000eac00000| Untracked 
| 173|0x00000000ead00000, 0x00000000ead00000, 0x00000000eae00000|  0%| F|  |TAMS 0x00000000ead00000, 0x00000000ead00000| Untracked 
| 174|0x00000000eae00000, 0x00000000eae00000, 0x00000000eaf00000|  0%| F|  |TAMS 0x00000000eae00000, 0x00000000eae00000| Untracked 
| 175|0x00000000eaf00000, 0x00000000eaf00000, 0x00000000eb000000|  0%| F|  |TAMS 0x00000000eaf00000, 0x00000000eaf00000| Untracked 
| 176|0x00000000eb000000, 0x00000000eb000000, 0x00000000eb100000|  0%| F|  |TAMS 0x00000000eb000000, 0x00000000eb000000| Untracked 
| 177|0x00000000eb100000, 0x00000000eb100000, 0x00000000eb200000|  0%| F|  |TAMS 0x00000000eb100000, 0x00000000eb100000| Untracked 
| 178|0x00000000eb200000, 0x00000000eb200000, 0x00000000eb300000|  0%| F|  |TAMS 0x00000000eb200000, 0x00000000eb200000| Untracked 
| 179|0x00000000eb300000, 0x00000000eb300000, 0x00000000eb400000|  0%| F|  |TAMS 0x00000000eb300000, 0x00000000eb300000| Untracked 
| 180|0x00000000eb400000, 0x00000000eb400000, 0x00000000eb500000|  0%| F|  |TAMS 0x00000000eb400000, 0x00000000eb400000| Untracked 
| 181|0x00000000eb500000, 0x00000000eb500000, 0x00000000eb600000|  0%| F|  |TAMS 0x00000000eb500000, 0x00000000eb500000| Untracked 
| 182|0x00000000eb600000, 0x00000000eb600000, 0x00000000eb700000|  0%| F|  |TAMS 0x00000000eb600000, 0x00000000eb600000| Untracked 
| 183|0x00000000eb700000, 0x00000000eb700000, 0x00000000eb800000|  0%| F|  |TAMS 0x00000000eb700000, 0x00000000eb700000| Untracked 
| 184|0x00000000eb800000, 0x00000000eb800000, 0x00000000eb900000|  0%| F|  |TAMS 0x00000000eb800000, 0x00000000eb800000| Untracked 
| 185|0x00000000eb900000, 0x00000000eb900000, 0x00000000eba00000|  0%| F|  |TAMS 0x00000000eb900000, 0x00000000eb900000| Untracked 
| 186|0x00000000eba00000, 0x00000000eba00000, 0x00000000ebb00000|  0%| F|  |TAMS 0x00000000eba00000, 0x00000000eba00000| Untracked 
| 187|0x00000000ebb00000, 0x00000000ebb00000, 0x00000000ebc00000|  0%| F|  |TAMS 0x00000000ebb00000, 0x00000000ebb00000| Untracked 
| 188|0x00000000ebc00000, 0x00000000ebc00000, 0x00000000ebd00000|  0%| F|  |TAMS 0x00000000ebc00000, 0x00000000ebc00000| Untracked 
| 189|0x00000000ebd00000, 0x00000000ebd00000, 0x00000000ebe00000|  0%| F|  |TAMS 0x00000000ebd00000, 0x00000000ebd00000| Untracked 
| 190|0x00000000ebe00000, 0x00000000ebe00000, 0x00000000ebf00000|  0%| F|  |TAMS 0x00000000ebe00000, 0x00000000ebe00000| Untracked 
| 191|0x00000000ebf00000, 0x00000000ebf00000, 0x00000000ec000000|  0%| F|  |TAMS 0x00000000ebf00000, 0x00000000ebf00000| Untracked 
| 192|0x00000000ec000000, 0x00000000ec000000, 0x00000000ec100000|  0%| F|  |TAMS 0x00000000ec000000, 0x00000000ec000000| Untracked 
| 193|0x00000000ec100000, 0x00000000ec100000, 0x00000000ec200000|  0%| F|  |TAMS 0x00000000ec100000, 0x00000000ec100000| Untracked 
| 194|0x00000000ec200000, 0x00000000ec200000, 0x00000000ec300000|  0%| F|  |TAMS 0x00000000ec200000, 0x00000000ec200000| Untracked 
| 195|0x00000000ec300000, 0x00000000ec300000, 0x00000000ec400000|  0%| F|  |TAMS 0x00000000ec300000, 0x00000000ec300000| Untracked 
| 196|0x00000000ec400000, 0x00000000ec400000, 0x00000000ec500000|  0%| F|  |TAMS 0x00000000ec400000, 0x00000000ec400000| Untracked 
| 197|0x00000000ec500000, 0x00000000ec500000, 0x00000000ec600000|  0%| F|  |TAMS 0x00000000ec500000, 0x00000000ec500000| Untracked 
| 198|0x00000000ec600000, 0x00000000ec600000, 0x00000000ec700000|  0%| F|  |TAMS 0x00000000ec600000, 0x00000000ec600000| Untracked 
| 199|0x00000000ec700000, 0x00000000ec700000, 0x00000000ec800000|  0%| F|  |TAMS 0x00000000ec700000, 0x00000000ec700000| Untracked 
| 200|0x00000000ec800000, 0x00000000ec800000, 0x00000000ec900000|  0%| F|  |TAMS 0x00000000ec800000, 0x00000000ec800000| Untracked 
| 201|0x00000000ec900000, 0x00000000ec900000, 0x00000000eca00000|  0%| F|  |TAMS 0x00000000ec900000, 0x00000000ec900000| Untracked 
| 202|0x00000000eca00000, 0x00000000eca00000, 0x00000000ecb00000|  0%| F|  |TAMS 0x00000000eca00000, 0x00000000eca00000| Untracked 
| 203|0x00000000ecb00000, 0x00000000ecb00000, 0x00000000ecc00000|  0%| F|  |TAMS 0x00000000ecb00000, 0x00000000ecb00000| Untracked 
| 204|0x00000000ecc00000, 0x00000000ecc00000, 0x00000000ecd00000|  0%| F|  |TAMS 0x00000000ecc00000, 0x00000000ecc00000| Untracked 
| 205|0x00000000ecd00000, 0x00000000ecd00000, 0x00000000ece00000|  0%| F|  |TAMS 0x00000000ecd00000, 0x00000000ecd00000| Untracked 
| 206|0x00000000ece00000, 0x00000000ece00000, 0x00000000ecf00000|  0%| F|  |TAMS 0x00000000ece00000, 0x00000000ece00000| Untracked 
| 207|0x00000000ecf00000, 0x00000000ecf00000, 0x00000000ed000000|  0%| F|  |TAMS 0x00000000ecf00000, 0x00000000ecf00000| Untracked 
| 208|0x00000000ed000000, 0x00000000ed000000, 0x00000000ed100000|  0%| F|  |TAMS 0x00000000ed000000, 0x00000000ed000000| Untracked 
| 209|0x00000000ed100000, 0x00000000ed100000, 0x00000000ed200000|  0%| F|  |TAMS 0x00000000ed100000, 0x00000000ed100000| Untracked 
| 210|0x00000000ed200000, 0x00000000ed200000, 0x00000000ed300000|  0%| F|  |TAMS 0x00000000ed200000, 0x00000000ed200000| Untracked 
| 211|0x00000000ed300000, 0x00000000ed300000, 0x00000000ed400000|  0%| F|  |TAMS 0x00000000ed300000, 0x00000000ed300000| Untracked 
| 212|0x00000000ed400000, 0x00000000ed400000, 0x00000000ed500000|  0%| F|  |TAMS 0x00000000ed400000, 0x00000000ed400000| Untracked 
| 213|0x00000000ed500000, 0x00000000ed500000, 0x00000000ed600000|  0%| F|  |TAMS 0x00000000ed500000, 0x00000000ed500000| Untracked 
| 214|0x00000000ed600000, 0x00000000ed600000, 0x00000000ed700000|  0%| F|  |TAMS 0x00000000ed600000, 0x00000000ed600000| Untracked 
| 215|0x00000000ed700000, 0x00000000ed700000, 0x00000000ed800000|  0%| F|  |TAMS 0x00000000ed700000, 0x00000000ed700000| Untracked 
| 216|0x00000000ed800000, 0x00000000ed800000, 0x00000000ed900000|  0%| F|  |TAMS 0x00000000ed800000, 0x00000000ed800000| Untracked 
| 217|0x00000000ed900000, 0x00000000ed900000, 0x00000000eda00000|  0%| F|  |TAMS 0x00000000ed900000, 0x00000000ed900000| Untracked 
| 218|0x00000000eda00000, 0x00000000eda00000, 0x00000000edb00000|  0%| F|  |TAMS 0x00000000eda00000, 0x00000000eda00000| Untracked 
| 219|0x00000000edb00000, 0x00000000edb00000, 0x00000000edc00000|  0%| F|  |TAMS 0x00000000edb00000, 0x00000000edb00000| Untracked 
| 220|0x00000000edc00000, 0x00000000edc80800, 0x00000000edd00000| 50%| E|  |TAMS 0x00000000edc00000, 0x00000000edc00000| Complete 
| 221|0x00000000edd00000, 0x00000000ede00000, 0x00000000ede00000|100%| E|CS|TAMS 0x00000000edd00000, 0x00000000edd00000| Complete 
| 222|0x00000000ede00000, 0x00000000edf00000, 0x00000000edf00000|100%| E|CS|TAMS 0x00000000ede00000, 0x00000000ede00000| Complete 
| 223|0x00000000edf00000, 0x00000000ee000000, 0x00000000ee000000|100%| E|CS|TAMS 0x00000000edf00000, 0x00000000edf00000| Complete 
| 224|0x00000000ee000000, 0x00000000ee100000, 0x00000000ee100000|100%| E|CS|TAMS 0x00000000ee000000, 0x00000000ee000000| Complete 
| 225|0x00000000ee100000, 0x00000000ee200000, 0x00000000ee200000|100%| E|CS|TAMS 0x00000000ee100000, 0x00000000ee100000| Complete 
| 226|0x00000000ee200000, 0x00000000ee300000, 0x00000000ee300000|100%| E|CS|TAMS 0x00000000ee200000, 0x00000000ee200000| Complete 
| 227|0x00000000ee300000, 0x00000000ee400000, 0x00000000ee400000|100%| E|CS|TAMS 0x00000000ee300000, 0x00000000ee300000| Complete 
| 228|0x00000000ee400000, 0x00000000ee500000, 0x00000000ee500000|100%| E|CS|TAMS 0x00000000ee400000, 0x00000000ee400000| Complete 
| 229|0x00000000ee500000, 0x00000000ee600000, 0x00000000ee600000|100%| E|CS|TAMS 0x00000000ee500000, 0x00000000ee500000| Complete 
| 230|0x00000000ee600000, 0x00000000ee700000, 0x00000000ee700000|100%| E|CS|TAMS 0x00000000ee600000, 0x00000000ee600000| Complete 
| 231|0x00000000ee700000, 0x00000000ee800000, 0x00000000ee800000|100%| E|CS|TAMS 0x00000000ee700000, 0x00000000ee700000| Complete 
| 232|0x00000000ee800000, 0x00000000ee900000, 0x00000000ee900000|100%| E|CS|TAMS 0x00000000ee800000, 0x00000000ee800000| Complete 
| 233|0x00000000ee900000, 0x00000000eea00000, 0x00000000eea00000|100%| E|CS|TAMS 0x00000000ee900000, 0x00000000ee900000| Complete 
| 234|0x00000000eea00000, 0x00000000eeb00000, 0x00000000eeb00000|100%| E|CS|TAMS 0x00000000eea00000, 0x00000000eea00000| Complete 
| 235|0x00000000eeb00000, 0x00000000eec00000, 0x00000000eec00000|100%| E|CS|TAMS 0x00000000eeb00000, 0x00000000eeb00000| Complete 
| 236|0x00000000eec00000, 0x00000000eed00000, 0x00000000eed00000|100%| E|CS|TAMS 0x00000000eec00000, 0x00000000eec00000| Complete 
| 237|0x00000000eed00000, 0x00000000eee00000, 0x00000000eee00000|100%| E|CS|TAMS 0x00000000eed00000, 0x00000000eed00000| Complete 
| 238|0x00000000eee00000, 0x00000000eef00000, 0x00000000eef00000|100%| E|CS|TAMS 0x00000000eee00000, 0x00000000eee00000| Complete 
| 239|0x00000000eef00000, 0x00000000ef000000, 0x00000000ef000000|100%| E|CS|TAMS 0x00000000eef00000, 0x00000000eef00000| Complete 
| 240|0x00000000ef000000, 0x00000000ef100000, 0x00000000ef100000|100%| E|CS|TAMS 0x00000000ef000000, 0x00000000ef000000| Complete 
| 241|0x00000000ef100000, 0x00000000ef200000, 0x00000000ef200000|100%| E|CS|TAMS 0x00000000ef100000, 0x00000000ef100000| Complete 
| 242|0x00000000ef200000, 0x00000000ef300000, 0x00000000ef300000|100%| E|CS|TAMS 0x00000000ef200000, 0x00000000ef200000| Complete 
| 243|0x00000000ef300000, 0x00000000ef400000, 0x00000000ef400000|100%| E|CS|TAMS 0x00000000ef300000, 0x00000000ef300000| Complete 
| 244|0x00000000ef400000, 0x00000000ef500000, 0x00000000ef500000|100%| E|CS|TAMS 0x00000000ef400000, 0x00000000ef400000| Complete 
| 245|0x00000000ef500000, 0x00000000ef600000, 0x00000000ef600000|100%| E|CS|TAMS 0x00000000ef500000, 0x00000000ef500000| Complete 
| 246|0x00000000ef600000, 0x00000000ef700000, 0x00000000ef700000|100%| E|CS|TAMS 0x00000000ef600000, 0x00000000ef600000| Complete 
| 247|0x00000000ef700000, 0x00000000ef800000, 0x00000000ef800000|100%| E|CS|TAMS 0x00000000ef700000, 0x00000000ef700000| Complete 
| 248|0x00000000ef800000, 0x00000000ef900000, 0x00000000ef900000|100%| E|CS|TAMS 0x00000000ef800000, 0x00000000ef800000| Complete 
| 249|0x00000000ef900000, 0x00000000efa00000, 0x00000000efa00000|100%| E|CS|TAMS 0x00000000ef900000, 0x00000000ef900000| Complete 
| 250|0x00000000efa00000, 0x00000000efb00000, 0x00000000efb00000|100%| E|CS|TAMS 0x00000000efa00000, 0x00000000efa00000| Complete 
| 251|0x00000000efb00000, 0x00000000efc00000, 0x00000000efc00000|100%| E|CS|TAMS 0x00000000efb00000, 0x00000000efb00000| Complete 
| 252|0x00000000efc00000, 0x00000000efd00000, 0x00000000efd00000|100%| E|CS|TAMS 0x00000000efc00000, 0x00000000efc00000| Complete 
| 253|0x00000000efd00000, 0x00000000efe00000, 0x00000000efe00000|100%| E|CS|TAMS 0x00000000efd00000, 0x00000000efd00000| Complete 
| 254|0x00000000efe00000, 0x00000000eff00000, 0x00000000eff00000|100%| E|CS|TAMS 0x00000000efe00000, 0x00000000efe00000| Complete 
| 255|0x00000000eff00000, 0x00000000f0000000, 0x00000000f0000000|100%| E|CS|TAMS 0x00000000eff00000, 0x00000000eff00000| Complete 

Card table byte_map: [0x0000022fa4d30000,0x0000022fa4e30000] _byte_map_base: 0x0000022fa4630000

Marking Bits (Prev, Next): (CMBitMap*) 0x0000022f8e4a9660, (CMBitMap*) 0x0000022f8e4a9620
 Prev Bits: [0x0000022fa5730000, 0x0000022fa5f30000)
 Next Bits: [0x0000022fa4f30000, 0x0000022fa5730000)

Polling page: 0x0000022f8dc50000

Metaspace:

Usage:
  Non-class:     21.22 MB used.
      Class:      3.69 MB used.
       Both:     24.91 MB used.

Virtual space:
  Non-class space:       64.00 MB reserved,      21.38 MB ( 33%) committed,  1 nodes.
      Class space:      320.00 MB reserved,       3.88 MB (  1%) committed,  1 nodes.
             Both:      384.00 MB reserved,      25.25 MB (  7%) committed. 

Chunk freelists:
   Non-Class:  9.76 MB
       Class:  11.97 MB
        Both:  21.73 MB

MaxMetaspaceSize: 384.00 MB
CompressedClassSpaceSize: 320.00 MB
Initial GC threshold: 21.00 MB
Current GC threshold: 35.12 MB
CDS: on
MetaspaceReclaimPolicy: balanced
 - commit_granule_bytes: 65536.
 - commit_granule_words: 8192.
 - virtual_space_node_default_size: 8388608.
 - enlarge_chunks_in_place: 1.
 - new_chunks_are_fully_committed: 0.
 - uncommit_free_chunks: 1.
 - use_allocation_guard: 0.
 - handle_deallocations: 1.


Internal statistics:

num_allocs_failed_limit: 3.
num_arena_births: 256.
num_arena_deaths: 0.
num_vsnodes_births: 2.
num_vsnodes_deaths: 0.
num_space_committed: 404.
num_space_uncommitted: 0.
num_chunks_returned_to_freelist: 3.
num_chunks_taken_from_freelist: 1179.
num_chunk_merges: 3.
num_chunk_splits: 806.
num_chunks_enlarged: 583.
num_inconsistent_stats: 0.

CodeHeap 'non-profiled nmethods': size=120000Kb used=1793Kb max_used=1793Kb free=118206Kb
 bounds [0x0000022f9d800000, 0x0000022f9da70000, 0x0000022fa4d30000]
CodeHeap 'profiled nmethods': size=120000Kb used=6853Kb max_used=6853Kb free=113147Kb
 bounds [0x0000022f95d30000, 0x0000022f963f0000, 0x0000022f9d260000]
CodeHeap 'non-nmethods': size=5760Kb used=1240Kb max_used=1310Kb free=4519Kb
 bounds [0x0000022f9d260000, 0x0000022f9d4d0000, 0x0000022f9d800000]
 total_blobs=3797 nmethods=3245 adapters=464
 compilation: enabled
              stopped_count=0, restarted_count=0
 full_count=0

Compilation events (20 events):
Event: 84.994 Thread 0x0000022fa8574690 3241       3       sun.nio.ch.DatagramChannelImpl::ensureOpen (16 bytes)
Event: 84.994 Thread 0x0000022fa8574690 nmethod 3241 0x0000022f963e0710 code [0x0000022f963e08c0, 0x0000022f963e0ba8]
Event: 84.994 Thread 0x0000022fa8574690 3242  s    1       java.net.DatagramPacket::setAddress (6 bytes)
Event: 84.994 Thread 0x0000022fa8574690 nmethod 3242 0x0000022f9d9bdd10 code [0x0000022f9d9bdea0, 0x0000022f9d9be058]
Event: 84.994 Thread 0x0000022fa8574690 3245       1       sun.nio.ch.NativeSocketAddress::address (5 bytes)
Event: 84.994 Thread 0x0000022fa8574690 nmethod 3245 0x0000022f9d9be110 code [0x0000022f9d9be2a0, 0x0000022f9d9be378]
Event: 84.994 Thread 0x0000022fa8574690 3243  s    1       java.net.DatagramPacket::getLength (5 bytes)
Event: 84.994 Thread 0x0000022fa8574690 nmethod 3243 0x0000022f9d9be410 code [0x0000022f9d9be5a0, 0x0000022f9d9be718]
Event: 84.995 Thread 0x0000022fa8574690 3244  s    1       java.net.DatagramPacket::getOffset (5 bytes)
Event: 84.995 Thread 0x0000022fa8574690 nmethod 3244 0x0000022f9d9be790 code [0x0000022f9d9be920, 0x0000022f9d9bea98]
Event: 84.997 Thread 0x0000022fa8574690 3246       1       java.net.InetAddress$InetAddressHolder::getAddress (5 bytes)
Event: 84.998 Thread 0x0000022fa8574690 nmethod 3246 0x0000022f9d9beb10 code [0x0000022f9d9beca0, 0x0000022f9d9bed78]
Event: 84.998 Thread 0x0000022fa8574690 3247       3       jdk.internal.misc.Unsafe::putByte (8 bytes)
Event: 84.998 Thread 0x0000022fa8574690 nmethod 3247 0x0000022f963e0d10 code [0x0000022f963e0ea0, 0x0000022f963e0fb8]
Event: 85.003 Thread 0x0000022fa8509a60 nmethod 3238 0x0000022f9d9bf210 code [0x0000022f9d9bf3c0, 0x0000022f9d9bfa88]
Event: 85.003 Thread 0x0000022fa8509a60 3239       4       java.lang.invoke.VarForm::getMemberName (20 bytes)
Event: 85.004 Thread 0x0000022fa8509a60 nmethod 3239 0x0000022f9d9bfd10 code [0x0000022f9d9bfea0, 0x0000022f9d9bff88]
Event: 86.396 Thread 0x0000022fa8574690 3249       3       java.net.InetSocketAddress::getAddress (8 bytes)
Event: 86.396 Thread 0x0000022fa8574690 nmethod 3249 0x0000022f963e1090 code [0x0000022f963e1220, 0x0000022f963e1358]
Event: 86.440 Thread 0x0000022fa8509a60 3252       4       jdk.internal.org.objectweb.asm.SymbolTable::addType (81 bytes)

GC Heap History (8 events):
Event: 5.111 GC heap before
{Heap before GC invocations=0 (full 0):
 garbage-first heap   total 262144K, used 13312K [0x00000000e0000000, 0x0000000100000000)
  region size 1024K, 13 young (13312K), 0 survivors (0K)
 Metaspace       used 1015K, committed 1152K, reserved 393216K
  class space    used 77K, committed 128K, reserved 327680K
}
Event: 5.142 GC heap after
{Heap after GC invocations=1 (full 0):
 garbage-first heap   total 262144K, used 3624K [0x00000000e0000000, 0x0000000100000000)
  region size 1024K, 2 young (2048K), 2 survivors (2048K)
 Metaspace       used 1015K, committed 1152K, reserved 393216K
  class space    used 77K, committed 128K, reserved 327680K
}
Event: 12.006 GC heap before
{Heap before GC invocations=1 (full 0):
 garbage-first heap   total 262144K, used 23080K [0x00000000e0000000, 0x0000000100000000)
  region size 1024K, 17 young (17408K), 2 survivors (2048K)
 Metaspace       used 3854K, committed 4032K, reserved 393216K
  class space    used 486K, committed 576K, reserved 327680K
}
Event: 12.010 GC heap after
{Heap after GC invocations=2 (full 0):
 garbage-first heap   total 262144K, used 10835K [0x00000000e0000000, 0x0000000100000000)
  region size 1024K, 3 young (3072K), 3 survivors (3072K)
 Metaspace       used 3854K, committed 4032K, reserved 393216K
  class space    used 486K, committed 576K, reserved 327680K
}
Event: 13.818 GC heap before
{Heap before GC invocations=2 (full 0):
 garbage-first heap   total 262144K, used 33363K [0x00000000e0000000, 0x0000000100000000)
  region size 1024K, 25 young (25600K), 3 survivors (3072K)
 Metaspace       used 4008K, committed 4160K, reserved 393216K
  class space    used 492K, committed 576K, reserved 327680K
}
Event: 13.823 GC heap after
{Heap after GC invocations=3 (full 0):
 garbage-first heap   total 262144K, used 11390K [0x00000000e0000000, 0x0000000100000000)
  region size 1024K, 1 young (1024K), 1 survivors (1024K)
 Metaspace       used 4008K, committed 4160K, reserved 393216K
  class space    used 492K, committed 576K, reserved 327680K
}
Event: 54.925 GC heap before
{Heap before GC invocations=3 (full 0):
 garbage-first heap   total 262144K, used 129150K [0x00000000e0000000, 0x0000000100000000)
  region size 1024K, 116 young (118784K), 1 survivors (1024K)
 Metaspace       used 21210K, committed 21504K, reserved 393216K
  class space    used 3108K, committed 3200K, reserved 327680K
}
Event: 54.946 GC heap after
{Heap after GC invocations=4 (full 0):
 garbage-first heap   total 262144K, used 22483K [0x00000000e0000000, 0x0000000100000000)
  region size 1024K, 12 young (12288K), 12 survivors (12288K)
 Metaspace       used 21210K, committed 21504K, reserved 393216K
  class space    used 3108K, committed 3200K, reserved 327680K
}

Deoptimization events (20 events):
Event: 50.185 Thread 0x0000022fc2984ff0 Uncommon trap: trap_request=0xffffff45 fr.pc=0x0000022f9d87b058 relative=0x0000000000000618
Event: 50.185 Thread 0x0000022fc2984ff0 Uncommon trap: reason=unstable_if action=reinterpret pc=0x0000022f9d87b058 method=java.io.File.getName()Ljava/lang/String; @ 16 c2
Event: 50.185 Thread 0x0000022fc2984ff0 DEOPT PACKING pc=0x0000022f9d87b058 sp=0x00000044fa2fcba0
Event: 50.185 Thread 0x0000022fc2984ff0 DEOPT UNPACKING pc=0x0000022f9d2b23a3 sp=0x00000044fa2fcb70 mode 2
Event: 52.695 Thread 0x0000022fc2984ff0 Uncommon trap: trap_request=0xffffff45 fr.pc=0x0000022f9d922db4 relative=0x00000000000003f4
Event: 52.695 Thread 0x0000022fc2984ff0 Uncommon trap: reason=unstable_if action=reinterpret pc=0x0000022f9d922db4 method=java.util.HashMap.getNode(Ljava/lang/Object;)Ljava/util/HashMap$Node; @ 131 c2
Event: 52.695 Thread 0x0000022fc2984ff0 DEOPT PACKING pc=0x0000022f9d922db4 sp=0x00000044fa2fab90
Event: 52.695 Thread 0x0000022fc2984ff0 DEOPT UNPACKING pc=0x0000022f9d2b23a3 sp=0x00000044fa2faab0 mode 2
Event: 53.415 Thread 0x0000022fc2984ff0 Uncommon trap: trap_request=0xffffff45 fr.pc=0x0000022f9d87a704 relative=0x00000000000000e4
Event: 53.415 Thread 0x0000022fc2984ff0 Uncommon trap: reason=unstable_if action=reinterpret pc=0x0000022f9d87a704 method=java.util.HashMap.hash(Ljava/lang/Object;)I @ 1 c2
Event: 53.415 Thread 0x0000022fc2984ff0 DEOPT PACKING pc=0x0000022f9d87a704 sp=0x00000044fa2f9b20
Event: 53.415 Thread 0x0000022fc2984ff0 DEOPT UNPACKING pc=0x0000022f9d2b23a3 sp=0x00000044fa2f9a60 mode 2
Event: 54.177 Thread 0x0000022fc2984ff0 Uncommon trap: trap_request=0xffffff76 fr.pc=0x0000022f9d97c824 relative=0x0000000000000184
Event: 54.177 Thread 0x0000022fc2984ff0 Uncommon trap: reason=predicate action=maybe_recompile pc=0x0000022f9d97c824 method=com.google.common.base.CharMatcher.indexIn(Ljava/lang/CharSequence;I)I @ 19 c2
Event: 54.177 Thread 0x0000022fc2984ff0 DEOPT PACKING pc=0x0000022f9d97c824 sp=0x00000044fa2fa2b0
Event: 54.177 Thread 0x0000022fc2984ff0 DEOPT UNPACKING pc=0x0000022f9d2b23a3 sp=0x00000044fa2fa240 mode 2
Event: 58.346 Thread 0x0000022fc2984ff0 Uncommon trap: trap_request=0xffffff45 fr.pc=0x0000022f9d8456b8 relative=0x00000000000005f8
Event: 58.346 Thread 0x0000022fc2984ff0 Uncommon trap: reason=unstable_if action=reinterpret pc=0x0000022f9d8456b8 method=java.util.HashMap.hash(Ljava/lang/Object;)I @ 1 c2
Event: 58.346 Thread 0x0000022fc2984ff0 DEOPT PACKING pc=0x0000022f9d8456b8 sp=0x00000044fa2f69b0
Event: 58.347 Thread 0x0000022fc2984ff0 DEOPT UNPACKING pc=0x0000022f9d2b23a3 sp=0x00000044fa2f6858 mode 2

Classes unloaded (0 events):
No events

Classes redefined (0 events):
No events

Internal exceptions (20 events):
Event: 53.415 Thread 0x0000022fc2984ff0 Implicit null exception at 0x0000022f9d87a660 to 0x0000022f9d87a6fa
Event: 54.268 Thread 0x0000022fc2984ff0 Exception <a 'java/lang/NoSuchMethodError'{0x00000000e94ea158}: 'void java.lang.invoke.DirectMethodHandle$Holder.invokeStatic(java.lang.Object, java.lang.Object, java.lang.Object, java.lang.Object)'> (0x00000000e94ea158) 
thrown [s\open\src\hotspot\share\interpreter\linkResolver.cpp, line 759]
Event: 54.274 Thread 0x0000022fc2984ff0 Exception <a 'java/lang/NoSuchMethodError'{0x00000000e94fe4e0}: 'int java.lang.invoke.DirectMethodHandle$Holder.invokeVirtual(java.lang.Object, java.lang.Object)'> (0x00000000e94fe4e0) 
thrown [s\open\src\hotspot\share\interpreter\linkResolver.cpp, line 759]
Event: 54.280 Thread 0x0000022fc2984ff0 Exception <a 'java/lang/NoSuchMethodError'{0x00000000e9311610}: 'java.lang.Object java.lang.invoke.DirectMethodHandle$Holder.invokeStaticInit(java.lang.Object, java.lang.Object, java.lang.Object)'> (0x00000000e9311610) 
thrown [s\open\src\hotspot\share\interpreter\linkResolver.cpp, line 759]
Event: 54.298 Thread 0x0000022fc2984ff0 Exception <a 'java/lang/NoSuchMethodError'{0x00000000e9326788}: 'int java.lang.invoke.DirectMethodHandle$Holder.invokeVirtual(java.lang.Object, java.lang.Object, java.lang.Object)'> (0x00000000e9326788) 
thrown [s\open\src\hotspot\share\interpreter\linkResolver.cpp, line 759]
Event: 55.945 Thread 0x0000022fc2984ff0 Exception <a 'java/lang/NoSuchMethodError'{0x00000000efb34d30}: 'java.lang.Object java.lang.invoke.DirectMethodHandle$Holder.invokeSpecialIFC(java.lang.Object, java.lang.Object, java.lang.Object, java.lang.Object)'> (0x00000000efb34d30) 
thrown [s\open\src\hotspot\share\interpreter\linkResolver.cpp, line 759]
Event: 56.100 Thread 0x0000022fc2984ff0 Exception <a 'java/lang/NoSuchMethodError'{0x00000000efbb65d8}: 'java.lang.Object java.lang.invoke.DirectMethodHandle$Holder.newInvokeSpecial(java.lang.Object, java.lang.Object, java.lang.Object, java.lang.Object, java.lang.Object, java.lang.Object, java.lang.Object, java.lang.Object, java.lang.Object, java.lang.Object)'> (0x00000000efbb65d8) 
thrown [s\open\src\hotspot\share\interpreter\linkResolver.cpp, line 759]
Event: 56.102 Thread 0x0000022fc2984ff0 Exception <a 'java/lang/NoSuchMethodError'{0x00000000efbbb4c0}: 'java.lang.Object java.lang.invoke.Invokers$Holder.linkToTargetMethod(java.lang.Object, java.lang.Object, java.lang.Object, java.lang.Object, java.lang.Object, java.lang.Object, java.lang.Object, java.lang.Object, java.lang.Object, java.lang.Object)'> (0x00000000efbbb4c0) 
thrown [s\open\src\hotspot\share\interpreter\linkResolver.cpp, line 759]
Event: 56.223 Thread 0x0000022fc2984ff0 Exception <a 'java/lang/NoSuchMethodError'{0x00000000efa2f338}: 'java.lang.Object java.lang.invoke.DirectMethodHandle$Holder.newInvokeSpecial(java.lang.Object, java.lang.Object, java.lang.Object, java.lang.Object, java.lang.Object, java.lang.Object, java.lang.Object, java.lang.Object, java.lang.Object, java.lang.Object, java.lang.Object)'> (0x00000000efa2f338) 
thrown [s\open\src\hotspot\share\interpreter\linkResolver.cpp, line 759]
Event: 56.556 Thread 0x0000022fc2984ff0 Exception <a 'java/lang/NoSuchMethodError'{0x00000000efa34e70}: 'java.lang.Object java.lang.invoke.DirectMethodHandle$Holder.invokeSpecial(java.lang.Object, java.lang.Object, java.lang.Object, java.lang.Object, java.lang.Object, java.lang.Object, java.lang.Object, java.lang.Object, java.lang.Object, java.lang.Object, java.lang.Object, java.lang.Object)'> (0x00000000efa34e70) 
thrown [s\open\src\hotspot\share\interpreter\linkResolver.cpp, line 759]
Event: 56.557 Thread 0x0000022fc2984ff0 Exception <a 'java/lang/NoSuchMethodError'{0x00000000efa3a7b8}: 'java.lang.Object java.lang.invoke.Invokers$Holder.linkToTargetMethod(java.lang.Object, java.lang.Object, java.lang.Object, java.lang.Object, java.lang.Object, java.lang.Object, java.lang.Object, java.lang.Object, java.lang.Object, java.lang.Object, java.lang.Object)'> (0x00000000efa3a7b8) 
thrown [s\open\src\hotspot\share\interpreter\linkResolver.cpp, line 759]
Event: 56.825 Thread 0x0000022fc2984ff0 Exception <a 'java/lang/NoSuchMethodError'{0x00000000efaca358}: 'java.lang.Object java.lang.invoke.DirectMethodHandle$Holder.invokeStaticInit(java.lang.Object, java.lang.Object, java.lang.Object, java.lang.Object)'> (0x00000000efaca358) 
thrown [s\open\src\hotspot\share\interpreter\linkResolver.cpp, line 759]
Event: 58.346 Thread 0x0000022fc2984ff0 Implicit null exception at 0x0000022f9d84510f to 0x0000022f9d845698
Event: 59.373 Thread 0x0000022fc2984ff0 Exception <a 'java/lang/NoSuchMethodError'{0x00000000ee8d4258}: 'java.lang.Object java.lang.invoke.DirectMethodHandle$Holder.newInvokeSpecial(java.lang.Object, java.lang.Object, java.lang.Object, java.lang.Object, java.lang.Object, java.lang.Object, java.lang.Object, java.lang.Object)'> (0x00000000ee8d4258) 
thrown [s\open\src\hotspot\share\interpreter\linkResolver.cpp, line 759]
Event: 59.373 Thread 0x0000022fc2984ff0 Exception <a 'java/lang/NoSuchMethodError'{0x00000000ee8d9f08}: 'java.lang.Object java.lang.invoke.DirectMethodHandle$Holder.invokeSpecial(java.lang.Object, java.lang.Object, java.lang.Object, java.lang.Object, java.lang.Object, java.lang.Object, java.lang.Object, java.lang.Object, java.lang.Object)'> (0x00000000ee8d9f08) 
thrown [s\open\src\hotspot\share\interpreter\linkResolver.cpp, line 759]
Event: 59.374 Thread 0x0000022fc2984ff0 Exception <a 'java/lang/NoSuchMethodError'{0x00000000ee8df560}: 'java.lang.Object java.lang.invoke.Invokers$Holder.linkToTargetMethod(java.lang.Object, java.lang.Object, java.lang.Object, java.lang.Object, java.lang.Object, java.lang.Object, java.lang.Object, java.lang.Object)'> (0x00000000ee8df560) 
thrown [s\open\src\hotspot\share\interpreter\linkResolver.cpp, line 759]
Event: 59.388 Thread 0x0000022fc2984ff0 Exception <a 'java/lang/IncompatibleClassChangeError'{0x00000000ee74d508}: Found class java.lang.Object, but interface was expected> (0x00000000ee74d508) 
thrown [s\open\src\hotspot\share\interpreter\linkResolver.cpp, line 826]
Event: 86.436 Thread 0x0000022fc2984ff0 Exception <a 'java/lang/NoSuchMethodError'{0x00000000edda4de0}: 'int java.lang.invoke.DirectMethodHandle$Holder.invokeStaticInit(java.lang.Object, java.lang.Object, java.lang.Object)'> (0x00000000edda4de0) 
thrown [s\open\src\hotspot\share\interpreter\linkResolver.cpp, line 759]
Event: 86.440 Thread 0x0000022fc2984ff0 Exception <a 'java/lang/NoSuchMethodError'{0x00000000edc0aef8}: 'java.lang.Object java.lang.invoke.DirectMethodHandle$Holder.newInvokeSpecial(java.lang.Object, java.lang.Object, long)'> (0x00000000edc0aef8) 
thrown [s\open\src\hotspot\share\interpreter\linkResolver.cpp, line 759]
Event: 86.441 Thread 0x0000022fc2984ff0 Exception <a 'java/lang/NoSuchMethodError'{0x00000000edc0f508}: 'java.lang.Object java.lang.invoke.Invokers$Holder.linkToTargetMethod(java.lang.Object, long, java.lang.Object)'> (0x00000000edc0f508) 
thrown [s\open\src\hotspot\share\interpreter\linkResolver.cpp, line 759]

VM Operations (20 events):
Event: 59.359 Executing VM operation: HandshakeAllThreads
Event: 59.359 Executing VM operation: HandshakeAllThreads done
Event: 59.359 Executing VM operation: Cleanup
Event: 59.359 Executing VM operation: Cleanup done
Event: 60.167 Executing VM operation: HandshakeAllThreads
Event: 60.167 Executing VM operation: HandshakeAllThreads done
Event: 61.182 Executing VM operation: Cleanup
Event: 61.182 Executing VM operation: Cleanup done
Event: 62.188 Executing VM operation: Cleanup
Event: 62.188 Executing VM operation: Cleanup done
Event: 65.207 Executing VM operation: Cleanup
Event: 65.207 Executing VM operation: Cleanup done
Event: 75.272 Executing VM operation: Cleanup
Event: 75.272 Executing VM operation: Cleanup done
Event: 77.280 Executing VM operation: Cleanup
Event: 77.280 Executing VM operation: Cleanup done
Event: 78.295 Executing VM operation: Cleanup
Event: 78.295 Executing VM operation: Cleanup done
Event: 85.351 Executing VM operation: Cleanup
Event: 85.351 Executing VM operation: Cleanup done

Events (20 events):
Event: 58.335 loading class java/lang/reflect/AnnotatedType
Event: 58.336 loading class java/lang/reflect/AnnotatedType done
Event: 58.346 loading class sun/reflect/misc/ReflectUtil
Event: 58.346 loading class sun/reflect/misc/ReflectUtil done
Event: 58.366 loading class java/lang/Class$EnclosingMethodInfo
Event: 58.367 loading class java/lang/Class$EnclosingMethodInfo done
Event: 58.371 loading class sun/reflect/generics/tree/IntSignature
Event: 58.372 loading class sun/reflect/generics/tree/IntSignature done
Event: 58.372 loading class sun/reflect/generics/tree/ArrayTypeSignature
Event: 58.372 loading class sun/reflect/generics/tree/ArrayTypeSignature done
Event: 58.382 loading class java/lang/SafeVarargs
Event: 58.382 loading class java/lang/SafeVarargs done
Event: 58.872 Thread 0x0000022fc3ea25f0 Thread added: 0x0000022fc3ea25f0
Event: 59.239 Thread 0x0000022fc3ea3f40 Thread added: 0x0000022fc3ea3f40
Event: 59.670 loading class java/util/regex/Pattern$Pos
Event: 59.671 loading class java/util/regex/Pattern$Pos done
Event: 59.676 loading class java/io/StringReader
Event: 59.676 loading class java/io/StringReader done
Event: 59.720 loading class java/math/MutableBigInteger
Event: 59.722 loading class java/math/MutableBigInteger done


Dynamic libraries:
0x00007ff7613b0000 - 0x00007ff7613c0000 	C:\Program Files\Java\jdk-17\bin\java.exe
0x00007fffefeb0000 - 0x00007ffff00a8000 	C:\WINDOWS\SYSTEM32\ntdll.dll
0x00007fffee5c0000 - 0x00007fffee67d000 	C:\WINDOWS\System32\KERNEL32.DLL
0x00007fffedae0000 - 0x00007fffeddd6000 	C:\WINDOWS\System32\KERNELBASE.dll
0x00007fffedde0000 - 0x00007fffedee0000 	C:\WINDOWS\System32\ucrtbase.dll
0x00007fffe8bd0000 - 0x00007fffe8be9000 	C:\Program Files\Java\jdk-17\bin\jli.dll
0x00007fffefcf0000 - 0x00007fffefda0000 	C:\WINDOWS\System32\ADVAPI32.dll
0x00007fffef310000 - 0x00007fffef3ae000 	C:\WINDOWS\System32\msvcrt.dll
0x00007fffeee00000 - 0x00007fffeeea0000 	C:\WINDOWS\System32\sechost.dll
0x00007fffeeb00000 - 0x00007fffeec25000 	C:\WINDOWS\System32\RPCRT4.dll
0x00007fffed560000 - 0x00007fffed587000 	C:\WINDOWS\System32\bcrypt.dll
0x00007fffee7b0000 - 0x00007fffee94e000 	C:\WINDOWS\System32\USER32.dll
0x00007fffed7f0000 - 0x00007fffed812000 	C:\WINDOWS\System32\win32u.dll
0x00007fffee740000 - 0x00007fffee76b000 	C:\WINDOWS\System32\GDI32.dll
0x00007fffed590000 - 0x00007fffed6a7000 	C:\WINDOWS\System32\gdi32full.dll
0x00007fffed870000 - 0x00007fffed90d000 	C:\WINDOWS\System32\msvcp_win.dll
0x00007fffe8cc0000 - 0x00007fffe8cdb000 	C:\Program Files\Java\jdk-17\bin\VCRUNTIME140.dll
0x00007fffda010000 - 0x00007fffda2aa000 	C:\WINDOWS\WinSxS\amd64_microsoft.windows.common-controls_6595b64144ccf1df_6.0.19041.3636_none_60b6a03d71f818d5\COMCTL32.dll
0x00007fffdeec0000 - 0x00007fffdeeca000 	C:\WINDOWS\SYSTEM32\VERSION.dll
0x00007fffee770000 - 0x00007fffee7a2000 	C:\WINDOWS\System32\IMM32.DLL
0x00007fffe8d60000 - 0x00007fffe8d6c000 	C:\Program Files\Java\jdk-17\bin\vcruntime140_1.dll
0x00007fffe1170000 - 0x00007fffe11fe000 	C:\Program Files\Java\jdk-17\bin\msvcp140.dll
0x00007fffbcaf0000 - 0x00007fffbd6cf000 	C:\Program Files\Java\jdk-17\bin\server\jvm.dll
0x00007fffedfd0000 - 0x00007fffedfd8000 	C:\WINDOWS\System32\PSAPI.DLL
0x00007fffdd780000 - 0x00007fffdd789000 	C:\WINDOWS\SYSTEM32\WSOCK32.dll
0x00007fffeea90000 - 0x00007fffeeafb000 	C:\WINDOWS\System32\WS2_32.dll
0x00007fffdcf00000 - 0x00007fffdcf27000 	C:\WINDOWS\SYSTEM32\WINMM.dll
0x00007fffebd60000 - 0x00007fffebd72000 	C:\WINDOWS\SYSTEM32\kernel.appcore.dll
0x00007fffe8630000 - 0x00007fffe863a000 	C:\Program Files\Java\jdk-17\bin\jimage.dll
0x00007fffebb40000 - 0x00007fffebd24000 	C:\WINDOWS\SYSTEM32\DBGHELP.DLL
0x00007fffd83f0000 - 0x00007fffd8424000 	C:\WINDOWS\SYSTEM32\dbgcore.DLL
0x00007fffed6b0000 - 0x00007fffed732000 	C:\WINDOWS\System32\bcryptPrimitives.dll
0x00007fffe6860000 - 0x00007fffe686e000 	C:\Program Files\Java\jdk-17\bin\instrument.dll
0x00007fffe3c10000 - 0x00007fffe3c35000 	C:\Program Files\Java\jdk-17\bin\java.dll
0x00007fffc5f70000 - 0x00007fffc6047000 	C:\Program Files\Java\jdk-17\bin\jsvml.dll
0x00007fffef3b0000 - 0x00007fffefb1b000 	C:\WINDOWS\System32\SHELL32.dll
0x00007fffeb3a0000 - 0x00007fffebb3e000 	C:\WINDOWS\SYSTEM32\windows.storage.dll
0x00007fffee260000 - 0x00007fffee5b3000 	C:\WINDOWS\System32\combase.dll
0x00007fffecde0000 - 0x00007fffece0e000 	C:\WINDOWS\SYSTEM32\Wldp.dll
0x00007fffefda0000 - 0x00007fffefe6d000 	C:\WINDOWS\System32\OLEAUT32.dll
0x00007fffefb20000 - 0x00007fffefbcd000 	C:\WINDOWS\System32\SHCORE.dll
0x00007fffedf70000 - 0x00007fffedfc5000 	C:\WINDOWS\System32\shlwapi.dll
0x00007fffed490000 - 0x00007fffed4b5000 	C:\WINDOWS\SYSTEM32\profapi.dll
0x00007fffe67f0000 - 0x00007fffe6808000 	C:\Program Files\Java\jdk-17\bin\zip.dll
0x00007fffe2a70000 - 0x00007fffe2a89000 	C:\Program Files\Java\jdk-17\bin\net.dll
0x00007fffe3d10000 - 0x00007fffe3e1a000 	C:\WINDOWS\SYSTEM32\WINHTTP.dll
0x00007fffecbc0000 - 0x00007fffecc2a000 	C:\WINDOWS\system32\mswsock.dll
0x00007fffe1e90000 - 0x00007fffe1ea6000 	C:\Program Files\Java\jdk-17\bin\nio.dll
0x00007fffe2700000 - 0x00007fffe2710000 	C:\Program Files\Java\jdk-17\bin\verify.dll
0x00007fffd4480000 - 0x00007fffd44a7000 	C:\Users\win\.gradle\native\c067742578af261105cb4f569cf0c3c89f3d7b1fecec35dd04571415982c5e48\windows-amd64\native-platform.dll
0x00007fffbd6d0000 - 0x00007fffbd814000 	C:\Users\win\.gradle\native\38dada09dfb8b06ba9b0570ebf7e218e3eb74d4ef43ca46872605cf95ebc2f47\windows-amd64\native-platform-file-events.dll
0x00007fffe1f60000 - 0x00007fffe1f6a000 	C:\Program Files\Java\jdk-17\bin\management.dll
0x00007fffe1e80000 - 0x00007fffe1e8b000 	C:\Program Files\Java\jdk-17\bin\management_ext.dll
0x00007fffece20000 - 0x00007fffece38000 	C:\WINDOWS\SYSTEM32\CRYPTSP.dll
0x00007fffec510000 - 0x00007fffec544000 	C:\WINDOWS\system32\rsaenh.dll
0x00007fffed410000 - 0x00007fffed43e000 	C:\WINDOWS\SYSTEM32\USERENV.dll
0x00007fffecd50000 - 0x00007fffecd5c000 	C:\WINDOWS\SYSTEM32\CRYPTBASE.dll
0x00007fffec8d0000 - 0x00007fffec90b000 	C:\WINDOWS\SYSTEM32\IPHLPAPI.DLL
0x00007fffedfe0000 - 0x00007fffedfe8000 	C:\WINDOWS\System32\NSI.dll
0x00007fffe5950000 - 0x00007fffe5967000 	C:\WINDOWS\SYSTEM32\dhcpcsvc6.DLL
0x00007fffe66b0000 - 0x00007fffe66cd000 	C:\WINDOWS\SYSTEM32\dhcpcsvc.DLL
0x00007fffec910000 - 0x00007fffec9db000 	C:\WINDOWS\SYSTEM32\DNSAPI.dll
0x00007fffe1d60000 - 0x00007fffe1d6e000 	C:\Program Files\Java\jdk-17\bin\sunmscapi.dll
0x00007fffed910000 - 0x00007fffeda6d000 	C:\WINDOWS\System32\CRYPT32.dll
0x00007fffecf30000 - 0x00007fffecf58000 	C:\WINDOWS\SYSTEM32\ncrypt.dll
0x00007fffecef0000 - 0x00007fffecf2b000 	C:\WINDOWS\SYSTEM32\NTASN1.dll
0x00007fffe1ac0000 - 0x00007fffe1ac7000 	C:\WINDOWS\system32\wshunix.dll

dbghelp: loaded successfully - version: 4.0.5 - missing functions: none
symbol engine: initialized successfully - sym options: 0x614 - pdb path: .;C:\Program Files\Java\jdk-17\bin;C:\WINDOWS\SYSTEM32;C:\WINDOWS\WinSxS\amd64_microsoft.windows.common-controls_6595b64144ccf1df_6.0.19041.3636_none_60b6a03d71f818d5;C:\Program Files\Java\jdk-17\bin\server;C:\Users\win\.gradle\native\c067742578af261105cb4f569cf0c3c89f3d7b1fecec35dd04571415982c5e48\windows-amd64;C:\Users\win\.gradle\native\38dada09dfb8b06ba9b0570ebf7e218e3eb74d4ef43ca46872605cf95ebc2f47\windows-amd64

VM Arguments:
jvm_args: --add-opens=java.base/java.util=ALL-UNNAMED --add-opens=java.base/java.lang=ALL-UNNAMED --add-opens=java.base/java.lang.invoke=ALL-UNNAMED --add-opens=java.prefs/java.util.prefs=ALL-UNNAMED --add-opens=java.base/java.nio.charset=ALL-UNNAMED --add-opens=java.base/java.net=ALL-UNNAMED --add-opens=java.base/java.util.concurrent.atomic=ALL-UNNAMED -XX:MaxMetaspaceSize=384m -XX:+HeapDumpOnOutOfMemoryError -Xms256m -Xmx512m -Dfile.encoding=windows-1252 -Duser.country=US -Duser.language=en -Duser.variant -javaagent:C:\Users\win\.gradle\wrapper\dists\gradle-8.5-bin\5t9huq95ubn472n8rpzujfbqh\gradle-8.5\lib\agents\gradle-instrumentation-agent-8.5.jar 
java_command: org.gradle.launcher.daemon.bootstrap.GradleDaemon 8.5
java_class_path (initial): C:\Users\win\.gradle\wrapper\dists\gradle-8.5-bin\5t9huq95ubn472n8rpzujfbqh\gradle-8.5\lib\gradle-launcher-8.5.jar
Launcher Type: SUN_STANDARD

[Global flags]
     intx CICompilerCount                          = 3                                         {product} {ergonomic}
   size_t CompressedClassSpaceSize                 = 335544320                                 {product} {ergonomic}
     uint ConcGCThreads                            = 1                                         {product} {ergonomic}
     uint G1ConcRefinementThreads                  = 4                                         {product} {ergonomic}
   size_t G1HeapRegionSize                         = 1048576                                   {product} {ergonomic}
    uintx GCDrainStackTargetSize                   = 64                                        {product} {ergonomic}
     bool HeapDumpOnOutOfMemoryError               = true                                   {manageable} {command line}
   size_t InitialHeapSize                          = 268435456                                 {product} {command line}
   size_t MarkStackSize                            = 4194304                                   {product} {ergonomic}
   size_t MaxHeapSize                              = 536870912                                 {product} {command line}
   size_t MaxMetaspaceSize                         = 402653184                                 {product} {command line}
   size_t MaxNewSize                               = 321912832                                 {product} {ergonomic}
   size_t MinHeapDeltaBytes                        = 1048576                                   {product} {ergonomic}
   size_t MinHeapSize                              = 268435456                                 {product} {command line}
    uintx NonNMethodCodeHeapSize                   = 5832780                                {pd product} {ergonomic}
    uintx NonProfiledCodeHeapSize                  = 122912730                              {pd product} {ergonomic}
    uintx ProfiledCodeHeapSize                     = 122912730                              {pd product} {ergonomic}
    uintx ReservedCodeCacheSize                    = 251658240                              {pd product} {ergonomic}
     bool SegmentedCodeCache                       = true                                      {product} {ergonomic}
   size_t SoftMaxHeapSize                          = 536870912                              {manageable} {ergonomic}
     bool UseCompressedClassPointers               = true                           {product lp64_product} {ergonomic}
     bool UseCompressedOops                        = true                           {product lp64_product} {ergonomic}
     bool UseG1GC                                  = true                                      {product} {ergonomic}
     bool UseLargePagesIndividualAllocation        = false                                  {pd product} {ergonomic}

Logging:
Log output configuration:
 #0: stdout all=warning uptime,level,tags
 #1: stderr all=off uptime,level,tags

Environment Variables:
JAVA_HOME=C:\Program Files\Java\jdk-17
PATH=C:\Program Files\Common Files\Oracle\Java\javapath;C:\WINDOWS\system32;C:\WINDOWS;C:\WINDOWS\System32\Wbem;C:\WINDOWS\System32\WindowsPowerShell\v1.0\;C:\WINDOWS\System32\OpenSSH\;C:\Program Files\Git\cmd;C:\Program Files\Azure Data Studio\bin;C:\Program Files (x86)\Microsoft SQL Server\160\Tools\Binn\;C:\Program Files\Microsoft SQL Server\160\Tools\Binn\;C:\Program Files\Microsoft SQL Server\Client SDK\ODBC\170\Tools\Binn\;C:\Program Files\Microsoft SQL Server\160\DTS\Binn\;C:\Program Files (x86)\Microsoft SQL Server\160\DTS\Binn\;C:\Program Files\Java\jdk-17\bin;C:\hadoop-3.1.3\bin;C:\hadoop-3.1.3\sbin;;C:\Program Files\Docker\Docker\resources\bin;C:\Program Files\dotnet\;C:\Program Files\nodejs\;C:\Users\win\AppData\Local\Microsoft\WindowsApps;C:\Users\win\AppData\Local\GitHubDesktop\bin;C:\Users\win\AppData\Local\Programs\Microsoft VS Code\bin;C:\Program Files\Azure Data Studio\bin;C:\Program Files\Java\jdk-17\bin;C:\hadoop-3.1.3\bin;C:\hadoop-3.1.3\sbin;C:\Users\win\.dotnet\tools;C:\Users\win\AppData\Roaming\npm;C:\Program Files\JetBrains\IntelliJ IDEA 2023.3.2\bin;
USERNAME=win
OS=Windows_NT
PROCESSOR_IDENTIFIER=Intel64 Family 6 Model 142 Stepping 9, GenuineIntel



---------------  S Y S T E M  ---------------

OS:
 Windows 10 , 64 bit Build 19041 (10.0.19041.3636)
OS uptime: 3 days 20:56 hours
Hyper-V role detected

CPU: total 4 (initial active 4) (2 cores per cpu, 2 threads per core) family 6 model 142 stepping 9 microcode 0xf0, cx8, cmov, fxsr, ht, mmx, 3dnowpref, sse, sse2, sse3, ssse3, sse4.1, sse4.2, popcnt, lzcnt, tsc, tscinvbit, avx, avx2, aes, erms, clmul, bmi1, bmi2, rtm, adx, fma, vzeroupper, clflush, clflushopt, hv

Memory: 4k page, system-wide physical 8052M (47M free)
TotalPageFile size 18576M (AvailPageFile size 0M)
current process WorkingSet (physical memory assigned to process): 118M, peak: 217M
current process commit charge ("private bytes"): 397M, peak: 407M

vm_info: Java HotSpot(TM) 64-Bit Server VM (17.0.10+11-LTS-240) for windows-amd64 JRE (17.0.10+11-LTS-240), built on Dec 19 2023 21:47:25 by "mach5one" with MS VC++ 17.1 (VS2022)

END.
