#
# There is insufficient memory for the Java Runtime Environment to continue.
# Native memory allocation (malloc) failed to allocate 1245616 bytes for Chunk::new
# Possible reasons:
#   The system is out of physical RAM or swap space
#   The process is running with CompressedOops enabled, and the Java Heap may be blocking the growth of the native heap
# Possible solutions:
#   Reduce memory load on the system
#   Increase physical memory or swap space
#   Check if swap backing store is full
#   Decrease Java heap size (-Xmx/-Xms)
#   Decrease number of Java threads
#   Decrease Java thread stack sizes (-Xss)
#   Set larger code cache with -XX:ReservedCodeCacheSize=
#   JVM is running with Unscaled Compressed Oops mode in which the Java heap is
#     placed in the first 4GB address space. The Java Heap base address is the
#     maximum limit for the native heap growth. Please use -XX:HeapBaseMinAddress
#     to set the Java Heap base and to place the Java Heap above 4GB virtual address.
# This output file may be truncated or incomplete.
#
#  Out of Memory Error (arena.cpp:189), pid=11512, tid=7796
#
# JRE version: Java(TM) SE Runtime Environment (17.0.10+11) (build 17.0.10+11-LTS-240)
# Java VM: Java HotSpot(TM) 64-Bit Server VM (17.0.10+11-LTS-240, mixed mode, sharing, tiered, compressed oops, compressed class ptrs, g1 gc, windows-amd64)
# No core dump will be written. Minidumps are not enabled by default on client versions of Windows
#

---------------  S U M M A R Y ------------

Command Line: --add-opens=java.base/java.util=ALL-UNNAMED --add-opens=java.base/java.lang=ALL-UNNAMED --add-opens=java.base/java.lang.invoke=ALL-UNNAMED --add-opens=java.prefs/java.util.prefs=ALL-UNNAMED --add-opens=java.base/java.nio.charset=ALL-UNNAMED --add-opens=java.base/java.net=ALL-UNNAMED --add-opens=java.base/java.util.concurrent.atomic=ALL-UNNAMED -XX:MaxMetaspaceSize=384m -XX:+HeapDumpOnOutOfMemoryError -Xms256m -Xmx512m -Dfile.encoding=windows-1252 -Duser.country=US -Duser.language=en -Duser.variant -javaagent:C:\Users\win\.gradle\wrapper\dists\gradle-8.5-bin\5t9huq95ubn472n8rpzujfbqh\gradle-8.5\lib\agents\gradle-instrumentation-agent-8.5.jar org.gradle.launcher.daemon.bootstrap.GradleDaemon 8.5

Host: Intel(R) Core(TM) i5-7300U CPU @ 2.60GHz, 4 cores, 7G,  Windows 10 , 64 bit Build 19041 (10.0.19041.3636)
Time: Mon Mar 25 19:20:51 2024 SE Asia Standard Time elapsed time: 273.392401 seconds (0d 0h 4m 33s)

---------------  T H R E A D  ---------------

Current thread (0x000001a27cd0a0d0):  JavaThread "C2 CompilerThread0" daemon [_thread_in_native, id=7796, stack(0x000000956ce00000,0x000000956cf00000)]


Current CompileTask:
C2: 273392 9766       4       com.google.common.collect.ImmutableSet$RegularSetBuilderImpl::add (68 bytes)

Stack: [0x000000956ce00000,0x000000956cf00000]
Native frames: (J=compiled Java code, j=interpreted, Vv=VM code, C=native code)
V  [jvm.dll+0x677a5a]
V  [jvm.dll+0x7d8b2d]
V  [jvm.dll+0x7da48e]
V  [jvm.dll+0x7daaf3]
V  [jvm.dll+0x2455ff]
V  [jvm.dll+0xaaafb]
V  [jvm.dll+0xab09c]
V  [jvm.dll+0x361b5f]
V  [jvm.dll+0x32c211]
V  [jvm.dll+0x32b6aa]
V  [jvm.dll+0x21794f]
V  [jvm.dll+0x216d81]
V  [jvm.dll+0x1a3410]
V  [jvm.dll+0x226aeb]
V  [jvm.dll+0x224cab]
V  [jvm.dll+0x78e45c]
V  [jvm.dll+0x78888a]
V  [jvm.dll+0x676935]
C  [ucrtbase.dll+0x21bb2]
C  [KERNEL32.DLL+0x17344]
C  [ntdll.dll+0x526b1]


---------------  P R O C E S S  ---------------

Threads class SMR info:
_java_thread_list=0x000001a23329bb00, length=86, elements={
0x000001a27946b030, 0x000001a27ccec4d0, 0x000001a27cced260, 0x000001a27cd05850,
0x000001a27cd06320, 0x000001a27cd08c00, 0x000001a27cd094d0, 0x000001a27cd0a0d0,
0x000001a27cd798e0, 0x000001a27cd7d9c0, 0x000001a27ccd63b0, 0x000001a216a83b80,
0x000001a230ed1e50, 0x000001a230bd7ba0, 0x000001a231425d30, 0x000001a231217e90,
0x000001a2316f63e0, 0x000001a2305475b0, 0x000001a230547fd0, 0x000001a230545750,
0x000001a230546b90, 0x000001a230545240, 0x000001a230547ac0, 0x000001a2305484e0,
0x000001a2305489f0, 0x000001a230546170, 0x000001a2305470a0, 0x000001a2314f1310,
0x000001a2314ecc30, 0x000001a2314ee580, 0x000001a2314ed140, 0x000001a2314ed650,
0x000001a2314ebd00, 0x000001a2314f08f0, 0x000001a2314f0e00, 0x000001a2314eea90,
0x000001a2314ec210, 0x000001a2314efed0, 0x000001a2314edb60, 0x000001a2314ef4b0,
0x000001a2314ee070, 0x000001a2314f03e0, 0x000001a2314eefa0, 0x000001a2314ef9c0,
0x000001a2314f1d30, 0x000001a2314f2240, 0x000001a2314eadd0, 0x000001a2314f2750,
0x000001a2312f8d40, 0x000001a2312f6ee0, 0x000001a2312f8830, 0x000001a2312f4660,
0x000001a2312f9250, 0x000001a2312f9760, 0x000001a2312f5fb0, 0x000001a2312f5590,
0x000001a2312f69d0, 0x000001a2312f9c70, 0x000001a2312f73f0, 0x000001a2312fb5c0,
0x000001a2312fb0b0, 0x000001a2312f5aa0, 0x000001a2312fa180, 0x000001a2312f7900,
0x000001a2312fa690, 0x000001a2312faba0, 0x000001a2312f7e10, 0x000001a2312f4b70,
0x000001a2312f8320, 0x000001a2312f4150, 0x000001a2312fbad0, 0x000001a2312f5080,
0x000001a231d19fe0, 0x000001a231d1dca0, 0x000001a231d20a30, 0x000001a231d1b930,
0x000001a231d1be40, 0x000001a231d20010, 0x000001a231d1af10, 0x000001a231d19ad0,
0x000001a231d1a4f0, 0x000001a231d20520, 0x000001a231d1cd70, 0x000001a231d1e1b0,
0x000001a231d1b420, 0x000001a231d1c350
}

Java Threads: ( => current thread )
  0x000001a27946b030 JavaThread "main" [_thread_blocked, id=17828, stack(0x000000956c100000,0x000000956c200000)]
  0x000001a27ccec4d0 JavaThread "Reference Handler" daemon [_thread_blocked, id=18592, stack(0x000000956c800000,0x000000956c900000)]
  0x000001a27cced260 JavaThread "Finalizer" daemon [_thread_blocked, id=8568, stack(0x000000956c900000,0x000000956ca00000)]
  0x000001a27cd05850 JavaThread "Signal Dispatcher" daemon [_thread_blocked, id=18612, stack(0x000000956ca00000,0x000000956cb00000)]
  0x000001a27cd06320 JavaThread "Attach Listener" daemon [_thread_blocked, id=6008, stack(0x000000956cb00000,0x000000956cc00000)]
  0x000001a27cd08c00 JavaThread "Service Thread" daemon [_thread_blocked, id=12728, stack(0x000000956cc00000,0x000000956cd00000)]
  0x000001a27cd094d0 JavaThread "Monitor Deflation Thread" daemon [_thread_blocked, id=18936, stack(0x000000956cd00000,0x000000956ce00000)]
=>0x000001a27cd0a0d0 JavaThread "C2 CompilerThread0" daemon [_thread_in_native, id=7796, stack(0x000000956ce00000,0x000000956cf00000)]
  0x000001a27cd798e0 JavaThread "C1 CompilerThread0" daemon [_thread_blocked, id=9516, stack(0x000000956cf00000,0x000000956d000000)]
  0x000001a27cd7d9c0 JavaThread "Sweeper thread" daemon [_thread_blocked, id=11584, stack(0x000000956d000000,0x000000956d100000)]
  0x000001a27ccd63b0 JavaThread "Common-Cleaner" daemon [_thread_blocked, id=12912, stack(0x000000956d100000,0x000000956d200000)]
  0x000001a216a83b80 JavaThread "Notification Thread" daemon [_thread_blocked, id=6672, stack(0x000000956d200000,0x000000956d300000)]
  0x000001a230ed1e50 JavaThread "Daemon health stats" [_thread_blocked, id=6904, stack(0x000000956d700000,0x000000956d800000)]
  0x000001a230bd7ba0 JavaThread "Incoming local TCP Connector on port 49223" [_thread_in_native, id=7276, stack(0x000000956d800000,0x000000956d900000)]
  0x000001a231425d30 JavaThread "Daemon periodic checks" [_thread_blocked, id=18952, stack(0x000000956d900000,0x000000956da00000)]
  0x000001a231217e90 JavaThread "Daemon" [_thread_blocked, id=7128, stack(0x000000956da00000,0x000000956db00000)]
  0x000001a2316f63e0 JavaThread "Handler for socket connection from /127.0.0.1:49223 to /127.0.0.1:49229" [_thread_in_native, id=18780, stack(0x000000956db00000,0x000000956dc00000)]
  0x000001a2305475b0 JavaThread "Cancel handler" [_thread_blocked, id=1448, stack(0x000000956dc00000,0x000000956dd00000)]
  0x000001a230547fd0 JavaThread "Daemon worker" [_thread_blocked, id=11788, stack(0x000000956dd00000,0x000000956de00000)]
  0x000001a230545750 JavaThread "Asynchronous log dispatcher for DefaultDaemonConnection: socket connection from /127.0.0.1:49223 to /127.0.0.1:49229" [_thread_blocked, id=2316, stack(0x000000956de00000,0x000000956df00000)]
  0x000001a230546b90 JavaThread "Stdin handler" [_thread_blocked, id=11820, stack(0x000000956df00000,0x000000956e000000)]
  0x000001a230545240 JavaThread "Daemon client event forwarder" [_thread_blocked, id=7264, stack(0x000000956e000000,0x000000956e100000)]
  0x000001a230547ac0 JavaThread "Cache worker for journal cache (C:\Users\win\.gradle\caches\journal-1)" [_thread_blocked, id=9456, stack(0x000000956e100000,0x000000956e200000)]
  0x000001a2305484e0 JavaThread "File lock request listener" [_thread_in_native, id=10796, stack(0x000000956e200000,0x000000956e300000)]
  0x000001a2305489f0 JavaThread "Cache worker for file hash cache (C:\Users\win\.gradle\caches\8.5\fileHashes)" [_thread_blocked, id=7696, stack(0x000000956e400000,0x000000956e500000)]
  0x000001a230546170 JavaThread "File watcher server" daemon [_thread_in_native, id=12308, stack(0x000000956e500000,0x000000956e600000)]
  0x000001a2305470a0 JavaThread "File watcher consumer" daemon [_thread_blocked, id=13432, stack(0x000000956e600000,0x000000956e700000)]
  0x000001a2314f1310 JavaThread "Cache worker for checksums cache (D:\HK2(2023-2024)\KTPM\20119821_PhamTrungVinh\ServiceDiscovery\.gradle\8.5\checksums)" [_thread_blocked, id=2764, stack(0x000000956e700000,0x000000956e800000)]
  0x000001a2314ecc30 JavaThread "Cache worker for file hash cache (D:\HK2(2023-2024)\KTPM\20119821_PhamTrungVinh\ServiceDiscovery\.gradle\8.5\fileHashes)" [_thread_blocked, id=14640, stack(0x000000956e800000,0x000000956e900000)]
  0x000001a2314ee580 JavaThread "Cache worker for cache directory md-supplier (C:\Users\win\.gradle\caches\8.5\md-supplier)" [_thread_blocked, id=14272, stack(0x000000956e900000,0x000000956ea00000)]
  0x000001a2314ed140 JavaThread "Cache worker for cache directory md-rule (C:\Users\win\.gradle\caches\8.5\md-rule)" [_thread_blocked, id=10328, stack(0x000000956ea00000,0x000000956eb00000)]
  0x000001a2314ed650 JavaThread "Cache worker for file content cache (C:\Users\win\.gradle\caches\8.5\fileContent)" [_thread_blocked, id=9032, stack(0x000000956eb00000,0x000000956ec00000)]
  0x000001a2314ebd00 JavaThread "Cache worker for execution history cache (C:\Users\win\.gradle\caches\8.5\executionHistory)" [_thread_blocked, id=11804, stack(0x000000956ee00000,0x000000956ef00000)]
  0x000001a2314f08f0 JavaThread "jar transforms" [_thread_blocked, id=5044, stack(0x000000956ef00000,0x000000956f000000)]
  0x000001a2314f0e00 JavaThread "jar transforms Thread 2" [_thread_blocked, id=14432, stack(0x000000956f000000,0x000000956f100000)]
  0x000001a2314eea90 JavaThread "jar transforms Thread 3" [_thread_blocked, id=9704, stack(0x000000956be00000,0x000000956bf00000)]
  0x000001a2314ec210 JavaThread "jar transforms Thread 4" [_thread_blocked, id=7076, stack(0x000000956bf00000,0x000000956c000000)]
  0x000001a2314efed0 JavaThread "Cache worker for dependencies-accessors (D:\HK2(2023-2024)\KTPM\20119821_PhamTrungVinh\ServiceDiscovery\.gradle\8.5\dependencies-accessors)" [_thread_blocked, id=18896, stack(0x000000956c000000,0x000000956c100000)]
  0x000001a2314edb60 JavaThread "Cache worker for Build Output Cleanup Cache (D:\HK2(2023-2024)\KTPM\20119821_PhamTrungVinh\ServiceDiscovery\.gradle\buildOutputCleanup)" [_thread_blocked, id=11432, stack(0x000000956f200000,0x000000956f300000)]
  0x000001a2314ef4b0 JavaThread "Unconstrained build operations" [_thread_blocked, id=3760, stack(0x000000956f300000,0x000000956f400000)]
  0x000001a2314ee070 JavaThread "Unconstrained build operations Thread 2" [_thread_blocked, id=14808, stack(0x000000956f400000,0x000000956f500000)]
  0x000001a2314f03e0 JavaThread "Unconstrained build operations Thread 3" [_thread_blocked, id=9000, stack(0x000000956f500000,0x000000956f600000)]
  0x000001a2314eefa0 JavaThread "Memory manager" [_thread_blocked, id=3612, stack(0x000000956f600000,0x000000956f700000)]
  0x000001a2314ef9c0 JavaThread "included builds" [_thread_blocked, id=20248, stack(0x000000956ec00000,0x000000956ed00000)]
  0x000001a2314f1d30 JavaThread "Execution worker" [_thread_blocked, id=20328, stack(0x000000956f700000,0x000000956f800000)]
  0x000001a2314f2240 JavaThread "Execution worker Thread 2" [_thread_blocked, id=20332, stack(0x000000956f800000,0x000000956f900000)]
  0x000001a2314eadd0 JavaThread "Execution worker Thread 3" [_thread_blocked, id=20336, stack(0x000000956f900000,0x000000956fa00000)]
  0x000001a2314f2750 JavaThread "Cache worker for execution history cache (D:\HK2(2023-2024)\KTPM\20119821_PhamTrungVinh\ServiceDiscovery\.gradle\8.5\executionHistory)" [_thread_blocked, id=15752, stack(0x000000956fa00000,0x000000956fb00000)]
  0x000001a2312f8d40 JavaThread "Unconstrained build operations Thread 4" [_thread_blocked, id=19888, stack(0x000000956fc00000,0x000000956fd00000)]
  0x000001a2312f6ee0 JavaThread "Unconstrained build operations Thread 5" [_thread_blocked, id=20040, stack(0x000000956fd00000,0x000000956fe00000)]
  0x000001a2312f8830 JavaThread "Unconstrained build operations Thread 6" [_thread_blocked, id=5464, stack(0x000000956fe00000,0x000000956ff00000)]
  0x000001a2312f4660 JavaThread "Unconstrained build operations Thread 7" [_thread_blocked, id=20120, stack(0x000000956ff00000,0x0000009570000000)]
  0x000001a2312f9250 JavaThread "Unconstrained build operations Thread 8" [_thread_blocked, id=20484, stack(0x0000009570000000,0x0000009570100000)]
  0x000001a2312f9760 JavaThread "Unconstrained build operations Thread 9" [_thread_blocked, id=20496, stack(0x0000009570100000,0x0000009570200000)]
  0x000001a2312f5fb0 JavaThread "Unconstrained build operations Thread 10" [_thread_blocked, id=20500, stack(0x0000009570200000,0x0000009570300000)]
  0x000001a2312f5590 JavaThread "Unconstrained build operations Thread 11" [_thread_blocked, id=20796, stack(0x0000009570300000,0x0000009570400000)]
  0x000001a2312f69d0 JavaThread "Unconstrained build operations Thread 12" [_thread_blocked, id=20800, stack(0x0000009570400000,0x0000009570500000)]
  0x000001a2312f9c70 JavaThread "Unconstrained build operations Thread 13" [_thread_blocked, id=20808, stack(0x0000009570500000,0x0000009570600000)]
  0x000001a2312f73f0 JavaThread "Unconstrained build operations Thread 14" [_thread_blocked, id=20812, stack(0x0000009570600000,0x0000009570700000)]
  0x000001a2312fb5c0 JavaThread "Unconstrained build operations Thread 15" [_thread_blocked, id=20816, stack(0x0000009570700000,0x0000009570800000)]
  0x000001a2312fb0b0 JavaThread "Unconstrained build operations Thread 16" [_thread_blocked, id=20828, stack(0x0000009570800000,0x0000009570900000)]
  0x000001a2312f5aa0 JavaThread "Unconstrained build operations Thread 17" [_thread_blocked, id=20832, stack(0x0000009570900000,0x0000009570a00000)]
  0x000001a2312fa180 JavaThread "Unconstrained build operations Thread 18" [_thread_blocked, id=20836, stack(0x0000009570a00000,0x0000009570b00000)]
  0x000001a2312f7900 JavaThread "Unconstrained build operations Thread 19" [_thread_blocked, id=20840, stack(0x0000009570b00000,0x0000009570c00000)]
  0x000001a2312fa690 JavaThread "Unconstrained build operations Thread 20" [_thread_blocked, id=20844, stack(0x0000009570c00000,0x0000009570d00000)]
  0x000001a2312faba0 JavaThread "Unconstrained build operations Thread 21" [_thread_blocked, id=20848, stack(0x0000009570d00000,0x0000009570e00000)]
  0x000001a2312f7e10 JavaThread "Unconstrained build operations Thread 22" [_thread_blocked, id=20852, stack(0x0000009570e00000,0x0000009570f00000)]
  0x000001a2312f4b70 JavaThread "Unconstrained build operations Thread 23" [_thread_blocked, id=20856, stack(0x0000009570f00000,0x0000009571000000)]
  0x000001a2312f8320 JavaThread "Unconstrained build operations Thread 24" [_thread_blocked, id=20860, stack(0x0000009571000000,0x0000009571100000)]
  0x000001a2312f4150 JavaThread "Unconstrained build operations Thread 25" [_thread_blocked, id=20872, stack(0x0000009571100000,0x0000009571200000)]
  0x000001a2312fbad0 JavaThread "Unconstrained build operations Thread 26" [_thread_blocked, id=20876, stack(0x0000009571200000,0x0000009571300000)]
  0x000001a2312f5080 JavaThread "Unconstrained build operations Thread 27" [_thread_blocked, id=20880, stack(0x0000009571300000,0x0000009571400000)]
  0x000001a231d19fe0 JavaThread "Unconstrained build operations Thread 28" [_thread_blocked, id=20888, stack(0x0000009571400000,0x0000009571500000)]
  0x000001a231d1dca0 JavaThread "Unconstrained build operations Thread 29" [_thread_blocked, id=20892, stack(0x0000009571500000,0x0000009571600000)]
  0x000001a231d20a30 JavaThread "Unconstrained build operations Thread 30" [_thread_blocked, id=20900, stack(0x0000009571600000,0x0000009571700000)]
  0x000001a231d1b930 JavaThread "Unconstrained build operations Thread 31" [_thread_blocked, id=20904, stack(0x0000009571700000,0x0000009571800000)]
  0x000001a231d1be40 JavaThread "Unconstrained build operations Thread 32" [_thread_blocked, id=20908, stack(0x0000009571800000,0x0000009571900000)]
  0x000001a231d20010 JavaThread "Unconstrained build operations Thread 33" [_thread_blocked, id=20912, stack(0x0000009571900000,0x0000009571a00000)]
  0x000001a231d1af10 JavaThread "Unconstrained build operations Thread 34" [_thread_blocked, id=20916, stack(0x0000009571a00000,0x0000009571b00000)]
  0x000001a231d19ad0 JavaThread "Unconstrained build operations Thread 35" [_thread_blocked, id=20920, stack(0x0000009571b00000,0x0000009571c00000)]
  0x000001a231d1a4f0 JavaThread "Unconstrained build operations Thread 36" [_thread_blocked, id=20924, stack(0x0000009571c00000,0x0000009571d00000)]
  0x000001a231d20520 JavaThread "Unconstrained build operations Thread 37" [_thread_blocked, id=20928, stack(0x0000009571d00000,0x0000009571e00000)]
  0x000001a231d1cd70 JavaThread "Unconstrained build operations Thread 38" [_thread_blocked, id=20932, stack(0x0000009571e00000,0x0000009571f00000)]
  0x000001a231d1e1b0 JavaThread "Unconstrained build operations Thread 39" [_thread_blocked, id=20936, stack(0x0000009571f00000,0x0000009572000000)]
  0x000001a231d1b420 JavaThread "Unconstrained build operations Thread 40" [_thread_blocked, id=20940, stack(0x0000009572000000,0x0000009572100000)]
  0x000001a231d1c350 JavaThread "File lock release action executor Thread 2" [_thread_blocked, id=14572, stack(0x0000009572100000,0x0000009572200000)]

Other Threads:
  0x000001a27cce6f30 VMThread "VM Thread" [stack: 0x000000956c700000,0x000000956c800000] [id=12136]
  0x000001a216a102d0 WatcherThread [stack: 0x000000956d300000,0x000000956d400000] [id=15820]
  0x000001a279496c40 GCTaskThread "GC Thread#0" [stack: 0x000000956c200000,0x000000956c300000] [id=4856]
  0x000001a216ad8a10 GCTaskThread "GC Thread#1" [stack: 0x000000956d400000,0x000000956d500000] [id=7920]
  0x000001a230280840 GCTaskThread "GC Thread#2" [stack: 0x000000956d500000,0x000000956d600000] [id=13360]
  0x000001a230280b00 GCTaskThread "GC Thread#3" [stack: 0x000000956d600000,0x000000956d700000] [id=13152]
  0x000001a27949dac0 ConcurrentGCThread "G1 Main Marker" [stack: 0x000000956c300000,0x000000956c400000] [id=18208]
  0x000001a27949e3e0 ConcurrentGCThread "G1 Conc#0" [stack: 0x000000956c400000,0x000000956c500000] [id=19352]
  0x000001a27953e010 ConcurrentGCThread "G1 Refine#0" [stack: 0x000000956c500000,0x000000956c600000] [id=1940]
  0x000001a2320f4c70 ConcurrentGCThread "G1 Refine#1" [stack: 0x000000956f100000,0x000000956f200000] [id=4384]
  0x000001a2320f34f0 ConcurrentGCThread "G1 Refine#2" [stack: 0x000000956fb00000,0x000000956fc00000] [id=13536]
  0x000001a2320f37e0 ConcurrentGCThread "G1 Refine#3" [stack: 0x000000956ed00000,0x000000956ee00000] [id=13476]
  0x000001a27953e950 ConcurrentGCThread "G1 Service" [stack: 0x000000956c600000,0x000000956c700000] [id=12156]

Threads with active compile tasks:
C2 CompilerThread0   273451 9766       4       com.google.common.collect.ImmutableSet$RegularSetBuilderImpl::add (68 bytes)

VM state: not at safepoint (normal execution)

VM Mutex/Monitor currently owned by a thread: None

Heap address: 0x00000000e0000000, size: 512 MB, Compressed Oops mode: 32-bit

CDS archive(s) mapped at: [0x000001a217000000-0x000001a217bd0000-0x000001a217bd0000), size 12386304, SharedBaseAddress: 0x000001a217000000, ArchiveRelocationMode: 1.
Compressed class space mapped at: 0x000001a218000000-0x000001a22c000000, reserved size: 335544320
Narrow klass base: 0x000001a217000000, Narrow klass shift: 0, Narrow klass range: 0x100000000

GC Precious Log:
 CPUs: 4 total, 4 available
 Memory: 8052M
 Large Page Support: Disabled
 NUMA Support: Disabled
 Compressed Oops: Enabled (32-bit)
 Heap Region Size: 1M
 Heap Min Capacity: 256M
 Heap Initial Capacity: 256M
 Heap Max Capacity: 512M
 Pre-touch: Disabled
 Parallel Workers: 4
 Concurrent Workers: 1
 Concurrent Refinement Workers: 4
 Periodic GC: Disabled

Heap:
 garbage-first heap   total 262144K, used 143952K [0x00000000e0000000, 0x0000000100000000)
  region size 1024K, 111 young (113664K), 20 survivors (20480K)
 Metaspace       used 53193K, committed 53696K, reserved 393216K
  class space    used 7303K, committed 7552K, reserved 327680K

Heap Regions: E=young(eden), S=young(survivor), O=old, HS=humongous(starts), HC=humongous(continues), CS=collection set, F=free, OA=open archive, CA=closed archive, TAMS=top-at-mark-start (previous, next)
|   0|0x00000000e0000000, 0x00000000e0100000, 0x00000000e0100000|100%| O|  |TAMS 0x00000000e0100000, 0x00000000e0000000| Untracked 
|   1|0x00000000e0100000, 0x00000000e0200000, 0x00000000e0200000|100%| O|  |TAMS 0x00000000e0200000, 0x00000000e0100000| Untracked 
|   2|0x00000000e0200000, 0x00000000e0300000, 0x00000000e0300000|100%|HS|  |TAMS 0x00000000e0300000, 0x00000000e0200000| Complete 
|   3|0x00000000e0300000, 0x00000000e0400000, 0x00000000e0400000|100%|HC|  |TAMS 0x00000000e0400000, 0x00000000e0300000| Complete 
|   4|0x00000000e0400000, 0x00000000e0500000, 0x00000000e0500000|100%|HC|  |TAMS 0x00000000e0500000, 0x00000000e0400000| Complete 
|   5|0x00000000e0500000, 0x00000000e0600000, 0x00000000e0600000|100%|HC|  |TAMS 0x00000000e0600000, 0x00000000e0500000| Complete 
|   6|0x00000000e0600000, 0x00000000e0700000, 0x00000000e0700000|100%| O|  |TAMS 0x00000000e0600000, 0x00000000e0600000| Untracked 
|   7|0x00000000e0700000, 0x00000000e0800000, 0x00000000e0800000|100%| O|  |TAMS 0x00000000e0800000, 0x00000000e0700000| Untracked 
|   8|0x00000000e0800000, 0x00000000e0900000, 0x00000000e0900000|100%| O|  |TAMS 0x00000000e0900000, 0x00000000e0800000| Untracked 
|   9|0x00000000e0900000, 0x00000000e0a00000, 0x00000000e0a00000|100%| O|  |TAMS 0x00000000e0a00000, 0x00000000e0900000| Untracked 
|  10|0x00000000e0a00000, 0x00000000e0b00000, 0x00000000e0b00000|100%| O|  |TAMS 0x00000000e0b00000, 0x00000000e0a00000| Untracked 
|  11|0x00000000e0b00000, 0x00000000e0c00000, 0x00000000e0c00000|100%| O|  |TAMS 0x00000000e0c00000, 0x00000000e0b00000| Untracked 
|  12|0x00000000e0c00000, 0x00000000e0d00000, 0x00000000e0d00000|100%| O|  |TAMS 0x00000000e0d00000, 0x00000000e0c00000| Untracked 
|  13|0x00000000e0d00000, 0x00000000e0e00000, 0x00000000e0e00000|100%| O|  |TAMS 0x00000000e0e00000, 0x00000000e0d00000| Untracked 
|  14|0x00000000e0e00000, 0x00000000e0f00000, 0x00000000e0f00000|100%| O|  |TAMS 0x00000000e0f00000, 0x00000000e0e00000| Untracked 
|  15|0x00000000e0f00000, 0x00000000e1000000, 0x00000000e1000000|100%| O|  |TAMS 0x00000000e1000000, 0x00000000e0f00000| Untracked 
|  16|0x00000000e1000000, 0x00000000e1100000, 0x00000000e1100000|100%| O|  |TAMS 0x00000000e1100000, 0x00000000e1000000| Untracked 
|  17|0x00000000e1100000, 0x00000000e1200000, 0x00000000e1200000|100%| O|  |TAMS 0x00000000e1200000, 0x00000000e1100000| Untracked 
|  18|0x00000000e1200000, 0x00000000e1300000, 0x00000000e1300000|100%| O|  |TAMS 0x00000000e1300000, 0x00000000e1200000| Untracked 
|  19|0x00000000e1300000, 0x00000000e1400000, 0x00000000e1400000|100%| O|  |TAMS 0x00000000e1400000, 0x00000000e1300000| Untracked 
|  20|0x00000000e1400000, 0x00000000e1500000, 0x00000000e1500000|100%| O|  |TAMS 0x00000000e1500000, 0x00000000e1400000| Untracked 
|  21|0x00000000e1500000, 0x00000000e1600000, 0x00000000e1600000|100%| O|  |TAMS 0x00000000e1600000, 0x00000000e1500000| Untracked 
|  22|0x00000000e1600000, 0x00000000e1700000, 0x00000000e1700000|100%| O|  |TAMS 0x00000000e1700000, 0x00000000e1600000| Untracked 
|  23|0x00000000e1700000, 0x00000000e1800000, 0x00000000e1800000|100%| O|  |TAMS 0x00000000e1800000, 0x00000000e1700000| Untracked 
|  24|0x00000000e1800000, 0x00000000e1900000, 0x00000000e1900000|100%| O|  |TAMS 0x00000000e1900000, 0x00000000e1800000| Untracked 
|  25|0x00000000e1900000, 0x00000000e1a00000, 0x00000000e1a00000|100%| O|  |TAMS 0x00000000e1a00000, 0x00000000e1900000| Untracked 
|  26|0x00000000e1a00000, 0x00000000e1b00000, 0x00000000e1b00000|100%| O|  |TAMS 0x00000000e1b00000, 0x00000000e1a00000| Untracked 
|  27|0x00000000e1b00000, 0x00000000e1c00000, 0x00000000e1c00000|100%| O|  |TAMS 0x00000000e1c00000, 0x00000000e1b00000| Untracked 
|  28|0x00000000e1c00000, 0x00000000e1d00000, 0x00000000e1d00000|100%| O|  |TAMS 0x00000000e1d00000, 0x00000000e1c00000| Untracked 
|  29|0x00000000e1d00000, 0x00000000e1e00000, 0x00000000e1e00000|100%| O|  |TAMS 0x00000000e1e00000, 0x00000000e1d00000| Untracked 
|  30|0x00000000e1e00000, 0x00000000e1f00000, 0x00000000e1f00000|100%| O|  |TAMS 0x00000000e1eda400, 0x00000000e1e00000| Untracked 
|  31|0x00000000e1f00000, 0x00000000e1f94008, 0x00000000e2000000| 57%| O|  |TAMS 0x00000000e1f00000, 0x00000000e1f00000| Untracked 
|  32|0x00000000e2000000, 0x00000000e2000000, 0x00000000e2100000|  0%| F|  |TAMS 0x00000000e2000000, 0x00000000e2000000| Untracked 
|  33|0x00000000e2100000, 0x00000000e2100000, 0x00000000e2200000|  0%| F|  |TAMS 0x00000000e2100000, 0x00000000e2100000| Untracked 
|  34|0x00000000e2200000, 0x00000000e2200000, 0x00000000e2300000|  0%| F|  |TAMS 0x00000000e2200000, 0x00000000e2200000| Untracked 
|  35|0x00000000e2300000, 0x00000000e2300000, 0x00000000e2400000|  0%| F|  |TAMS 0x00000000e2300000, 0x00000000e2300000| Untracked 
|  36|0x00000000e2400000, 0x00000000e2400000, 0x00000000e2500000|  0%| F|  |TAMS 0x00000000e2400000, 0x00000000e2400000| Untracked 
|  37|0x00000000e2500000, 0x00000000e2500000, 0x00000000e2600000|  0%| F|  |TAMS 0x00000000e2500000, 0x00000000e2500000| Untracked 
|  38|0x00000000e2600000, 0x00000000e2600000, 0x00000000e2700000|  0%| F|  |TAMS 0x00000000e2600000, 0x00000000e2600000| Untracked 
|  39|0x00000000e2700000, 0x00000000e2700000, 0x00000000e2800000|  0%| F|  |TAMS 0x00000000e2700000, 0x00000000e2700000| Untracked 
|  40|0x00000000e2800000, 0x00000000e2800000, 0x00000000e2900000|  0%| F|  |TAMS 0x00000000e2800000, 0x00000000e2800000| Untracked 
|  41|0x00000000e2900000, 0x00000000e2900000, 0x00000000e2a00000|  0%| F|  |TAMS 0x00000000e2900000, 0x00000000e2900000| Untracked 
|  42|0x00000000e2a00000, 0x00000000e2a00000, 0x00000000e2b00000|  0%| F|  |TAMS 0x00000000e2a00000, 0x00000000e2a00000| Untracked 
|  43|0x00000000e2b00000, 0x00000000e2b00000, 0x00000000e2c00000|  0%| F|  |TAMS 0x00000000e2b00000, 0x00000000e2b00000| Untracked 
|  44|0x00000000e2c00000, 0x00000000e2c00000, 0x00000000e2d00000|  0%| F|  |TAMS 0x00000000e2c00000, 0x00000000e2c00000| Untracked 
|  45|0x00000000e2d00000, 0x00000000e2d00000, 0x00000000e2e00000|  0%| F|  |TAMS 0x00000000e2d00000, 0x00000000e2d00000| Untracked 
|  46|0x00000000e2e00000, 0x00000000e2e00000, 0x00000000e2f00000|  0%| F|  |TAMS 0x00000000e2e00000, 0x00000000e2e00000| Untracked 
|  47|0x00000000e2f00000, 0x00000000e2f00000, 0x00000000e3000000|  0%| F|  |TAMS 0x00000000e2f00000, 0x00000000e2f00000| Untracked 
|  48|0x00000000e3000000, 0x00000000e3000000, 0x00000000e3100000|  0%| F|  |TAMS 0x00000000e3000000, 0x00000000e3000000| Untracked 
|  49|0x00000000e3100000, 0x00000000e3100000, 0x00000000e3200000|  0%| F|  |TAMS 0x00000000e3100000, 0x00000000e3100000| Untracked 
|  50|0x00000000e3200000, 0x00000000e3200000, 0x00000000e3300000|  0%| F|  |TAMS 0x00000000e3200000, 0x00000000e3200000| Untracked 
|  51|0x00000000e3300000, 0x00000000e3300000, 0x00000000e3400000|  0%| F|  |TAMS 0x00000000e3300000, 0x00000000e3300000| Untracked 
|  52|0x00000000e3400000, 0x00000000e3400000, 0x00000000e3500000|  0%| F|  |TAMS 0x00000000e3400000, 0x00000000e3400000| Untracked 
|  53|0x00000000e3500000, 0x00000000e3500000, 0x00000000e3600000|  0%| F|  |TAMS 0x00000000e3500000, 0x00000000e3500000| Untracked 
|  54|0x00000000e3600000, 0x00000000e3600000, 0x00000000e3700000|  0%| F|  |TAMS 0x00000000e3600000, 0x00000000e3600000| Untracked 
|  55|0x00000000e3700000, 0x00000000e3700000, 0x00000000e3800000|  0%| F|  |TAMS 0x00000000e3700000, 0x00000000e3700000| Untracked 
|  56|0x00000000e3800000, 0x00000000e3800000, 0x00000000e3900000|  0%| F|  |TAMS 0x00000000e3800000, 0x00000000e3800000| Untracked 
|  57|0x00000000e3900000, 0x00000000e3900000, 0x00000000e3a00000|  0%| F|  |TAMS 0x00000000e3900000, 0x00000000e3900000| Untracked 
|  58|0x00000000e3a00000, 0x00000000e3a00000, 0x00000000e3b00000|  0%| F|  |TAMS 0x00000000e3a00000, 0x00000000e3a00000| Untracked 
|  59|0x00000000e3b00000, 0x00000000e3b00000, 0x00000000e3c00000|  0%| F|  |TAMS 0x00000000e3b00000, 0x00000000e3b00000| Untracked 
|  60|0x00000000e3c00000, 0x00000000e3c00000, 0x00000000e3d00000|  0%| F|  |TAMS 0x00000000e3c00000, 0x00000000e3c00000| Untracked 
|  61|0x00000000e3d00000, 0x00000000e3d00000, 0x00000000e3e00000|  0%| F|  |TAMS 0x00000000e3d00000, 0x00000000e3d00000| Untracked 
|  62|0x00000000e3e00000, 0x00000000e3e00000, 0x00000000e3f00000|  0%| F|  |TAMS 0x00000000e3e00000, 0x00000000e3e00000| Untracked 
|  63|0x00000000e3f00000, 0x00000000e3f00000, 0x00000000e4000000|  0%| F|  |TAMS 0x00000000e3f00000, 0x00000000e3f00000| Untracked 
|  64|0x00000000e4000000, 0x00000000e4000000, 0x00000000e4100000|  0%| F|  |TAMS 0x00000000e4000000, 0x00000000e4000000| Untracked 
|  65|0x00000000e4100000, 0x00000000e4100000, 0x00000000e4200000|  0%| F|  |TAMS 0x00000000e4100000, 0x00000000e4100000| Untracked 
|  66|0x00000000e4200000, 0x00000000e4200000, 0x00000000e4300000|  0%| F|  |TAMS 0x00000000e4200000, 0x00000000e4200000| Untracked 
|  67|0x00000000e4300000, 0x00000000e4300000, 0x00000000e4400000|  0%| F|  |TAMS 0x00000000e4300000, 0x00000000e4300000| Untracked 
|  68|0x00000000e4400000, 0x00000000e4400000, 0x00000000e4500000|  0%| F|  |TAMS 0x00000000e4400000, 0x00000000e4400000| Untracked 
|  69|0x00000000e4500000, 0x00000000e4500000, 0x00000000e4600000|  0%| F|  |TAMS 0x00000000e4500000, 0x00000000e4500000| Untracked 
|  70|0x00000000e4600000, 0x00000000e4600000, 0x00000000e4700000|  0%| F|  |TAMS 0x00000000e4600000, 0x00000000e4600000| Untracked 
|  71|0x00000000e4700000, 0x00000000e4700000, 0x00000000e4800000|  0%| F|  |TAMS 0x00000000e4700000, 0x00000000e4700000| Untracked 
|  72|0x00000000e4800000, 0x00000000e4800000, 0x00000000e4900000|  0%| F|  |TAMS 0x00000000e4800000, 0x00000000e4800000| Untracked 
|  73|0x00000000e4900000, 0x00000000e4900000, 0x00000000e4a00000|  0%| F|  |TAMS 0x00000000e4900000, 0x00000000e4900000| Untracked 
|  74|0x00000000e4a00000, 0x00000000e4a00000, 0x00000000e4b00000|  0%| F|  |TAMS 0x00000000e4a00000, 0x00000000e4a00000| Untracked 
|  75|0x00000000e4b00000, 0x00000000e4b00000, 0x00000000e4c00000|  0%| F|  |TAMS 0x00000000e4b00000, 0x00000000e4b00000| Untracked 
|  76|0x00000000e4c00000, 0x00000000e4c00000, 0x00000000e4d00000|  0%| F|  |TAMS 0x00000000e4c00000, 0x00000000e4c00000| Untracked 
|  77|0x00000000e4d00000, 0x00000000e4d00000, 0x00000000e4e00000|  0%| F|  |TAMS 0x00000000e4d00000, 0x00000000e4d00000| Untracked 
|  78|0x00000000e4e00000, 0x00000000e4e00000, 0x00000000e4f00000|  0%| F|  |TAMS 0x00000000e4e00000, 0x00000000e4e00000| Untracked 
|  79|0x00000000e4f00000, 0x00000000e4f00000, 0x00000000e5000000|  0%| F|  |TAMS 0x00000000e4f00000, 0x00000000e4f00000| Untracked 
|  80|0x00000000e5000000, 0x00000000e5000000, 0x00000000e5100000|  0%| F|  |TAMS 0x00000000e5000000, 0x00000000e5000000| Untracked 
|  81|0x00000000e5100000, 0x00000000e5100000, 0x00000000e5200000|  0%| F|  |TAMS 0x00000000e5100000, 0x00000000e5100000| Untracked 
|  82|0x00000000e5200000, 0x00000000e5200000, 0x00000000e5300000|  0%| F|  |TAMS 0x00000000e5200000, 0x00000000e5200000| Untracked 
|  83|0x00000000e5300000, 0x00000000e5400000, 0x00000000e5400000|100%| S|CS|TAMS 0x00000000e5300000, 0x00000000e5300000| Complete 
|  84|0x00000000e5400000, 0x00000000e5500000, 0x00000000e5500000|100%| S|CS|TAMS 0x00000000e5400000, 0x00000000e5400000| Complete 
|  85|0x00000000e5500000, 0x00000000e5600000, 0x00000000e5600000|100%| S|CS|TAMS 0x00000000e5500000, 0x00000000e5500000| Complete 
|  86|0x00000000e5600000, 0x00000000e5700000, 0x00000000e5700000|100%| S|CS|TAMS 0x00000000e5600000, 0x00000000e5600000| Complete 
|  87|0x00000000e5700000, 0x00000000e5800000, 0x00000000e5800000|100%| S|CS|TAMS 0x00000000e5700000, 0x00000000e5700000| Complete 
|  88|0x00000000e5800000, 0x00000000e5900000, 0x00000000e5900000|100%| S|CS|TAMS 0x00000000e5800000, 0x00000000e5800000| Complete 
|  89|0x00000000e5900000, 0x00000000e5a00000, 0x00000000e5a00000|100%| S|CS|TAMS 0x00000000e5900000, 0x00000000e5900000| Complete 
|  90|0x00000000e5a00000, 0x00000000e5b00000, 0x00000000e5b00000|100%| S|CS|TAMS 0x00000000e5a00000, 0x00000000e5a00000| Complete 
|  91|0x00000000e5b00000, 0x00000000e5c00000, 0x00000000e5c00000|100%| S|CS|TAMS 0x00000000e5b00000, 0x00000000e5b00000| Complete 
|  92|0x00000000e5c00000, 0x00000000e5c00000, 0x00000000e5d00000|  0%| F|  |TAMS 0x00000000e5c00000, 0x00000000e5c00000| Untracked 
|  93|0x00000000e5d00000, 0x00000000e5d00000, 0x00000000e5e00000|  0%| F|  |TAMS 0x00000000e5d00000, 0x00000000e5d00000| Untracked 
|  94|0x00000000e5e00000, 0x00000000e5e00000, 0x00000000e5f00000|  0%| F|  |TAMS 0x00000000e5e00000, 0x00000000e5e00000| Untracked 
|  95|0x00000000e5f00000, 0x00000000e5f00000, 0x00000000e6000000|  0%| F|  |TAMS 0x00000000e5f00000, 0x00000000e5f00000| Untracked 
|  96|0x00000000e6000000, 0x00000000e6000000, 0x00000000e6100000|  0%| F|  |TAMS 0x00000000e6000000, 0x00000000e6000000| Untracked 
|  97|0x00000000e6100000, 0x00000000e6100000, 0x00000000e6200000|  0%| F|  |TAMS 0x00000000e6100000, 0x00000000e6100000| Untracked 
|  98|0x00000000e6200000, 0x00000000e6200000, 0x00000000e6300000|  0%| F|  |TAMS 0x00000000e6200000, 0x00000000e6200000| Untracked 
|  99|0x00000000e6300000, 0x00000000e6300000, 0x00000000e6400000|  0%| F|  |TAMS 0x00000000e6300000, 0x00000000e6300000| Untracked 
| 100|0x00000000e6400000, 0x00000000e6400000, 0x00000000e6500000|  0%| F|  |TAMS 0x00000000e6400000, 0x00000000e6400000| Untracked 
| 101|0x00000000e6500000, 0x00000000e6500000, 0x00000000e6600000|  0%| F|  |TAMS 0x00000000e6500000, 0x00000000e6500000| Untracked 
| 102|0x00000000e6600000, 0x00000000e6600000, 0x00000000e6700000|  0%| F|  |TAMS 0x00000000e6600000, 0x00000000e6600000| Untracked 
| 103|0x00000000e6700000, 0x00000000e6800000, 0x00000000e6800000|100%| S|CS|TAMS 0x00000000e6700000, 0x00000000e6700000| Complete 
| 104|0x00000000e6800000, 0x00000000e6900000, 0x00000000e6900000|100%| S|CS|TAMS 0x00000000e6800000, 0x00000000e6800000| Complete 
| 105|0x00000000e6900000, 0x00000000e6a00000, 0x00000000e6a00000|100%| S|CS|TAMS 0x00000000e6900000, 0x00000000e6900000| Complete 
| 106|0x00000000e6a00000, 0x00000000e6b00000, 0x00000000e6b00000|100%| S|CS|TAMS 0x00000000e6a00000, 0x00000000e6a00000| Complete 
| 107|0x00000000e6b00000, 0x00000000e6c00000, 0x00000000e6c00000|100%| S|CS|TAMS 0x00000000e6b00000, 0x00000000e6b00000| Complete 
| 108|0x00000000e6c00000, 0x00000000e6d00000, 0x00000000e6d00000|100%| S|CS|TAMS 0x00000000e6c00000, 0x00000000e6c00000| Complete 
| 109|0x00000000e6d00000, 0x00000000e6e00000, 0x00000000e6e00000|100%| S|CS|TAMS 0x00000000e6d00000, 0x00000000e6d00000| Complete 
| 110|0x00000000e6e00000, 0x00000000e6f00000, 0x00000000e6f00000|100%| S|CS|TAMS 0x00000000e6e00000, 0x00000000e6e00000| Complete 
| 111|0x00000000e6f00000, 0x00000000e7000000, 0x00000000e7000000|100%| S|CS|TAMS 0x00000000e6f00000, 0x00000000e6f00000| Complete 
| 112|0x00000000e7000000, 0x00000000e7100000, 0x00000000e7100000|100%| S|CS|TAMS 0x00000000e7000000, 0x00000000e7000000| Complete 
| 113|0x00000000e7100000, 0x00000000e7200000, 0x00000000e7200000|100%| S|CS|TAMS 0x00000000e7100000, 0x00000000e7100000| Complete 
| 114|0x00000000e7200000, 0x00000000e7200000, 0x00000000e7300000|  0%| F|  |TAMS 0x00000000e7200000, 0x00000000e7200000| Untracked 
| 115|0x00000000e7300000, 0x00000000e7300000, 0x00000000e7400000|  0%| F|  |TAMS 0x00000000e7300000, 0x00000000e7300000| Untracked 
| 116|0x00000000e7400000, 0x00000000e7400000, 0x00000000e7500000|  0%| F|  |TAMS 0x00000000e7400000, 0x00000000e7400000| Untracked 
| 117|0x00000000e7500000, 0x00000000e7500000, 0x00000000e7600000|  0%| F|  |TAMS 0x00000000e7500000, 0x00000000e7500000| Untracked 
| 118|0x00000000e7600000, 0x00000000e7600000, 0x00000000e7700000|  0%| F|  |TAMS 0x00000000e7600000, 0x00000000e7600000| Untracked 
| 119|0x00000000e7700000, 0x00000000e7700000, 0x00000000e7800000|  0%| F|  |TAMS 0x00000000e7700000, 0x00000000e7700000| Untracked 
| 120|0x00000000e7800000, 0x00000000e7800000, 0x00000000e7900000|  0%| F|  |TAMS 0x00000000e7800000, 0x00000000e7800000| Untracked 
| 121|0x00000000e7900000, 0x00000000e7900000, 0x00000000e7a00000|  0%| F|  |TAMS 0x00000000e7900000, 0x00000000e7900000| Untracked 
| 122|0x00000000e7a00000, 0x00000000e7a00000, 0x00000000e7b00000|  0%| F|  |TAMS 0x00000000e7a00000, 0x00000000e7a00000| Untracked 
| 123|0x00000000e7b00000, 0x00000000e7b00000, 0x00000000e7c00000|  0%| F|  |TAMS 0x00000000e7b00000, 0x00000000e7b00000| Untracked 
| 124|0x00000000e7c00000, 0x00000000e7c00000, 0x00000000e7d00000|  0%| F|  |TAMS 0x00000000e7c00000, 0x00000000e7c00000| Untracked 
| 125|0x00000000e7d00000, 0x00000000e7d00000, 0x00000000e7e00000|  0%| F|  |TAMS 0x00000000e7d00000, 0x00000000e7d00000| Untracked 
| 126|0x00000000e7e00000, 0x00000000e7e00000, 0x00000000e7f00000|  0%| F|  |TAMS 0x00000000e7e00000, 0x00000000e7e00000| Untracked 
| 127|0x00000000e7f00000, 0x00000000e7f00000, 0x00000000e8000000|  0%| F|  |TAMS 0x00000000e7f00000, 0x00000000e7f00000| Untracked 
| 128|0x00000000e8000000, 0x00000000e8000000, 0x00000000e8100000|  0%| F|  |TAMS 0x00000000e8000000, 0x00000000e8000000| Untracked 
| 129|0x00000000e8100000, 0x00000000e8100000, 0x00000000e8200000|  0%| F|  |TAMS 0x00000000e8100000, 0x00000000e8100000| Untracked 
| 130|0x00000000e8200000, 0x00000000e8200000, 0x00000000e8300000|  0%| F|  |TAMS 0x00000000e8200000, 0x00000000e8200000| Untracked 
| 131|0x00000000e8300000, 0x00000000e8300000, 0x00000000e8400000|  0%| F|  |TAMS 0x00000000e8300000, 0x00000000e8300000| Untracked 
| 132|0x00000000e8400000, 0x00000000e8400000, 0x00000000e8500000|  0%| F|  |TAMS 0x00000000e8400000, 0x00000000e8400000| Untracked 
| 133|0x00000000e8500000, 0x00000000e8500000, 0x00000000e8600000|  0%| F|  |TAMS 0x00000000e8500000, 0x00000000e8500000| Untracked 
| 134|0x00000000e8600000, 0x00000000e8600000, 0x00000000e8700000|  0%| F|  |TAMS 0x00000000e8600000, 0x00000000e8600000| Untracked 
| 135|0x00000000e8700000, 0x00000000e8700000, 0x00000000e8800000|  0%| F|  |TAMS 0x00000000e8700000, 0x00000000e8700000| Untracked 
| 136|0x00000000e8800000, 0x00000000e8800000, 0x00000000e8900000|  0%| F|  |TAMS 0x00000000e8800000, 0x00000000e8800000| Untracked 
| 137|0x00000000e8900000, 0x00000000e8900000, 0x00000000e8a00000|  0%| F|  |TAMS 0x00000000e8900000, 0x00000000e8900000| Untracked 
| 138|0x00000000e8a00000, 0x00000000e8a00000, 0x00000000e8b00000|  0%| F|  |TAMS 0x00000000e8a00000, 0x00000000e8a00000| Untracked 
| 139|0x00000000e8b00000, 0x00000000e8b00000, 0x00000000e8c00000|  0%| F|  |TAMS 0x00000000e8b00000, 0x00000000e8b00000| Untracked 
| 140|0x00000000e8c00000, 0x00000000e8c00000, 0x00000000e8d00000|  0%| F|  |TAMS 0x00000000e8c00000, 0x00000000e8c00000| Untracked 
| 141|0x00000000e8d00000, 0x00000000e8d00000, 0x00000000e8e00000|  0%| F|  |TAMS 0x00000000e8d00000, 0x00000000e8d00000| Untracked 
| 142|0x00000000e8e00000, 0x00000000e8e00000, 0x00000000e8f00000|  0%| F|  |TAMS 0x00000000e8e00000, 0x00000000e8e00000| Untracked 
| 143|0x00000000e8f00000, 0x00000000e8f00000, 0x00000000e9000000|  0%| F|  |TAMS 0x00000000e8f00000, 0x00000000e8f00000| Untracked 
| 144|0x00000000e9000000, 0x00000000e9000000, 0x00000000e9100000|  0%| F|  |TAMS 0x00000000e9000000, 0x00000000e9000000| Untracked 
| 145|0x00000000e9100000, 0x00000000e9100000, 0x00000000e9200000|  0%| F|  |TAMS 0x00000000e9100000, 0x00000000e9100000| Untracked 
| 146|0x00000000e9200000, 0x00000000e9200000, 0x00000000e9300000|  0%| F|  |TAMS 0x00000000e9200000, 0x00000000e9200000| Untracked 
| 147|0x00000000e9300000, 0x00000000e9300000, 0x00000000e9400000|  0%| F|  |TAMS 0x00000000e9300000, 0x00000000e9300000| Untracked 
| 148|0x00000000e9400000, 0x00000000e9400000, 0x00000000e9500000|  0%| F|  |TAMS 0x00000000e9400000, 0x00000000e9400000| Untracked 
| 149|0x00000000e9500000, 0x00000000e9500000, 0x00000000e9600000|  0%| F|  |TAMS 0x00000000e9500000, 0x00000000e9500000| Untracked 
| 150|0x00000000e9600000, 0x00000000e9600000, 0x00000000e9700000|  0%| F|  |TAMS 0x00000000e9600000, 0x00000000e9600000| Untracked 
| 151|0x00000000e9700000, 0x00000000e9700000, 0x00000000e9800000|  0%| F|  |TAMS 0x00000000e9700000, 0x00000000e9700000| Untracked 
| 152|0x00000000e9800000, 0x00000000e9800000, 0x00000000e9900000|  0%| F|  |TAMS 0x00000000e9800000, 0x00000000e9800000| Untracked 
| 153|0x00000000e9900000, 0x00000000e9900000, 0x00000000e9a00000|  0%| F|  |TAMS 0x00000000e9900000, 0x00000000e9900000| Untracked 
| 154|0x00000000e9a00000, 0x00000000e9a00000, 0x00000000e9b00000|  0%| F|  |TAMS 0x00000000e9a00000, 0x00000000e9a00000| Untracked 
| 155|0x00000000e9b00000, 0x00000000e9b00000, 0x00000000e9c00000|  0%| F|  |TAMS 0x00000000e9b00000, 0x00000000e9b00000| Untracked 
| 156|0x00000000e9c00000, 0x00000000e9c00000, 0x00000000e9d00000|  0%| F|  |TAMS 0x00000000e9c00000, 0x00000000e9c00000| Untracked 
| 157|0x00000000e9d00000, 0x00000000e9d00000, 0x00000000e9e00000|  0%| F|  |TAMS 0x00000000e9d00000, 0x00000000e9d00000| Untracked 
| 158|0x00000000e9e00000, 0x00000000e9e00000, 0x00000000e9f00000|  0%| F|  |TAMS 0x00000000e9e00000, 0x00000000e9e00000| Untracked 
| 159|0x00000000e9f00000, 0x00000000e9f00000, 0x00000000ea000000|  0%| F|  |TAMS 0x00000000e9f00000, 0x00000000e9f00000| Untracked 
| 160|0x00000000ea000000, 0x00000000ea000000, 0x00000000ea100000|  0%| F|  |TAMS 0x00000000ea000000, 0x00000000ea000000| Untracked 
| 161|0x00000000ea100000, 0x00000000ea100000, 0x00000000ea200000|  0%| F|  |TAMS 0x00000000ea100000, 0x00000000ea100000| Untracked 
| 162|0x00000000ea200000, 0x00000000ea200000, 0x00000000ea300000|  0%| F|  |TAMS 0x00000000ea200000, 0x00000000ea200000| Untracked 
| 163|0x00000000ea300000, 0x00000000ea300000, 0x00000000ea400000|  0%| F|  |TAMS 0x00000000ea300000, 0x00000000ea300000| Untracked 
| 164|0x00000000ea400000, 0x00000000ea400000, 0x00000000ea500000|  0%| F|  |TAMS 0x00000000ea400000, 0x00000000ea400000| Untracked 
| 165|0x00000000ea500000, 0x00000000ea5b5e40, 0x00000000ea600000| 71%| E|  |TAMS 0x00000000ea500000, 0x00000000ea500000| Complete 
| 166|0x00000000ea600000, 0x00000000ea700000, 0x00000000ea700000|100%| E|CS|TAMS 0x00000000ea600000, 0x00000000ea600000| Complete 
| 167|0x00000000ea700000, 0x00000000ea800000, 0x00000000ea800000|100%| E|CS|TAMS 0x00000000ea700000, 0x00000000ea700000| Complete 
| 168|0x00000000ea800000, 0x00000000ea900000, 0x00000000ea900000|100%| E|CS|TAMS 0x00000000ea800000, 0x00000000ea800000| Complete 
| 169|0x00000000ea900000, 0x00000000eaa00000, 0x00000000eaa00000|100%| E|CS|TAMS 0x00000000ea900000, 0x00000000ea900000| Complete 
| 170|0x00000000eaa00000, 0x00000000eab00000, 0x00000000eab00000|100%| E|CS|TAMS 0x00000000eaa00000, 0x00000000eaa00000| Complete 
| 171|0x00000000eab00000, 0x00000000eac00000, 0x00000000eac00000|100%| E|CS|TAMS 0x00000000eab00000, 0x00000000eab00000| Complete 
| 172|0x00000000eac00000, 0x00000000ead00000, 0x00000000ead00000|100%| E|CS|TAMS 0x00000000eac00000, 0x00000000eac00000| Complete 
| 173|0x00000000ead00000, 0x00000000eae00000, 0x00000000eae00000|100%| E|CS|TAMS 0x00000000ead00000, 0x00000000ead00000| Complete 
| 174|0x00000000eae00000, 0x00000000eaf00000, 0x00000000eaf00000|100%| E|CS|TAMS 0x00000000eae00000, 0x00000000eae00000| Complete 
| 175|0x00000000eaf00000, 0x00000000eb000000, 0x00000000eb000000|100%| E|CS|TAMS 0x00000000eaf00000, 0x00000000eaf00000| Complete 
| 176|0x00000000eb000000, 0x00000000eb100000, 0x00000000eb100000|100%| E|CS|TAMS 0x00000000eb000000, 0x00000000eb000000| Complete 
| 177|0x00000000eb100000, 0x00000000eb200000, 0x00000000eb200000|100%| E|CS|TAMS 0x00000000eb100000, 0x00000000eb100000| Complete 
| 178|0x00000000eb200000, 0x00000000eb300000, 0x00000000eb300000|100%| E|CS|TAMS 0x00000000eb200000, 0x00000000eb200000| Complete 
| 179|0x00000000eb300000, 0x00000000eb400000, 0x00000000eb400000|100%| E|CS|TAMS 0x00000000eb300000, 0x00000000eb300000| Complete 
| 180|0x00000000eb400000, 0x00000000eb500000, 0x00000000eb500000|100%| E|CS|TAMS 0x00000000eb400000, 0x00000000eb400000| Complete 
| 181|0x00000000eb500000, 0x00000000eb600000, 0x00000000eb600000|100%| E|CS|TAMS 0x00000000eb500000, 0x00000000eb500000| Complete 
| 182|0x00000000eb600000, 0x00000000eb700000, 0x00000000eb700000|100%| E|CS|TAMS 0x00000000eb600000, 0x00000000eb600000| Complete 
| 183|0x00000000eb700000, 0x00000000eb800000, 0x00000000eb800000|100%| E|CS|TAMS 0x00000000eb700000, 0x00000000eb700000| Complete 
| 184|0x00000000eb800000, 0x00000000eb900000, 0x00000000eb900000|100%| E|CS|TAMS 0x00000000eb800000, 0x00000000eb800000| Complete 
| 185|0x00000000eb900000, 0x00000000eba00000, 0x00000000eba00000|100%| E|CS|TAMS 0x00000000eb900000, 0x00000000eb900000| Complete 
| 186|0x00000000eba00000, 0x00000000ebb00000, 0x00000000ebb00000|100%| E|CS|TAMS 0x00000000eba00000, 0x00000000eba00000| Complete 
| 187|0x00000000ebb00000, 0x00000000ebc00000, 0x00000000ebc00000|100%| E|CS|TAMS 0x00000000ebb00000, 0x00000000ebb00000| Complete 
| 188|0x00000000ebc00000, 0x00000000ebd00000, 0x00000000ebd00000|100%| E|CS|TAMS 0x00000000ebc00000, 0x00000000ebc00000| Complete 
| 189|0x00000000ebd00000, 0x00000000ebe00000, 0x00000000ebe00000|100%| E|CS|TAMS 0x00000000ebd00000, 0x00000000ebd00000| Complete 
| 190|0x00000000ebe00000, 0x00000000ebf00000, 0x00000000ebf00000|100%| E|CS|TAMS 0x00000000ebe00000, 0x00000000ebe00000| Complete 
| 191|0x00000000ebf00000, 0x00000000ec000000, 0x00000000ec000000|100%| E|CS|TAMS 0x00000000ebf00000, 0x00000000ebf00000| Complete 
| 192|0x00000000ec000000, 0x00000000ec100000, 0x00000000ec100000|100%| E|CS|TAMS 0x00000000ec000000, 0x00000000ec000000| Complete 
| 193|0x00000000ec100000, 0x00000000ec200000, 0x00000000ec200000|100%| E|CS|TAMS 0x00000000ec100000, 0x00000000ec100000| Complete 
| 194|0x00000000ec200000, 0x00000000ec300000, 0x00000000ec300000|100%| E|CS|TAMS 0x00000000ec200000, 0x00000000ec200000| Complete 
| 195|0x00000000ec300000, 0x00000000ec400000, 0x00000000ec400000|100%| E|CS|TAMS 0x00000000ec300000, 0x00000000ec300000| Complete 
| 196|0x00000000ec400000, 0x00000000ec500000, 0x00000000ec500000|100%| E|CS|TAMS 0x00000000ec400000, 0x00000000ec400000| Complete 
| 197|0x00000000ec500000, 0x00000000ec600000, 0x00000000ec600000|100%| E|CS|TAMS 0x00000000ec500000, 0x00000000ec500000| Complete 
| 198|0x00000000ec600000, 0x00000000ec700000, 0x00000000ec700000|100%| E|CS|TAMS 0x00000000ec600000, 0x00000000ec600000| Complete 
| 199|0x00000000ec700000, 0x00000000ec800000, 0x00000000ec800000|100%| E|CS|TAMS 0x00000000ec700000, 0x00000000ec700000| Complete 
| 200|0x00000000ec800000, 0x00000000ec900000, 0x00000000ec900000|100%| E|CS|TAMS 0x00000000ec800000, 0x00000000ec800000| Complete 
| 201|0x00000000ec900000, 0x00000000eca00000, 0x00000000eca00000|100%| E|CS|TAMS 0x00000000ec900000, 0x00000000ec900000| Complete 
| 202|0x00000000eca00000, 0x00000000ecb00000, 0x00000000ecb00000|100%| E|CS|TAMS 0x00000000eca00000, 0x00000000eca00000| Complete 
| 203|0x00000000ecb00000, 0x00000000ecc00000, 0x00000000ecc00000|100%| E|CS|TAMS 0x00000000ecb00000, 0x00000000ecb00000| Complete 
| 204|0x00000000ecc00000, 0x00000000ecd00000, 0x00000000ecd00000|100%| E|CS|TAMS 0x00000000ecc00000, 0x00000000ecc00000| Complete 
| 205|0x00000000ecd00000, 0x00000000ece00000, 0x00000000ece00000|100%| E|CS|TAMS 0x00000000ecd00000, 0x00000000ecd00000| Complete 
| 206|0x00000000ece00000, 0x00000000ecf00000, 0x00000000ecf00000|100%| E|CS|TAMS 0x00000000ece00000, 0x00000000ece00000| Complete 
| 207|0x00000000ecf00000, 0x00000000ed000000, 0x00000000ed000000|100%| E|CS|TAMS 0x00000000ecf00000, 0x00000000ecf00000| Complete 
| 208|0x00000000ed000000, 0x00000000ed100000, 0x00000000ed100000|100%| E|CS|TAMS 0x00000000ed000000, 0x00000000ed000000| Complete 
| 209|0x00000000ed100000, 0x00000000ed200000, 0x00000000ed200000|100%| E|CS|TAMS 0x00000000ed100000, 0x00000000ed100000| Complete 
| 210|0x00000000ed200000, 0x00000000ed300000, 0x00000000ed300000|100%| E|CS|TAMS 0x00000000ed200000, 0x00000000ed200000| Complete 
| 211|0x00000000ed300000, 0x00000000ed400000, 0x00000000ed400000|100%| E|CS|TAMS 0x00000000ed300000, 0x00000000ed300000| Complete 
| 212|0x00000000ed400000, 0x00000000ed500000, 0x00000000ed500000|100%| E|CS|TAMS 0x00000000ed400000, 0x00000000ed400000| Complete 
| 213|0x00000000ed500000, 0x00000000ed600000, 0x00000000ed600000|100%| E|CS|TAMS 0x00000000ed500000, 0x00000000ed500000| Complete 
| 214|0x00000000ed600000, 0x00000000ed700000, 0x00000000ed700000|100%| E|CS|TAMS 0x00000000ed600000, 0x00000000ed600000| Complete 
| 215|0x00000000ed700000, 0x00000000ed800000, 0x00000000ed800000|100%| E|CS|TAMS 0x00000000ed700000, 0x00000000ed700000| Complete 
| 216|0x00000000ed800000, 0x00000000ed900000, 0x00000000ed900000|100%| E|CS|TAMS 0x00000000ed800000, 0x00000000ed800000| Complete 
| 217|0x00000000ed900000, 0x00000000eda00000, 0x00000000eda00000|100%| E|CS|TAMS 0x00000000ed900000, 0x00000000ed900000| Complete 
| 218|0x00000000eda00000, 0x00000000edb00000, 0x00000000edb00000|100%| E|CS|TAMS 0x00000000eda00000, 0x00000000eda00000| Complete 
| 219|0x00000000edb00000, 0x00000000edc00000, 0x00000000edc00000|100%| E|CS|TAMS 0x00000000edb00000, 0x00000000edb00000| Complete 
| 220|0x00000000edc00000, 0x00000000edd00000, 0x00000000edd00000|100%| E|CS|TAMS 0x00000000edc00000, 0x00000000edc00000| Complete 
| 221|0x00000000edd00000, 0x00000000ede00000, 0x00000000ede00000|100%| E|CS|TAMS 0x00000000edd00000, 0x00000000edd00000| Complete 
| 222|0x00000000ede00000, 0x00000000edf00000, 0x00000000edf00000|100%| E|CS|TAMS 0x00000000ede00000, 0x00000000ede00000| Complete 
| 223|0x00000000edf00000, 0x00000000ee000000, 0x00000000ee000000|100%| E|CS|TAMS 0x00000000edf00000, 0x00000000edf00000| Complete 
| 224|0x00000000ee000000, 0x00000000ee100000, 0x00000000ee100000|100%| E|CS|TAMS 0x00000000ee000000, 0x00000000ee000000| Complete 
| 225|0x00000000ee100000, 0x00000000ee200000, 0x00000000ee200000|100%| E|CS|TAMS 0x00000000ee100000, 0x00000000ee100000| Complete 
| 226|0x00000000ee200000, 0x00000000ee300000, 0x00000000ee300000|100%| E|CS|TAMS 0x00000000ee200000, 0x00000000ee200000| Complete 
| 227|0x00000000ee300000, 0x00000000ee400000, 0x00000000ee400000|100%| E|CS|TAMS 0x00000000ee300000, 0x00000000ee300000| Complete 
| 228|0x00000000ee400000, 0x00000000ee500000, 0x00000000ee500000|100%| E|CS|TAMS 0x00000000ee400000, 0x00000000ee400000| Complete 
| 229|0x00000000ee500000, 0x00000000ee600000, 0x00000000ee600000|100%| E|CS|TAMS 0x00000000ee500000, 0x00000000ee500000| Complete 
| 230|0x00000000ee600000, 0x00000000ee700000, 0x00000000ee700000|100%| E|CS|TAMS 0x00000000ee600000, 0x00000000ee600000| Complete 
| 231|0x00000000ee700000, 0x00000000ee800000, 0x00000000ee800000|100%| E|CS|TAMS 0x00000000ee700000, 0x00000000ee700000| Complete 
| 232|0x00000000ee800000, 0x00000000ee900000, 0x00000000ee900000|100%| E|CS|TAMS 0x00000000ee800000, 0x00000000ee800000| Complete 
| 233|0x00000000ee900000, 0x00000000eea00000, 0x00000000eea00000|100%| E|CS|TAMS 0x00000000ee900000, 0x00000000ee900000| Complete 
| 234|0x00000000eea00000, 0x00000000eeb00000, 0x00000000eeb00000|100%| E|CS|TAMS 0x00000000eea00000, 0x00000000eea00000| Complete 
| 235|0x00000000eeb00000, 0x00000000eec00000, 0x00000000eec00000|100%| E|  |TAMS 0x00000000eeb00000, 0x00000000eeb00000| Complete 
| 236|0x00000000eec00000, 0x00000000eed00000, 0x00000000eed00000|100%| E|CS|TAMS 0x00000000eec00000, 0x00000000eec00000| Complete 
| 237|0x00000000eed00000, 0x00000000eee00000, 0x00000000eee00000|100%| E|CS|TAMS 0x00000000eed00000, 0x00000000eed00000| Complete 
| 238|0x00000000eee00000, 0x00000000eef00000, 0x00000000eef00000|100%| E|CS|TAMS 0x00000000eee00000, 0x00000000eee00000| Complete 
| 239|0x00000000eef00000, 0x00000000ef000000, 0x00000000ef000000|100%| E|CS|TAMS 0x00000000eef00000, 0x00000000eef00000| Complete 
| 240|0x00000000ef000000, 0x00000000ef100000, 0x00000000ef100000|100%| E|CS|TAMS 0x00000000ef000000, 0x00000000ef000000| Complete 
| 241|0x00000000ef100000, 0x00000000ef200000, 0x00000000ef200000|100%| E|CS|TAMS 0x00000000ef100000, 0x00000000ef100000| Complete 
| 242|0x00000000ef200000, 0x00000000ef300000, 0x00000000ef300000|100%| E|CS|TAMS 0x00000000ef200000, 0x00000000ef200000| Complete 
| 243|0x00000000ef300000, 0x00000000ef400000, 0x00000000ef400000|100%| E|CS|TAMS 0x00000000ef300000, 0x00000000ef300000| Complete 
| 244|0x00000000ef400000, 0x00000000ef500000, 0x00000000ef500000|100%| E|CS|TAMS 0x00000000ef400000, 0x00000000ef400000| Complete 
| 245|0x00000000ef500000, 0x00000000ef600000, 0x00000000ef600000|100%| E|CS|TAMS 0x00000000ef500000, 0x00000000ef500000| Complete 
| 246|0x00000000ef600000, 0x00000000ef700000, 0x00000000ef700000|100%| E|CS|TAMS 0x00000000ef600000, 0x00000000ef600000| Complete 
| 247|0x00000000ef700000, 0x00000000ef800000, 0x00000000ef800000|100%| E|CS|TAMS 0x00000000ef700000, 0x00000000ef700000| Complete 
| 248|0x00000000ef800000, 0x00000000ef900000, 0x00000000ef900000|100%| E|CS|TAMS 0x00000000ef800000, 0x00000000ef800000| Complete 
| 249|0x00000000ef900000, 0x00000000efa00000, 0x00000000efa00000|100%| E|CS|TAMS 0x00000000ef900000, 0x00000000ef900000| Complete 
| 250|0x00000000efa00000, 0x00000000efb00000, 0x00000000efb00000|100%| E|CS|TAMS 0x00000000efa00000, 0x00000000efa00000| Complete 
| 251|0x00000000efb00000, 0x00000000efc00000, 0x00000000efc00000|100%| E|CS|TAMS 0x00000000efb00000, 0x00000000efb00000| Complete 
| 252|0x00000000efc00000, 0x00000000efd00000, 0x00000000efd00000|100%| E|CS|TAMS 0x00000000efc00000, 0x00000000efc00000| Complete 
| 253|0x00000000efd00000, 0x00000000efe00000, 0x00000000efe00000|100%| E|CS|TAMS 0x00000000efd00000, 0x00000000efd00000| Complete 
| 254|0x00000000efe00000, 0x00000000eff00000, 0x00000000eff00000|100%| E|CS|TAMS 0x00000000efe00000, 0x00000000efe00000| Complete 
| 255|0x00000000eff00000, 0x00000000f0000000, 0x00000000f0000000|100%| E|CS|TAMS 0x00000000eff00000, 0x00000000eff00000| Complete 

Card table byte_map: [0x000001a279540000,0x000001a279640000] _byte_map_base: 0x000001a278e40000

Marking Bits (Prev, Next): (CMBitMap*) 0x000001a279498180, (CMBitMap*) 0x000001a2794981c0
 Prev Bits: [0x000001a279740000, 0x000001a279f40000)
 Next Bits: [0x000001a279f40000, 0x000001a27a740000)

Polling page: 0x000001a2773c0000

Metaspace:

Usage:
  Non-class:     44.81 MB used.
      Class:      7.13 MB used.
       Both:     51.95 MB used.

Virtual space:
  Non-class space:       64.00 MB reserved,      45.06 MB ( 70%) committed,  1 nodes.
      Class space:      320.00 MB reserved,       7.38 MB (  2%) committed,  1 nodes.
             Both:      384.00 MB reserved,      52.44 MB ( 14%) committed. 

Chunk freelists:
   Non-Class:  2.06 MB
       Class:  8.52 MB
        Both:  10.58 MB

MaxMetaspaceSize: 384.00 MB
CompressedClassSpaceSize: 320.00 MB
Initial GC threshold: 21.00 MB
Current GC threshold: 60.12 MB
CDS: on
MetaspaceReclaimPolicy: balanced
 - commit_granule_bytes: 65536.
 - commit_granule_words: 8192.
 - virtual_space_node_default_size: 8388608.
 - enlarge_chunks_in_place: 1.
 - new_chunks_are_fully_committed: 0.
 - uncommit_free_chunks: 1.
 - use_allocation_guard: 0.
 - handle_deallocations: 1.


Internal statistics:

num_allocs_failed_limit: 12.
num_arena_births: 596.
num_arena_deaths: 0.
num_vsnodes_births: 2.
num_vsnodes_deaths: 0.
num_space_committed: 839.
num_space_uncommitted: 0.
num_chunks_returned_to_freelist: 12.
num_chunks_taken_from_freelist: 2725.
num_chunk_merges: 12.
num_chunk_splits: 1797.
num_chunks_enlarged: 1198.
num_inconsistent_stats: 0.

CodeHeap 'non-profiled nmethods': size=120000Kb used=5682Kb max_used=5682Kb free=114317Kb
 bounds [0x000001a20f2b0000, 0x000001a20f840000, 0x000001a2167e0000]
CodeHeap 'profiled nmethods': size=120000Kb used=18426Kb max_used=18426Kb free=101573Kb
 bounds [0x000001a2077e0000, 0x000001a2089e0000, 0x000001a20ed10000]
CodeHeap 'non-nmethods': size=5760Kb used=2319Kb max_used=2416Kb free=3440Kb
 bounds [0x000001a20ed10000, 0x000001a20ef80000, 0x000001a20f2b0000]
 total_blobs=9820 nmethods=8986 adapters=746
 compilation: enabled
              stopped_count=0, restarted_count=0
 full_count=0

Compilation events (20 events):
Event: 273.215 Thread 0x000001a27cd798e0 nmethod 9795 0x000001a2089cbb90 code [0x000001a2089cbda0, 0x000001a2089cc218]
Event: 273.215 Thread 0x000001a27cd798e0 9798       3       org.gradle.api.internal.artifacts.ivyservice.resolveengine.oldresult.ResolutionFailureCollector::visitSelector (1 bytes)
Event: 273.216 Thread 0x000001a27cd798e0 nmethod 9798 0x000001a2089cc410 code [0x000001a2089cc5a0, 0x000001a2089cc6b8]
Event: 273.216 Thread 0x000001a27cd798e0 9799       3       org.gradle.api.internal.artifacts.ivyservice.resolveengine.artifact.ResolvedArtifactsGraphVisitor::visitSelector (1 bytes)
Event: 273.216 Thread 0x000001a27cd798e0 nmethod 9799 0x000001a2089cc790 code [0x000001a2089cc920, 0x000001a2089cca38]
Event: 273.216 Thread 0x000001a27cd798e0 9800       3       org.gradle.api.internal.attributes.AttributeDesugaring::desugarSelector (140 bytes)
Event: 273.218 Thread 0x000001a27cd798e0 nmethod 9800 0x000001a2089ccb10 code [0x000001a2089ccf00, 0x000001a2089cf1f8]
Event: 273.218 Thread 0x000001a27cd798e0 9801       3       org.gradle.api.internal.artifacts.ivyservice.resolveengine.result.ComponentSelectorSerializer::write (463 bytes)
Event: 273.221 Thread 0x000001a27cd798e0 nmethod 9801 0x000001a2089cfb10 code [0x000001a2089d01c0, 0x000001a2089d38f8]
Event: 273.289 Thread 0x000001a27cd798e0 9803       3       java.util.ArrayDeque::grow (165 bytes)
Event: 273.290 Thread 0x000001a27cd798e0 nmethod 9803 0x000001a2089d4890 code [0x000001a2089d4aa0, 0x000001a2089d5248]
Event: 273.293 Thread 0x000001a27cd798e0 9805       3       org.gradle.api.internal.artifacts.ivyservice.resolveengine.result.StreamingResolutionResultBuilder::visitEdges (88 bytes)
Event: 273.294 Thread 0x000001a27cd798e0 nmethod 9805 0x000001a2089d5510 code [0x000001a2089d57c0, 0x000001a2089d69d8]
Event: 273.294 Thread 0x000001a27cd798e0 9806       1       org.gradle.api.internal.artifacts.ivyservice.resolveengine.excludes.simple.DefaultModuleIdSetExclude::mayExcludeArtifacts (2 bytes)
Event: 273.294 Thread 0x000001a27cd798e0 nmethod 9806 0x000001a20f83ac90 code [0x000001a20f83ae20, 0x000001a20f83aef8]
Event: 273.297 Thread 0x000001a27cd798e0 9807       3       org.gradle.api.internal.attributes.DefaultAttributesSchema$DefaultAttributeSelectionSchema::matchValue (140 bytes)
Event: 273.298 Thread 0x000001a27cd798e0 nmethod 9807 0x000001a2089d6f90 code [0x000001a2089d7200, 0x000001a2089d7de8]
Event: 273.298 Thread 0x000001a27cd798e0 9809       3       com.google.common.collect.ImmutableMap::entrySet (5 bytes)
Event: 273.298 Thread 0x000001a27cd798e0 nmethod 9809 0x000001a2089d8190 code [0x000001a2089d8340, 0x000001a2089d8508]
Event: 273.298 Thread 0x000001a27cd798e0 9813   !   3       org.gradle.internal.resolve.resolver.DefaultComponentArtifactResolver::resolveArtifacts (110 bytes)

GC Heap History (18 events):
Event: 5.231 GC heap before
{Heap before GC invocations=0 (full 0):
 garbage-first heap   total 262144K, used 13312K [0x00000000e0000000, 0x0000000100000000)
  region size 1024K, 13 young (13312K), 0 survivors (0K)
 Metaspace       used 1032K, committed 1152K, reserved 393216K
  class space    used 80K, committed 128K, reserved 327680K
}
Event: 5.953 GC heap after
{Heap after GC invocations=1 (full 0):
 garbage-first heap   total 262144K, used 3432K [0x00000000e0000000, 0x0000000100000000)
  region size 1024K, 2 young (2048K), 2 survivors (2048K)
 Metaspace       used 1032K, committed 1152K, reserved 393216K
  class space    used 80K, committed 128K, reserved 327680K
}
Event: 10.398 GC heap before
{Heap before GC invocations=1 (full 0):
 garbage-first heap   total 262144K, used 22888K [0x00000000e0000000, 0x0000000100000000)
  region size 1024K, 18 young (18432K), 2 survivors (2048K)
 Metaspace       used 3952K, committed 4160K, reserved 393216K
  class space    used 491K, committed 576K, reserved 327680K
}
Event: 10.406 GC heap after
{Heap after GC invocations=2 (full 0):
 garbage-first heap   total 262144K, used 11087K [0x00000000e0000000, 0x0000000100000000)
  region size 1024K, 3 young (3072K), 3 survivors (3072K)
 Metaspace       used 3952K, committed 4160K, reserved 393216K
  class space    used 491K, committed 576K, reserved 327680K
}
Event: 15.103 GC heap before
{Heap before GC invocations=2 (full 0):
 garbage-first heap   total 262144K, used 33615K [0x00000000e0000000, 0x0000000100000000)
  region size 1024K, 25 young (25600K), 3 survivors (3072K)
 Metaspace       used 4030K, committed 4160K, reserved 393216K
  class space    used 492K, committed 576K, reserved 327680K
}
Event: 15.108 GC heap after
{Heap after GC invocations=3 (full 0):
 garbage-first heap   total 262144K, used 11765K [0x00000000e0000000, 0x0000000100000000)
  region size 1024K, 1 young (1024K), 1 survivors (1024K)
 Metaspace       used 4030K, committed 4160K, reserved 393216K
  class space    used 492K, committed 576K, reserved 327680K
}
Event: 42.364 GC heap before
{Heap before GC invocations=3 (full 0):
 garbage-first heap   total 262144K, used 128501K [0x00000000e0000000, 0x0000000100000000)
  region size 1024K, 116 young (118784K), 1 survivors (1024K)
 Metaspace       used 21268K, committed 21504K, reserved 393216K
  class space    used 3113K, committed 3200K, reserved 327680K
}
Event: 42.381 GC heap after
{Heap after GC invocations=4 (full 0):
 garbage-first heap   total 262144K, used 22712K [0x00000000e0000000, 0x0000000100000000)
  region size 1024K, 12 young (12288K), 12 survivors (12288K)
 Metaspace       used 21268K, committed 21504K, reserved 393216K
  class space    used 3113K, committed 3200K, reserved 327680K
}
Event: 97.108 GC heap before
{Heap before GC invocations=5 (full 0):
 garbage-first heap   total 262144K, used 143544K [0x00000000e0000000, 0x0000000100000000)
  region size 1024K, 127 young (130048K), 12 survivors (12288K)
 Metaspace       used 35716K, committed 36096K, reserved 393216K
  class space    used 4963K, committed 5184K, reserved 327680K
}
Event: 97.138 GC heap after
{Heap after GC invocations=6 (full 0):
 garbage-first heap   total 262144K, used 32064K [0x00000000e0000000, 0x0000000100000000)
  region size 1024K, 10 young (10240K), 10 survivors (10240K)
 Metaspace       used 35716K, committed 36096K, reserved 393216K
  class space    used 4963K, committed 5184K, reserved 327680K
}
Event: 97.351 GC heap before
{Heap before GC invocations=6 (full 0):
 garbage-first heap   total 262144K, used 33088K [0x00000000e0000000, 0x0000000100000000)
  region size 1024K, 12 young (12288K), 10 survivors (10240K)
 Metaspace       used 36025K, committed 36416K, reserved 393216K
  class space    used 5005K, committed 5184K, reserved 327680K
}
Event: 97.361 GC heap after
{Heap after GC invocations=7 (full 0):
 garbage-first heap   total 262144K, used 31958K [0x00000000e0000000, 0x0000000100000000)
  region size 1024K, 2 young (2048K), 2 survivors (2048K)
 Metaspace       used 36025K, committed 36416K, reserved 393216K
  class space    used 5005K, committed 5184K, reserved 327680K
}
Event: 97.683 GC heap before
{Heap before GC invocations=7 (full 0):
 garbage-first heap   total 262144K, used 35030K [0x00000000e0000000, 0x0000000100000000)
  region size 1024K, 6 young (6144K), 2 survivors (2048K)
 Metaspace       used 36356K, committed 36736K, reserved 393216K
  class space    used 5067K, committed 5248K, reserved 327680K
}
Event: 97.686 GC heap after
{Heap after GC invocations=8 (full 0):
 garbage-first heap   total 262144K, used 30949K [0x00000000e0000000, 0x0000000100000000)
  region size 1024K, 1 young (1024K), 1 survivors (1024K)
 Metaspace       used 36356K, committed 36736K, reserved 393216K
  class space    used 5067K, committed 5248K, reserved 327680K
}
Event: 143.402 GC heap before
{Heap before GC invocations=9 (full 0):
 garbage-first heap   total 262144K, used 187621K [0x00000000e0000000, 0x0000000100000000)
  region size 1024K, 153 young (156672K), 1 survivors (1024K)
 Metaspace       used 49083K, committed 49600K, reserved 393216K
  class space    used 7031K, committed 7296K, reserved 327680K
}
Event: 143.427 GC heap after
{Heap after GC invocations=10 (full 0):
 garbage-first heap   total 262144K, used 40989K [0x00000000e0000000, 0x0000000100000000)
  region size 1024K, 11 young (11264K), 11 survivors (11264K)
 Metaspace       used 49083K, committed 49600K, reserved 393216K
  class space    used 7031K, committed 7296K, reserved 327680K
}
Event: 242.682 GC heap before
{Heap before GC invocations=10 (full 0):
 garbage-first heap   total 262144K, used 185373K [0x00000000e0000000, 0x0000000100000000)
  region size 1024K, 153 young (156672K), 11 survivors (11264K)
 Metaspace       used 52622K, committed 53184K, reserved 393216K
  class space    used 7291K, committed 7552K, reserved 327680K
}
Event: 242.831 GC heap after
{Heap after GC invocations=11 (full 0):
 garbage-first heap   total 262144K, used 52816K [0x00000000e0000000, 0x0000000100000000)
  region size 1024K, 20 young (20480K), 20 survivors (20480K)
 Metaspace       used 52622K, committed 53184K, reserved 393216K
  class space    used 7291K, committed 7552K, reserved 327680K
}

Deoptimization events (20 events):
Event: 273.031 Thread 0x000001a2314ef9c0 Uncommon trap: trap_request=0xffffffde fr.pc=0x000001a20f522db4 relative=0x0000000000000374
Event: 273.031 Thread 0x000001a2314ef9c0 Uncommon trap: reason=class_check action=maybe_recompile pc=0x000001a20f522db4 method=org.gradle.internal.component.external.model.maven.DefaultMavenModuleResolveMetadata.include(Lorg/gradle/internal/component/external/model/maven/MavenDependencyDescripto
Event: 273.031 Thread 0x000001a2314ef9c0 DEOPT PACKING pc=0x000001a20f522db4 sp=0x000000956ecf9e10
Event: 273.031 Thread 0x000001a2314ef9c0 DEOPT UNPACKING pc=0x000001a20ed623a3 sp=0x000000956ecf9dc8 mode 2
Event: 273.031 Thread 0x000001a2314ef9c0 Uncommon trap: trap_request=0xffffffde fr.pc=0x000001a20f522db4 relative=0x0000000000000374
Event: 273.031 Thread 0x000001a2314ef9c0 Uncommon trap: reason=class_check action=maybe_recompile pc=0x000001a20f522db4 method=org.gradle.internal.component.external.model.maven.DefaultMavenModuleResolveMetadata.include(Lorg/gradle/internal/component/external/model/maven/MavenDependencyDescripto
Event: 273.031 Thread 0x000001a2314ef9c0 DEOPT PACKING pc=0x000001a20f522db4 sp=0x000000956ecf9e10
Event: 273.031 Thread 0x000001a2314ef9c0 DEOPT UNPACKING pc=0x000001a20ed623a3 sp=0x000000956ecf9dc8 mode 2
Event: 273.031 Thread 0x000001a2314ef9c0 Uncommon trap: trap_request=0xffffffde fr.pc=0x000001a20f522db4 relative=0x0000000000000374
Event: 273.031 Thread 0x000001a2314ef9c0 Uncommon trap: reason=class_check action=maybe_recompile pc=0x000001a20f522db4 method=org.gradle.internal.component.external.model.maven.DefaultMavenModuleResolveMetadata.include(Lorg/gradle/internal/component/external/model/maven/MavenDependencyDescripto
Event: 273.031 Thread 0x000001a2314ef9c0 DEOPT PACKING pc=0x000001a20f522db4 sp=0x000000956ecf9e10
Event: 273.031 Thread 0x000001a2314ef9c0 DEOPT UNPACKING pc=0x000001a20ed623a3 sp=0x000000956ecf9dc8 mode 2
Event: 273.031 Thread 0x000001a2314ef9c0 Uncommon trap: trap_request=0xffffffde fr.pc=0x000001a20f522db4 relative=0x0000000000000374
Event: 273.031 Thread 0x000001a2314ef9c0 Uncommon trap: reason=class_check action=maybe_recompile pc=0x000001a20f522db4 method=org.gradle.internal.component.external.model.maven.DefaultMavenModuleResolveMetadata.include(Lorg/gradle/internal/component/external/model/maven/MavenDependencyDescripto
Event: 273.031 Thread 0x000001a2314ef9c0 DEOPT PACKING pc=0x000001a20f522db4 sp=0x000000956ecf9e10
Event: 273.031 Thread 0x000001a2314ef9c0 DEOPT UNPACKING pc=0x000001a20ed623a3 sp=0x000000956ecf9dc8 mode 2
Event: 273.097 Thread 0x000001a2314ef9c0 Uncommon trap: trap_request=0xffffff76 fr.pc=0x000001a20f81db5c relative=0x000000000000023c
Event: 273.097 Thread 0x000001a2314ef9c0 Uncommon trap: reason=predicate action=maybe_recompile pc=0x000001a20f81db5c method=java.util.ArrayList$ArrayListSpliterator.forEachRemaining(Ljava/util/function/Consumer;)V @ 83 c2
Event: 273.097 Thread 0x000001a2314ef9c0 DEOPT PACKING pc=0x000001a20f81db5c sp=0x000000956ecf98c0
Event: 273.098 Thread 0x000001a2314ef9c0 DEOPT UNPACKING pc=0x000001a20ed623a3 sp=0x000000956ecf9840 mode 2

Classes unloaded (0 events):
No events

Classes redefined (0 events):
No events

Internal exceptions (20 events):
Event: 141.390 Thread 0x000001a230547fd0 Exception <a 'java/lang/ClassNotFoundException'{0x00000000e71f66b0}: org/gradle/api/tasks/CopyBeanInfo> (0x00000000e71f66b0) 
thrown [s\open\src\hotspot\share\classfile\systemDictionary.cpp, line 256]
Event: 141.394 Thread 0x000001a230547fd0 Exception <a 'java/lang/ClassNotFoundException'{0x00000000e70016b0}: org/gradle/api/tasks/AbstractCopyTaskBeanInfo> (0x00000000e70016b0) 
thrown [s\open\src\hotspot\share\classfile\systemDictionary.cpp, line 256]
Event: 141.395 Thread 0x000001a230547fd0 Exception <a 'java/lang/ClassNotFoundException'{0x00000000e700bc40}: org/gradle/api/tasks/AbstractCopyTaskCustomizer> (0x00000000e700bc40) 
thrown [s\open\src\hotspot\share\classfile\systemDictionary.cpp, line 256]
Event: 141.401 Thread 0x000001a230547fd0 Exception <a 'java/lang/ClassNotFoundException'{0x00000000e708b330}: org/gradle/api/tasks/CopyCustomizer> (0x00000000e708b330) 
thrown [s\open\src\hotspot\share\classfile\systemDictionary.cpp, line 256]
Event: 141.403 Thread 0x000001a230547fd0 Exception <a 'java/lang/ClassNotFoundException'{0x00000000e70aeee0}: org/gradle/language/jvm/tasks/ProcessResourcesCustomizer> (0x00000000e70aeee0) 
thrown [s\open\src\hotspot\share\classfile\systemDictionary.cpp, line 256]
Event: 141.405 Thread 0x000001a230547fd0 Exception <a 'java/lang/ClassNotFoundException'{0x00000000e70cfa90}: org/gradle/language/jvm/tasks/ProcessResources_DecoratedCustomizer> (0x00000000e70cfa90) 
thrown [s\open\src\hotspot\share\classfile\systemDictionary.cpp, line 256]
Event: 141.504 Thread 0x000001a230547fd0 Exception <a 'java/lang/ClassNotFoundException'{0x00000000e6f646a8}: org/gradle/api/DefaultTask_DecoratedBeanInfo> (0x00000000e6f646a8) 
thrown [s\open\src\hotspot\share\classfile\systemDictionary.cpp, line 256]
Event: 141.506 Thread 0x000001a230547fd0 Exception <a 'java/lang/ClassNotFoundException'{0x00000000e6f6ea90}: org/gradle/api/DefaultTask_DecoratedCustomizer> (0x00000000e6f6ea90) 
thrown [s\open\src\hotspot\share\classfile\systemDictionary.cpp, line 256]
Event: 142.150 Thread 0x000001a2314ef9c0 Exception <a 'java/lang/NoSuchMethodError'{0x00000000e6c58310}: 'java.lang.Object java.lang.invoke.DirectMethodHandle$Holder.newInvokeSpecial(java.lang.Object, java.lang.Object, java.lang.Object, java.lang.Object, int, java.lang.Object)'> (0x00000000e6c58310) 
thrown [s\open\src\hotspot\share\interpreter\linkResolver.cpp, line 759]
Event: 142.151 Thread 0x000001a2314ef9c0 Exception <a 'java/lang/NoSuchMethodError'{0x00000000e6c5c630}: 'java.lang.Object java.lang.invoke.Invokers$Holder.linkToTargetMethod(java.lang.Object, java.lang.Object, java.lang.Object, int, java.lang.Object, java.lang.Object)'> (0x00000000e6c5c630) 
thrown [s\open\src\hotspot\share\interpreter\linkResolver.cpp, line 759]
Event: 142.405 Thread 0x000001a2314ef9c0 Exception <a 'java/lang/NoSuchMethodError'{0x00000000e6b166e8}: 'void java.lang.invoke.DirectMethodHandle$Holder.invokeInterface(java.lang.Object, java.lang.Object, java.lang.Object, java.lang.Object)'> (0x00000000e6b166e8) 
thrown [s\open\src\hotspot\share\interpreter\linkResolver.cpp, line 759]
Event: 142.704 Thread 0x000001a2314ef9c0 Exception <a 'java/lang/IncompatibleClassChangeError'{0x00000000e6961980}: Found class java.lang.Object, but interface was expected> (0x00000000e6961980) 
thrown [s\open\src\hotspot\share\interpreter\linkResolver.cpp, line 826]
Event: 142.729 Thread 0x000001a230545240 Exception <a 'java/lang/NoSuchMethodError'{0x00000000e69f0278}: static Lorg/gradle/internal/build/event/types/DefaultTaskStartedProgressEvent;.<clinit>()V> (0x00000000e69f0278) 
thrown [s\open\src\hotspot\share\prims\jni.cpp, line 1107]
Event: 142.730 Thread 0x000001a230545240 Exception <a 'java/lang/NoSuchMethodError'{0x00000000e69f22e0}: static Lorg/gradle/internal/build/event/types/AbstractProgressEvent;.<clinit>()V> (0x00000000e69f22e0) 
thrown [s\open\src\hotspot\share\prims\jni.cpp, line 1107]
Event: 142.731 Thread 0x000001a230545240 Exception <a 'java/lang/NoSuchMethodError'{0x00000000e69fcab0}: static Lorg/gradle/internal/build/event/types/DefaultTaskDescriptor;.<clinit>()V> (0x00000000e69fcab0) 
thrown [s\open\src\hotspot\share\prims\jni.cpp, line 1107]
Event: 142.737 Thread 0x000001a230545240 Exception <a 'java/lang/NoSuchMethodError'{0x00000000e68261d0}: static Lorg/gradle/internal/operations/OperationIdentifier;.<clinit>()V> (0x00000000e68261d0) 
thrown [s\open\src\hotspot\share\prims\jni.cpp, line 1107]
Event: 142.737 Thread 0x000001a230545240 Exception <a 'java/lang/NoSuchMethodError'{0x00000000e682fb88}: static Lorg/gradle/internal/build/event/types/DefaultBinaryPluginIdentifier;.<clinit>()V> (0x00000000e682fb88) 
thrown [s\open\src\hotspot\share\prims\jni.cpp, line 1107]
Event: 143.474 Thread 0x000001a2314ef9c0 Exception <a 'java/lang/IncompatibleClassChangeError'{0x00000000eff3ea20}: Found class java.lang.Object, but interface was expected> (0x00000000eff3ea20) 
thrown [s\open\src\hotspot\share\interpreter\linkResolver.cpp, line 826]
Event: 143.478 Thread 0x000001a2314ef9c0 Exception <a 'java/lang/NoSuchMethodError'{0x00000000efe1a670}: static Ljava/lang/Object;.<clinit>()V> (0x00000000efe1a670) 
thrown [s\open\src\hotspot\share\prims\jni.cpp, line 1107]
Event: 272.604 Thread 0x000001a2314ef9c0 Exception <a 'java/lang/NoSuchMethodError'{0x00000000ea99ac88}: 'void java.lang.invoke.DirectMethodHandle$Holder.invokeVirtual(java.lang.Object, java.lang.Object, java.lang.Object, java.lang.Object)'> (0x00000000ea99ac88) 
thrown [s\open\src\hotspot\share\interpreter\linkResolver.cpp, line 759]

VM Operations (20 events):
Event: 256.942 Executing VM operation: Cleanup
Event: 256.942 Executing VM operation: Cleanup done
Event: 257.953 Executing VM operation: Cleanup
Event: 257.953 Executing VM operation: Cleanup done
Event: 258.966 Executing VM operation: Cleanup
Event: 258.967 Executing VM operation: Cleanup done
Event: 259.975 Executing VM operation: Cleanup
Event: 259.976 Executing VM operation: Cleanup done
Event: 260.979 Executing VM operation: Cleanup
Event: 260.979 Executing VM operation: Cleanup done
Event: 261.985 Executing VM operation: Cleanup
Event: 261.985 Executing VM operation: Cleanup done
Event: 268.000 Executing VM operation: Cleanup
Event: 268.063 Executing VM operation: Cleanup done
Event: 270.081 Executing VM operation: Cleanup
Event: 270.081 Executing VM operation: Cleanup done
Event: 272.096 Executing VM operation: Cleanup
Event: 272.099 Executing VM operation: Cleanup done
Event: 273.100 Executing VM operation: Cleanup
Event: 273.102 Executing VM operation: Cleanup done

Events (20 events):
Event: 153.243 Thread 0x000001a231d20a30 Thread added: 0x000001a231d20a30
Event: 153.262 Thread 0x000001a231d1b930 Thread added: 0x000001a231d1b930
Event: 153.271 Thread 0x000001a231d1be40 Thread added: 0x000001a231d1be40
Event: 153.280 Thread 0x000001a231d20010 Thread added: 0x000001a231d20010
Event: 153.290 Thread 0x000001a231d1af10 Thread added: 0x000001a231d1af10
Event: 153.303 Thread 0x000001a231d19ad0 Thread added: 0x000001a231d19ad0
Event: 153.313 Thread 0x000001a231d1a4f0 Thread added: 0x000001a231d1a4f0
Event: 153.323 Thread 0x000001a231d20520 Thread added: 0x000001a231d20520
Event: 153.331 Thread 0x000001a231d1cd70 Thread added: 0x000001a231d1cd70
Event: 153.348 Thread 0x000001a231d1e1b0 Thread added: 0x000001a231d1e1b0
Event: 153.358 Thread 0x000001a231d1b420 Thread added: 0x000001a231d1b420
Event: 158.858 Thread 0x000001a27cd7d9c0 flushing nmethod 0x000001a20f51c810
Event: 171.723 loading class java/time/Instant$1
Event: 171.723 loading class java/time/Instant$1 done
Event: 193.631 Thread 0x000001a231d1c350 Thread added: 0x000001a231d1c350
Event: 253.289 loading class sun/nio/cs/ISO_8859_1$Decoder
Event: 253.290 loading class sun/nio/cs/ISO_8859_1$Decoder done
Event: 262.384 Thread 0x000001a230546680 Thread exited: 0x000001a230546680
Event: 271.934 loading class jdk/internal/access/foreign/MemorySegmentProxy
Event: 271.936 loading class jdk/internal/access/foreign/MemorySegmentProxy done


Dynamic libraries:
0x00007ff7613b0000 - 0x00007ff7613c0000 	C:\Program Files\Java\jdk-17\bin\java.exe
0x00007fffefeb0000 - 0x00007ffff00a8000 	C:\WINDOWS\SYSTEM32\ntdll.dll
0x00007fffee5c0000 - 0x00007fffee67d000 	C:\WINDOWS\System32\KERNEL32.DLL
0x00007fffedae0000 - 0x00007fffeddd6000 	C:\WINDOWS\System32\KERNELBASE.dll
0x00007fffedde0000 - 0x00007fffedee0000 	C:\WINDOWS\System32\ucrtbase.dll
0x00007fffe8bd0000 - 0x00007fffe8be9000 	C:\Program Files\Java\jdk-17\bin\jli.dll
0x00007fffefcf0000 - 0x00007fffefda0000 	C:\WINDOWS\System32\ADVAPI32.dll
0x00007fffef310000 - 0x00007fffef3ae000 	C:\WINDOWS\System32\msvcrt.dll
0x00007fffeee00000 - 0x00007fffeeea0000 	C:\WINDOWS\System32\sechost.dll
0x00007fffeeb00000 - 0x00007fffeec25000 	C:\WINDOWS\System32\RPCRT4.dll
0x00007fffed560000 - 0x00007fffed587000 	C:\WINDOWS\System32\bcrypt.dll
0x00007fffee7b0000 - 0x00007fffee94e000 	C:\WINDOWS\System32\USER32.dll
0x00007fffed7f0000 - 0x00007fffed812000 	C:\WINDOWS\System32\win32u.dll
0x00007fffee740000 - 0x00007fffee76b000 	C:\WINDOWS\System32\GDI32.dll
0x00007fffed590000 - 0x00007fffed6a7000 	C:\WINDOWS\System32\gdi32full.dll
0x00007fffed870000 - 0x00007fffed90d000 	C:\WINDOWS\System32\msvcp_win.dll
0x00007fffda010000 - 0x00007fffda2aa000 	C:\WINDOWS\WinSxS\amd64_microsoft.windows.common-controls_6595b64144ccf1df_6.0.19041.3636_none_60b6a03d71f818d5\COMCTL32.dll
0x00007fffdeec0000 - 0x00007fffdeeca000 	C:\WINDOWS\SYSTEM32\VERSION.dll
0x00007fffe8cc0000 - 0x00007fffe8cdb000 	C:\Program Files\Java\jdk-17\bin\VCRUNTIME140.dll
0x00007fffee770000 - 0x00007fffee7a2000 	C:\WINDOWS\System32\IMM32.DLL
0x00007fffe8d60000 - 0x00007fffe8d6c000 	C:\Program Files\Java\jdk-17\bin\vcruntime140_1.dll
0x00007fffe1170000 - 0x00007fffe11fe000 	C:\Program Files\Java\jdk-17\bin\msvcp140.dll
0x00007fffbcaf0000 - 0x00007fffbd6cf000 	C:\Program Files\Java\jdk-17\bin\server\jvm.dll
0x00007fffedfd0000 - 0x00007fffedfd8000 	C:\WINDOWS\System32\PSAPI.DLL
0x00007fffdd780000 - 0x00007fffdd789000 	C:\WINDOWS\SYSTEM32\WSOCK32.dll
0x00007fffeea90000 - 0x00007fffeeafb000 	C:\WINDOWS\System32\WS2_32.dll
0x00007fffdcf00000 - 0x00007fffdcf27000 	C:\WINDOWS\SYSTEM32\WINMM.dll
0x00007fffebd60000 - 0x00007fffebd72000 	C:\WINDOWS\SYSTEM32\kernel.appcore.dll
0x00007fffe8630000 - 0x00007fffe863a000 	C:\Program Files\Java\jdk-17\bin\jimage.dll
0x00007fffebb40000 - 0x00007fffebd24000 	C:\WINDOWS\SYSTEM32\DBGHELP.DLL
0x00007fffd83f0000 - 0x00007fffd8424000 	C:\WINDOWS\SYSTEM32\dbgcore.DLL
0x00007fffed6b0000 - 0x00007fffed732000 	C:\WINDOWS\System32\bcryptPrimitives.dll
0x00007fffe6860000 - 0x00007fffe686e000 	C:\Program Files\Java\jdk-17\bin\instrument.dll
0x00007fffe3c10000 - 0x00007fffe3c35000 	C:\Program Files\Java\jdk-17\bin\java.dll
0x00007fffc5f70000 - 0x00007fffc6047000 	C:\Program Files\Java\jdk-17\bin\jsvml.dll
0x00007fffef3b0000 - 0x00007fffefb1b000 	C:\WINDOWS\System32\SHELL32.dll
0x00007fffeb3a0000 - 0x00007fffebb3e000 	C:\WINDOWS\SYSTEM32\windows.storage.dll
0x00007fffee260000 - 0x00007fffee5b3000 	C:\WINDOWS\System32\combase.dll
0x00007fffecde0000 - 0x00007fffece0e000 	C:\WINDOWS\SYSTEM32\Wldp.dll
0x00007fffefda0000 - 0x00007fffefe6d000 	C:\WINDOWS\System32\OLEAUT32.dll
0x00007fffefb20000 - 0x00007fffefbcd000 	C:\WINDOWS\System32\SHCORE.dll
0x00007fffedf70000 - 0x00007fffedfc5000 	C:\WINDOWS\System32\shlwapi.dll
0x00007fffed490000 - 0x00007fffed4b5000 	C:\WINDOWS\SYSTEM32\profapi.dll
0x00007fffe67f0000 - 0x00007fffe6808000 	C:\Program Files\Java\jdk-17\bin\zip.dll
0x00007fffe2a70000 - 0x00007fffe2a89000 	C:\Program Files\Java\jdk-17\bin\net.dll
0x00007fffe3d10000 - 0x00007fffe3e1a000 	C:\WINDOWS\SYSTEM32\WINHTTP.dll
0x00007fffecbc0000 - 0x00007fffecc2a000 	C:\WINDOWS\system32\mswsock.dll
0x00007fffe1e90000 - 0x00007fffe1ea6000 	C:\Program Files\Java\jdk-17\bin\nio.dll
0x00007fffe2700000 - 0x00007fffe2710000 	C:\Program Files\Java\jdk-17\bin\verify.dll
0x00007fffd4480000 - 0x00007fffd44a7000 	C:\Users\win\.gradle\native\c067742578af261105cb4f569cf0c3c89f3d7b1fecec35dd04571415982c5e48\windows-amd64\native-platform.dll
0x00007fffbd6d0000 - 0x00007fffbd814000 	C:\Users\win\.gradle\native\38dada09dfb8b06ba9b0570ebf7e218e3eb74d4ef43ca46872605cf95ebc2f47\windows-amd64\native-platform-file-events.dll
0x00007fffe1f60000 - 0x00007fffe1f6a000 	C:\Program Files\Java\jdk-17\bin\management.dll
0x00007fffe1e80000 - 0x00007fffe1e8b000 	C:\Program Files\Java\jdk-17\bin\management_ext.dll
0x00007fffece20000 - 0x00007fffece38000 	C:\WINDOWS\SYSTEM32\CRYPTSP.dll
0x00007fffec510000 - 0x00007fffec544000 	C:\WINDOWS\system32\rsaenh.dll
0x00007fffed410000 - 0x00007fffed43e000 	C:\WINDOWS\SYSTEM32\USERENV.dll
0x00007fffecd50000 - 0x00007fffecd5c000 	C:\WINDOWS\SYSTEM32\CRYPTBASE.dll
0x00007fffec8d0000 - 0x00007fffec90b000 	C:\WINDOWS\SYSTEM32\IPHLPAPI.DLL
0x00007fffedfe0000 - 0x00007fffedfe8000 	C:\WINDOWS\System32\NSI.dll
0x00007fffe5950000 - 0x00007fffe5967000 	C:\WINDOWS\SYSTEM32\dhcpcsvc6.DLL
0x00007fffe66b0000 - 0x00007fffe66cd000 	C:\WINDOWS\SYSTEM32\dhcpcsvc.DLL
0x00007fffec910000 - 0x00007fffec9db000 	C:\WINDOWS\SYSTEM32\DNSAPI.dll
0x00007fffe1d60000 - 0x00007fffe1d6e000 	C:\Program Files\Java\jdk-17\bin\sunmscapi.dll
0x00007fffed910000 - 0x00007fffeda6d000 	C:\WINDOWS\System32\CRYPT32.dll
0x00007fffecf30000 - 0x00007fffecf58000 	C:\WINDOWS\SYSTEM32\ncrypt.dll
0x00007fffecef0000 - 0x00007fffecf2b000 	C:\WINDOWS\SYSTEM32\NTASN1.dll
0x00007fffe1ac0000 - 0x00007fffe1ac7000 	C:\WINDOWS\system32\wshunix.dll

dbghelp: loaded successfully - version: 4.0.5 - missing functions: none
symbol engine: initialized successfully - sym options: 0x614 - pdb path: .;C:\Program Files\Java\jdk-17\bin;C:\WINDOWS\SYSTEM32;C:\WINDOWS\WinSxS\amd64_microsoft.windows.common-controls_6595b64144ccf1df_6.0.19041.3636_none_60b6a03d71f818d5;C:\Program Files\Java\jdk-17\bin\server;C:\Users\win\.gradle\native\c067742578af261105cb4f569cf0c3c89f3d7b1fecec35dd04571415982c5e48\windows-amd64;C:\Users\win\.gradle\native\38dada09dfb8b06ba9b0570ebf7e218e3eb74d4ef43ca46872605cf95ebc2f47\windows-amd64

VM Arguments:
jvm_args: --add-opens=java.base/java.util=ALL-UNNAMED --add-opens=java.base/java.lang=ALL-UNNAMED --add-opens=java.base/java.lang.invoke=ALL-UNNAMED --add-opens=java.prefs/java.util.prefs=ALL-UNNAMED --add-opens=java.base/java.nio.charset=ALL-UNNAMED --add-opens=java.base/java.net=ALL-UNNAMED --add-opens=java.base/java.util.concurrent.atomic=ALL-UNNAMED -XX:MaxMetaspaceSize=384m -XX:+HeapDumpOnOutOfMemoryError -Xms256m -Xmx512m -Dfile.encoding=windows-1252 -Duser.country=US -Duser.language=en -Duser.variant -javaagent:C:\Users\win\.gradle\wrapper\dists\gradle-8.5-bin\5t9huq95ubn472n8rpzujfbqh\gradle-8.5\lib\agents\gradle-instrumentation-agent-8.5.jar 
java_command: org.gradle.launcher.daemon.bootstrap.GradleDaemon 8.5
java_class_path (initial): C:\Users\win\.gradle\wrapper\dists\gradle-8.5-bin\5t9huq95ubn472n8rpzujfbqh\gradle-8.5\lib\gradle-launcher-8.5.jar
Launcher Type: SUN_STANDARD

[Global flags]
     intx CICompilerCount                          = 3                                         {product} {ergonomic}
   size_t CompressedClassSpaceSize                 = 335544320                                 {product} {ergonomic}
     uint ConcGCThreads                            = 1                                         {product} {ergonomic}
     uint G1ConcRefinementThreads                  = 4                                         {product} {ergonomic}
   size_t G1HeapRegionSize                         = 1048576                                   {product} {ergonomic}
    uintx GCDrainStackTargetSize                   = 64                                        {product} {ergonomic}
     bool HeapDumpOnOutOfMemoryError               = true                                   {manageable} {command line}
   size_t InitialHeapSize                          = 268435456                                 {product} {command line}
   size_t MarkStackSize                            = 4194304                                   {product} {ergonomic}
   size_t MaxHeapSize                              = 536870912                                 {product} {command line}
   size_t MaxMetaspaceSize                         = 402653184                                 {product} {command line}
   size_t MaxNewSize                               = 321912832                                 {product} {ergonomic}
   size_t MinHeapDeltaBytes                        = 1048576                                   {product} {ergonomic}
   size_t MinHeapSize                              = 268435456                                 {product} {command line}
    uintx NonNMethodCodeHeapSize                   = 5832780                                {pd product} {ergonomic}
    uintx NonProfiledCodeHeapSize                  = 122912730                              {pd product} {ergonomic}
    uintx ProfiledCodeHeapSize                     = 122912730                              {pd product} {ergonomic}
    uintx ReservedCodeCacheSize                    = 251658240                              {pd product} {ergonomic}
     bool SegmentedCodeCache                       = true                                      {product} {ergonomic}
   size_t SoftMaxHeapSize                          = 536870912                              {manageable} {ergonomic}
     bool UseCompressedClassPointers               = true                           {product lp64_product} {ergonomic}
     bool UseCompressedOops                        = true                           {product lp64_product} {ergonomic}
     bool UseG1GC                                  = true                                      {product} {ergonomic}
     bool UseLargePagesIndividualAllocation        = false                                  {pd product} {ergonomic}

Logging:
Log output configuration:
 #0: stdout all=warning uptime,level,tags
 #1: stderr all=off uptime,level,tags

Environment Variables:
JAVA_HOME=C:\Program Files\Java\jdk-17
PATH=C:\Program Files\Common Files\Oracle\Java\javapath;C:\WINDOWS\system32;C:\WINDOWS;C:\WINDOWS\System32\Wbem;C:\WINDOWS\System32\WindowsPowerShell\v1.0\;C:\WINDOWS\System32\OpenSSH\;C:\Program Files\Git\cmd;C:\Program Files\Azure Data Studio\bin;C:\Program Files (x86)\Microsoft SQL Server\160\Tools\Binn\;C:\Program Files\Microsoft SQL Server\160\Tools\Binn\;C:\Program Files\Microsoft SQL Server\Client SDK\ODBC\170\Tools\Binn\;C:\Program Files\Microsoft SQL Server\160\DTS\Binn\;C:\Program Files (x86)\Microsoft SQL Server\160\DTS\Binn\;C:\Program Files\Java\jdk-17\bin;C:\hadoop-3.1.3\bin;C:\hadoop-3.1.3\sbin;;C:\Program Files\Docker\Docker\resources\bin;C:\Program Files\dotnet\;C:\Program Files\nodejs\;C:\Users\win\AppData\Local\Microsoft\WindowsApps;C:\Users\win\AppData\Local\GitHubDesktop\bin;C:\Users\win\AppData\Local\Programs\Microsoft VS Code\bin;C:\Program Files\Azure Data Studio\bin;C:\Program Files\Java\jdk-17\bin;C:\hadoop-3.1.3\bin;C:\hadoop-3.1.3\sbin;C:\Users\win\.dotnet\tools;C:\Users\win\AppData\Roaming\npm;C:\Program Files\JetBrains\IntelliJ IDEA 2023.3.2\bin;
USERNAME=win
OS=Windows_NT
PROCESSOR_IDENTIFIER=Intel64 Family 6 Model 142 Stepping 9, GenuineIntel



---------------  S Y S T E M  ---------------

OS:
 Windows 10 , 64 bit Build 19041 (10.0.19041.3636)
OS uptime: 3 days 20:56 hours
Hyper-V role detected

CPU: total 4 (initial active 4) (2 cores per cpu, 2 threads per core) family 6 model 142 stepping 9 microcode 0xf0, cx8, cmov, fxsr, ht, mmx, 3dnowpref, sse, sse2, sse3, ssse3, sse4.1, sse4.2, popcnt, lzcnt, tsc, tscinvbit, avx, avx2, aes, erms, clmul, bmi1, bmi2, rtm, adx, fma, vzeroupper, clflush, clflushopt, hv

Memory: 4k page, system-wide physical 8052M (49M free)
TotalPageFile size 18576M (AvailPageFile size 7M)
current process WorkingSet (physical memory assigned to process): 246M, peak: 306M
current process commit charge ("private bytes"): 470M, peak: 474M

vm_info: Java HotSpot(TM) 64-Bit Server VM (17.0.10+11-LTS-240) for windows-amd64 JRE (17.0.10+11-LTS-240), built on Dec 19 2023 21:47:25 by "mach5one" with MS VC++ 17.1 (VS2022)

END.
