#
# There is insufficient memory for the Java Runtime Environment to continue.
# Native memory allocation (malloc) failed to allocate 1004176 bytes for Chunk::new
# Possible reasons:
#   The system is out of physical RAM or swap space
#   The process is running with CompressedOops enabled, and the Java Heap may be blocking the growth of the native heap
# Possible solutions:
#   Reduce memory load on the system
#   Increase physical memory or swap space
#   Check if swap backing store is full
#   Decrease Java heap size (-Xmx/-Xms)
#   Decrease number of Java threads
#   Decrease Java thread stack sizes (-Xss)
#   Set larger code cache with -XX:ReservedCodeCacheSize=
#   JVM is running with Unscaled Compressed Oops mode in which the Java heap is
#     placed in the first 4GB address space. The Java Heap base address is the
#     maximum limit for the native heap growth. Please use -XX:HeapBaseMinAddress
#     to set the Java Heap base and to place the Java Heap above 4GB virtual address.
# This output file may be truncated or incomplete.
#
#  Out of Memory Error (arena.cpp:189), pid=15680, tid=12272
#
# JRE version: Java(TM) SE Runtime Environment (17.0.10+11) (build 17.0.10+11-LTS-240)
# Java VM: Java HotSpot(TM) 64-Bit Server VM (17.0.10+11-LTS-240, mixed mode, sharing, tiered, compressed oops, compressed class ptrs, g1 gc, windows-amd64)
# No core dump will be written. Minidumps are not enabled by default on client versions of Windows
#

---------------  S U M M A R Y ------------

Command Line: --add-opens=java.base/java.util=ALL-UNNAMED --add-opens=java.base/java.lang=ALL-UNNAMED --add-opens=java.base/java.lang.invoke=ALL-UNNAMED --add-opens=java.prefs/java.util.prefs=ALL-UNNAMED --add-opens=java.base/java.nio.charset=ALL-UNNAMED --add-opens=java.base/java.net=ALL-UNNAMED --add-opens=java.base/java.util.concurrent.atomic=ALL-UNNAMED -XX:MaxMetaspaceSize=384m -XX:+HeapDumpOnOutOfMemoryError -Xms256m -Xmx512m -Dfile.encoding=windows-1252 -Duser.country=US -Duser.language=en -Duser.variant -javaagent:C:\Users\win\.gradle\wrapper\dists\gradle-8.5-bin\5t9huq95ubn472n8rpzujfbqh\gradle-8.5\lib\agents\gradle-instrumentation-agent-8.5.jar org.gradle.launcher.daemon.bootstrap.GradleDaemon 8.5

Host: Intel(R) Core(TM) i5-7300U CPU @ 2.60GHz, 4 cores, 7G,  Windows 10 , 64 bit Build 19041 (10.0.19041.3636)
Time: Mon Mar 25 19:15:43 2024 SE Asia Standard Time elapsed time: 196.642331 seconds (0d 0h 3m 16s)

---------------  T H R E A D  ---------------

Current thread (0x000002cc1e46b900):  JavaThread "C2 CompilerThread0" daemon [_thread_in_native, id=12272, stack(0x000000d81d000000,0x000000d81d100000)]


Current CompileTask:
C2: 196642 11078   !   4       io.spring.gradle.dependencymanagement.org.apache.maven.model.ModelBase::clone (397 bytes)

Stack: [0x000000d81d000000,0x000000d81d100000]
Native frames: (J=compiled Java code, j=interpreted, Vv=VM code, C=native code)
V  [jvm.dll+0x677a5a]
V  [jvm.dll+0x7d8b2d]
V  [jvm.dll+0x7da48e]
V  [jvm.dll+0x7daaf3]
V  [jvm.dll+0x2455ff]
V  [jvm.dll+0xaaafb]
V  [jvm.dll+0xab09c]
V  [jvm.dll+0x2aafef]
V  [jvm.dll+0x57fd55]
V  [jvm.dll+0x220472]
V  [jvm.dll+0x219335]
V  [jvm.dll+0x216c79]
V  [jvm.dll+0x1a3410]
V  [jvm.dll+0x226aeb]
V  [jvm.dll+0x224cab]
V  [jvm.dll+0x78e45c]
V  [jvm.dll+0x78888a]
V  [jvm.dll+0x676935]
C  [ucrtbase.dll+0x21bb2]
C  [KERNEL32.DLL+0x17344]
C  [ntdll.dll+0x526b1]


---------------  P R O C E S S  ---------------

Threads class SMR info:
_java_thread_list=0x000002cc3b700530, length=86, elements={
0x000002cc043eb9e0, 0x000002cc1e44e590, 0x000002cc1e44f320, 0x000002cc1e4670d0,
0x000002cc1e467aa0, 0x000002cc1e46a380, 0x000002cc1e46ac50, 0x000002cc1e46b900,
0x000002cc1e4ce540, 0x000002cc1e5e8070, 0x000002cc1e4de840, 0x000002cc1e6d8980,
0x000002cc3ace5450, 0x000002cc392d61a0, 0x000002cc39001aa0, 0x000002cc38ec9010,
0x000002cc396ab7e0, 0x000002cc396ab2d0, 0x000002cc396a8f60, 0x000002cc396a9980,
0x000002cc396a9e90, 0x000002cc391e8490, 0x000002cc391e7f80, 0x000002cc391e89a0,
0x000002cc391e93c0, 0x000002cc391e8eb0, 0x000002cc392b36c0, 0x000002cc392b0930,
0x000002cc392b0e40, 0x000002cc3ac2ee40, 0x000002cc392b5520, 0x000002cc392b45f0,
0x000002cc392b5a30, 0x000002cc392b5f40, 0x000002cc392b4b00, 0x000002cc392afa00,
0x000002cc392b6450, 0x000002cc392b6e70, 0x000002cc392b1860, 0x000002cc392b3bd0,
0x000002cc392b0420, 0x000002cc392b1d70, 0x000002cc392b1350, 0x000002cc392b2280,
0x000002cc392b40e0, 0x000002cc392b5010, 0x000002cc3c3e1810, 0x000002cc3c3dcc20,
0x000002cc3c3dea80, 0x000002cc3c3dfec0, 0x000002cc3c3def90, 0x000002cc3c3dc200,
0x000002cc3c3db2d0, 0x000002cc3c3e0df0, 0x000002cc3c3dd130, 0x000002cc3c3dc710,
0x000002cc3c3e08e0, 0x000002cc3c3dd640, 0x000002cc3c3ddb50, 0x000002cc3c3de060,
0x000002cc3c3e03d0, 0x000002cc3c3de570, 0x000002cc3c3df4a0, 0x000002cc3c3df9b0,
0x000002cc3ac2d4f0, 0x000002cc3ac2f860, 0x000002cc3ac2cfe0, 0x000002cc3ac30280,
0x000002cc3ac2df10, 0x000002cc3ac2fd70, 0x000002cc3ac2e930, 0x000002cc3ac2e420,
0x000002cc3ac30790, 0x000002cc396a8540, 0x000002cc396aa3a0, 0x000002cc396aa8b0,
0x000002cc396a8030, 0x000002cc396a8a50, 0x000002cc391ea2f0, 0x000002cc391ea800,
0x000002cc391e7560, 0x000002cc3d1b93d0, 0x000002cc3d1bdab0, 0x000002cc3d1bbc50,
0x000002cc3d1b7570, 0x000002cc3d1bd090
}

Java Threads: ( => current thread )
  0x000002cc043eb9e0 JavaThread "main" [_thread_blocked, id=14272, stack(0x000000d81c300000,0x000000d81c400000)]
  0x000002cc1e44e590 JavaThread "Reference Handler" daemon [_thread_blocked, id=18980, stack(0x000000d81ca00000,0x000000d81cb00000)]
  0x000002cc1e44f320 JavaThread "Finalizer" daemon [_thread_blocked, id=17912, stack(0x000000d81cb00000,0x000000d81cc00000)]
  0x000002cc1e4670d0 JavaThread "Signal Dispatcher" daemon [_thread_blocked, id=17524, stack(0x000000d81cc00000,0x000000d81cd00000)]
  0x000002cc1e467aa0 JavaThread "Attach Listener" daemon [_thread_blocked, id=16628, stack(0x000000d81cd00000,0x000000d81ce00000)]
  0x000002cc1e46a380 JavaThread "Service Thread" daemon [_thread_blocked, id=18792, stack(0x000000d81ce00000,0x000000d81cf00000)]
  0x000002cc1e46ac50 JavaThread "Monitor Deflation Thread" daemon [_thread_blocked, id=13264, stack(0x000000d81cf00000,0x000000d81d000000)]
=>0x000002cc1e46b900 JavaThread "C2 CompilerThread0" daemon [_thread_in_native, id=12272, stack(0x000000d81d000000,0x000000d81d100000)]
  0x000002cc1e4ce540 JavaThread "C1 CompilerThread0" daemon [_thread_blocked, id=16064, stack(0x000000d81d100000,0x000000d81d200000)]
  0x000002cc1e5e8070 JavaThread "Sweeper thread" daemon [_thread_blocked, id=2708, stack(0x000000d81d200000,0x000000d81d300000)]
  0x000002cc1e4de840 JavaThread "Common-Cleaner" daemon [_thread_blocked, id=8512, stack(0x000000d81d300000,0x000000d81d400000)]
  0x000002cc1e6d8980 JavaThread "Notification Thread" daemon [_thread_blocked, id=7196, stack(0x000000d81d400000,0x000000d81d500000)]
  0x000002cc3ace5450 JavaThread "Daemon health stats" [_thread_blocked, id=7716, stack(0x000000d81da00000,0x000000d81db00000)]
  0x000002cc392d61a0 JavaThread "Incoming local TCP Connector on port 65470" [_thread_in_native, id=11524, stack(0x000000d81d900000,0x000000d81da00000)]
  0x000002cc39001aa0 JavaThread "Daemon periodic checks" [_thread_blocked, id=1896, stack(0x000000d81db00000,0x000000d81dc00000)]
  0x000002cc38ec9010 JavaThread "Daemon" [_thread_blocked, id=19432, stack(0x000000d81dc00000,0x000000d81dd00000)]
  0x000002cc396ab7e0 JavaThread "Daemon worker" [_thread_blocked, id=720, stack(0x000000d81df00000,0x000000d81e000000)]
  0x000002cc396ab2d0 JavaThread "Cache worker for journal cache (C:\Users\win\.gradle\caches\journal-1)" [_thread_blocked, id=16392, stack(0x000000d81c100000,0x000000d81c200000)]
  0x000002cc396a8f60 JavaThread "File lock request listener" [_thread_in_native, id=16304, stack(0x000000d81e300000,0x000000d81e400000)]
  0x000002cc396a9980 JavaThread "Cache worker for file hash cache (C:\Users\win\.gradle\caches\8.5\fileHashes)" [_thread_blocked, id=13620, stack(0x000000d81e500000,0x000000d81e600000)]
  0x000002cc396a9e90 JavaThread "File watcher server" daemon [_thread_in_native, id=9880, stack(0x000000d81e600000,0x000000d81e700000)]
  0x000002cc391e8490 JavaThread "File watcher consumer" daemon [_thread_blocked, id=2524, stack(0x000000d81e700000,0x000000d81e800000)]
  0x000002cc391e7f80 JavaThread "Cache worker for file content cache (C:\Users\win\.gradle\caches\8.5\fileContent)" [_thread_blocked, id=13852, stack(0x000000d81ec00000,0x000000d81ed00000)]
  0x000002cc391e89a0 JavaThread "Cache worker for execution history cache (C:\Users\win\.gradle\caches\8.5\executionHistory)" [_thread_blocked, id=5752, stack(0x000000d81ed00000,0x000000d81ee00000)]
  0x000002cc391e93c0 JavaThread "jar transforms" [_thread_blocked, id=3612, stack(0x000000d81f000000,0x000000d81f100000)]
  0x000002cc391e8eb0 JavaThread "jar transforms Thread 2" [_thread_blocked, id=18668, stack(0x000000d81c000000,0x000000d81c100000)]
  0x000002cc392b36c0 JavaThread "jar transforms Thread 3" [_thread_blocked, id=5516, stack(0x000000d81f100000,0x000000d81f200000)]
  0x000002cc392b0930 JavaThread "jar transforms Thread 4" [_thread_blocked, id=14812, stack(0x000000d81c200000,0x000000d81c300000)]
  0x000002cc392b0e40 JavaThread "Memory manager" [_thread_blocked, id=11164, stack(0x000000d81f800000,0x000000d81f900000)]
  0x000002cc3ac2ee40 JavaThread "File lock release action executor Thread 2" [_thread_blocked, id=18800, stack(0x000000d820c00000,0x000000d820d00000)]
  0x000002cc392b5520 JavaThread "Handler for socket connection from /127.0.0.1:65470 to /127.0.0.1:49165" [_thread_in_native, id=7440, stack(0x000000d81dd00000,0x000000d81de00000)]
  0x000002cc392b45f0 JavaThread "Cancel handler" [_thread_blocked, id=15264, stack(0x000000d81de00000,0x000000d81df00000)]
  0x000002cc392b5a30 JavaThread "Asynchronous log dispatcher for DefaultDaemonConnection: socket connection from /127.0.0.1:65470 to /127.0.0.1:49165" [_thread_blocked, id=12584, stack(0x000000d81e000000,0x000000d81e100000)]
  0x000002cc392b5f40 JavaThread "Stdin handler" [_thread_blocked, id=18716, stack(0x000000d81e100000,0x000000d81e200000)]
  0x000002cc392b4b00 JavaThread "Daemon client event forwarder" [_thread_blocked, id=10328, stack(0x000000d81e200000,0x000000d81e300000)]
  0x000002cc392afa00 JavaThread "Cache worker for checksums cache (D:\HK2(2023-2024)\KTPM\20119821_PhamTrungVinh\Service1_Auth_JWT\.gradle\8.5\checksums)" [_thread_blocked, id=11108, stack(0x000000d81e800000,0x000000d81e900000)]
  0x000002cc392b6450 JavaThread "Cache worker for file hash cache (D:\HK2(2023-2024)\KTPM\20119821_PhamTrungVinh\Service1_Auth_JWT\.gradle\8.5\fileHashes)" [_thread_blocked, id=13208, stack(0x000000d81e900000,0x000000d81ea00000)]
  0x000002cc392b6e70 JavaThread "Cache worker for cache directory md-supplier (C:\Users\win\.gradle\caches\8.5\md-supplier)" [_thread_blocked, id=11092, stack(0x000000d81ea00000,0x000000d81eb00000)]
  0x000002cc392b1860 JavaThread "Cache worker for cache directory md-rule (C:\Users\win\.gradle\caches\8.5\md-rule)" [_thread_blocked, id=15940, stack(0x000000d81eb00000,0x000000d81ec00000)]
  0x000002cc392b3bd0 JavaThread "Cache worker for dependencies-accessors (D:\HK2(2023-2024)\KTPM\20119821_PhamTrungVinh\Service1_Auth_JWT\.gradle\8.5\dependencies-accessors)" [_thread_blocked, id=10748, stack(0x000000d81ee00000,0x000000d81ef00000)]
  0x000002cc392b0420 JavaThread "Cache worker for Build Output Cleanup Cache (D:\HK2(2023-2024)\KTPM\20119821_PhamTrungVinh\Service1_Auth_JWT\.gradle\buildOutputCleanup)" [_thread_blocked, id=1176, stack(0x000000d81f200000,0x000000d81f300000)]
  0x000002cc392b1d70 JavaThread "Unconstrained build operations" [_thread_blocked, id=15772, stack(0x000000d81f400000,0x000000d81f500000)]
  0x000002cc392b1350 JavaThread "Unconstrained build operations Thread 2" [_thread_blocked, id=6164, stack(0x000000d81f500000,0x000000d81f600000)]
  0x000002cc392b2280 JavaThread "Unconstrained build operations Thread 3" [_thread_blocked, id=18196, stack(0x000000d81f600000,0x000000d81f700000)]
  0x000002cc392b40e0 JavaThread "included builds" [_thread_in_native, id=13784, stack(0x000000d81e400000,0x000000d81e500000)]
  0x000002cc392b5010 JavaThread "Execution worker" [_thread_blocked, id=18552, stack(0x000000d81f700000,0x000000d81f800000)]
  0x000002cc3c3e1810 JavaThread "Execution worker Thread 2" [_thread_blocked, id=18224, stack(0x000000d81f900000,0x000000d81fa00000)]
  0x000002cc3c3dcc20 JavaThread "Execution worker Thread 3" [_thread_blocked, id=14580, stack(0x000000d81fb00000,0x000000d81fc00000)]
  0x000002cc3c3dea80 JavaThread "Cache worker for execution history cache (D:\HK2(2023-2024)\KTPM\20119821_PhamTrungVinh\Service1_Auth_JWT\.gradle\8.5\executionHistory)" [_thread_blocked, id=3056, stack(0x000000d81fc00000,0x000000d81fd00000)]
  0x000002cc3c3dfec0 JavaThread "Unconstrained build operations Thread 4" [_thread_blocked, id=15588, stack(0x000000d81fd00000,0x000000d81fe00000)]
  0x000002cc3c3def90 JavaThread "Unconstrained build operations Thread 5" [_thread_blocked, id=4132, stack(0x000000d81fe00000,0x000000d81ff00000)]
  0x000002cc3c3dc200 JavaThread "Unconstrained build operations Thread 6" [_thread_blocked, id=15520, stack(0x000000d81ff00000,0x000000d820000000)]
  0x000002cc3c3db2d0 JavaThread "Unconstrained build operations Thread 7" [_thread_blocked, id=12428, stack(0x000000d820000000,0x000000d820100000)]
  0x000002cc3c3e0df0 JavaThread "Unconstrained build operations Thread 8" [_thread_blocked, id=12292, stack(0x000000d820100000,0x000000d820200000)]
  0x000002cc3c3dd130 JavaThread "Unconstrained build operations Thread 9" [_thread_blocked, id=5848, stack(0x000000d820200000,0x000000d820300000)]
  0x000002cc3c3dc710 JavaThread "Unconstrained build operations Thread 10" [_thread_blocked, id=15484, stack(0x000000d820300000,0x000000d820400000)]
  0x000002cc3c3e08e0 JavaThread "Unconstrained build operations Thread 11" [_thread_blocked, id=2552, stack(0x000000d820400000,0x000000d820500000)]
  0x000002cc3c3dd640 JavaThread "Unconstrained build operations Thread 12" [_thread_blocked, id=12612, stack(0x000000d820500000,0x000000d820600000)]
  0x000002cc3c3ddb50 JavaThread "Unconstrained build operations Thread 13" [_thread_blocked, id=7492, stack(0x000000d820600000,0x000000d820700000)]
  0x000002cc3c3de060 JavaThread "Unconstrained build operations Thread 14" [_thread_blocked, id=18900, stack(0x000000d820700000,0x000000d820800000)]
  0x000002cc3c3e03d0 JavaThread "Unconstrained build operations Thread 15" [_thread_blocked, id=15648, stack(0x000000d820800000,0x000000d820900000)]
  0x000002cc3c3de570 JavaThread "Unconstrained build operations Thread 16" [_thread_blocked, id=10544, stack(0x000000d820900000,0x000000d820a00000)]
  0x000002cc3c3df4a0 JavaThread "Unconstrained build operations Thread 17" [_thread_blocked, id=2352, stack(0x000000d820a00000,0x000000d820b00000)]
  0x000002cc3c3df9b0 JavaThread "Unconstrained build operations Thread 18" [_thread_blocked, id=3888, stack(0x000000d820b00000,0x000000d820c00000)]
  0x000002cc3ac2d4f0 JavaThread "Unconstrained build operations Thread 19" [_thread_blocked, id=8348, stack(0x000000d820d00000,0x000000d820e00000)]
  0x000002cc3ac2f860 JavaThread "Unconstrained build operations Thread 20" [_thread_blocked, id=1508, stack(0x000000d820e00000,0x000000d820f00000)]
  0x000002cc3ac2cfe0 JavaThread "Unconstrained build operations Thread 21" [_thread_blocked, id=15544, stack(0x000000d820f00000,0x000000d821000000)]
  0x000002cc3ac30280 JavaThread "Unconstrained build operations Thread 22" [_thread_blocked, id=8408, stack(0x000000d821000000,0x000000d821100000)]
  0x000002cc3ac2df10 JavaThread "Unconstrained build operations Thread 23" [_thread_blocked, id=12316, stack(0x000000d821100000,0x000000d821200000)]
  0x000002cc3ac2fd70 JavaThread "Unconstrained build operations Thread 24" [_thread_blocked, id=16148, stack(0x000000d821200000,0x000000d821300000)]
  0x000002cc3ac2e930 JavaThread "Unconstrained build operations Thread 25" [_thread_blocked, id=18444, stack(0x000000d821300000,0x000000d821400000)]
  0x000002cc3ac2e420 JavaThread "Unconstrained build operations Thread 26" [_thread_blocked, id=3800, stack(0x000000d821400000,0x000000d821500000)]
  0x000002cc3ac30790 JavaThread "Unconstrained build operations Thread 27" [_thread_blocked, id=12744, stack(0x000000d821500000,0x000000d821600000)]
  0x000002cc396a8540 JavaThread "Unconstrained build operations Thread 28" [_thread_blocked, id=10148, stack(0x000000d821600000,0x000000d821700000)]
  0x000002cc396aa3a0 JavaThread "Unconstrained build operations Thread 29" [_thread_blocked, id=15140, stack(0x000000d821700000,0x000000d821800000)]
  0x000002cc396aa8b0 JavaThread "Unconstrained build operations Thread 30" [_thread_blocked, id=8048, stack(0x000000d821800000,0x000000d821900000)]
  0x000002cc396a8030 JavaThread "Unconstrained build operations Thread 31" [_thread_blocked, id=14052, stack(0x000000d821900000,0x000000d821a00000)]
  0x000002cc396a8a50 JavaThread "Unconstrained build operations Thread 32" [_thread_blocked, id=11340, stack(0x000000d821a00000,0x000000d821b00000)]
  0x000002cc391ea2f0 JavaThread "Unconstrained build operations Thread 33" [_thread_blocked, id=13536, stack(0x000000d821b00000,0x000000d821c00000)]
  0x000002cc391ea800 JavaThread "Unconstrained build operations Thread 34" [_thread_blocked, id=8948, stack(0x000000d821c00000,0x000000d821d00000)]
  0x000002cc391e7560 JavaThread "Unconstrained build operations Thread 35" [_thread_blocked, id=15996, stack(0x000000d821d00000,0x000000d821e00000)]
  0x000002cc3d1b93d0 JavaThread "Unconstrained build operations Thread 36" [_thread_blocked, id=9032, stack(0x000000d821e00000,0x000000d821f00000)]
  0x000002cc3d1bdab0 JavaThread "Unconstrained build operations Thread 37" [_thread_blocked, id=2476, stack(0x000000d821f00000,0x000000d822000000)]
  0x000002cc3d1bbc50 JavaThread "Unconstrained build operations Thread 38" [_thread_blocked, id=7156, stack(0x000000d822000000,0x000000d822100000)]
  0x000002cc3d1b7570 JavaThread "Unconstrained build operations Thread 39" [_thread_blocked, id=17928, stack(0x000000d822100000,0x000000d822200000)]
  0x000002cc3d1bd090 JavaThread "Unconstrained build operations Thread 40" [_thread_blocked, id=832, stack(0x000000d822200000,0x000000d822300000)]

Other Threads:
  0x000002cc1e448d70 VMThread "VM Thread" [stack: 0x000000d81c900000,0x000000d81ca00000] [id=12880]
  0x000002cc043ec9a0 WatcherThread [stack: 0x000000d81d500000,0x000000d81d600000] [id=10280]
  0x000002cc04418b00 GCTaskThread "GC Thread#0" [stack: 0x000000d81c400000,0x000000d81c500000] [id=15524]
  0x000002cc1e786e70 GCTaskThread "GC Thread#1" [stack: 0x000000d81d600000,0x000000d81d700000] [id=8996]
  0x000002cc1e9173d0 GCTaskThread "GC Thread#2" [stack: 0x000000d81d700000,0x000000d81d800000] [id=11068]
  0x000002cc1e928340 GCTaskThread "GC Thread#3" [stack: 0x000000d81d800000,0x000000d81d900000] [id=18868]
  0x000002cc0441e970 ConcurrentGCThread "G1 Main Marker" [stack: 0x000000d81c500000,0x000000d81c600000] [id=2616]
  0x000002cc0441f290 ConcurrentGCThread "G1 Conc#0" [stack: 0x000000d81c600000,0x000000d81c700000] [id=15308]
  0x000002cc044b8c40 ConcurrentGCThread "G1 Refine#0" [stack: 0x000000d81c700000,0x000000d81c800000] [id=14112]
  0x000002cc39c06640 ConcurrentGCThread "G1 Refine#1" [stack: 0x000000d81f300000,0x000000d81f400000] [id=4444]
  0x000002cc3be6c630 ConcurrentGCThread "G1 Refine#2" [stack: 0x000000d822400000,0x000000d822500000] [id=4836]
  0x000002cc3be6cc10 ConcurrentGCThread "G1 Refine#3" [stack: 0x000000d822500000,0x000000d822600000] [id=13568]
  0x000002cc1e312710 ConcurrentGCThread "G1 Service" [stack: 0x000000d81c800000,0x000000d81c900000] [id=7328]

Threads with active compile tasks:
C2 CompilerThread0   196697 11078   !   4       io.spring.gradle.dependencymanagement.org.apache.maven.model.ModelBase::clone (397 bytes)

VM state: not at safepoint (normal execution)

VM Mutex/Monitor currently owned by a thread: None

Heap address: 0x00000000e0000000, size: 512 MB, Compressed Oops mode: 32-bit

CDS archive(s) mapped at: [0x000002cc1f000000-0x000002cc1fbd0000-0x000002cc1fbd0000), size 12386304, SharedBaseAddress: 0x000002cc1f000000, ArchiveRelocationMode: 1.
Compressed class space mapped at: 0x000002cc20000000-0x000002cc34000000, reserved size: 335544320
Narrow klass base: 0x000002cc1f000000, Narrow klass shift: 0, Narrow klass range: 0x100000000

GC Precious Log:
 CPUs: 4 total, 4 available
 Memory: 8052M
 Large Page Support: Disabled
 NUMA Support: Disabled
 Compressed Oops: Enabled (32-bit)
 Heap Region Size: 1M
 Heap Min Capacity: 256M
 Heap Initial Capacity: 256M
 Heap Max Capacity: 512M
 Pre-touch: Disabled
 Parallel Workers: 4
 Concurrent Workers: 1
 Concurrent Refinement Workers: 4
 Periodic GC: Disabled

Heap:
 garbage-first heap   total 262144K, used 182272K [0x00000000e0000000, 0x0000000100000000)
  region size 1024K, 132 young (135168K), 7 survivors (7168K)
 Metaspace       used 54755K, committed 55296K, reserved 393216K
  class space    used 7454K, committed 7744K, reserved 327680K

Heap Regions: E=young(eden), S=young(survivor), O=old, HS=humongous(starts), HC=humongous(continues), CS=collection set, F=free, OA=open archive, CA=closed archive, TAMS=top-at-mark-start (previous, next)
|   0|0x00000000e0000000, 0x00000000e0100000, 0x00000000e0100000|100%| O|  |TAMS 0x00000000e0100000, 0x00000000e0000000| Untracked 
|   1|0x00000000e0100000, 0x00000000e0200000, 0x00000000e0200000|100%| O|  |TAMS 0x00000000e0200000, 0x00000000e0100000| Untracked 
|   2|0x00000000e0200000, 0x00000000e0300000, 0x00000000e0300000|100%|HS|  |TAMS 0x00000000e0300000, 0x00000000e0200000| Complete 
|   3|0x00000000e0300000, 0x00000000e0400000, 0x00000000e0400000|100%|HC|  |TAMS 0x00000000e0400000, 0x00000000e0300000| Complete 
|   4|0x00000000e0400000, 0x00000000e0500000, 0x00000000e0500000|100%|HC|  |TAMS 0x00000000e0500000, 0x00000000e0400000| Complete 
|   5|0x00000000e0500000, 0x00000000e0600000, 0x00000000e0600000|100%|HC|  |TAMS 0x00000000e0600000, 0x00000000e0500000| Complete 
|   6|0x00000000e0600000, 0x00000000e0700000, 0x00000000e0700000|100%| O|  |TAMS 0x00000000e0700000, 0x00000000e0600000| Untracked 
|   7|0x00000000e0700000, 0x00000000e0800000, 0x00000000e0800000|100%| O|  |TAMS 0x00000000e0800000, 0x00000000e0700000| Untracked 
|   8|0x00000000e0800000, 0x00000000e0900000, 0x00000000e0900000|100%| O|  |TAMS 0x00000000e0900000, 0x00000000e0800000| Untracked 
|   9|0x00000000e0900000, 0x00000000e0a00000, 0x00000000e0a00000|100%| O|  |TAMS 0x00000000e0a00000, 0x00000000e0900000| Untracked 
|  10|0x00000000e0a00000, 0x00000000e0b00000, 0x00000000e0b00000|100%| O|  |TAMS 0x00000000e0a81200, 0x00000000e0a00000| Untracked 
|  11|0x00000000e0b00000, 0x00000000e0c00000, 0x00000000e0c00000|100%| O|  |TAMS 0x00000000e0b00000, 0x00000000e0b00000| Untracked 
|  12|0x00000000e0c00000, 0x00000000e0d00000, 0x00000000e0d00000|100%| O|  |TAMS 0x00000000e0c00000, 0x00000000e0c00000| Untracked 
|  13|0x00000000e0d00000, 0x00000000e0e00000, 0x00000000e0e00000|100%| O|  |TAMS 0x00000000e0d00000, 0x00000000e0d00000| Untracked 
|  14|0x00000000e0e00000, 0x00000000e0f00000, 0x00000000e0f00000|100%| O|  |TAMS 0x00000000e0e00000, 0x00000000e0e00000| Untracked 
|  15|0x00000000e0f00000, 0x00000000e1000000, 0x00000000e1000000|100%| O|  |TAMS 0x00000000e0f00000, 0x00000000e0f00000| Untracked 
|  16|0x00000000e1000000, 0x00000000e1100000, 0x00000000e1100000|100%| O|  |TAMS 0x00000000e1000000, 0x00000000e1000000| Untracked 
|  17|0x00000000e1100000, 0x00000000e1200000, 0x00000000e1200000|100%| O|  |TAMS 0x00000000e1100000, 0x00000000e1100000| Untracked 
|  18|0x00000000e1200000, 0x00000000e1300000, 0x00000000e1300000|100%| O|  |TAMS 0x00000000e1200000, 0x00000000e1200000| Untracked 
|  19|0x00000000e1300000, 0x00000000e1400000, 0x00000000e1400000|100%| O|  |TAMS 0x00000000e1300000, 0x00000000e1300000| Untracked 
|  20|0x00000000e1400000, 0x00000000e1500000, 0x00000000e1500000|100%| O|  |TAMS 0x00000000e1400000, 0x00000000e1400000| Untracked 
|  21|0x00000000e1500000, 0x00000000e1600000, 0x00000000e1600000|100%| O|  |TAMS 0x00000000e1500000, 0x00000000e1500000| Untracked 
|  22|0x00000000e1600000, 0x00000000e1700000, 0x00000000e1700000|100%| O|  |TAMS 0x00000000e1600000, 0x00000000e1600000| Untracked 
|  23|0x00000000e1700000, 0x00000000e1800000, 0x00000000e1800000|100%| O|  |TAMS 0x00000000e1700000, 0x00000000e1700000| Untracked 
|  24|0x00000000e1800000, 0x00000000e1900000, 0x00000000e1900000|100%| O|  |TAMS 0x00000000e1800000, 0x00000000e1800000| Untracked 
|  25|0x00000000e1900000, 0x00000000e1a00000, 0x00000000e1a00000|100%| O|  |TAMS 0x00000000e1900000, 0x00000000e1900000| Untracked 
|  26|0x00000000e1a00000, 0x00000000e1b00000, 0x00000000e1b00000|100%| O|  |TAMS 0x00000000e1a00000, 0x00000000e1a00000| Untracked 
|  27|0x00000000e1b00000, 0x00000000e1c00000, 0x00000000e1c00000|100%| O|  |TAMS 0x00000000e1b00000, 0x00000000e1b00000| Untracked 
|  28|0x00000000e1c00000, 0x00000000e1d00000, 0x00000000e1d00000|100%| O|  |TAMS 0x00000000e1c00000, 0x00000000e1c00000| Untracked 
|  29|0x00000000e1d00000, 0x00000000e1e00000, 0x00000000e1e00000|100%| O|  |TAMS 0x00000000e1d00000, 0x00000000e1d00000| Untracked 
|  30|0x00000000e1e00000, 0x00000000e1f00000, 0x00000000e1f00000|100%| O|  |TAMS 0x00000000e1e00000, 0x00000000e1e00000| Untracked 
|  31|0x00000000e1f00000, 0x00000000e2000000, 0x00000000e2000000|100%| O|  |TAMS 0x00000000e1f00000, 0x00000000e1f00000| Untracked 
|  32|0x00000000e2000000, 0x00000000e2100000, 0x00000000e2100000|100%| O|  |TAMS 0x00000000e2000000, 0x00000000e2000000| Untracked 
|  33|0x00000000e2100000, 0x00000000e2200000, 0x00000000e2200000|100%| O|  |TAMS 0x00000000e2100000, 0x00000000e2100000| Untracked 
|  34|0x00000000e2200000, 0x00000000e2300000, 0x00000000e2300000|100%| O|  |TAMS 0x00000000e2200000, 0x00000000e2200000| Untracked 
|  35|0x00000000e2300000, 0x00000000e2400000, 0x00000000e2400000|100%| O|  |TAMS 0x00000000e2300000, 0x00000000e2300000| Untracked 
|  36|0x00000000e2400000, 0x00000000e2500000, 0x00000000e2500000|100%| O|  |TAMS 0x00000000e2400000, 0x00000000e2400000| Untracked 
|  37|0x00000000e2500000, 0x00000000e2600000, 0x00000000e2600000|100%| O|  |TAMS 0x00000000e2500000, 0x00000000e2500000| Untracked 
|  38|0x00000000e2600000, 0x00000000e2700000, 0x00000000e2700000|100%| O|  |TAMS 0x00000000e2600000, 0x00000000e2600000| Untracked 
|  39|0x00000000e2700000, 0x00000000e2800000, 0x00000000e2800000|100%| O|  |TAMS 0x00000000e2700000, 0x00000000e2700000| Untracked 
|  40|0x00000000e2800000, 0x00000000e2900000, 0x00000000e2900000|100%| O|  |TAMS 0x00000000e2800000, 0x00000000e2800000| Untracked 
|  41|0x00000000e2900000, 0x00000000e2a00000, 0x00000000e2a00000|100%| O|  |TAMS 0x00000000e2900000, 0x00000000e2900000| Untracked 
|  42|0x00000000e2a00000, 0x00000000e2b00000, 0x00000000e2b00000|100%| O|  |TAMS 0x00000000e2a00000, 0x00000000e2a00000| Untracked 
|  43|0x00000000e2b00000, 0x00000000e2c00000, 0x00000000e2c00000|100%| O|  |TAMS 0x00000000e2b00000, 0x00000000e2b00000| Untracked 
|  44|0x00000000e2c00000, 0x00000000e2d00000, 0x00000000e2d00000|100%| O|  |TAMS 0x00000000e2c00000, 0x00000000e2c00000| Untracked 
|  45|0x00000000e2d00000, 0x00000000e2e00000, 0x00000000e2e00000|100%| O|  |TAMS 0x00000000e2d00000, 0x00000000e2d00000| Untracked 
|  46|0x00000000e2e00000, 0x00000000e2f00000, 0x00000000e2f00000|100%| O|  |TAMS 0x00000000e2e00000, 0x00000000e2e00000| Untracked 
|  47|0x00000000e2f00000, 0x00000000e3000000, 0x00000000e3000000|100%| O|  |TAMS 0x00000000e2f00000, 0x00000000e2f00000| Untracked 
|  48|0x00000000e3000000, 0x00000000e3000000, 0x00000000e3100000|  0%| F|  |TAMS 0x00000000e3000000, 0x00000000e3000000| Untracked 
|  49|0x00000000e3100000, 0x00000000e3100000, 0x00000000e3200000|  0%| F|  |TAMS 0x00000000e3100000, 0x00000000e3100000| Untracked 
|  50|0x00000000e3200000, 0x00000000e3200000, 0x00000000e3300000|  0%| F|  |TAMS 0x00000000e3200000, 0x00000000e3200000| Untracked 
|  51|0x00000000e3300000, 0x00000000e3300000, 0x00000000e3400000|  0%| F|  |TAMS 0x00000000e3300000, 0x00000000e3300000| Untracked 
|  52|0x00000000e3400000, 0x00000000e3400000, 0x00000000e3500000|  0%| F|  |TAMS 0x00000000e3400000, 0x00000000e3400000| Untracked 
|  53|0x00000000e3500000, 0x00000000e3500000, 0x00000000e3600000|  0%| F|  |TAMS 0x00000000e3500000, 0x00000000e3500000| Untracked 
|  54|0x00000000e3600000, 0x00000000e3600000, 0x00000000e3700000|  0%| F|  |TAMS 0x00000000e3600000, 0x00000000e3600000| Untracked 
|  55|0x00000000e3700000, 0x00000000e3700000, 0x00000000e3800000|  0%| F|  |TAMS 0x00000000e3700000, 0x00000000e3700000| Untracked 
|  56|0x00000000e3800000, 0x00000000e3800000, 0x00000000e3900000|  0%| F|  |TAMS 0x00000000e3800000, 0x00000000e3800000| Untracked 
|  57|0x00000000e3900000, 0x00000000e3900000, 0x00000000e3a00000|  0%| F|  |TAMS 0x00000000e3900000, 0x00000000e3900000| Untracked 
|  58|0x00000000e3a00000, 0x00000000e3a00000, 0x00000000e3b00000|  0%| F|  |TAMS 0x00000000e3a00000, 0x00000000e3a00000| Untracked 
|  59|0x00000000e3b00000, 0x00000000e3b00000, 0x00000000e3c00000|  0%| F|  |TAMS 0x00000000e3b00000, 0x00000000e3b00000| Untracked 
|  60|0x00000000e3c00000, 0x00000000e3c00000, 0x00000000e3d00000|  0%| F|  |TAMS 0x00000000e3c00000, 0x00000000e3c00000| Untracked 
|  61|0x00000000e3d00000, 0x00000000e3d00000, 0x00000000e3e00000|  0%| F|  |TAMS 0x00000000e3d00000, 0x00000000e3d00000| Untracked 
|  62|0x00000000e3e00000, 0x00000000e3e00000, 0x00000000e3f00000|  0%| F|  |TAMS 0x00000000e3e00000, 0x00000000e3e00000| Untracked 
|  63|0x00000000e3f00000, 0x00000000e3f00000, 0x00000000e4000000|  0%| F|  |TAMS 0x00000000e3f00000, 0x00000000e3f00000| Untracked 
|  64|0x00000000e4000000, 0x00000000e4000000, 0x00000000e4100000|  0%| F|  |TAMS 0x00000000e4000000, 0x00000000e4000000| Untracked 
|  65|0x00000000e4100000, 0x00000000e4100000, 0x00000000e4200000|  0%| F|  |TAMS 0x00000000e4100000, 0x00000000e4100000| Untracked 
|  66|0x00000000e4200000, 0x00000000e4200000, 0x00000000e4300000|  0%| F|  |TAMS 0x00000000e4200000, 0x00000000e4200000| Untracked 
|  67|0x00000000e4300000, 0x00000000e4300000, 0x00000000e4400000|  0%| F|  |TAMS 0x00000000e4300000, 0x00000000e4300000| Untracked 
|  68|0x00000000e4400000, 0x00000000e4400000, 0x00000000e4500000|  0%| F|  |TAMS 0x00000000e4400000, 0x00000000e4400000| Untracked 
|  69|0x00000000e4500000, 0x00000000e4500000, 0x00000000e4600000|  0%| F|  |TAMS 0x00000000e4500000, 0x00000000e4500000| Untracked 
|  70|0x00000000e4600000, 0x00000000e4600000, 0x00000000e4700000|  0%| F|  |TAMS 0x00000000e4600000, 0x00000000e4600000| Untracked 
|  71|0x00000000e4700000, 0x00000000e4700000, 0x00000000e4800000|  0%| F|  |TAMS 0x00000000e4700000, 0x00000000e4700000| Untracked 
|  72|0x00000000e4800000, 0x00000000e4800000, 0x00000000e4900000|  0%| F|  |TAMS 0x00000000e4800000, 0x00000000e4800000| Untracked 
|  73|0x00000000e4900000, 0x00000000e4900000, 0x00000000e4a00000|  0%| F|  |TAMS 0x00000000e4900000, 0x00000000e4900000| Untracked 
|  74|0x00000000e4a00000, 0x00000000e4a00000, 0x00000000e4b00000|  0%| F|  |TAMS 0x00000000e4a00000, 0x00000000e4a00000| Untracked 
|  75|0x00000000e4b00000, 0x00000000e4b00000, 0x00000000e4c00000|  0%| F|  |TAMS 0x00000000e4b00000, 0x00000000e4b00000| Untracked 
|  76|0x00000000e4c00000, 0x00000000e4c00000, 0x00000000e4d00000|  0%| F|  |TAMS 0x00000000e4c00000, 0x00000000e4c00000| Untracked 
|  77|0x00000000e4d00000, 0x00000000e4d00000, 0x00000000e4e00000|  0%| F|  |TAMS 0x00000000e4d00000, 0x00000000e4d00000| Untracked 
|  78|0x00000000e4e00000, 0x00000000e4e00000, 0x00000000e4f00000|  0%| F|  |TAMS 0x00000000e4e00000, 0x00000000e4e00000| Untracked 
|  79|0x00000000e4f00000, 0x00000000e4f00000, 0x00000000e5000000|  0%| F|  |TAMS 0x00000000e4f00000, 0x00000000e4f00000| Untracked 
|  80|0x00000000e5000000, 0x00000000e5000000, 0x00000000e5100000|  0%| F|  |TAMS 0x00000000e5000000, 0x00000000e5000000| Untracked 
|  81|0x00000000e5100000, 0x00000000e5100000, 0x00000000e5200000|  0%| F|  |TAMS 0x00000000e5100000, 0x00000000e5100000| Untracked 
|  82|0x00000000e5200000, 0x00000000e5200000, 0x00000000e5300000|  0%| F|  |TAMS 0x00000000e5200000, 0x00000000e5200000| Untracked 
|  83|0x00000000e5300000, 0x00000000e5300000, 0x00000000e5400000|  0%| F|  |TAMS 0x00000000e5300000, 0x00000000e5300000| Untracked 
|  84|0x00000000e5400000, 0x00000000e5400000, 0x00000000e5500000|  0%| F|  |TAMS 0x00000000e5400000, 0x00000000e5400000| Untracked 
|  85|0x00000000e5500000, 0x00000000e5500000, 0x00000000e5600000|  0%| F|  |TAMS 0x00000000e5500000, 0x00000000e5500000| Untracked 
|  86|0x00000000e5600000, 0x00000000e5600000, 0x00000000e5700000|  0%| F|  |TAMS 0x00000000e5600000, 0x00000000e5600000| Untracked 
|  87|0x00000000e5700000, 0x00000000e5700000, 0x00000000e5800000|  0%| F|  |TAMS 0x00000000e5700000, 0x00000000e5700000| Untracked 
|  88|0x00000000e5800000, 0x00000000e5800000, 0x00000000e5900000|  0%| F|  |TAMS 0x00000000e5800000, 0x00000000e5800000| Untracked 
|  89|0x00000000e5900000, 0x00000000e5900000, 0x00000000e5a00000|  0%| F|  |TAMS 0x00000000e5900000, 0x00000000e5900000| Untracked 
|  90|0x00000000e5a00000, 0x00000000e5a00000, 0x00000000e5b00000|  0%| F|  |TAMS 0x00000000e5a00000, 0x00000000e5a00000| Untracked 
|  91|0x00000000e5b00000, 0x00000000e5b00000, 0x00000000e5c00000|  0%| F|  |TAMS 0x00000000e5b00000, 0x00000000e5b00000| Untracked 
|  92|0x00000000e5c00000, 0x00000000e5c00000, 0x00000000e5d00000|  0%| F|  |TAMS 0x00000000e5c00000, 0x00000000e5c00000| Untracked 
|  93|0x00000000e5d00000, 0x00000000e5d00000, 0x00000000e5e00000|  0%| F|  |TAMS 0x00000000e5d00000, 0x00000000e5d00000| Untracked 
|  94|0x00000000e5e00000, 0x00000000e5e00000, 0x00000000e5f00000|  0%| F|  |TAMS 0x00000000e5e00000, 0x00000000e5e00000| Untracked 
|  95|0x00000000e5f00000, 0x00000000e5f00000, 0x00000000e6000000|  0%| F|  |TAMS 0x00000000e5f00000, 0x00000000e5f00000| Untracked 
|  96|0x00000000e6000000, 0x00000000e6000000, 0x00000000e6100000|  0%| F|  |TAMS 0x00000000e6000000, 0x00000000e6000000| Untracked 
|  97|0x00000000e6100000, 0x00000000e6100000, 0x00000000e6200000|  0%| F|  |TAMS 0x00000000e6100000, 0x00000000e6100000| Untracked 
|  98|0x00000000e6200000, 0x00000000e6300000, 0x00000000e6300000|100%| S|CS|TAMS 0x00000000e6200000, 0x00000000e6200000| Complete 
|  99|0x00000000e6300000, 0x00000000e6400000, 0x00000000e6400000|100%| S|CS|TAMS 0x00000000e6300000, 0x00000000e6300000| Complete 
| 100|0x00000000e6400000, 0x00000000e6500000, 0x00000000e6500000|100%| S|CS|TAMS 0x00000000e6400000, 0x00000000e6400000| Complete 
| 101|0x00000000e6500000, 0x00000000e6600000, 0x00000000e6600000|100%| S|CS|TAMS 0x00000000e6500000, 0x00000000e6500000| Complete 
| 102|0x00000000e6600000, 0x00000000e6700000, 0x00000000e6700000|100%| S|CS|TAMS 0x00000000e6600000, 0x00000000e6600000| Complete 
| 103|0x00000000e6700000, 0x00000000e6700000, 0x00000000e6800000|  0%| F|  |TAMS 0x00000000e6700000, 0x00000000e6700000| Untracked 
| 104|0x00000000e6800000, 0x00000000e6800000, 0x00000000e6900000|  0%| F|  |TAMS 0x00000000e6800000, 0x00000000e6800000| Untracked 
| 105|0x00000000e6900000, 0x00000000e6900000, 0x00000000e6a00000|  0%| F|  |TAMS 0x00000000e6900000, 0x00000000e6900000| Untracked 
| 106|0x00000000e6a00000, 0x00000000e6a00000, 0x00000000e6b00000|  0%| F|  |TAMS 0x00000000e6a00000, 0x00000000e6a00000| Untracked 
| 107|0x00000000e6b00000, 0x00000000e6b00000, 0x00000000e6c00000|  0%| F|  |TAMS 0x00000000e6b00000, 0x00000000e6b00000| Untracked 
| 108|0x00000000e6c00000, 0x00000000e6c00000, 0x00000000e6d00000|  0%| F|  |TAMS 0x00000000e6c00000, 0x00000000e6c00000| Untracked 
| 109|0x00000000e6d00000, 0x00000000e6d00000, 0x00000000e6e00000|  0%| F|  |TAMS 0x00000000e6d00000, 0x00000000e6d00000| Untracked 
| 110|0x00000000e6e00000, 0x00000000e6e00000, 0x00000000e6f00000|  0%| F|  |TAMS 0x00000000e6e00000, 0x00000000e6e00000| Untracked 
| 111|0x00000000e6f00000, 0x00000000e6f00000, 0x00000000e7000000|  0%| F|  |TAMS 0x00000000e6f00000, 0x00000000e6f00000| Untracked 
| 112|0x00000000e7000000, 0x00000000e7000000, 0x00000000e7100000|  0%| F|  |TAMS 0x00000000e7000000, 0x00000000e7000000| Untracked 
| 113|0x00000000e7100000, 0x00000000e7100000, 0x00000000e7200000|  0%| F|  |TAMS 0x00000000e7100000, 0x00000000e7100000| Untracked 
| 114|0x00000000e7200000, 0x00000000e7200000, 0x00000000e7300000|  0%| F|  |TAMS 0x00000000e7200000, 0x00000000e7200000| Untracked 
| 115|0x00000000e7300000, 0x00000000e7300000, 0x00000000e7400000|  0%| F|  |TAMS 0x00000000e7300000, 0x00000000e7300000| Untracked 
| 116|0x00000000e7400000, 0x00000000e7400000, 0x00000000e7500000|  0%| F|  |TAMS 0x00000000e7400000, 0x00000000e7400000| Untracked 
| 117|0x00000000e7500000, 0x00000000e7500000, 0x00000000e7600000|  0%| F|  |TAMS 0x00000000e7500000, 0x00000000e7500000| Untracked 
| 118|0x00000000e7600000, 0x00000000e7600000, 0x00000000e7700000|  0%| F|  |TAMS 0x00000000e7600000, 0x00000000e7600000| Untracked 
| 119|0x00000000e7700000, 0x00000000e7700000, 0x00000000e7800000|  0%| F|  |TAMS 0x00000000e7700000, 0x00000000e7700000| Untracked 
| 120|0x00000000e7800000, 0x00000000e7800000, 0x00000000e7900000|  0%| F|  |TAMS 0x00000000e7800000, 0x00000000e7800000| Untracked 
| 121|0x00000000e7900000, 0x00000000e7a00000, 0x00000000e7a00000|100%| S|CS|TAMS 0x00000000e7900000, 0x00000000e7900000| Complete 
| 122|0x00000000e7a00000, 0x00000000e7b00000, 0x00000000e7b00000|100%| S|CS|TAMS 0x00000000e7a00000, 0x00000000e7a00000| Complete 
| 123|0x00000000e7b00000, 0x00000000e7b00000, 0x00000000e7c00000|  0%| F|  |TAMS 0x00000000e7b00000, 0x00000000e7b00000| Untracked 
| 124|0x00000000e7c00000, 0x00000000e7c00000, 0x00000000e7d00000|  0%| F|  |TAMS 0x00000000e7c00000, 0x00000000e7c00000| Untracked 
| 125|0x00000000e7d00000, 0x00000000e7d00000, 0x00000000e7e00000|  0%| F|  |TAMS 0x00000000e7d00000, 0x00000000e7d00000| Untracked 
| 126|0x00000000e7e00000, 0x00000000e7e00000, 0x00000000e7f00000|  0%| F|  |TAMS 0x00000000e7e00000, 0x00000000e7e00000| Untracked 
| 127|0x00000000e7f00000, 0x00000000e7f00000, 0x00000000e8000000|  0%| F|  |TAMS 0x00000000e7f00000, 0x00000000e7f00000| Untracked 
| 128|0x00000000e8000000, 0x00000000e8000000, 0x00000000e8100000|  0%| F|  |TAMS 0x00000000e8000000, 0x00000000e8000000| Untracked 
| 129|0x00000000e8100000, 0x00000000e8100000, 0x00000000e8200000|  0%| F|  |TAMS 0x00000000e8100000, 0x00000000e8100000| Untracked 
| 130|0x00000000e8200000, 0x00000000e8200000, 0x00000000e8300000|  0%| F|  |TAMS 0x00000000e8200000, 0x00000000e8200000| Untracked 
| 131|0x00000000e8300000, 0x00000000e834e788, 0x00000000e8400000| 30%| E|  |TAMS 0x00000000e8300000, 0x00000000e8300000| Complete 
| 132|0x00000000e8400000, 0x00000000e8500000, 0x00000000e8500000|100%| E|CS|TAMS 0x00000000e8400000, 0x00000000e8400000| Complete 
| 133|0x00000000e8500000, 0x00000000e8600000, 0x00000000e8600000|100%| E|CS|TAMS 0x00000000e8500000, 0x00000000e8500000| Complete 
| 134|0x00000000e8600000, 0x00000000e8700000, 0x00000000e8700000|100%| E|CS|TAMS 0x00000000e8600000, 0x00000000e8600000| Complete 
| 135|0x00000000e8700000, 0x00000000e8800000, 0x00000000e8800000|100%| E|CS|TAMS 0x00000000e8700000, 0x00000000e8700000| Complete 
| 136|0x00000000e8800000, 0x00000000e8900000, 0x00000000e8900000|100%| E|CS|TAMS 0x00000000e8800000, 0x00000000e8800000| Complete 
| 137|0x00000000e8900000, 0x00000000e8a00000, 0x00000000e8a00000|100%| E|CS|TAMS 0x00000000e8900000, 0x00000000e8900000| Complete 
| 138|0x00000000e8a00000, 0x00000000e8b00000, 0x00000000e8b00000|100%| E|CS|TAMS 0x00000000e8a00000, 0x00000000e8a00000| Complete 
| 139|0x00000000e8b00000, 0x00000000e8c00000, 0x00000000e8c00000|100%| E|CS|TAMS 0x00000000e8b00000, 0x00000000e8b00000| Complete 
| 140|0x00000000e8c00000, 0x00000000e8d00000, 0x00000000e8d00000|100%| E|CS|TAMS 0x00000000e8c00000, 0x00000000e8c00000| Complete 
| 141|0x00000000e8d00000, 0x00000000e8e00000, 0x00000000e8e00000|100%| E|CS|TAMS 0x00000000e8d00000, 0x00000000e8d00000| Complete 
| 142|0x00000000e8e00000, 0x00000000e8f00000, 0x00000000e8f00000|100%| E|CS|TAMS 0x00000000e8e00000, 0x00000000e8e00000| Complete 
| 143|0x00000000e8f00000, 0x00000000e9000000, 0x00000000e9000000|100%| E|CS|TAMS 0x00000000e8f00000, 0x00000000e8f00000| Complete 
| 144|0x00000000e9000000, 0x00000000e9100000, 0x00000000e9100000|100%| E|CS|TAMS 0x00000000e9000000, 0x00000000e9000000| Complete 
| 145|0x00000000e9100000, 0x00000000e9200000, 0x00000000e9200000|100%| E|CS|TAMS 0x00000000e9100000, 0x00000000e9100000| Complete 
| 146|0x00000000e9200000, 0x00000000e9300000, 0x00000000e9300000|100%| E|CS|TAMS 0x00000000e9200000, 0x00000000e9200000| Complete 
| 147|0x00000000e9300000, 0x00000000e9400000, 0x00000000e9400000|100%| E|CS|TAMS 0x00000000e9300000, 0x00000000e9300000| Complete 
| 148|0x00000000e9400000, 0x00000000e9500000, 0x00000000e9500000|100%| E|CS|TAMS 0x00000000e9400000, 0x00000000e9400000| Complete 
| 149|0x00000000e9500000, 0x00000000e9600000, 0x00000000e9600000|100%| E|CS|TAMS 0x00000000e9500000, 0x00000000e9500000| Complete 
| 150|0x00000000e9600000, 0x00000000e9700000, 0x00000000e9700000|100%| E|CS|TAMS 0x00000000e9600000, 0x00000000e9600000| Complete 
| 151|0x00000000e9700000, 0x00000000e9800000, 0x00000000e9800000|100%| E|CS|TAMS 0x00000000e9700000, 0x00000000e9700000| Complete 
| 152|0x00000000e9800000, 0x00000000e9900000, 0x00000000e9900000|100%| E|CS|TAMS 0x00000000e9800000, 0x00000000e9800000| Complete 
| 153|0x00000000e9900000, 0x00000000e9a00000, 0x00000000e9a00000|100%| E|CS|TAMS 0x00000000e9900000, 0x00000000e9900000| Complete 
| 154|0x00000000e9a00000, 0x00000000e9b00000, 0x00000000e9b00000|100%| E|CS|TAMS 0x00000000e9a00000, 0x00000000e9a00000| Complete 
| 155|0x00000000e9b00000, 0x00000000e9c00000, 0x00000000e9c00000|100%| E|CS|TAMS 0x00000000e9b00000, 0x00000000e9b00000| Complete 
| 156|0x00000000e9c00000, 0x00000000e9d00000, 0x00000000e9d00000|100%| E|CS|TAMS 0x00000000e9c00000, 0x00000000e9c00000| Complete 
| 157|0x00000000e9d00000, 0x00000000e9e00000, 0x00000000e9e00000|100%| E|CS|TAMS 0x00000000e9d00000, 0x00000000e9d00000| Complete 
| 158|0x00000000e9e00000, 0x00000000e9f00000, 0x00000000e9f00000|100%| E|CS|TAMS 0x00000000e9e00000, 0x00000000e9e00000| Complete 
| 159|0x00000000e9f00000, 0x00000000ea000000, 0x00000000ea000000|100%| E|CS|TAMS 0x00000000e9f00000, 0x00000000e9f00000| Complete 
| 160|0x00000000ea000000, 0x00000000ea100000, 0x00000000ea100000|100%| E|CS|TAMS 0x00000000ea000000, 0x00000000ea000000| Complete 
| 161|0x00000000ea100000, 0x00000000ea200000, 0x00000000ea200000|100%| E|CS|TAMS 0x00000000ea100000, 0x00000000ea100000| Complete 
| 162|0x00000000ea200000, 0x00000000ea300000, 0x00000000ea300000|100%| E|CS|TAMS 0x00000000ea200000, 0x00000000ea200000| Complete 
| 163|0x00000000ea300000, 0x00000000ea400000, 0x00000000ea400000|100%| E|CS|TAMS 0x00000000ea300000, 0x00000000ea300000| Complete 
| 164|0x00000000ea400000, 0x00000000ea500000, 0x00000000ea500000|100%| E|CS|TAMS 0x00000000ea400000, 0x00000000ea400000| Complete 
| 165|0x00000000ea500000, 0x00000000ea600000, 0x00000000ea600000|100%| E|CS|TAMS 0x00000000ea500000, 0x00000000ea500000| Complete 
| 166|0x00000000ea600000, 0x00000000ea700000, 0x00000000ea700000|100%| E|CS|TAMS 0x00000000ea600000, 0x00000000ea600000| Complete 
| 167|0x00000000ea700000, 0x00000000ea800000, 0x00000000ea800000|100%| E|CS|TAMS 0x00000000ea700000, 0x00000000ea700000| Complete 
| 168|0x00000000ea800000, 0x00000000ea900000, 0x00000000ea900000|100%| E|CS|TAMS 0x00000000ea800000, 0x00000000ea800000| Complete 
| 169|0x00000000ea900000, 0x00000000eaa00000, 0x00000000eaa00000|100%| E|CS|TAMS 0x00000000ea900000, 0x00000000ea900000| Complete 
| 170|0x00000000eaa00000, 0x00000000eab00000, 0x00000000eab00000|100%| E|  |TAMS 0x00000000eaa00000, 0x00000000eaa00000| Complete 
| 171|0x00000000eab00000, 0x00000000eac00000, 0x00000000eac00000|100%| E|CS|TAMS 0x00000000eab00000, 0x00000000eab00000| Complete 
| 172|0x00000000eac00000, 0x00000000ead00000, 0x00000000ead00000|100%| E|CS|TAMS 0x00000000eac00000, 0x00000000eac00000| Complete 
| 173|0x00000000ead00000, 0x00000000eae00000, 0x00000000eae00000|100%| E|CS|TAMS 0x00000000ead00000, 0x00000000ead00000| Complete 
| 174|0x00000000eae00000, 0x00000000eaf00000, 0x00000000eaf00000|100%| E|CS|TAMS 0x00000000eae00000, 0x00000000eae00000| Complete 
| 175|0x00000000eaf00000, 0x00000000eb000000, 0x00000000eb000000|100%| E|CS|TAMS 0x00000000eaf00000, 0x00000000eaf00000| Complete 
| 176|0x00000000eb000000, 0x00000000eb100000, 0x00000000eb100000|100%| E|CS|TAMS 0x00000000eb000000, 0x00000000eb000000| Complete 
| 177|0x00000000eb100000, 0x00000000eb200000, 0x00000000eb200000|100%| E|CS|TAMS 0x00000000eb100000, 0x00000000eb100000| Complete 
| 178|0x00000000eb200000, 0x00000000eb300000, 0x00000000eb300000|100%| E|CS|TAMS 0x00000000eb200000, 0x00000000eb200000| Complete 
| 179|0x00000000eb300000, 0x00000000eb400000, 0x00000000eb400000|100%| E|CS|TAMS 0x00000000eb300000, 0x00000000eb300000| Complete 
| 180|0x00000000eb400000, 0x00000000eb500000, 0x00000000eb500000|100%| E|CS|TAMS 0x00000000eb400000, 0x00000000eb400000| Complete 
| 181|0x00000000eb500000, 0x00000000eb600000, 0x00000000eb600000|100%| E|CS|TAMS 0x00000000eb500000, 0x00000000eb500000| Complete 
| 182|0x00000000eb600000, 0x00000000eb700000, 0x00000000eb700000|100%| E|CS|TAMS 0x00000000eb600000, 0x00000000eb600000| Complete 
| 183|0x00000000eb700000, 0x00000000eb800000, 0x00000000eb800000|100%| E|CS|TAMS 0x00000000eb700000, 0x00000000eb700000| Complete 
| 184|0x00000000eb800000, 0x00000000eb900000, 0x00000000eb900000|100%| E|CS|TAMS 0x00000000eb800000, 0x00000000eb800000| Complete 
| 185|0x00000000eb900000, 0x00000000eba00000, 0x00000000eba00000|100%| E|CS|TAMS 0x00000000eb900000, 0x00000000eb900000| Complete 
| 186|0x00000000eba00000, 0x00000000ebb00000, 0x00000000ebb00000|100%| E|CS|TAMS 0x00000000eba00000, 0x00000000eba00000| Complete 
| 187|0x00000000ebb00000, 0x00000000ebc00000, 0x00000000ebc00000|100%| E|CS|TAMS 0x00000000ebb00000, 0x00000000ebb00000| Complete 
| 188|0x00000000ebc00000, 0x00000000ebd00000, 0x00000000ebd00000|100%| E|CS|TAMS 0x00000000ebc00000, 0x00000000ebc00000| Complete 
| 189|0x00000000ebd00000, 0x00000000ebe00000, 0x00000000ebe00000|100%| E|CS|TAMS 0x00000000ebd00000, 0x00000000ebd00000| Complete 
| 190|0x00000000ebe00000, 0x00000000ebf00000, 0x00000000ebf00000|100%| E|CS|TAMS 0x00000000ebe00000, 0x00000000ebe00000| Complete 
| 191|0x00000000ebf00000, 0x00000000ec000000, 0x00000000ec000000|100%| E|CS|TAMS 0x00000000ebf00000, 0x00000000ebf00000| Complete 
| 192|0x00000000ec000000, 0x00000000ec100000, 0x00000000ec100000|100%| E|CS|TAMS 0x00000000ec000000, 0x00000000ec000000| Complete 
| 193|0x00000000ec100000, 0x00000000ec200000, 0x00000000ec200000|100%| E|CS|TAMS 0x00000000ec100000, 0x00000000ec100000| Complete 
| 194|0x00000000ec200000, 0x00000000ec300000, 0x00000000ec300000|100%| E|CS|TAMS 0x00000000ec200000, 0x00000000ec200000| Complete 
| 195|0x00000000ec300000, 0x00000000ec400000, 0x00000000ec400000|100%| E|CS|TAMS 0x00000000ec300000, 0x00000000ec300000| Complete 
| 196|0x00000000ec400000, 0x00000000ec500000, 0x00000000ec500000|100%| E|CS|TAMS 0x00000000ec400000, 0x00000000ec400000| Complete 
| 197|0x00000000ec500000, 0x00000000ec600000, 0x00000000ec600000|100%| E|CS|TAMS 0x00000000ec500000, 0x00000000ec500000| Complete 
| 198|0x00000000ec600000, 0x00000000ec700000, 0x00000000ec700000|100%| E|CS|TAMS 0x00000000ec600000, 0x00000000ec600000| Complete 
| 199|0x00000000ec700000, 0x00000000ec800000, 0x00000000ec800000|100%| E|CS|TAMS 0x00000000ec700000, 0x00000000ec700000| Complete 
| 200|0x00000000ec800000, 0x00000000ec900000, 0x00000000ec900000|100%| E|CS|TAMS 0x00000000ec800000, 0x00000000ec800000| Complete 
| 201|0x00000000ec900000, 0x00000000eca00000, 0x00000000eca00000|100%| E|CS|TAMS 0x00000000ec900000, 0x00000000ec900000| Complete 
| 202|0x00000000eca00000, 0x00000000ecb00000, 0x00000000ecb00000|100%| E|CS|TAMS 0x00000000eca00000, 0x00000000eca00000| Complete 
| 203|0x00000000ecb00000, 0x00000000ecc00000, 0x00000000ecc00000|100%| E|CS|TAMS 0x00000000ecb00000, 0x00000000ecb00000| Complete 
| 204|0x00000000ecc00000, 0x00000000ecd00000, 0x00000000ecd00000|100%| E|CS|TAMS 0x00000000ecc00000, 0x00000000ecc00000| Complete 
| 205|0x00000000ecd00000, 0x00000000ece00000, 0x00000000ece00000|100%| E|CS|TAMS 0x00000000ecd00000, 0x00000000ecd00000| Complete 
| 206|0x00000000ece00000, 0x00000000ecf00000, 0x00000000ecf00000|100%| E|CS|TAMS 0x00000000ece00000, 0x00000000ece00000| Complete 
| 207|0x00000000ecf00000, 0x00000000ed000000, 0x00000000ed000000|100%| E|CS|TAMS 0x00000000ecf00000, 0x00000000ecf00000| Complete 
| 208|0x00000000ed000000, 0x00000000ed100000, 0x00000000ed100000|100%| E|CS|TAMS 0x00000000ed000000, 0x00000000ed000000| Complete 
| 209|0x00000000ed100000, 0x00000000ed200000, 0x00000000ed200000|100%| E|CS|TAMS 0x00000000ed100000, 0x00000000ed100000| Complete 
| 210|0x00000000ed200000, 0x00000000ed300000, 0x00000000ed300000|100%| E|CS|TAMS 0x00000000ed200000, 0x00000000ed200000| Complete 
| 211|0x00000000ed300000, 0x00000000ed400000, 0x00000000ed400000|100%| E|CS|TAMS 0x00000000ed300000, 0x00000000ed300000| Complete 
| 212|0x00000000ed400000, 0x00000000ed500000, 0x00000000ed500000|100%| E|CS|TAMS 0x00000000ed400000, 0x00000000ed400000| Complete 
| 213|0x00000000ed500000, 0x00000000ed600000, 0x00000000ed600000|100%| E|CS|TAMS 0x00000000ed500000, 0x00000000ed500000| Complete 
| 214|0x00000000ed600000, 0x00000000ed700000, 0x00000000ed700000|100%| E|CS|TAMS 0x00000000ed600000, 0x00000000ed600000| Complete 
| 215|0x00000000ed700000, 0x00000000ed800000, 0x00000000ed800000|100%| E|CS|TAMS 0x00000000ed700000, 0x00000000ed700000| Complete 
| 216|0x00000000ed800000, 0x00000000ed900000, 0x00000000ed900000|100%| E|CS|TAMS 0x00000000ed800000, 0x00000000ed800000| Complete 
| 217|0x00000000ed900000, 0x00000000eda00000, 0x00000000eda00000|100%| E|CS|TAMS 0x00000000ed900000, 0x00000000ed900000| Complete 
| 218|0x00000000eda00000, 0x00000000edb00000, 0x00000000edb00000|100%| E|CS|TAMS 0x00000000eda00000, 0x00000000eda00000| Complete 
| 219|0x00000000edb00000, 0x00000000edc00000, 0x00000000edc00000|100%| E|CS|TAMS 0x00000000edb00000, 0x00000000edb00000| Complete 
| 220|0x00000000edc00000, 0x00000000edd00000, 0x00000000edd00000|100%| E|CS|TAMS 0x00000000edc00000, 0x00000000edc00000| Complete 
| 221|0x00000000edd00000, 0x00000000ede00000, 0x00000000ede00000|100%| E|CS|TAMS 0x00000000edd00000, 0x00000000edd00000| Complete 
| 222|0x00000000ede00000, 0x00000000edf00000, 0x00000000edf00000|100%| E|CS|TAMS 0x00000000ede00000, 0x00000000ede00000| Complete 
| 223|0x00000000edf00000, 0x00000000ee000000, 0x00000000ee000000|100%| E|CS|TAMS 0x00000000edf00000, 0x00000000edf00000| Complete 
| 224|0x00000000ee000000, 0x00000000ee100000, 0x00000000ee100000|100%| E|CS|TAMS 0x00000000ee000000, 0x00000000ee000000| Complete 
| 225|0x00000000ee100000, 0x00000000ee200000, 0x00000000ee200000|100%| E|CS|TAMS 0x00000000ee100000, 0x00000000ee100000| Complete 
| 226|0x00000000ee200000, 0x00000000ee300000, 0x00000000ee300000|100%| E|CS|TAMS 0x00000000ee200000, 0x00000000ee200000| Complete 
| 227|0x00000000ee300000, 0x00000000ee400000, 0x00000000ee400000|100%| E|CS|TAMS 0x00000000ee300000, 0x00000000ee300000| Complete 
| 228|0x00000000ee400000, 0x00000000ee500000, 0x00000000ee500000|100%| E|CS|TAMS 0x00000000ee400000, 0x00000000ee400000| Complete 
| 229|0x00000000ee500000, 0x00000000ee600000, 0x00000000ee600000|100%| E|CS|TAMS 0x00000000ee500000, 0x00000000ee500000| Complete 
| 230|0x00000000ee600000, 0x00000000ee700000, 0x00000000ee700000|100%| E|CS|TAMS 0x00000000ee600000, 0x00000000ee600000| Complete 
| 231|0x00000000ee700000, 0x00000000ee800000, 0x00000000ee800000|100%| E|CS|TAMS 0x00000000ee700000, 0x00000000ee700000| Complete 
| 232|0x00000000ee800000, 0x00000000ee900000, 0x00000000ee900000|100%| E|CS|TAMS 0x00000000ee800000, 0x00000000ee800000| Complete 
| 233|0x00000000ee900000, 0x00000000eea00000, 0x00000000eea00000|100%| E|CS|TAMS 0x00000000ee900000, 0x00000000ee900000| Complete 
| 234|0x00000000eea00000, 0x00000000eeb00000, 0x00000000eeb00000|100%| E|CS|TAMS 0x00000000eea00000, 0x00000000eea00000| Complete 
| 235|0x00000000eeb00000, 0x00000000eec00000, 0x00000000eec00000|100%| E|CS|TAMS 0x00000000eeb00000, 0x00000000eeb00000| Complete 
| 236|0x00000000eec00000, 0x00000000eed00000, 0x00000000eed00000|100%| E|CS|TAMS 0x00000000eec00000, 0x00000000eec00000| Complete 
| 237|0x00000000eed00000, 0x00000000eee00000, 0x00000000eee00000|100%| E|CS|TAMS 0x00000000eed00000, 0x00000000eed00000| Complete 
| 238|0x00000000eee00000, 0x00000000eef00000, 0x00000000eef00000|100%| E|CS|TAMS 0x00000000eee00000, 0x00000000eee00000| Complete 
| 239|0x00000000eef00000, 0x00000000ef000000, 0x00000000ef000000|100%| E|CS|TAMS 0x00000000eef00000, 0x00000000eef00000| Complete 
| 240|0x00000000ef000000, 0x00000000ef100000, 0x00000000ef100000|100%| E|CS|TAMS 0x00000000ef000000, 0x00000000ef000000| Complete 
| 241|0x00000000ef100000, 0x00000000ef200000, 0x00000000ef200000|100%| E|CS|TAMS 0x00000000ef100000, 0x00000000ef100000| Complete 
| 242|0x00000000ef200000, 0x00000000ef300000, 0x00000000ef300000|100%| E|CS|TAMS 0x00000000ef200000, 0x00000000ef200000| Complete 
| 243|0x00000000ef300000, 0x00000000ef400000, 0x00000000ef400000|100%| E|CS|TAMS 0x00000000ef300000, 0x00000000ef300000| Complete 
| 244|0x00000000ef400000, 0x00000000ef500000, 0x00000000ef500000|100%| E|CS|TAMS 0x00000000ef400000, 0x00000000ef400000| Complete 
| 245|0x00000000ef500000, 0x00000000ef600000, 0x00000000ef600000|100%| E|CS|TAMS 0x00000000ef500000, 0x00000000ef500000| Complete 
| 246|0x00000000ef600000, 0x00000000ef700000, 0x00000000ef700000|100%| E|CS|TAMS 0x00000000ef600000, 0x00000000ef600000| Complete 
| 247|0x00000000ef700000, 0x00000000ef800000, 0x00000000ef800000|100%| E|CS|TAMS 0x00000000ef700000, 0x00000000ef700000| Complete 
| 248|0x00000000ef800000, 0x00000000ef900000, 0x00000000ef900000|100%| E|CS|TAMS 0x00000000ef800000, 0x00000000ef800000| Complete 
| 249|0x00000000ef900000, 0x00000000efa00000, 0x00000000efa00000|100%| E|CS|TAMS 0x00000000ef900000, 0x00000000ef900000| Complete 
| 250|0x00000000efa00000, 0x00000000efb00000, 0x00000000efb00000|100%| E|CS|TAMS 0x00000000efa00000, 0x00000000efa00000| Complete 
| 251|0x00000000efb00000, 0x00000000efc00000, 0x00000000efc00000|100%| E|CS|TAMS 0x00000000efb00000, 0x00000000efb00000| Complete 
| 252|0x00000000efc00000, 0x00000000efd00000, 0x00000000efd00000|100%| E|CS|TAMS 0x00000000efc00000, 0x00000000efc00000| Complete 
| 253|0x00000000efd00000, 0x00000000efe00000, 0x00000000efe00000|100%| E|CS|TAMS 0x00000000efd00000, 0x00000000efd00000| Complete 
| 254|0x00000000efe00000, 0x00000000eff00000, 0x00000000eff00000|100%| E|CS|TAMS 0x00000000efe00000, 0x00000000efe00000| Complete 
| 255|0x00000000eff00000, 0x00000000f0000000, 0x00000000f0000000|100%| E|CS|TAMS 0x00000000eff00000, 0x00000000eff00000| Complete 

Card table byte_map: [0x000002cc1aca0000,0x000002cc1ada0000] _byte_map_base: 0x000002cc1a5a0000

Marking Bits (Prev, Next): (CMBitMap*) 0x000002cc0441a040, (CMBitMap*) 0x000002cc0441a080
 Prev Bits: [0x000002cc1aea0000, 0x000002cc1b6a0000)
 Next Bits: [0x000002cc1b6a0000, 0x000002cc1bea0000)

Polling page: 0x000002cc02580000

Metaspace:

Usage:
  Non-class:     46.19 MB used.
      Class:      7.28 MB used.
       Both:     53.47 MB used.

Virtual space:
  Non-class space:       64.00 MB reserved,      46.44 MB ( 73%) committed,  1 nodes.
      Class space:      320.00 MB reserved,       7.56 MB (  2%) committed,  1 nodes.
             Both:      384.00 MB reserved,      54.00 MB ( 14%) committed. 

Chunk freelists:
   Non-Class:  1.28 MB
       Class:  8.37 MB
        Both:  9.65 MB

MaxMetaspaceSize: 384.00 MB
CompressedClassSpaceSize: 320.00 MB
Initial GC threshold: 21.00 MB
Current GC threshold: 59.00 MB
CDS: on
MetaspaceReclaimPolicy: balanced
 - commit_granule_bytes: 65536.
 - commit_granule_words: 8192.
 - virtual_space_node_default_size: 8388608.
 - enlarge_chunks_in_place: 1.
 - new_chunks_are_fully_committed: 0.
 - uncommit_free_chunks: 1.
 - use_allocation_guard: 0.
 - handle_deallocations: 1.


Internal statistics:

num_allocs_failed_limit: 6.
num_arena_births: 654.
num_arena_deaths: 0.
num_vsnodes_births: 2.
num_vsnodes_deaths: 0.
num_space_committed: 864.
num_space_uncommitted: 0.
num_chunks_returned_to_freelist: 6.
num_chunks_taken_from_freelist: 2922.
num_chunk_merges: 6.
num_chunk_splits: 1868.
num_chunks_enlarged: 1207.
num_inconsistent_stats: 0.

CodeHeap 'non-profiled nmethods': size=120000Kb used=5932Kb max_used=6055Kb free=114067Kb
 bounds [0x000002cc13770000, 0x000002cc13d70000, 0x000002cc1aca0000]
CodeHeap 'profiled nmethods': size=120000Kb used=19649Kb max_used=20740Kb free=100350Kb
 bounds [0x000002cc0bca0000, 0x000002cc0d100000, 0x000002cc131d0000]
CodeHeap 'non-nmethods': size=5760Kb used=2319Kb max_used=2398Kb free=3440Kb
 bounds [0x000002cc131d0000, 0x000002cc13450000, 0x000002cc13770000]
 total_blobs=10374 nmethods=9538 adapters=749
 compilation: enabled
              stopped_count=0, restarted_count=0
 full_count=0

Compilation events (20 events):
Event: 196.169 Thread 0x000002cc1e4ce540 nmethod 11077 0x000002cc0be8b010 code [0x000002cc0be8ba40, 0x000002cc0be92298]
Event: 196.174 Thread 0x000002cc1e46b900 11078   !   4       io.spring.gradle.dependencymanagement.org.apache.maven.model.ModelBase::clone (397 bytes)
Event: 196.174 Thread 0x000002cc1e4ce540 11079       3       java.util.regex.Pattern$StartS::match (138 bytes)
Event: 196.175 Thread 0x000002cc1e4ce540 nmethod 11079 0x000002cc0bfcdc90 code [0x000002cc0bfcdec0, 0x000002cc0bfce9d8]
Event: 196.235 Thread 0x000002cc1e4ce540 11081       2       com.google.common.collect.TransformedIterator::hasNext (10 bytes)
Event: 196.236 Thread 0x000002cc1e4ce540 nmethod 11081 0x000002cc0c34fa10 code [0x000002cc0c34fba0, 0x000002cc0c34fcc8]
Event: 196.381 Thread 0x000002cc1e4ce540 11082       1       io.spring.gradle.dependencymanagement.org.apache.maven.model.Parent::setRelativePath (6 bytes)
Event: 196.381 Thread 0x000002cc1e4ce540 nmethod 11082 0x000002cc13c70c90 code [0x000002cc13c70e20, 0x000002cc13c70f38]
Event: 196.404 Thread 0x000002cc1e4ce540 11084       3       io.spring.gradle.dependencymanagement.org.apache.maven.model.management.DefaultDependencyManagementInjector$ManagementModelMerger::mergeDependency_Exclusions (70 bytes)
Event: 196.405 Thread 0x000002cc1e4ce540 nmethod 11084 0x000002cc0c457d90 code [0x000002cc0c458060, 0x000002cc0c459218]
Event: 196.405 Thread 0x000002cc1e4ce540 11083       3       io.spring.gradle.dependencymanagement.org.apache.maven.model.management.DefaultDependencyManagementInjector$ManagementModelMerger::mergeDependency_Optional (1 bytes)
Event: 196.405 Thread 0x000002cc1e4ce540 nmethod 11083 0x000002cc0c351190 code [0x000002cc0c351320, 0x000002cc0c351438]
Event: 196.494 Thread 0x000002cc1e4ce540 11085       1       io.spring.gradle.dependencymanagement.org.apache.maven.model.Site::getId (5 bytes)
Event: 196.495 Thread 0x000002cc1e4ce540 nmethod 11085 0x000002cc13c70710 code [0x000002cc13c708a0, 0x000002cc13c70978]
Event: 196.507 Thread 0x000002cc1e4ce540 11086       3       org.gradle.api.internal.artifacts.ivyservice.resolveengine.result.ThisBuildOnlyComponentDetailsSerializer::writeComponentData (45 bytes)
Event: 196.508 Thread 0x000002cc1e4ce540 nmethod 11086 0x000002cc0c79b490 code [0x000002cc0c79b680, 0x000002cc0c79bca8]
Event: 196.514 Thread 0x000002cc1e4ce540 11088       3       io.spring.gradle.dependencymanagement.internal.maven.EffectiveModelBuilder$InMemoryModelCache$Key::equals (115 bytes)
Event: 196.515 Thread 0x000002cc1e4ce540 nmethod 11088 0x000002cc0c379310 code [0x000002cc0c379520, 0x000002cc0c379b78]
Event: 196.538 Thread 0x000002cc1e4ce540 11089       3       io.spring.gradle.dependencymanagement.org.apache.maven.model.io.xpp3.MavenXpp3Reader::parsePluginManagement (206 bytes)
Event: 196.540 Thread 0x000002cc1e4ce540 nmethod 11089 0x000002cc0c6c9490 code [0x000002cc0c6c9820, 0x000002cc0c6caf18]

GC Heap History (16 events):
Event: 12.411 GC heap before
{Heap before GC invocations=0 (full 0):
 garbage-first heap   total 262144K, used 13312K [0x00000000e0000000, 0x0000000100000000)
  region size 1024K, 13 young (13312K), 0 survivors (0K)
 Metaspace       used 1016K, committed 1152K, reserved 393216K
  class space    used 77K, committed 128K, reserved 327680K
}
Event: 12.511 GC heap after
{Heap after GC invocations=1 (full 0):
 garbage-first heap   total 262144K, used 3626K [0x00000000e0000000, 0x0000000100000000)
  region size 1024K, 2 young (2048K), 2 survivors (2048K)
 Metaspace       used 1016K, committed 1152K, reserved 393216K
  class space    used 77K, committed 128K, reserved 327680K
}
Event: 16.496 GC heap before
{Heap before GC invocations=1 (full 0):
 garbage-first heap   total 262144K, used 23082K [0x00000000e0000000, 0x0000000100000000)
  region size 1024K, 17 young (17408K), 2 survivors (2048K)
 Metaspace       used 3870K, committed 4032K, reserved 393216K
  class space    used 487K, committed 576K, reserved 327680K
}
Event: 16.502 GC heap after
{Heap after GC invocations=2 (full 0):
 garbage-first heap   total 262144K, used 10684K [0x00000000e0000000, 0x0000000100000000)
  region size 1024K, 3 young (3072K), 3 survivors (3072K)
 Metaspace       used 3870K, committed 4032K, reserved 393216K
  class space    used 487K, committed 576K, reserved 327680K
}
Event: 19.780 GC heap before
{Heap before GC invocations=2 (full 0):
 garbage-first heap   total 262144K, used 33212K [0x00000000e0000000, 0x0000000100000000)
  region size 1024K, 25 young (25600K), 3 survivors (3072K)
 Metaspace       used 4035K, committed 4224K, reserved 393216K
  class space    used 492K, committed 576K, reserved 327680K
}
Event: 19.784 GC heap after
{Heap after GC invocations=3 (full 0):
 garbage-first heap   total 262144K, used 11234K [0x00000000e0000000, 0x0000000100000000)
  region size 1024K, 1 young (1024K), 1 survivors (1024K)
 Metaspace       used 4035K, committed 4224K, reserved 393216K
  class space    used 492K, committed 576K, reserved 327680K
}
Event: 38.637 GC heap before
{Heap before GC invocations=3 (full 0):
 garbage-first heap   total 262144K, used 128994K [0x00000000e0000000, 0x0000000100000000)
  region size 1024K, 116 young (118784K), 1 survivors (1024K)
 Metaspace       used 21258K, committed 21504K, reserved 393216K
  class space    used 3119K, committed 3264K, reserved 327680K
}
Event: 38.651 GC heap after
{Heap after GC invocations=4 (full 0):
 garbage-first heap   total 262144K, used 22401K [0x00000000e0000000, 0x0000000100000000)
  region size 1024K, 12 young (12288K), 12 survivors (12288K)
 Metaspace       used 21258K, committed 21504K, reserved 393216K
  class space    used 3119K, committed 3264K, reserved 327680K
}
Event: 68.013 GC heap before
{Heap before GC invocations=5 (full 0):
 garbage-first heap   total 262144K, used 140161K [0x00000000e0000000, 0x0000000100000000)
  region size 1024K, 124 young (126976K), 12 survivors (12288K)
 Metaspace       used 35711K, committed 36096K, reserved 393216K
  class space    used 4969K, committed 5184K, reserved 327680K
}
Event: 68.035 GC heap after
{Heap after GC invocations=6 (full 0):
 garbage-first heap   total 262144K, used 31616K [0x00000000e0000000, 0x0000000100000000)
  region size 1024K, 10 young (10240K), 10 survivors (10240K)
 Metaspace       used 35711K, committed 36096K, reserved 393216K
  class space    used 4969K, committed 5184K, reserved 327680K
}
Event: 80.804 GC heap before
{Heap before GC invocations=7 (full 0):
 garbage-first heap   total 262144K, used 179072K [0x00000000e0000000, 0x0000000100000000)
  region size 1024K, 153 young (156672K), 10 survivors (10240K)
 Metaspace       used 47909K, committed 48512K, reserved 393216K
  class space    used 6826K, committed 7104K, reserved 327680K
}
Event: 80.827 GC heap after
{Heap after GC invocations=8 (full 0):
 garbage-first heap   total 262144K, used 40360K [0x00000000e0000000, 0x0000000100000000)
  region size 1024K, 18 young (18432K), 18 survivors (18432K)
 Metaspace       used 47909K, committed 48512K, reserved 393216K
  class space    used 6826K, committed 7104K, reserved 327680K
}
Event: 124.006 GC heap before
{Heap before GC invocations=8 (full 0):
 garbage-first heap   total 262144K, used 177576K [0x00000000e0000000, 0x0000000100000000)
  region size 1024K, 153 young (156672K), 18 survivors (18432K)
 Metaspace       used 52572K, committed 53120K, reserved 393216K
  class space    used 7288K, committed 7552K, reserved 327680K
}
Event: 124.044 GC heap after
{Heap after GC invocations=9 (full 0):
 garbage-first heap   total 262144K, used 51586K [0x00000000e0000000, 0x0000000100000000)
  region size 1024K, 20 young (20480K), 20 survivors (20480K)
 Metaspace       used 52572K, committed 53120K, reserved 393216K
  class space    used 7288K, committed 7552K, reserved 327680K
}
Event: 175.573 GC heap before
{Heap before GC invocations=9 (full 0):
 garbage-first heap   total 262144K, used 186754K [0x00000000e0000000, 0x0000000100000000)
  region size 1024K, 153 young (156672K), 20 survivors (20480K)
 Metaspace       used 54319K, committed 54912K, reserved 393216K
  class space    used 7453K, committed 7744K, reserved 327680K
}
Event: 175.652 GC heap after
{Heap after GC invocations=10 (full 0):
 garbage-first heap   total 262144K, used 56320K [0x00000000e0000000, 0x0000000100000000)
  region size 1024K, 7 young (7168K), 7 survivors (7168K)
 Metaspace       used 54319K, committed 54912K, reserved 393216K
  class space    used 7453K, committed 7744K, reserved 327680K
}

Deoptimization events (20 events):
Event: 189.676 Thread 0x000002cc392b40e0 Uncommon trap: trap_request=0xffffff6e fr.pc=0x000002cc13953af0 relative=0x00000000000000b0
Event: 189.676 Thread 0x000002cc392b40e0 Uncommon trap: reason=loop_limit_check action=maybe_recompile pc=0x000002cc13953af0 method=io.spring.gradle.dependencymanagement.org.apache.maven.model.validation.DefaultModelValidator.validateBannedCharacters(Ljava/lang/String;Ljava/lang/String;Lio/sprin
Event: 189.676 Thread 0x000002cc392b40e0 DEOPT PACKING pc=0x000002cc13953af0 sp=0x000000d81e4f96f0
Event: 189.676 Thread 0x000002cc392b40e0 DEOPT UNPACKING pc=0x000002cc132223a3 sp=0x000000d81e4f9678 mode 2
Event: 193.601 Thread 0x000002cc392b40e0 Uncommon trap: trap_request=0xffffffbe fr.pc=0x000002cc13b75e3c relative=0x000000000000029c
Event: 193.601 Thread 0x000002cc392b40e0 Uncommon trap: reason=profile_predicate action=maybe_recompile pc=0x000002cc13b75e3c method=java.util.HashMap.keysToArray([Ljava/lang/Object;)[Ljava/lang/Object; @ 36 c2
Event: 193.601 Thread 0x000002cc392b40e0 DEOPT PACKING pc=0x000002cc13b75e3c sp=0x000000d81e4f97d0
Event: 193.601 Thread 0x000002cc392b40e0 DEOPT UNPACKING pc=0x000002cc132223a3 sp=0x000000d81e4f9760 mode 2
Event: 196.174 Thread 0x000002cc392b40e0 Uncommon trap: trap_request=0xffffffbe fr.pc=0x000002cc13b75e3c relative=0x000000000000029c
Event: 196.174 Thread 0x000002cc392b40e0 Uncommon trap: reason=profile_predicate action=maybe_recompile pc=0x000002cc13b75e3c method=java.util.HashMap.keysToArray([Ljava/lang/Object;)[Ljava/lang/Object; @ 36 c2
Event: 196.174 Thread 0x000002cc392b40e0 DEOPT PACKING pc=0x000002cc13b75e3c sp=0x000000d81e4f93f0
Event: 196.174 Thread 0x000002cc392b40e0 DEOPT UNPACKING pc=0x000002cc132223a3 sp=0x000000d81e4f9380 mode 2
Event: 196.174 Thread 0x000002cc392b40e0 Uncommon trap: trap_request=0xffffffbe fr.pc=0x000002cc13b75e3c relative=0x000000000000029c
Event: 196.174 Thread 0x000002cc392b40e0 Uncommon trap: reason=profile_predicate action=maybe_recompile pc=0x000002cc13b75e3c method=java.util.HashMap.keysToArray([Ljava/lang/Object;)[Ljava/lang/Object; @ 36 c2
Event: 196.174 Thread 0x000002cc392b40e0 DEOPT PACKING pc=0x000002cc13b75e3c sp=0x000000d81e4f93f0
Event: 196.174 Thread 0x000002cc392b40e0 DEOPT UNPACKING pc=0x000002cc132223a3 sp=0x000000d81e4f9380 mode 2
Event: 196.174 Thread 0x000002cc392b40e0 Uncommon trap: trap_request=0xffffffbe fr.pc=0x000002cc13b75e3c relative=0x000000000000029c
Event: 196.174 Thread 0x000002cc392b40e0 Uncommon trap: reason=profile_predicate action=maybe_recompile pc=0x000002cc13b75e3c method=java.util.HashMap.keysToArray([Ljava/lang/Object;)[Ljava/lang/Object; @ 36 c2
Event: 196.174 Thread 0x000002cc392b40e0 DEOPT PACKING pc=0x000002cc13b75e3c sp=0x000000d81e4f9720
Event: 196.174 Thread 0x000002cc392b40e0 DEOPT UNPACKING pc=0x000002cc132223a3 sp=0x000000d81e4f96b0 mode 2

Classes unloaded (0 events):
No events

Classes redefined (0 events):
No events

Internal exceptions (20 events):
Event: 81.362 Thread 0x000002cc396aa8b0 Exception <a 'java/lang/NoSuchMethodError'{0x00000000ef702ef0}: static Lorg/gradle/internal/build/event/types/DefaultTaskDescriptor;.<clinit>()V> (0x00000000ef702ef0) 
thrown [s\open\src\hotspot\share\prims\jni.cpp, line 1107]
Event: 81.366 Thread 0x000002cc396aa8b0 Exception <a 'java/lang/NoSuchMethodError'{0x00000000ef75a2f8}: static Lorg/gradle/internal/operations/OperationIdentifier;.<clinit>()V> (0x00000000ef75a2f8) 
thrown [s\open\src\hotspot\share\prims\jni.cpp, line 1107]
Event: 81.367 Thread 0x000002cc396aa8b0 Exception <a 'java/lang/NoSuchMethodError'{0x00000000ef763f10}: static Lorg/gradle/internal/build/event/types/DefaultBinaryPluginIdentifier;.<clinit>()V> (0x00000000ef763f10) 
thrown [s\open\src\hotspot\share\prims\jni.cpp, line 1107]
Event: 81.535 Thread 0x000002cc392b2790 Exception <a 'java/lang/IncompatibleClassChangeError'{0x00000000ef45a9c0}: Found class java.lang.Object, but interface was expected> (0x00000000ef45a9c0) 
thrown [s\open\src\hotspot\share\interpreter\linkResolver.cpp, line 826]
Event: 81.539 Thread 0x000002cc392b2790 Exception <a 'java/lang/NoSuchMethodError'{0x00000000ef4ae858}: static Ljava/lang/Object;.<clinit>()V> (0x00000000ef4ae858) 
thrown [s\open\src\hotspot\share\prims\jni.cpp, line 1107]
Event: 131.277 Thread 0x000002cc392b2790 Exception <a 'java/lang/NoSuchMethodError'{0x00000000eb4cef08}: 'void java.lang.invoke.DirectMethodHandle$Holder.invokeVirtual(java.lang.Object, java.lang.Object, java.lang.Object, java.lang.Object)'> (0x00000000eb4cef08) 
thrown [s\open\src\hotspot\share\interpreter\linkResolver.cpp, line 759]
Event: 132.653 Thread 0x000002cc392b2790 Exception <a 'java/lang/NoSuchMethodError'{0x00000000ea93d9e8}: 'int java.lang.invoke.DirectMethodHandle$Holder.invokeStaticInit(java.lang.Object, java.lang.Object, java.lang.Object, java.lang.Object, java.lang.Object)'> (0x00000000ea93d9e8) 
thrown [s\open\src\hotspot\share\interpreter\linkResolver.cpp, line 759]
Event: 132.758 Thread 0x000002cc396aa8b0 Exception <a 'java/lang/NoSuchMethodError'{0x00000000efc98ec8}: static Lorg/gradle/internal/build/event/types/DefaultTaskFinishedProgressEvent;.<clinit>()V> (0x00000000efc98ec8) 
thrown [s\open\src\hotspot\share\prims\jni.cpp, line 1107]
Event: 132.762 Thread 0x000002cc396aa8b0 Exception <a 'java/lang/NoSuchMethodError'{0x00000000ea893210}: static Lorg/gradle/internal/build/event/types/DefaultTaskSuccessResult;.<clinit>()V> (0x00000000ea893210) 
thrown [s\open\src\hotspot\share\prims\jni.cpp, line 1107]
Event: 132.762 Thread 0x000002cc396aa8b0 Exception <a 'java/lang/NoSuchMethodError'{0x00000000ea894480}: static Lorg/gradle/internal/build/event/types/AbstractTaskResult;.<clinit>()V> (0x00000000ea894480) 
thrown [s\open\src\hotspot\share\prims\jni.cpp, line 1107]
Event: 132.762 Thread 0x000002cc396aa8b0 Exception <a 'java/lang/NoSuchMethodError'{0x00000000ea8959a8}: static Lorg/gradle/internal/build/event/types/AbstractResult;.<clinit>()V> (0x00000000ea8959a8) 
thrown [s\open\src\hotspot\share\prims\jni.cpp, line 1107]
Event: 136.471 Thread 0x000002cc396ab7e0 Exception <a 'java/lang/NoSuchMethodError'{0x00000000ea7da1e0}: 'void java.lang.invoke.DirectMethodHandle$Holder.invokeSpecial(java.lang.Object, java.lang.Object, int)'> (0x00000000ea7da1e0) 
thrown [s\open\src\hotspot\share\interpreter\linkResolver.cpp, line 759]
Event: 148.221 Thread 0x000002cc391e8490 Implicit null exception at 0x000002cc13a66d03 to 0x000002cc13a66ef0
Event: 150.299 Thread 0x000002cc396ab7e0 Exception <a 'sun/nio/fs/WindowsException'{0x00000000ea136f48}> (0x00000000ea136f48) 
thrown [s\open\src\hotspot\share\prims\jni.cpp, line 516]
Event: 150.301 Thread 0x000002cc396ab7e0 Exception <a 'sun/nio/fs/WindowsException'{0x00000000ea1384a0}> (0x00000000ea1384a0) 
thrown [s\open\src\hotspot\share\prims\jni.cpp, line 516]
Event: 150.302 Thread 0x000002cc396ab7e0 Exception <a 'sun/nio/fs/WindowsException'{0x00000000ea1399f8}> (0x00000000ea1399f8) 
thrown [s\open\src\hotspot\share\prims\jni.cpp, line 516]
Event: 150.304 Thread 0x000002cc396ab7e0 Exception <a 'sun/nio/fs/WindowsException'{0x00000000ea13af50}> (0x00000000ea13af50) 
thrown [s\open\src\hotspot\share\prims\jni.cpp, line 516]
Event: 167.474 Thread 0x000002cc396ab7e0 Exception <a 'java/lang/NoClassDefFoundError'{0x00000000e996e6f8}: org/jetbrains/kotlin/gradle/plugin/KotlinPluginWrapper> (0x00000000e996e6f8) 
thrown [s\open\src\hotspot\share\oops\constantPool.cpp, line 835]
Event: 167.474 Thread 0x000002cc396ab7e0 Exception <a 'java/lang/NoClassDefFoundError'{0x00000000e9970d40}: org/graalvm/buildtools/gradle/NativeImagePlugin> (0x00000000e9970d40) 
thrown [s\open\src\hotspot\share\oops\constantPool.cpp, line 835]
Event: 167.599 Thread 0x000002cc392b40e0 Exception <a 'java/lang/NoSuchMethodError'{0x00000000e971d178}: 'int java.lang.invoke.DirectMethodHandle$Holder.invokeSpecial(java.lang.Object, java.lang.Object, java.lang.Object, java.lang.Object, java.lang.Object)'> (0x00000000e971d178) 
thrown [s\open\src\hotspot\share\interpreter\linkResolver.cpp, line 759]

VM Operations (20 events):
Event: 180.987 Executing VM operation: HandshakeAllThreads
Event: 180.987 Executing VM operation: HandshakeAllThreads done
Event: 181.987 Executing VM operation: Cleanup
Event: 182.037 Executing VM operation: Cleanup done
Event: 187.070 Executing VM operation: Cleanup
Event: 187.071 Executing VM operation: Cleanup done
Event: 188.083 Executing VM operation: Cleanup
Event: 188.083 Executing VM operation: Cleanup done
Event: 189.087 Executing VM operation: Cleanup
Event: 189.089 Executing VM operation: Cleanup done
Event: 190.092 Executing VM operation: Cleanup
Event: 190.092 Executing VM operation: Cleanup done
Event: 191.105 Executing VM operation: Cleanup
Event: 191.283 Executing VM operation: Cleanup done
Event: 192.289 Executing VM operation: Cleanup
Event: 192.289 Executing VM operation: Cleanup done
Event: 194.310 Executing VM operation: Cleanup
Event: 194.310 Executing VM operation: Cleanup done
Event: 196.332 Executing VM operation: Cleanup
Event: 196.332 Executing VM operation: Cleanup done

Events (20 events):
Event: 177.335 Thread 0x000002cc1e5e8070 flushing nmethod 0x000002cc0cac4610
Event: 177.335 Thread 0x000002cc1e5e8070 flushing nmethod 0x000002cc0cac8210
Event: 177.335 Thread 0x000002cc1e5e8070 flushing nmethod 0x000002cc0cac8610
Event: 177.335 Thread 0x000002cc1e5e8070 flushing nmethod 0x000002cc0caf5510
Event: 177.335 Thread 0x000002cc1e5e8070 flushing nmethod 0x000002cc0cb0db90
Event: 177.335 Thread 0x000002cc1e5e8070 flushing nmethod 0x000002cc0cb74410
Event: 177.337 Thread 0x000002cc1e5e8070 flushing nmethod 0x000002cc0ce01c10
Event: 177.337 Thread 0x000002cc1e5e8070 flushing nmethod 0x000002cc0ce09b90
Event: 177.337 Thread 0x000002cc1e5e8070 flushing nmethod 0x000002cc0ce16190
Event: 177.338 Thread 0x000002cc1e5e8070 flushing nmethod 0x000002cc0ce71590
Event: 177.338 Thread 0x000002cc1e5e8070 flushing nmethod 0x000002cc0ce75090
Event: 177.338 Thread 0x000002cc1e5e8070 flushing nmethod 0x000002cc0ce90190
Event: 177.338 Thread 0x000002cc1e5e8070 flushing nmethod 0x000002cc0cf0e710
Event: 177.338 Thread 0x000002cc1e5e8070 flushing nmethod 0x000002cc0cf37e90
Event: 177.339 Thread 0x000002cc1e5e8070 flushing nmethod 0x000002cc0cf47690
Event: 177.340 Thread 0x000002cc1e5e8070 flushing nmethod 0x000002cc0d08e510
Event: 177.340 Thread 0x000002cc1e5e8070 flushing nmethod 0x000002cc0d093490
Event: 189.120 Thread 0x000002cc38add020 Thread added: 0x000002cc38add020
Event: 189.406 Thread 0x000002cc38add020 Thread exited: 0x000002cc38add020
Event: 196.561 Thread 0x000002cc392b2790 Thread exited: 0x000002cc392b2790


Dynamic libraries:
0x00007ff7613b0000 - 0x00007ff7613c0000 	C:\Program Files\Java\jdk-17\bin\java.exe
0x00007fffefeb0000 - 0x00007ffff00a8000 	C:\WINDOWS\SYSTEM32\ntdll.dll
0x00007fffee5c0000 - 0x00007fffee67d000 	C:\WINDOWS\System32\KERNEL32.DLL
0x00007fffedae0000 - 0x00007fffeddd6000 	C:\WINDOWS\System32\KERNELBASE.dll
0x00007fffedde0000 - 0x00007fffedee0000 	C:\WINDOWS\System32\ucrtbase.dll
0x00007fffe8bd0000 - 0x00007fffe8be9000 	C:\Program Files\Java\jdk-17\bin\jli.dll
0x00007fffefcf0000 - 0x00007fffefda0000 	C:\WINDOWS\System32\ADVAPI32.dll
0x00007fffef310000 - 0x00007fffef3ae000 	C:\WINDOWS\System32\msvcrt.dll
0x00007fffeee00000 - 0x00007fffeeea0000 	C:\WINDOWS\System32\sechost.dll
0x00007fffeeb00000 - 0x00007fffeec25000 	C:\WINDOWS\System32\RPCRT4.dll
0x00007fffed560000 - 0x00007fffed587000 	C:\WINDOWS\System32\bcrypt.dll
0x00007fffee7b0000 - 0x00007fffee94e000 	C:\WINDOWS\System32\USER32.dll
0x00007fffed7f0000 - 0x00007fffed812000 	C:\WINDOWS\System32\win32u.dll
0x00007fffee740000 - 0x00007fffee76b000 	C:\WINDOWS\System32\GDI32.dll
0x00007fffed590000 - 0x00007fffed6a7000 	C:\WINDOWS\System32\gdi32full.dll
0x00007fffed870000 - 0x00007fffed90d000 	C:\WINDOWS\System32\msvcp_win.dll
0x00007fffda010000 - 0x00007fffda2aa000 	C:\WINDOWS\WinSxS\amd64_microsoft.windows.common-controls_6595b64144ccf1df_6.0.19041.3636_none_60b6a03d71f818d5\COMCTL32.dll
0x00007fffdeec0000 - 0x00007fffdeeca000 	C:\WINDOWS\SYSTEM32\VERSION.dll
0x00007fffe8cc0000 - 0x00007fffe8cdb000 	C:\Program Files\Java\jdk-17\bin\VCRUNTIME140.dll
0x00007fffee770000 - 0x00007fffee7a2000 	C:\WINDOWS\System32\IMM32.DLL
0x00007fffe8d60000 - 0x00007fffe8d6c000 	C:\Program Files\Java\jdk-17\bin\vcruntime140_1.dll
0x00007fffe1170000 - 0x00007fffe11fe000 	C:\Program Files\Java\jdk-17\bin\msvcp140.dll
0x00007fffbcaf0000 - 0x00007fffbd6cf000 	C:\Program Files\Java\jdk-17\bin\server\jvm.dll
0x00007fffedfd0000 - 0x00007fffedfd8000 	C:\WINDOWS\System32\PSAPI.DLL
0x00007fffdd780000 - 0x00007fffdd789000 	C:\WINDOWS\SYSTEM32\WSOCK32.dll
0x00007fffeea90000 - 0x00007fffeeafb000 	C:\WINDOWS\System32\WS2_32.dll
0x00007fffdcf00000 - 0x00007fffdcf27000 	C:\WINDOWS\SYSTEM32\WINMM.dll
0x00007fffebd60000 - 0x00007fffebd72000 	C:\WINDOWS\SYSTEM32\kernel.appcore.dll
0x00007fffe8630000 - 0x00007fffe863a000 	C:\Program Files\Java\jdk-17\bin\jimage.dll
0x00007fffebb40000 - 0x00007fffebd24000 	C:\WINDOWS\SYSTEM32\DBGHELP.DLL
0x00007fffd83f0000 - 0x00007fffd8424000 	C:\WINDOWS\SYSTEM32\dbgcore.DLL
0x00007fffed6b0000 - 0x00007fffed732000 	C:\WINDOWS\System32\bcryptPrimitives.dll
0x00007fffe6860000 - 0x00007fffe686e000 	C:\Program Files\Java\jdk-17\bin\instrument.dll
0x00007fffe3c10000 - 0x00007fffe3c35000 	C:\Program Files\Java\jdk-17\bin\java.dll
0x00007fffc5f70000 - 0x00007fffc6047000 	C:\Program Files\Java\jdk-17\bin\jsvml.dll
0x00007fffef3b0000 - 0x00007fffefb1b000 	C:\WINDOWS\System32\SHELL32.dll
0x00007fffeb3a0000 - 0x00007fffebb3e000 	C:\WINDOWS\SYSTEM32\windows.storage.dll
0x00007fffee260000 - 0x00007fffee5b3000 	C:\WINDOWS\System32\combase.dll
0x00007fffecde0000 - 0x00007fffece0e000 	C:\WINDOWS\SYSTEM32\Wldp.dll
0x00007fffefda0000 - 0x00007fffefe6d000 	C:\WINDOWS\System32\OLEAUT32.dll
0x00007fffefb20000 - 0x00007fffefbcd000 	C:\WINDOWS\System32\SHCORE.dll
0x00007fffedf70000 - 0x00007fffedfc5000 	C:\WINDOWS\System32\shlwapi.dll
0x00007fffed490000 - 0x00007fffed4b5000 	C:\WINDOWS\SYSTEM32\profapi.dll
0x00007fffe67f0000 - 0x00007fffe6808000 	C:\Program Files\Java\jdk-17\bin\zip.dll
0x00007fffe2a70000 - 0x00007fffe2a89000 	C:\Program Files\Java\jdk-17\bin\net.dll
0x00007fffe3d10000 - 0x00007fffe3e1a000 	C:\WINDOWS\SYSTEM32\WINHTTP.dll
0x00007fffecbc0000 - 0x00007fffecc2a000 	C:\WINDOWS\system32\mswsock.dll
0x00007fffe1e90000 - 0x00007fffe1ea6000 	C:\Program Files\Java\jdk-17\bin\nio.dll
0x00007fffe2700000 - 0x00007fffe2710000 	C:\Program Files\Java\jdk-17\bin\verify.dll
0x00007fffd4480000 - 0x00007fffd44a7000 	C:\Users\win\.gradle\native\c067742578af261105cb4f569cf0c3c89f3d7b1fecec35dd04571415982c5e48\windows-amd64\native-platform.dll
0x00007fffbd6d0000 - 0x00007fffbd814000 	C:\Users\win\.gradle\native\38dada09dfb8b06ba9b0570ebf7e218e3eb74d4ef43ca46872605cf95ebc2f47\windows-amd64\native-platform-file-events.dll
0x00007fffe1f60000 - 0x00007fffe1f6a000 	C:\Program Files\Java\jdk-17\bin\management.dll
0x00007fffe1e80000 - 0x00007fffe1e8b000 	C:\Program Files\Java\jdk-17\bin\management_ext.dll
0x00007fffece20000 - 0x00007fffece38000 	C:\WINDOWS\SYSTEM32\CRYPTSP.dll
0x00007fffec510000 - 0x00007fffec544000 	C:\WINDOWS\system32\rsaenh.dll
0x00007fffed410000 - 0x00007fffed43e000 	C:\WINDOWS\SYSTEM32\USERENV.dll
0x00007fffecd50000 - 0x00007fffecd5c000 	C:\WINDOWS\SYSTEM32\CRYPTBASE.dll
0x00007fffec8d0000 - 0x00007fffec90b000 	C:\WINDOWS\SYSTEM32\IPHLPAPI.DLL
0x00007fffedfe0000 - 0x00007fffedfe8000 	C:\WINDOWS\System32\NSI.dll
0x00007fffe5950000 - 0x00007fffe5967000 	C:\WINDOWS\SYSTEM32\dhcpcsvc6.DLL
0x00007fffe66b0000 - 0x00007fffe66cd000 	C:\WINDOWS\SYSTEM32\dhcpcsvc.DLL
0x00007fffec910000 - 0x00007fffec9db000 	C:\WINDOWS\SYSTEM32\DNSAPI.dll
0x00007fffe1d60000 - 0x00007fffe1d6e000 	C:\Program Files\Java\jdk-17\bin\sunmscapi.dll
0x00007fffed910000 - 0x00007fffeda6d000 	C:\WINDOWS\System32\CRYPT32.dll
0x00007fffecf30000 - 0x00007fffecf58000 	C:\WINDOWS\SYSTEM32\ncrypt.dll
0x00007fffecef0000 - 0x00007fffecf2b000 	C:\WINDOWS\SYSTEM32\NTASN1.dll
0x00007fffe1ac0000 - 0x00007fffe1ac7000 	C:\WINDOWS\system32\wshunix.dll

dbghelp: loaded successfully - version: 4.0.5 - missing functions: none
symbol engine: initialized successfully - sym options: 0x614 - pdb path: .;C:\Program Files\Java\jdk-17\bin;C:\WINDOWS\SYSTEM32;C:\WINDOWS\WinSxS\amd64_microsoft.windows.common-controls_6595b64144ccf1df_6.0.19041.3636_none_60b6a03d71f818d5;C:\Program Files\Java\jdk-17\bin\server;C:\Users\win\.gradle\native\c067742578af261105cb4f569cf0c3c89f3d7b1fecec35dd04571415982c5e48\windows-amd64;C:\Users\win\.gradle\native\38dada09dfb8b06ba9b0570ebf7e218e3eb74d4ef43ca46872605cf95ebc2f47\windows-amd64

VM Arguments:
jvm_args: --add-opens=java.base/java.util=ALL-UNNAMED --add-opens=java.base/java.lang=ALL-UNNAMED --add-opens=java.base/java.lang.invoke=ALL-UNNAMED --add-opens=java.prefs/java.util.prefs=ALL-UNNAMED --add-opens=java.base/java.nio.charset=ALL-UNNAMED --add-opens=java.base/java.net=ALL-UNNAMED --add-opens=java.base/java.util.concurrent.atomic=ALL-UNNAMED -XX:MaxMetaspaceSize=384m -XX:+HeapDumpOnOutOfMemoryError -Xms256m -Xmx512m -Dfile.encoding=windows-1252 -Duser.country=US -Duser.language=en -Duser.variant -javaagent:C:\Users\win\.gradle\wrapper\dists\gradle-8.5-bin\5t9huq95ubn472n8rpzujfbqh\gradle-8.5\lib\agents\gradle-instrumentation-agent-8.5.jar 
java_command: org.gradle.launcher.daemon.bootstrap.GradleDaemon 8.5
java_class_path (initial): C:\Users\win\.gradle\wrapper\dists\gradle-8.5-bin\5t9huq95ubn472n8rpzujfbqh\gradle-8.5\lib\gradle-launcher-8.5.jar
Launcher Type: SUN_STANDARD

[Global flags]
     intx CICompilerCount                          = 3                                         {product} {ergonomic}
   size_t CompressedClassSpaceSize                 = 335544320                                 {product} {ergonomic}
     uint ConcGCThreads                            = 1                                         {product} {ergonomic}
     uint G1ConcRefinementThreads                  = 4                                         {product} {ergonomic}
   size_t G1HeapRegionSize                         = 1048576                                   {product} {ergonomic}
    uintx GCDrainStackTargetSize                   = 64                                        {product} {ergonomic}
     bool HeapDumpOnOutOfMemoryError               = true                                   {manageable} {command line}
   size_t InitialHeapSize                          = 268435456                                 {product} {command line}
   size_t MarkStackSize                            = 4194304                                   {product} {ergonomic}
   size_t MaxHeapSize                              = 536870912                                 {product} {command line}
   size_t MaxMetaspaceSize                         = 402653184                                 {product} {command line}
   size_t MaxNewSize                               = 321912832                                 {product} {ergonomic}
   size_t MinHeapDeltaBytes                        = 1048576                                   {product} {ergonomic}
   size_t MinHeapSize                              = 268435456                                 {product} {command line}
    uintx NonNMethodCodeHeapSize                   = 5832780                                {pd product} {ergonomic}
    uintx NonProfiledCodeHeapSize                  = 122912730                              {pd product} {ergonomic}
    uintx ProfiledCodeHeapSize                     = 122912730                              {pd product} {ergonomic}
    uintx ReservedCodeCacheSize                    = 251658240                              {pd product} {ergonomic}
     bool SegmentedCodeCache                       = true                                      {product} {ergonomic}
   size_t SoftMaxHeapSize                          = 536870912                              {manageable} {ergonomic}
     bool UseCompressedClassPointers               = true                           {product lp64_product} {ergonomic}
     bool UseCompressedOops                        = true                           {product lp64_product} {ergonomic}
     bool UseG1GC                                  = true                                      {product} {ergonomic}
     bool UseLargePagesIndividualAllocation        = false                                  {pd product} {ergonomic}

Logging:
Log output configuration:
 #0: stdout all=warning uptime,level,tags
 #1: stderr all=off uptime,level,tags

Environment Variables:
JAVA_HOME=C:\Program Files\Java\jdk-17
PATH=C:\Program Files\Common Files\Oracle\Java\javapath;C:\WINDOWS\system32;C:\WINDOWS;C:\WINDOWS\System32\Wbem;C:\WINDOWS\System32\WindowsPowerShell\v1.0\;C:\WINDOWS\System32\OpenSSH\;C:\Program Files\Git\cmd;C:\Program Files\Azure Data Studio\bin;C:\Program Files (x86)\Microsoft SQL Server\160\Tools\Binn\;C:\Program Files\Microsoft SQL Server\160\Tools\Binn\;C:\Program Files\Microsoft SQL Server\Client SDK\ODBC\170\Tools\Binn\;C:\Program Files\Microsoft SQL Server\160\DTS\Binn\;C:\Program Files (x86)\Microsoft SQL Server\160\DTS\Binn\;C:\Program Files\Java\jdk-17\bin;C:\hadoop-3.1.3\bin;C:\hadoop-3.1.3\sbin;;C:\Program Files\Docker\Docker\resources\bin;C:\Program Files\dotnet\;C:\Program Files\nodejs\;C:\Users\win\AppData\Local\Microsoft\WindowsApps;C:\Users\win\AppData\Local\GitHubDesktop\bin;C:\Users\win\AppData\Local\Programs\Microsoft VS Code\bin;C:\Program Files\Azure Data Studio\bin;C:\Program Files\Java\jdk-17\bin;C:\hadoop-3.1.3\bin;C:\hadoop-3.1.3\sbin;C:\Users\win\.dotnet\tools;C:\Users\win\AppData\Roaming\npm;C:\Program Files\JetBrains\IntelliJ IDEA 2023.3.2\bin;
USERNAME=win
OS=Windows_NT
PROCESSOR_IDENTIFIER=Intel64 Family 6 Model 142 Stepping 9, GenuineIntel



---------------  S Y S T E M  ---------------

OS:
 Windows 10 , 64 bit Build 19041 (10.0.19041.3636)
OS uptime: 3 days 20:51 hours
Hyper-V role detected

CPU: total 4 (initial active 4) (2 cores per cpu, 2 threads per core) family 6 model 142 stepping 9 microcode 0xf0, cx8, cmov, fxsr, ht, mmx, 3dnowpref, sse, sse2, sse3, ssse3, sse4.1, sse4.2, popcnt, lzcnt, tsc, tscinvbit, avx, avx2, aes, erms, clmul, bmi1, bmi2, rtm, adx, fma, vzeroupper, clflush, clflushopt, hv

Memory: 4k page, system-wide physical 8052M (372M free)
TotalPageFile size 18576M (AvailPageFile size 2M)
current process WorkingSet (physical memory assigned to process): 318M, peak: 362M
current process commit charge ("private bytes"): 476M, peak: 487M

vm_info: Java HotSpot(TM) 64-Bit Server VM (17.0.10+11-LTS-240) for windows-amd64 JRE (17.0.10+11-LTS-240), built on Dec 19 2023 21:47:25 by "mach5one" with MS VC++ 17.1 (VS2022)

END.
