#
# There is insufficient memory for the Java Runtime Environment to continue.
# Native memory allocation (malloc) failed to allocate 494416 bytes for Chunk::new
# Possible reasons:
#   The system is out of physical RAM or swap space
#   The process is running with CompressedOops enabled, and the Java Heap may be blocking the growth of the native heap
# Possible solutions:
#   Reduce memory load on the system
#   Increase physical memory or swap space
#   Check if swap backing store is full
#   Decrease Java heap size (-Xmx/-Xms)
#   Decrease number of Java threads
#   Decrease Java thread stack sizes (-Xss)
#   Set larger code cache with -XX:ReservedCodeCacheSize=
#   JVM is running with Unscaled Compressed Oops mode in which the Java heap is
#     placed in the first 4GB address space. The Java Heap base address is the
#     maximum limit for the native heap growth. Please use -XX:HeapBaseMinAddress
#     to set the Java Heap base and to place the Java Heap above 4GB virtual address.
# This output file may be truncated or incomplete.
#
#  Out of Memory Error (arena.cpp:189), pid=7480, tid=17420
#
# JRE version: Java(TM) SE Runtime Environment (17.0.10+11) (build 17.0.10+11-LTS-240)
# Java VM: Java HotSpot(TM) 64-Bit Server VM (17.0.10+11-LTS-240, mixed mode, sharing, tiered, compressed oops, compressed class ptrs, g1 gc, windows-amd64)
# No core dump will be written. Minidumps are not enabled by default on client versions of Windows
#

---------------  S U M M A R Y ------------

Command Line: --add-opens=java.base/java.util=ALL-UNNAMED --add-opens=java.base/java.lang=ALL-UNNAMED --add-opens=java.base/java.lang.invoke=ALL-UNNAMED --add-opens=java.prefs/java.util.prefs=ALL-UNNAMED --add-opens=java.base/java.nio.charset=ALL-UNNAMED --add-opens=java.base/java.net=ALL-UNNAMED --add-opens=java.base/java.util.concurrent.atomic=ALL-UNNAMED -XX:MaxMetaspaceSize=384m -XX:+HeapDumpOnOutOfMemoryError -Xms256m -Xmx512m -Dfile.encoding=windows-1252 -Duser.country=US -Duser.language=en -Duser.variant -javaagent:C:\Users\win\.gradle\wrapper\dists\gradle-8.5-bin\5t9huq95ubn472n8rpzujfbqh\gradle-8.5\lib\agents\gradle-instrumentation-agent-8.5.jar org.gradle.launcher.daemon.bootstrap.GradleDaemon 8.5

Host: Intel(R) Core(TM) i5-7300U CPU @ 2.60GHz, 4 cores, 7G,  Windows 10 , 64 bit Build 19041 (10.0.19041.3636)
Time: Mon Mar 25 19:15:19 2024 SE Asia Standard Time elapsed time: 63.640686 seconds (0d 0h 1m 3s)

---------------  T H R E A D  ---------------

Current thread (0x0000013177384780):  JavaThread "C2 CompilerThread0" daemon [_thread_in_native, id=17420, stack(0x000000209a500000,0x000000209a600000)]


Current CompileTask:
C2:  63640 5097       4       sun.invoke.util.BytecodeDescriptor::unparseSig (49 bytes)

Stack: [0x000000209a500000,0x000000209a600000]
Native frames: (J=compiled Java code, j=interpreted, Vv=VM code, C=native code)
V  [jvm.dll+0x677a5a]
V  [jvm.dll+0x7d8b2d]
V  [jvm.dll+0x7da48e]
V  [jvm.dll+0x7daaf3]
V  [jvm.dll+0x2455ff]
V  [jvm.dll+0xaaafb]
V  [jvm.dll+0xab09c]
V  [jvm.dll+0x361b5f]
V  [jvm.dll+0x32c211]
V  [jvm.dll+0x32b6aa]
V  [jvm.dll+0x21794f]
V  [jvm.dll+0x216d81]
V  [jvm.dll+0x1a3410]
V  [jvm.dll+0x226aeb]
V  [jvm.dll+0x224cab]
V  [jvm.dll+0x78e45c]
V  [jvm.dll+0x78888a]
V  [jvm.dll+0x676935]
C  [ucrtbase.dll+0x21bb2]
C  [KERNEL32.DLL+0x17344]
C  [ntdll.dll+0x526b1]


---------------  P R O C E S S  ---------------

Threads class SMR info:
_java_thread_list=0x00000131778afc90, length=43, elements={
0x000001316c30ba50, 0x0000013177367710, 0x00000131773684a0, 0x000001317737fe50,
0x0000013177380820, 0x0000013177383200, 0x0000013177383ad0, 0x0000013177384780,
0x0000013177387760, 0x0000013177510060, 0x000001317734f8c0, 0x0000013177639650,
0x000001317d764a20, 0x000001317d35c490, 0x000001317c6e1150, 0x000001317cfb5a80,
0x000001317d4fd030, 0x000001317d177640, 0x000001317c8cee40, 0x000001317d472c20,
0x000001317d473640, 0x000001317d474060, 0x000001317d474f90, 0x000001317d473b50,
0x000001317d472710, 0x000001317d474570, 0x000001317d474a80, 0x000001317d471cf0,
0x000001317d9384d0, 0x000001317d9389e0, 0x000001317d93b260, 0x000001317d938ef0,
0x000001317d937fc0, 0x000001317d939e20, 0x000001317d939400, 0x000001317d939910,
0x000001317e951530, 0x000001317e954ce0, 0x000001317e952e80, 0x000001317e953db0,
0x000001317e951a40, 0x000001317e9542c0, 0x000001317e951020
}

Java Threads: ( => current thread )
  0x000001316c30ba50 JavaThread "main" [_thread_blocked, id=15832, stack(0x0000002099800000,0x0000002099900000)]
  0x0000013177367710 JavaThread "Reference Handler" daemon [_thread_blocked, id=15416, stack(0x0000002099f00000,0x000000209a000000)]
  0x00000131773684a0 JavaThread "Finalizer" daemon [_thread_blocked, id=5892, stack(0x000000209a000000,0x000000209a100000)]
  0x000001317737fe50 JavaThread "Signal Dispatcher" daemon [_thread_blocked, id=11796, stack(0x000000209a100000,0x000000209a200000)]
  0x0000013177380820 JavaThread "Attach Listener" daemon [_thread_blocked, id=11952, stack(0x000000209a200000,0x000000209a300000)]
  0x0000013177383200 JavaThread "Service Thread" daemon [_thread_blocked, id=5836, stack(0x000000209a300000,0x000000209a400000)]
  0x0000013177383ad0 JavaThread "Monitor Deflation Thread" daemon [_thread_blocked, id=3388, stack(0x000000209a400000,0x000000209a500000)]
=>0x0000013177384780 JavaThread "C2 CompilerThread0" daemon [_thread_in_native, id=17420, stack(0x000000209a500000,0x000000209a600000)]
  0x0000013177387760 JavaThread "C1 CompilerThread0" daemon [_thread_blocked, id=18832, stack(0x000000209a600000,0x000000209a700000)]
  0x0000013177510060 JavaThread "Sweeper thread" daemon [_thread_blocked, id=15008, stack(0x000000209a700000,0x000000209a800000)]
  0x000001317734f8c0 JavaThread "Common-Cleaner" daemon [_thread_blocked, id=6216, stack(0x000000209a800000,0x000000209a900000)]
  0x0000013177639650 JavaThread "Notification Thread" daemon [_thread_blocked, id=12400, stack(0x000000209a900000,0x000000209aa00000)]
  0x000001317d764a20 JavaThread "Daemon health stats" [_thread_blocked, id=11076, stack(0x000000209ae00000,0x000000209af00000)]
  0x000001317d35c490 JavaThread "Incoming local TCP Connector on port 65509" [_thread_in_native, id=15960, stack(0x000000209af00000,0x000000209b000000)]
  0x000001317c6e1150 JavaThread "Daemon periodic checks" [_thread_blocked, id=18580, stack(0x000000209b000000,0x000000209b100000)]
  0x000001317cfb5a80 JavaThread "Daemon" [_thread_blocked, id=17476, stack(0x000000209b100000,0x000000209b200000)]
  0x000001317d4fd030 JavaThread "Handler for socket connection from /127.0.0.1:65509 to /127.0.0.1:65510" [_thread_in_native, id=5756, stack(0x000000209b200000,0x000000209b300000)]
  0x000001317d177640 JavaThread "Cancel handler" [_thread_blocked, id=10172, stack(0x000000209b300000,0x000000209b400000)]
  0x000001317c8cee40 JavaThread "Daemon worker" [_thread_in_Java, id=13480, stack(0x000000209b400000,0x000000209b500000)]
  0x000001317d472c20 JavaThread "Asynchronous log dispatcher for DefaultDaemonConnection: socket connection from /127.0.0.1:65509 to /127.0.0.1:65510" [_thread_blocked, id=10540, stack(0x000000209b500000,0x000000209b600000)]
  0x000001317d473640 JavaThread "Stdin handler" [_thread_blocked, id=14796, stack(0x000000209b600000,0x000000209b700000)]
  0x000001317d474060 JavaThread "Daemon client event forwarder" [_thread_blocked, id=12828, stack(0x000000209b700000,0x000000209b800000)]
  0x000001317d474f90 JavaThread "Cache worker for journal cache (C:\Users\win\.gradle\caches\journal-1)" [_thread_blocked, id=2760, stack(0x000000209b800000,0x000000209b900000)]
  0x000001317d473b50 JavaThread "File lock request listener" [_thread_in_native, id=14808, stack(0x000000209b900000,0x000000209ba00000)]
  0x000001317d472710 JavaThread "File lock release action executor" [_thread_blocked, id=14640, stack(0x000000209ba00000,0x000000209bb00000)]
  0x000001317d474570 JavaThread "Cache worker for file hash cache (C:\Users\win\.gradle\caches\8.5\fileHashes)" [_thread_blocked, id=10724, stack(0x000000209bb00000,0x000000209bc00000)]
  0x000001317d474a80 JavaThread "File watcher server" daemon [_thread_in_native, id=18880, stack(0x000000209bc00000,0x000000209bd00000)]
  0x000001317d471cf0 JavaThread "File watcher consumer" daemon [_thread_blocked, id=18820, stack(0x000000209bd00000,0x000000209be00000)]
  0x000001317d9384d0 JavaThread "Cache worker for checksums cache (D:\HK2(2023-2024)\KTPM\20119821_PhamTrungVinh\ServiceDiscovery\.gradle\8.5\checksums)" [_thread_blocked, id=9288, stack(0x000000209be00000,0x000000209bf00000)]
  0x000001317d9389e0 JavaThread "Cache worker for file hash cache (D:\HK2(2023-2024)\KTPM\20119821_PhamTrungVinh\ServiceDiscovery\.gradle\8.5\fileHashes)" [_thread_blocked, id=11940, stack(0x000000209bf00000,0x000000209c000000)]
  0x000001317d93b260 JavaThread "Cache worker for cache directory md-supplier (C:\Users\win\.gradle\caches\8.5\md-supplier)" [_thread_blocked, id=14128, stack(0x000000209c000000,0x000000209c100000)]
  0x000001317d938ef0 JavaThread "Cache worker for cache directory md-rule (C:\Users\win\.gradle\caches\8.5\md-rule)" [_thread_blocked, id=7124, stack(0x000000209c100000,0x000000209c200000)]
  0x000001317d937fc0 JavaThread "Cache worker for file content cache (C:\Users\win\.gradle\caches\8.5\fileContent)" [_thread_blocked, id=9180, stack(0x000000209c200000,0x000000209c300000)]
  0x000001317d939e20 JavaThread "Cache worker for execution history cache (C:\Users\win\.gradle\caches\8.5\executionHistory)" [_thread_blocked, id=6172, stack(0x000000209c300000,0x000000209c400000)]
  0x000001317d939400 JavaThread "jar transforms" [_thread_blocked, id=564, stack(0x000000209c400000,0x000000209c500000)]
  0x000001317d939910 JavaThread "jar transforms Thread 2" [_thread_blocked, id=3792, stack(0x000000209c500000,0x000000209c600000)]
  0x000001317e951530 JavaThread "jar transforms Thread 3" [_thread_blocked, id=7908, stack(0x0000002099500000,0x0000002099600000)]
  0x000001317e954ce0 JavaThread "jar transforms Thread 4" [_thread_blocked, id=14260, stack(0x000000209c600000,0x000000209c700000)]
  0x000001317e952e80 JavaThread "Cache worker for dependencies-accessors (D:\HK2(2023-2024)\KTPM\20119821_PhamTrungVinh\ServiceDiscovery\.gradle\8.5\dependencies-accessors)" [_thread_blocked, id=18740, stack(0x000000209c900000,0x000000209ca00000)]
  0x000001317e953db0 JavaThread "Cache worker for Build Output Cleanup Cache (D:\HK2(2023-2024)\KTPM\20119821_PhamTrungVinh\ServiceDiscovery\.gradle\buildOutputCleanup)" [_thread_blocked, id=17180, stack(0x000000209cb00000,0x000000209cc00000)]
  0x000001317e951a40 JavaThread "Unconstrained build operations" [_thread_blocked, id=16308, stack(0x000000209cc00000,0x000000209cd00000)]
  0x000001317e9542c0 JavaThread "Unconstrained build operations Thread 2" [_thread_blocked, id=7660, stack(0x000000209cd00000,0x000000209ce00000)]
  0x000001317e951020 JavaThread "Unconstrained build operations Thread 3" [_thread_blocked, id=18608, stack(0x000000209ce00000,0x000000209cf00000)]

Other Threads:
  0x0000013177362f00 VMThread "VM Thread" [stack: 0x0000002099e00000,0x0000002099f00000] [id=5880]
  0x00000131776c3130 WatcherThread [stack: 0x000000209aa00000,0x000000209ab00000] [id=19452]
  0x000001316c338bd0 GCTaskThread "GC Thread#0" [stack: 0x0000002099900000,0x0000002099a00000] [id=3000]
  0x00000131777e0690 GCTaskThread "GC Thread#1" [stack: 0x000000209ab00000,0x000000209ac00000] [id=18248]
  0x00000131777e0950 GCTaskThread "GC Thread#2" [stack: 0x000000209ac00000,0x000000209ad00000] [id=12384]
  0x000001317c05f260 GCTaskThread "GC Thread#3" [stack: 0x000000209ad00000,0x000000209ae00000] [id=8400]
  0x000001316c33ea40 ConcurrentGCThread "G1 Main Marker" [stack: 0x0000002099a00000,0x0000002099b00000] [id=10192]
  0x000001316c33f360 ConcurrentGCThread "G1 Conc#0" [stack: 0x0000002099b00000,0x0000002099c00000] [id=12848]
  0x000001316c3ddd30 ConcurrentGCThread "G1 Refine#0" [stack: 0x0000002099c00000,0x0000002099d00000] [id=8472]
  0x000001317e994ec0 ConcurrentGCThread "G1 Refine#1" [stack: 0x000000209ca00000,0x000000209cb00000] [id=17484]
  0x000001316c3de670 ConcurrentGCThread "G1 Service" [stack: 0x0000002099d00000,0x0000002099e00000] [id=7568]

Threads with active compile tasks:
C2 CompilerThread0    63683 5097       4       sun.invoke.util.BytecodeDescriptor::unparseSig (49 bytes)

VM state: not at safepoint (normal execution)

VM Mutex/Monitor currently owned by a thread: None

Heap address: 0x00000000e0000000, size: 512 MB, Compressed Oops mode: 32-bit

CDS archive(s) mapped at: [0x000001310f000000-0x000001310fbd0000-0x000001310fbd0000), size 12386304, SharedBaseAddress: 0x000001310f000000, ArchiveRelocationMode: 1.
Compressed class space mapped at: 0x0000013110000000-0x0000013124000000, reserved size: 335544320
Narrow klass base: 0x000001310f000000, Narrow klass shift: 0, Narrow klass range: 0x100000000

GC Precious Log:
 CPUs: 4 total, 4 available
 Memory: 8052M
 Large Page Support: Disabled
 NUMA Support: Disabled
 Compressed Oops: Enabled (32-bit)
 Heap Region Size: 1M
 Heap Min Capacity: 256M
 Heap Initial Capacity: 256M
 Heap Max Capacity: 512M
 Pre-touch: Disabled
 Parallel Workers: 4
 Concurrent Workers: 1
 Concurrent Refinement Workers: 4
 Periodic GC: Disabled

Heap:
 garbage-first heap   total 262144K, used 100611K [0x00000000e0000000, 0x0000000100000000)
  region size 1024K, 77 young (78848K), 10 survivors (10240K)
 Metaspace       used 43075K, committed 43520K, reserved 393216K
  class space    used 6023K, committed 6208K, reserved 327680K

Heap Regions: E=young(eden), S=young(survivor), O=old, HS=humongous(starts), HC=humongous(continues), CS=collection set, F=free, OA=open archive, CA=closed archive, TAMS=top-at-mark-start (previous, next)
|   0|0x00000000e0000000, 0x00000000e0100000, 0x00000000e0100000|100%| O|  |TAMS 0x00000000e0100000, 0x00000000e0000000| Untracked 
|   1|0x00000000e0100000, 0x00000000e0200000, 0x00000000e0200000|100%| O|  |TAMS 0x00000000e0200000, 0x00000000e0100000| Untracked 
|   2|0x00000000e0200000, 0x00000000e0300000, 0x00000000e0300000|100%|HS|  |TAMS 0x00000000e0300000, 0x00000000e0200000| Complete 
|   3|0x00000000e0300000, 0x00000000e0400000, 0x00000000e0400000|100%|HC|  |TAMS 0x00000000e0400000, 0x00000000e0300000| Complete 
|   4|0x00000000e0400000, 0x00000000e0500000, 0x00000000e0500000|100%|HC|  |TAMS 0x00000000e0500000, 0x00000000e0400000| Complete 
|   5|0x00000000e0500000, 0x00000000e0600000, 0x00000000e0600000|100%|HC|  |TAMS 0x00000000e0600000, 0x00000000e0500000| Complete 
|   6|0x00000000e0600000, 0x00000000e0700000, 0x00000000e0700000|100%| O|  |TAMS 0x00000000e0700000, 0x00000000e0600000| Untracked 
|   7|0x00000000e0700000, 0x00000000e0800000, 0x00000000e0800000|100%| O|  |TAMS 0x00000000e0800000, 0x00000000e0700000| Untracked 
|   8|0x00000000e0800000, 0x00000000e0900000, 0x00000000e0900000|100%| O|  |TAMS 0x00000000e0900000, 0x00000000e0800000| Untracked 
|   9|0x00000000e0900000, 0x00000000e0a00000, 0x00000000e0a00000|100%| O|  |TAMS 0x00000000e0a00000, 0x00000000e0900000| Untracked 
|  10|0x00000000e0a00000, 0x00000000e0b00000, 0x00000000e0b00000|100%| O|  |TAMS 0x00000000e0aeee00, 0x00000000e0a00000| Untracked 
|  11|0x00000000e0b00000, 0x00000000e0c00000, 0x00000000e0c00000|100%|HS|  |TAMS 0x00000000e0b00000, 0x00000000e0b00000| Complete 
|  12|0x00000000e0c00000, 0x00000000e0d00000, 0x00000000e0d00000|100%|HS|  |TAMS 0x00000000e0c00000, 0x00000000e0c00000| Complete 
|  13|0x00000000e0d00000, 0x00000000e0d00000, 0x00000000e0e00000|  0%| F|  |TAMS 0x00000000e0d00000, 0x00000000e0d00000| Untracked 
|  14|0x00000000e0e00000, 0x00000000e0e00000, 0x00000000e0f00000|  0%| F|  |TAMS 0x00000000e0e00000, 0x00000000e0e00000| Untracked 
|  15|0x00000000e0f00000, 0x00000000e0f00000, 0x00000000e1000000|  0%| F|  |TAMS 0x00000000e0f00000, 0x00000000e0f00000| Untracked 
|  16|0x00000000e1000000, 0x00000000e1100000, 0x00000000e1100000|100%| O|  |TAMS 0x00000000e1000000, 0x00000000e1000000| Untracked 
|  17|0x00000000e1100000, 0x00000000e1200000, 0x00000000e1200000|100%| O|  |TAMS 0x00000000e1100000, 0x00000000e1100000| Untracked 
|  18|0x00000000e1200000, 0x00000000e1300000, 0x00000000e1300000|100%| O|  |TAMS 0x00000000e1200000, 0x00000000e1200000| Untracked 
|  19|0x00000000e1300000, 0x00000000e1400000, 0x00000000e1400000|100%| O|  |TAMS 0x00000000e1300000, 0x00000000e1300000| Untracked 
|  20|0x00000000e1400000, 0x00000000e1500000, 0x00000000e1500000|100%| O|  |TAMS 0x00000000e1400000, 0x00000000e1400000| Untracked 
|  21|0x00000000e1500000, 0x00000000e1600000, 0x00000000e1600000|100%| O|  |TAMS 0x00000000e1500000, 0x00000000e1500000| Untracked 
|  22|0x00000000e1600000, 0x00000000e1700000, 0x00000000e1700000|100%| O|  |TAMS 0x00000000e1600000, 0x00000000e1600000| Untracked 
|  23|0x00000000e1700000, 0x00000000e1800000, 0x00000000e1800000|100%| O|  |TAMS 0x00000000e1700000, 0x00000000e1700000| Untracked 
|  24|0x00000000e1800000, 0x00000000e1900000, 0x00000000e1900000|100%| O|  |TAMS 0x00000000e1800000, 0x00000000e1800000| Untracked 
|  25|0x00000000e1900000, 0x00000000e1a00000, 0x00000000e1a00000|100%| O|  |TAMS 0x00000000e1900000, 0x00000000e1900000| Untracked 
|  26|0x00000000e1a00000, 0x00000000e1acae00, 0x00000000e1b00000| 79%| O|  |TAMS 0x00000000e1a00000, 0x00000000e1a00000| Untracked 
|  27|0x00000000e1b00000, 0x00000000e1b00000, 0x00000000e1c00000|  0%| F|  |TAMS 0x00000000e1b00000, 0x00000000e1b00000| Untracked 
|  28|0x00000000e1c00000, 0x00000000e1c00000, 0x00000000e1d00000|  0%| F|  |TAMS 0x00000000e1c00000, 0x00000000e1c00000| Untracked 
|  29|0x00000000e1d00000, 0x00000000e1d00000, 0x00000000e1e00000|  0%| F|  |TAMS 0x00000000e1d00000, 0x00000000e1d00000| Untracked 
|  30|0x00000000e1e00000, 0x00000000e1e00000, 0x00000000e1f00000|  0%| F|  |TAMS 0x00000000e1e00000, 0x00000000e1e00000| Untracked 
|  31|0x00000000e1f00000, 0x00000000e1f00000, 0x00000000e2000000|  0%| F|  |TAMS 0x00000000e1f00000, 0x00000000e1f00000| Untracked 
|  32|0x00000000e2000000, 0x00000000e2000000, 0x00000000e2100000|  0%| F|  |TAMS 0x00000000e2000000, 0x00000000e2000000| Untracked 
|  33|0x00000000e2100000, 0x00000000e2100000, 0x00000000e2200000|  0%| F|  |TAMS 0x00000000e2100000, 0x00000000e2100000| Untracked 
|  34|0x00000000e2200000, 0x00000000e2200000, 0x00000000e2300000|  0%| F|  |TAMS 0x00000000e2200000, 0x00000000e2200000| Untracked 
|  35|0x00000000e2300000, 0x00000000e2300000, 0x00000000e2400000|  0%| F|  |TAMS 0x00000000e2300000, 0x00000000e2300000| Untracked 
|  36|0x00000000e2400000, 0x00000000e2400000, 0x00000000e2500000|  0%| F|  |TAMS 0x00000000e2400000, 0x00000000e2400000| Untracked 
|  37|0x00000000e2500000, 0x00000000e2500000, 0x00000000e2600000|  0%| F|  |TAMS 0x00000000e2500000, 0x00000000e2500000| Untracked 
|  38|0x00000000e2600000, 0x00000000e2600000, 0x00000000e2700000|  0%| F|  |TAMS 0x00000000e2600000, 0x00000000e2600000| Untracked 
|  39|0x00000000e2700000, 0x00000000e2700000, 0x00000000e2800000|  0%| F|  |TAMS 0x00000000e2700000, 0x00000000e2700000| Untracked 
|  40|0x00000000e2800000, 0x00000000e2800000, 0x00000000e2900000|  0%| F|  |TAMS 0x00000000e2800000, 0x00000000e2800000| Untracked 
|  41|0x00000000e2900000, 0x00000000e2900000, 0x00000000e2a00000|  0%| F|  |TAMS 0x00000000e2900000, 0x00000000e2900000| Untracked 
|  42|0x00000000e2a00000, 0x00000000e2a00000, 0x00000000e2b00000|  0%| F|  |TAMS 0x00000000e2a00000, 0x00000000e2a00000| Untracked 
|  43|0x00000000e2b00000, 0x00000000e2b00000, 0x00000000e2c00000|  0%| F|  |TAMS 0x00000000e2b00000, 0x00000000e2b00000| Untracked 
|  44|0x00000000e2c00000, 0x00000000e2c00000, 0x00000000e2d00000|  0%| F|  |TAMS 0x00000000e2c00000, 0x00000000e2c00000| Untracked 
|  45|0x00000000e2d00000, 0x00000000e2d00000, 0x00000000e2e00000|  0%| F|  |TAMS 0x00000000e2d00000, 0x00000000e2d00000| Untracked 
|  46|0x00000000e2e00000, 0x00000000e2e00000, 0x00000000e2f00000|  0%| F|  |TAMS 0x00000000e2e00000, 0x00000000e2e00000| Untracked 
|  47|0x00000000e2f00000, 0x00000000e2f00000, 0x00000000e3000000|  0%| F|  |TAMS 0x00000000e2f00000, 0x00000000e2f00000| Untracked 
|  48|0x00000000e3000000, 0x00000000e3000000, 0x00000000e3100000|  0%| F|  |TAMS 0x00000000e3000000, 0x00000000e3000000| Untracked 
|  49|0x00000000e3100000, 0x00000000e3100000, 0x00000000e3200000|  0%| F|  |TAMS 0x00000000e3100000, 0x00000000e3100000| Untracked 
|  50|0x00000000e3200000, 0x00000000e3200000, 0x00000000e3300000|  0%| F|  |TAMS 0x00000000e3200000, 0x00000000e3200000| Untracked 
|  51|0x00000000e3300000, 0x00000000e3300000, 0x00000000e3400000|  0%| F|  |TAMS 0x00000000e3300000, 0x00000000e3300000| Untracked 
|  52|0x00000000e3400000, 0x00000000e3400000, 0x00000000e3500000|  0%| F|  |TAMS 0x00000000e3400000, 0x00000000e3400000| Untracked 
|  53|0x00000000e3500000, 0x00000000e3500000, 0x00000000e3600000|  0%| F|  |TAMS 0x00000000e3500000, 0x00000000e3500000| Untracked 
|  54|0x00000000e3600000, 0x00000000e3600000, 0x00000000e3700000|  0%| F|  |TAMS 0x00000000e3600000, 0x00000000e3600000| Untracked 
|  55|0x00000000e3700000, 0x00000000e3700000, 0x00000000e3800000|  0%| F|  |TAMS 0x00000000e3700000, 0x00000000e3700000| Untracked 
|  56|0x00000000e3800000, 0x00000000e3800000, 0x00000000e3900000|  0%| F|  |TAMS 0x00000000e3800000, 0x00000000e3800000| Untracked 
|  57|0x00000000e3900000, 0x00000000e3900000, 0x00000000e3a00000|  0%| F|  |TAMS 0x00000000e3900000, 0x00000000e3900000| Untracked 
|  58|0x00000000e3a00000, 0x00000000e3a00000, 0x00000000e3b00000|  0%| F|  |TAMS 0x00000000e3a00000, 0x00000000e3a00000| Untracked 
|  59|0x00000000e3b00000, 0x00000000e3b00000, 0x00000000e3c00000|  0%| F|  |TAMS 0x00000000e3b00000, 0x00000000e3b00000| Untracked 
|  60|0x00000000e3c00000, 0x00000000e3c00000, 0x00000000e3d00000|  0%| F|  |TAMS 0x00000000e3c00000, 0x00000000e3c00000| Untracked 
|  61|0x00000000e3d00000, 0x00000000e3d00000, 0x00000000e3e00000|  0%| F|  |TAMS 0x00000000e3d00000, 0x00000000e3d00000| Untracked 
|  62|0x00000000e3e00000, 0x00000000e3e00000, 0x00000000e3f00000|  0%| F|  |TAMS 0x00000000e3e00000, 0x00000000e3e00000| Untracked 
|  63|0x00000000e3f00000, 0x00000000e3f00000, 0x00000000e4000000|  0%| F|  |TAMS 0x00000000e3f00000, 0x00000000e3f00000| Untracked 
|  64|0x00000000e4000000, 0x00000000e4000000, 0x00000000e4100000|  0%| F|  |TAMS 0x00000000e4000000, 0x00000000e4000000| Untracked 
|  65|0x00000000e4100000, 0x00000000e4100000, 0x00000000e4200000|  0%| F|  |TAMS 0x00000000e4100000, 0x00000000e4100000| Untracked 
|  66|0x00000000e4200000, 0x00000000e4200000, 0x00000000e4300000|  0%| F|  |TAMS 0x00000000e4200000, 0x00000000e4200000| Untracked 
|  67|0x00000000e4300000, 0x00000000e4300000, 0x00000000e4400000|  0%| F|  |TAMS 0x00000000e4300000, 0x00000000e4300000| Untracked 
|  68|0x00000000e4400000, 0x00000000e4400000, 0x00000000e4500000|  0%| F|  |TAMS 0x00000000e4400000, 0x00000000e4400000| Untracked 
|  69|0x00000000e4500000, 0x00000000e4500000, 0x00000000e4600000|  0%| F|  |TAMS 0x00000000e4500000, 0x00000000e4500000| Untracked 
|  70|0x00000000e4600000, 0x00000000e4600000, 0x00000000e4700000|  0%| F|  |TAMS 0x00000000e4600000, 0x00000000e4600000| Untracked 
|  71|0x00000000e4700000, 0x00000000e4700000, 0x00000000e4800000|  0%| F|  |TAMS 0x00000000e4700000, 0x00000000e4700000| Untracked 
|  72|0x00000000e4800000, 0x00000000e4800000, 0x00000000e4900000|  0%| F|  |TAMS 0x00000000e4800000, 0x00000000e4800000| Untracked 
|  73|0x00000000e4900000, 0x00000000e4900000, 0x00000000e4a00000|  0%| F|  |TAMS 0x00000000e4900000, 0x00000000e4900000| Untracked 
|  74|0x00000000e4a00000, 0x00000000e4a00000, 0x00000000e4b00000|  0%| F|  |TAMS 0x00000000e4a00000, 0x00000000e4a00000| Untracked 
|  75|0x00000000e4b00000, 0x00000000e4b00000, 0x00000000e4c00000|  0%| F|  |TAMS 0x00000000e4b00000, 0x00000000e4b00000| Untracked 
|  76|0x00000000e4c00000, 0x00000000e4c00000, 0x00000000e4d00000|  0%| F|  |TAMS 0x00000000e4c00000, 0x00000000e4c00000| Untracked 
|  77|0x00000000e4d00000, 0x00000000e4d00000, 0x00000000e4e00000|  0%| F|  |TAMS 0x00000000e4d00000, 0x00000000e4d00000| Untracked 
|  78|0x00000000e4e00000, 0x00000000e4e00000, 0x00000000e4f00000|  0%| F|  |TAMS 0x00000000e4e00000, 0x00000000e4e00000| Untracked 
|  79|0x00000000e4f00000, 0x00000000e4f00000, 0x00000000e5000000|  0%| F|  |TAMS 0x00000000e4f00000, 0x00000000e4f00000| Untracked 
|  80|0x00000000e5000000, 0x00000000e5000000, 0x00000000e5100000|  0%| F|  |TAMS 0x00000000e5000000, 0x00000000e5000000| Untracked 
|  81|0x00000000e5100000, 0x00000000e5100000, 0x00000000e5200000|  0%| F|  |TAMS 0x00000000e5100000, 0x00000000e5100000| Untracked 
|  82|0x00000000e5200000, 0x00000000e5200000, 0x00000000e5300000|  0%| F|  |TAMS 0x00000000e5200000, 0x00000000e5200000| Untracked 
|  83|0x00000000e5300000, 0x00000000e5300000, 0x00000000e5400000|  0%| F|  |TAMS 0x00000000e5300000, 0x00000000e5300000| Untracked 
|  84|0x00000000e5400000, 0x00000000e5400000, 0x00000000e5500000|  0%| F|  |TAMS 0x00000000e5400000, 0x00000000e5400000| Untracked 
|  85|0x00000000e5500000, 0x00000000e5500000, 0x00000000e5600000|  0%| F|  |TAMS 0x00000000e5500000, 0x00000000e5500000| Untracked 
|  86|0x00000000e5600000, 0x00000000e5600000, 0x00000000e5700000|  0%| F|  |TAMS 0x00000000e5600000, 0x00000000e5600000| Untracked 
|  87|0x00000000e5700000, 0x00000000e5700000, 0x00000000e5800000|  0%| F|  |TAMS 0x00000000e5700000, 0x00000000e5700000| Untracked 
|  88|0x00000000e5800000, 0x00000000e5800000, 0x00000000e5900000|  0%| F|  |TAMS 0x00000000e5800000, 0x00000000e5800000| Untracked 
|  89|0x00000000e5900000, 0x00000000e5900000, 0x00000000e5a00000|  0%| F|  |TAMS 0x00000000e5900000, 0x00000000e5900000| Untracked 
|  90|0x00000000e5a00000, 0x00000000e5a00000, 0x00000000e5b00000|  0%| F|  |TAMS 0x00000000e5a00000, 0x00000000e5a00000| Untracked 
|  91|0x00000000e5b00000, 0x00000000e5b00000, 0x00000000e5c00000|  0%| F|  |TAMS 0x00000000e5b00000, 0x00000000e5b00000| Untracked 
|  92|0x00000000e5c00000, 0x00000000e5c00000, 0x00000000e5d00000|  0%| F|  |TAMS 0x00000000e5c00000, 0x00000000e5c00000| Untracked 
|  93|0x00000000e5d00000, 0x00000000e5d00000, 0x00000000e5e00000|  0%| F|  |TAMS 0x00000000e5d00000, 0x00000000e5d00000| Untracked 
|  94|0x00000000e5e00000, 0x00000000e5e00000, 0x00000000e5f00000|  0%| F|  |TAMS 0x00000000e5e00000, 0x00000000e5e00000| Untracked 
|  95|0x00000000e5f00000, 0x00000000e5f00000, 0x00000000e6000000|  0%| F|  |TAMS 0x00000000e5f00000, 0x00000000e5f00000| Untracked 
|  96|0x00000000e6000000, 0x00000000e6000000, 0x00000000e6100000|  0%| F|  |TAMS 0x00000000e6000000, 0x00000000e6000000| Untracked 
|  97|0x00000000e6100000, 0x00000000e6100000, 0x00000000e6200000|  0%| F|  |TAMS 0x00000000e6100000, 0x00000000e6100000| Untracked 
|  98|0x00000000e6200000, 0x00000000e6200000, 0x00000000e6300000|  0%| F|  |TAMS 0x00000000e6200000, 0x00000000e6200000| Untracked 
|  99|0x00000000e6300000, 0x00000000e6300000, 0x00000000e6400000|  0%| F|  |TAMS 0x00000000e6300000, 0x00000000e6300000| Untracked 
| 100|0x00000000e6400000, 0x00000000e6400000, 0x00000000e6500000|  0%| F|  |TAMS 0x00000000e6400000, 0x00000000e6400000| Untracked 
| 101|0x00000000e6500000, 0x00000000e6500000, 0x00000000e6600000|  0%| F|  |TAMS 0x00000000e6500000, 0x00000000e6500000| Untracked 
| 102|0x00000000e6600000, 0x00000000e6600000, 0x00000000e6700000|  0%| F|  |TAMS 0x00000000e6600000, 0x00000000e6600000| Untracked 
| 103|0x00000000e6700000, 0x00000000e6700000, 0x00000000e6800000|  0%| F|  |TAMS 0x00000000e6700000, 0x00000000e6700000| Untracked 
| 104|0x00000000e6800000, 0x00000000e6800000, 0x00000000e6900000|  0%| F|  |TAMS 0x00000000e6800000, 0x00000000e6800000| Untracked 
| 105|0x00000000e6900000, 0x00000000e6900000, 0x00000000e6a00000|  0%| F|  |TAMS 0x00000000e6900000, 0x00000000e6900000| Untracked 
| 106|0x00000000e6a00000, 0x00000000e6a00000, 0x00000000e6b00000|  0%| F|  |TAMS 0x00000000e6a00000, 0x00000000e6a00000| Untracked 
| 107|0x00000000e6b00000, 0x00000000e6b00000, 0x00000000e6c00000|  0%| F|  |TAMS 0x00000000e6b00000, 0x00000000e6b00000| Untracked 
| 108|0x00000000e6c00000, 0x00000000e6c00000, 0x00000000e6d00000|  0%| F|  |TAMS 0x00000000e6c00000, 0x00000000e6c00000| Untracked 
| 109|0x00000000e6d00000, 0x00000000e6d00000, 0x00000000e6e00000|  0%| F|  |TAMS 0x00000000e6d00000, 0x00000000e6d00000| Untracked 
| 110|0x00000000e6e00000, 0x00000000e6e00000, 0x00000000e6f00000|  0%| F|  |TAMS 0x00000000e6e00000, 0x00000000e6e00000| Untracked 
| 111|0x00000000e6f00000, 0x00000000e6f00000, 0x00000000e7000000|  0%| F|  |TAMS 0x00000000e6f00000, 0x00000000e6f00000| Untracked 
| 112|0x00000000e7000000, 0x00000000e7000000, 0x00000000e7100000|  0%| F|  |TAMS 0x00000000e7000000, 0x00000000e7000000| Untracked 
| 113|0x00000000e7100000, 0x00000000e7100000, 0x00000000e7200000|  0%| F|  |TAMS 0x00000000e7100000, 0x00000000e7100000| Untracked 
| 114|0x00000000e7200000, 0x00000000e7200000, 0x00000000e7300000|  0%| F|  |TAMS 0x00000000e7200000, 0x00000000e7200000| Untracked 
| 115|0x00000000e7300000, 0x00000000e7300000, 0x00000000e7400000|  0%| F|  |TAMS 0x00000000e7300000, 0x00000000e7300000| Untracked 
| 116|0x00000000e7400000, 0x00000000e7400000, 0x00000000e7500000|  0%| F|  |TAMS 0x00000000e7400000, 0x00000000e7400000| Untracked 
| 117|0x00000000e7500000, 0x00000000e7500000, 0x00000000e7600000|  0%| F|  |TAMS 0x00000000e7500000, 0x00000000e7500000| Untracked 
| 118|0x00000000e7600000, 0x00000000e7600000, 0x00000000e7700000|  0%| F|  |TAMS 0x00000000e7600000, 0x00000000e7600000| Untracked 
| 119|0x00000000e7700000, 0x00000000e7700000, 0x00000000e7800000|  0%| F|  |TAMS 0x00000000e7700000, 0x00000000e7700000| Untracked 
| 120|0x00000000e7800000, 0x00000000e7800000, 0x00000000e7900000|  0%| F|  |TAMS 0x00000000e7800000, 0x00000000e7800000| Untracked 
| 121|0x00000000e7900000, 0x00000000e7900000, 0x00000000e7a00000|  0%| F|  |TAMS 0x00000000e7900000, 0x00000000e7900000| Untracked 
| 122|0x00000000e7a00000, 0x00000000e7a00000, 0x00000000e7b00000|  0%| F|  |TAMS 0x00000000e7a00000, 0x00000000e7a00000| Untracked 
| 123|0x00000000e7b00000, 0x00000000e7b76058, 0x00000000e7c00000| 46%| S|CS|TAMS 0x00000000e7b00000, 0x00000000e7b00000| Complete 
| 124|0x00000000e7c00000, 0x00000000e7d00000, 0x00000000e7d00000|100%| S|CS|TAMS 0x00000000e7c00000, 0x00000000e7c00000| Complete 
| 125|0x00000000e7d00000, 0x00000000e7e00000, 0x00000000e7e00000|100%| S|CS|TAMS 0x00000000e7d00000, 0x00000000e7d00000| Complete 
| 126|0x00000000e7e00000, 0x00000000e7f00000, 0x00000000e7f00000|100%| S|CS|TAMS 0x00000000e7e00000, 0x00000000e7e00000| Complete 
| 127|0x00000000e7f00000, 0x00000000e8000000, 0x00000000e8000000|100%| S|CS|TAMS 0x00000000e7f00000, 0x00000000e7f00000| Complete 
| 128|0x00000000e8000000, 0x00000000e8100000, 0x00000000e8100000|100%| S|CS|TAMS 0x00000000e8000000, 0x00000000e8000000| Complete 
| 129|0x00000000e8100000, 0x00000000e8100000, 0x00000000e8200000|  0%| F|  |TAMS 0x00000000e8100000, 0x00000000e8100000| Untracked 
| 130|0x00000000e8200000, 0x00000000e8200000, 0x00000000e8300000|  0%| F|  |TAMS 0x00000000e8200000, 0x00000000e8200000| Untracked 
| 131|0x00000000e8300000, 0x00000000e8300000, 0x00000000e8400000|  0%| F|  |TAMS 0x00000000e8300000, 0x00000000e8300000| Untracked 
| 132|0x00000000e8400000, 0x00000000e8400000, 0x00000000e8500000|  0%| F|  |TAMS 0x00000000e8400000, 0x00000000e8400000| Untracked 
| 133|0x00000000e8500000, 0x00000000e8500000, 0x00000000e8600000|  0%| F|  |TAMS 0x00000000e8500000, 0x00000000e8500000| Untracked 
| 134|0x00000000e8600000, 0x00000000e8600000, 0x00000000e8700000|  0%| F|  |TAMS 0x00000000e8600000, 0x00000000e8600000| Untracked 
| 135|0x00000000e8700000, 0x00000000e8700000, 0x00000000e8800000|  0%| F|  |TAMS 0x00000000e8700000, 0x00000000e8700000| Untracked 
| 136|0x00000000e8800000, 0x00000000e8800000, 0x00000000e8900000|  0%| F|  |TAMS 0x00000000e8800000, 0x00000000e8800000| Untracked 
| 137|0x00000000e8900000, 0x00000000e8900000, 0x00000000e8a00000|  0%| F|  |TAMS 0x00000000e8900000, 0x00000000e8900000| Untracked 
| 138|0x00000000e8a00000, 0x00000000e8a00000, 0x00000000e8b00000|  0%| F|  |TAMS 0x00000000e8a00000, 0x00000000e8a00000| Untracked 
| 139|0x00000000e8b00000, 0x00000000e8b00000, 0x00000000e8c00000|  0%| F|  |TAMS 0x00000000e8b00000, 0x00000000e8b00000| Untracked 
| 140|0x00000000e8c00000, 0x00000000e8c00000, 0x00000000e8d00000|  0%| F|  |TAMS 0x00000000e8c00000, 0x00000000e8c00000| Untracked 
| 141|0x00000000e8d00000, 0x00000000e8e00000, 0x00000000e8e00000|100%| S|CS|TAMS 0x00000000e8d00000, 0x00000000e8d00000| Complete 
| 142|0x00000000e8e00000, 0x00000000e8f00000, 0x00000000e8f00000|100%| S|CS|TAMS 0x00000000e8e00000, 0x00000000e8e00000| Complete 
| 143|0x00000000e8f00000, 0x00000000e9000000, 0x00000000e9000000|100%| S|CS|TAMS 0x00000000e8f00000, 0x00000000e8f00000| Complete 
| 144|0x00000000e9000000, 0x00000000e9100000, 0x00000000e9100000|100%| S|CS|TAMS 0x00000000e9000000, 0x00000000e9000000| Complete 
| 145|0x00000000e9100000, 0x00000000e9100000, 0x00000000e9200000|  0%| F|  |TAMS 0x00000000e9100000, 0x00000000e9100000| Untracked 
| 146|0x00000000e9200000, 0x00000000e9200000, 0x00000000e9300000|  0%| F|  |TAMS 0x00000000e9200000, 0x00000000e9200000| Untracked 
| 147|0x00000000e9300000, 0x00000000e9300000, 0x00000000e9400000|  0%| F|  |TAMS 0x00000000e9300000, 0x00000000e9300000| Untracked 
| 148|0x00000000e9400000, 0x00000000e9400000, 0x00000000e9500000|  0%| F|  |TAMS 0x00000000e9400000, 0x00000000e9400000| Untracked 
| 149|0x00000000e9500000, 0x00000000e9500000, 0x00000000e9600000|  0%| F|  |TAMS 0x00000000e9500000, 0x00000000e9500000| Untracked 
| 150|0x00000000e9600000, 0x00000000e9600000, 0x00000000e9700000|  0%| F|  |TAMS 0x00000000e9600000, 0x00000000e9600000| Untracked 
| 151|0x00000000e9700000, 0x00000000e9700000, 0x00000000e9800000|  0%| F|  |TAMS 0x00000000e9700000, 0x00000000e9700000| Untracked 
| 152|0x00000000e9800000, 0x00000000e9800000, 0x00000000e9900000|  0%| F|  |TAMS 0x00000000e9800000, 0x00000000e9800000| Untracked 
| 153|0x00000000e9900000, 0x00000000e9900000, 0x00000000e9a00000|  0%| F|  |TAMS 0x00000000e9900000, 0x00000000e9900000| Untracked 
| 154|0x00000000e9a00000, 0x00000000e9a00000, 0x00000000e9b00000|  0%| F|  |TAMS 0x00000000e9a00000, 0x00000000e9a00000| Untracked 
| 155|0x00000000e9b00000, 0x00000000e9b00000, 0x00000000e9c00000|  0%| F|  |TAMS 0x00000000e9b00000, 0x00000000e9b00000| Untracked 
| 156|0x00000000e9c00000, 0x00000000e9c00000, 0x00000000e9d00000|  0%| F|  |TAMS 0x00000000e9c00000, 0x00000000e9c00000| Untracked 
| 157|0x00000000e9d00000, 0x00000000e9d00000, 0x00000000e9e00000|  0%| F|  |TAMS 0x00000000e9d00000, 0x00000000e9d00000| Untracked 
| 158|0x00000000e9e00000, 0x00000000e9e00000, 0x00000000e9f00000|  0%| F|  |TAMS 0x00000000e9e00000, 0x00000000e9e00000| Untracked 
| 159|0x00000000e9f00000, 0x00000000e9f00000, 0x00000000ea000000|  0%| F|  |TAMS 0x00000000e9f00000, 0x00000000e9f00000| Untracked 
| 160|0x00000000ea000000, 0x00000000ea000000, 0x00000000ea100000|  0%| F|  |TAMS 0x00000000ea000000, 0x00000000ea000000| Untracked 
| 161|0x00000000ea100000, 0x00000000ea100000, 0x00000000ea200000|  0%| F|  |TAMS 0x00000000ea100000, 0x00000000ea100000| Untracked 
| 162|0x00000000ea200000, 0x00000000ea200000, 0x00000000ea300000|  0%| F|  |TAMS 0x00000000ea200000, 0x00000000ea200000| Untracked 
| 163|0x00000000ea300000, 0x00000000ea300000, 0x00000000ea400000|  0%| F|  |TAMS 0x00000000ea300000, 0x00000000ea300000| Untracked 
| 164|0x00000000ea400000, 0x00000000ea400000, 0x00000000ea500000|  0%| F|  |TAMS 0x00000000ea400000, 0x00000000ea400000| Untracked 
| 165|0x00000000ea500000, 0x00000000ea500000, 0x00000000ea600000|  0%| F|  |TAMS 0x00000000ea500000, 0x00000000ea500000| Untracked 
| 166|0x00000000ea600000, 0x00000000ea600000, 0x00000000ea700000|  0%| F|  |TAMS 0x00000000ea600000, 0x00000000ea600000| Untracked 
| 167|0x00000000ea700000, 0x00000000ea700000, 0x00000000ea800000|  0%| F|  |TAMS 0x00000000ea700000, 0x00000000ea700000| Untracked 
| 168|0x00000000ea800000, 0x00000000ea800000, 0x00000000ea900000|  0%| F|  |TAMS 0x00000000ea800000, 0x00000000ea800000| Untracked 
| 169|0x00000000ea900000, 0x00000000ea900000, 0x00000000eaa00000|  0%| F|  |TAMS 0x00000000ea900000, 0x00000000ea900000| Untracked 
| 170|0x00000000eaa00000, 0x00000000eaa00000, 0x00000000eab00000|  0%| F|  |TAMS 0x00000000eaa00000, 0x00000000eaa00000| Untracked 
| 171|0x00000000eab00000, 0x00000000eab00000, 0x00000000eac00000|  0%| F|  |TAMS 0x00000000eab00000, 0x00000000eab00000| Untracked 
| 172|0x00000000eac00000, 0x00000000eac00000, 0x00000000ead00000|  0%| F|  |TAMS 0x00000000eac00000, 0x00000000eac00000| Untracked 
| 173|0x00000000ead00000, 0x00000000ead00000, 0x00000000eae00000|  0%| F|  |TAMS 0x00000000ead00000, 0x00000000ead00000| Untracked 
| 174|0x00000000eae00000, 0x00000000eae00000, 0x00000000eaf00000|  0%| F|  |TAMS 0x00000000eae00000, 0x00000000eae00000| Untracked 
| 175|0x00000000eaf00000, 0x00000000eaf00000, 0x00000000eb000000|  0%| F|  |TAMS 0x00000000eaf00000, 0x00000000eaf00000| Untracked 
| 176|0x00000000eb000000, 0x00000000eb000000, 0x00000000eb100000|  0%| F|  |TAMS 0x00000000eb000000, 0x00000000eb000000| Untracked 
| 177|0x00000000eb100000, 0x00000000eb100000, 0x00000000eb200000|  0%| F|  |TAMS 0x00000000eb100000, 0x00000000eb100000| Untracked 
| 178|0x00000000eb200000, 0x00000000eb200000, 0x00000000eb300000|  0%| F|  |TAMS 0x00000000eb200000, 0x00000000eb200000| Untracked 
| 179|0x00000000eb300000, 0x00000000eb300000, 0x00000000eb400000|  0%| F|  |TAMS 0x00000000eb300000, 0x00000000eb300000| Untracked 
| 180|0x00000000eb400000, 0x00000000eb400000, 0x00000000eb500000|  0%| F|  |TAMS 0x00000000eb400000, 0x00000000eb400000| Untracked 
| 181|0x00000000eb500000, 0x00000000eb500000, 0x00000000eb600000|  0%| F|  |TAMS 0x00000000eb500000, 0x00000000eb500000| Untracked 
| 182|0x00000000eb600000, 0x00000000eb600000, 0x00000000eb700000|  0%| F|  |TAMS 0x00000000eb600000, 0x00000000eb600000| Untracked 
| 183|0x00000000eb700000, 0x00000000eb700000, 0x00000000eb800000|  0%| F|  |TAMS 0x00000000eb700000, 0x00000000eb700000| Untracked 
| 184|0x00000000eb800000, 0x00000000eb800000, 0x00000000eb900000|  0%| F|  |TAMS 0x00000000eb800000, 0x00000000eb800000| Untracked 
| 185|0x00000000eb900000, 0x00000000eb900000, 0x00000000eba00000|  0%| F|  |TAMS 0x00000000eb900000, 0x00000000eb900000| Untracked 
| 186|0x00000000eba00000, 0x00000000eba00000, 0x00000000ebb00000|  0%| F|  |TAMS 0x00000000eba00000, 0x00000000eba00000| Untracked 
| 187|0x00000000ebb00000, 0x00000000ebb00000, 0x00000000ebc00000|  0%| F|  |TAMS 0x00000000ebb00000, 0x00000000ebb00000| Untracked 
| 188|0x00000000ebc00000, 0x00000000ebc80800, 0x00000000ebd00000| 50%| E|  |TAMS 0x00000000ebc00000, 0x00000000ebc00000| Complete 
| 189|0x00000000ebd00000, 0x00000000ebe00000, 0x00000000ebe00000|100%| E|CS|TAMS 0x00000000ebd00000, 0x00000000ebd00000| Complete 
| 190|0x00000000ebe00000, 0x00000000ebf00000, 0x00000000ebf00000|100%| E|CS|TAMS 0x00000000ebe00000, 0x00000000ebe00000| Complete 
| 191|0x00000000ebf00000, 0x00000000ec000000, 0x00000000ec000000|100%| E|CS|TAMS 0x00000000ebf00000, 0x00000000ebf00000| Complete 
| 192|0x00000000ec000000, 0x00000000ec100000, 0x00000000ec100000|100%| E|CS|TAMS 0x00000000ec000000, 0x00000000ec000000| Complete 
| 193|0x00000000ec100000, 0x00000000ec200000, 0x00000000ec200000|100%| E|CS|TAMS 0x00000000ec100000, 0x00000000ec100000| Complete 
| 194|0x00000000ec200000, 0x00000000ec300000, 0x00000000ec300000|100%| E|CS|TAMS 0x00000000ec200000, 0x00000000ec200000| Complete 
| 195|0x00000000ec300000, 0x00000000ec400000, 0x00000000ec400000|100%| E|CS|TAMS 0x00000000ec300000, 0x00000000ec300000| Complete 
| 196|0x00000000ec400000, 0x00000000ec500000, 0x00000000ec500000|100%| E|CS|TAMS 0x00000000ec400000, 0x00000000ec400000| Complete 
| 197|0x00000000ec500000, 0x00000000ec600000, 0x00000000ec600000|100%| E|CS|TAMS 0x00000000ec500000, 0x00000000ec500000| Complete 
| 198|0x00000000ec600000, 0x00000000ec700000, 0x00000000ec700000|100%| E|CS|TAMS 0x00000000ec600000, 0x00000000ec600000| Complete 
| 199|0x00000000ec700000, 0x00000000ec800000, 0x00000000ec800000|100%| E|CS|TAMS 0x00000000ec700000, 0x00000000ec700000| Complete 
| 200|0x00000000ec800000, 0x00000000ec900000, 0x00000000ec900000|100%| E|CS|TAMS 0x00000000ec800000, 0x00000000ec800000| Complete 
| 201|0x00000000ec900000, 0x00000000eca00000, 0x00000000eca00000|100%| E|CS|TAMS 0x00000000ec900000, 0x00000000ec900000| Complete 
| 202|0x00000000eca00000, 0x00000000ecb00000, 0x00000000ecb00000|100%| E|CS|TAMS 0x00000000eca00000, 0x00000000eca00000| Complete 
| 203|0x00000000ecb00000, 0x00000000ecc00000, 0x00000000ecc00000|100%| E|CS|TAMS 0x00000000ecb00000, 0x00000000ecb00000| Complete 
| 204|0x00000000ecc00000, 0x00000000ecd00000, 0x00000000ecd00000|100%| E|CS|TAMS 0x00000000ecc00000, 0x00000000ecc00000| Complete 
| 205|0x00000000ecd00000, 0x00000000ece00000, 0x00000000ece00000|100%| E|CS|TAMS 0x00000000ecd00000, 0x00000000ecd00000| Complete 
| 206|0x00000000ece00000, 0x00000000ecf00000, 0x00000000ecf00000|100%| E|CS|TAMS 0x00000000ece00000, 0x00000000ece00000| Complete 
| 207|0x00000000ecf00000, 0x00000000ed000000, 0x00000000ed000000|100%| E|CS|TAMS 0x00000000ecf00000, 0x00000000ecf00000| Complete 
| 208|0x00000000ed000000, 0x00000000ed100000, 0x00000000ed100000|100%| E|CS|TAMS 0x00000000ed000000, 0x00000000ed000000| Complete 
| 209|0x00000000ed100000, 0x00000000ed200000, 0x00000000ed200000|100%| E|CS|TAMS 0x00000000ed100000, 0x00000000ed100000| Complete 
| 210|0x00000000ed200000, 0x00000000ed300000, 0x00000000ed300000|100%| E|CS|TAMS 0x00000000ed200000, 0x00000000ed200000| Complete 
| 211|0x00000000ed300000, 0x00000000ed400000, 0x00000000ed400000|100%| E|CS|TAMS 0x00000000ed300000, 0x00000000ed300000| Complete 
| 212|0x00000000ed400000, 0x00000000ed500000, 0x00000000ed500000|100%| E|CS|TAMS 0x00000000ed400000, 0x00000000ed400000| Complete 
| 213|0x00000000ed500000, 0x00000000ed600000, 0x00000000ed600000|100%| E|CS|TAMS 0x00000000ed500000, 0x00000000ed500000| Complete 
| 214|0x00000000ed600000, 0x00000000ed700000, 0x00000000ed700000|100%| E|CS|TAMS 0x00000000ed600000, 0x00000000ed600000| Complete 
| 215|0x00000000ed700000, 0x00000000ed800000, 0x00000000ed800000|100%| E|CS|TAMS 0x00000000ed700000, 0x00000000ed700000| Complete 
| 216|0x00000000ed800000, 0x00000000ed900000, 0x00000000ed900000|100%| E|CS|TAMS 0x00000000ed800000, 0x00000000ed800000| Complete 
| 217|0x00000000ed900000, 0x00000000eda00000, 0x00000000eda00000|100%| E|CS|TAMS 0x00000000ed900000, 0x00000000ed900000| Complete 
| 218|0x00000000eda00000, 0x00000000edb00000, 0x00000000edb00000|100%| E|CS|TAMS 0x00000000eda00000, 0x00000000eda00000| Complete 
| 219|0x00000000edb00000, 0x00000000edc00000, 0x00000000edc00000|100%| E|CS|TAMS 0x00000000edb00000, 0x00000000edb00000| Complete 
| 220|0x00000000edc00000, 0x00000000edd00000, 0x00000000edd00000|100%| E|CS|TAMS 0x00000000edc00000, 0x00000000edc00000| Complete 
| 221|0x00000000edd00000, 0x00000000ede00000, 0x00000000ede00000|100%| E|CS|TAMS 0x00000000edd00000, 0x00000000edd00000| Complete 
| 222|0x00000000ede00000, 0x00000000edf00000, 0x00000000edf00000|100%| E|CS|TAMS 0x00000000ede00000, 0x00000000ede00000| Complete 
| 223|0x00000000edf00000, 0x00000000ee000000, 0x00000000ee000000|100%| E|CS|TAMS 0x00000000edf00000, 0x00000000edf00000| Complete 
| 224|0x00000000ee000000, 0x00000000ee100000, 0x00000000ee100000|100%| E|CS|TAMS 0x00000000ee000000, 0x00000000ee000000| Complete 
| 225|0x00000000ee100000, 0x00000000ee200000, 0x00000000ee200000|100%| E|CS|TAMS 0x00000000ee100000, 0x00000000ee100000| Complete 
| 226|0x00000000ee200000, 0x00000000ee300000, 0x00000000ee300000|100%| E|CS|TAMS 0x00000000ee200000, 0x00000000ee200000| Complete 
| 227|0x00000000ee300000, 0x00000000ee400000, 0x00000000ee400000|100%| E|CS|TAMS 0x00000000ee300000, 0x00000000ee300000| Complete 
| 228|0x00000000ee400000, 0x00000000ee500000, 0x00000000ee500000|100%| E|CS|TAMS 0x00000000ee400000, 0x00000000ee400000| Complete 
| 229|0x00000000ee500000, 0x00000000ee600000, 0x00000000ee600000|100%| E|CS|TAMS 0x00000000ee500000, 0x00000000ee500000| Complete 
| 230|0x00000000ee600000, 0x00000000ee700000, 0x00000000ee700000|100%| E|CS|TAMS 0x00000000ee600000, 0x00000000ee600000| Complete 
| 231|0x00000000ee700000, 0x00000000ee800000, 0x00000000ee800000|100%| E|CS|TAMS 0x00000000ee700000, 0x00000000ee700000| Complete 
| 232|0x00000000ee800000, 0x00000000ee900000, 0x00000000ee900000|100%| E|CS|TAMS 0x00000000ee800000, 0x00000000ee800000| Complete 
| 233|0x00000000ee900000, 0x00000000eea00000, 0x00000000eea00000|100%| E|CS|TAMS 0x00000000ee900000, 0x00000000ee900000| Complete 
| 234|0x00000000eea00000, 0x00000000eeb00000, 0x00000000eeb00000|100%| E|CS|TAMS 0x00000000eea00000, 0x00000000eea00000| Complete 
| 235|0x00000000eeb00000, 0x00000000eec00000, 0x00000000eec00000|100%| E|CS|TAMS 0x00000000eeb00000, 0x00000000eeb00000| Complete 
| 236|0x00000000eec00000, 0x00000000eed00000, 0x00000000eed00000|100%| E|CS|TAMS 0x00000000eec00000, 0x00000000eec00000| Complete 
| 237|0x00000000eed00000, 0x00000000eee00000, 0x00000000eee00000|100%| E|CS|TAMS 0x00000000eed00000, 0x00000000eed00000| Complete 
| 238|0x00000000eee00000, 0x00000000eef00000, 0x00000000eef00000|100%| E|CS|TAMS 0x00000000eee00000, 0x00000000eee00000| Complete 
| 239|0x00000000eef00000, 0x00000000ef000000, 0x00000000ef000000|100%| E|CS|TAMS 0x00000000eef00000, 0x00000000eef00000| Complete 
| 240|0x00000000ef000000, 0x00000000ef100000, 0x00000000ef100000|100%| E|CS|TAMS 0x00000000ef000000, 0x00000000ef000000| Complete 
| 241|0x00000000ef100000, 0x00000000ef200000, 0x00000000ef200000|100%| E|CS|TAMS 0x00000000ef100000, 0x00000000ef100000| Complete 
| 242|0x00000000ef200000, 0x00000000ef300000, 0x00000000ef300000|100%| E|CS|TAMS 0x00000000ef200000, 0x00000000ef200000| Complete 
| 243|0x00000000ef300000, 0x00000000ef400000, 0x00000000ef400000|100%| E|CS|TAMS 0x00000000ef300000, 0x00000000ef300000| Complete 
| 244|0x00000000ef400000, 0x00000000ef500000, 0x00000000ef500000|100%| E|CS|TAMS 0x00000000ef400000, 0x00000000ef400000| Complete 
| 245|0x00000000ef500000, 0x00000000ef600000, 0x00000000ef600000|100%| E|CS|TAMS 0x00000000ef500000, 0x00000000ef500000| Complete 
| 246|0x00000000ef600000, 0x00000000ef700000, 0x00000000ef700000|100%| E|CS|TAMS 0x00000000ef600000, 0x00000000ef600000| Complete 
| 247|0x00000000ef700000, 0x00000000ef800000, 0x00000000ef800000|100%| E|  |TAMS 0x00000000ef700000, 0x00000000ef700000| Complete 
| 248|0x00000000ef800000, 0x00000000ef900000, 0x00000000ef900000|100%| E|CS|TAMS 0x00000000ef800000, 0x00000000ef800000| Complete 
| 249|0x00000000ef900000, 0x00000000efa00000, 0x00000000efa00000|100%| E|CS|TAMS 0x00000000ef900000, 0x00000000ef900000| Complete 
| 250|0x00000000efa00000, 0x00000000efb00000, 0x00000000efb00000|100%| E|CS|TAMS 0x00000000efa00000, 0x00000000efa00000| Complete 
| 251|0x00000000efb00000, 0x00000000efc00000, 0x00000000efc00000|100%| E|CS|TAMS 0x00000000efb00000, 0x00000000efb00000| Complete 
| 252|0x00000000efc00000, 0x00000000efd00000, 0x00000000efd00000|100%| E|CS|TAMS 0x00000000efc00000, 0x00000000efc00000| Complete 
| 253|0x00000000efd00000, 0x00000000efe00000, 0x00000000efe00000|100%| E|CS|TAMS 0x00000000efd00000, 0x00000000efd00000| Complete 
| 254|0x00000000efe00000, 0x00000000eff00000, 0x00000000eff00000|100%| E|CS|TAMS 0x00000000efe00000, 0x00000000efe00000| Complete 
| 255|0x00000000eff00000, 0x00000000f0000000, 0x00000000f0000000|100%| E|CS|TAMS 0x00000000eff00000, 0x00000000eff00000| Complete 

Card table byte_map: [0x0000013173bc0000,0x0000013173cc0000] _byte_map_base: 0x00000131734c0000

Marking Bits (Prev, Next): (CMBitMap*) 0x000001316c33a110, (CMBitMap*) 0x000001316c33a150
 Prev Bits: [0x0000013173dc0000, 0x00000131745c0000)
 Next Bits: [0x00000131745c0000, 0x0000013174dc0000)

Polling page: 0x000001316a1d0000

Metaspace:

Usage:
  Non-class:     36.21 MB used.
      Class:      5.89 MB used.
       Both:     42.10 MB used.

Virtual space:
  Non-class space:       64.00 MB reserved,      36.44 MB ( 57%) committed,  1 nodes.
      Class space:      320.00 MB reserved,       6.06 MB (  2%) committed,  1 nodes.
             Both:      384.00 MB reserved,      42.50 MB ( 11%) committed. 

Chunk freelists:
   Non-Class:  11.44 MB
       Class:  9.76 MB
        Both:  21.20 MB

MaxMetaspaceSize: 384.00 MB
CompressedClassSpaceSize: 320.00 MB
Initial GC threshold: 21.00 MB
Current GC threshold: 58.75 MB
CDS: on
MetaspaceReclaimPolicy: balanced
 - commit_granule_bytes: 65536.
 - commit_granule_words: 8192.
 - virtual_space_node_default_size: 8388608.
 - enlarge_chunks_in_place: 1.
 - new_chunks_are_fully_committed: 0.
 - uncommit_free_chunks: 1.
 - use_allocation_guard: 0.
 - handle_deallocations: 1.


Internal statistics:

num_allocs_failed_limit: 6.
num_arena_births: 482.
num_arena_deaths: 0.
num_vsnodes_births: 2.
num_vsnodes_deaths: 0.
num_space_committed: 680.
num_space_uncommitted: 0.
num_chunks_returned_to_freelist: 6.
num_chunks_taken_from_freelist: 2095.
num_chunk_merges: 6.
num_chunk_splits: 1423.
num_chunks_enlarged: 994.
num_inconsistent_stats: 0.

CodeHeap 'non-profiled nmethods': size=120000Kb used=3028Kb max_used=3028Kb free=116971Kb
 bounds [0x0000013107ad0000, 0x0000013107dd0000, 0x000001310f000000]
CodeHeap 'profiled nmethods': size=120000Kb used=10433Kb max_used=10433Kb free=109566Kb
 bounds [0x0000013100000000, 0x0000013100a40000, 0x0000013107530000]
CodeHeap 'non-nmethods': size=5760Kb used=2314Kb max_used=2415Kb free=3445Kb
 bounds [0x0000013107530000, 0x00000131077a0000, 0x0000013107ad0000]
 total_blobs=5950 nmethods=5121 adapters=740
 compilation: enabled
              stopped_count=0, restarted_count=0
 full_count=0

Compilation events (20 events):
Event: 63.556 Thread 0x0000013177387760 5108       3       org.gradle.internal.service.DefaultServiceRegistry::find (28 bytes)
Event: 63.557 Thread 0x0000013177387760 nmethod 5108 0x0000013100a24d90 code [0x0000013100a24f80, 0x0000013100a252e8]
Event: 63.561 Thread 0x0000013177387760 5109       3       com.google.common.reflect.TypeResolver$TypeTable$1::<init> (15 bytes)
Event: 63.561 Thread 0x0000013177387760 nmethod 5109 0x0000013100a25490 code [0x0000013100a25640, 0x0000013100a25998]
Event: 63.562 Thread 0x0000013177387760 5110       3       com.google.common.reflect.TypeResolver$TypeTable::resolveInternal (105 bytes)
Event: 63.563 Thread 0x0000013177387760 nmethod 5110 0x0000013100a25a90 code [0x0000013100a25d60, 0x0000013100a26d08]
Event: 63.563 Thread 0x0000013177387760 5111       3       com.google.common.reflect.TypeResolver::<init> (6 bytes)
Event: 63.563 Thread 0x0000013177387760 nmethod 5111 0x0000013100a27210 code [0x0000013100a273c0, 0x0000013100a275d8]
Event: 63.566 Thread 0x0000013177387760 5112       3       java.lang.invoke.MethodHandles::identity (87 bytes)
Event: 63.566 Thread 0x0000013177387760 nmethod 5112 0x0000013100a27710 code [0x0000013100a27900, 0x0000013100a27d38]
Event: 63.566 Thread 0x0000013177387760 5113       3       java.lang.invoke.MethodHandles::makeIdentity (23 bytes)
Event: 63.568 Thread 0x0000013177387760 nmethod 5113 0x0000013100a27f10 code [0x0000013100a28180, 0x0000013100a28b48]
Event: 63.568 Thread 0x0000013177387760 5114       3       java.lang.invoke.LambdaForm::identityForm (27 bytes)
Event: 63.580 Thread 0x0000013177387760 nmethod 5114 0x0000013100a28f90 code [0x0000013100a29140, 0x0000013100a29328]
Event: 63.580 Thread 0x0000013177387760 5115       3       java.util.HashMap$ValueSpliterator::forEachRemaining (186 bytes)
Event: 63.581 Thread 0x0000013177387760 nmethod 5115 0x0000013100a29410 code [0x0000013100a29620, 0x0000013100a29e88]
Event: 63.583 Thread 0x0000013177387760 5116       3       java.lang.invoke.SimpleMethodHandle::speciesData (4 bytes)
Event: 63.583 Thread 0x0000013177387760 nmethod 5116 0x0000013100a2a110 code [0x0000013100a2a2a0, 0x0000013100a2a3b8]
Event: 63.583 Thread 0x0000013177387760 5117       3       java.lang.invoke.SimpleMethodHandle::copyWithExtendL (7 bytes)
Event: 63.583 Thread 0x0000013177387760 nmethod 5117 0x0000013100a2a490 code [0x0000013100a2a640, 0x0000013100a2a7e8]

GC Heap History (10 events):
Event: 1.397 GC heap before
{Heap before GC invocations=0 (full 0):
 garbage-first heap   total 262144K, used 13312K [0x00000000e0000000, 0x0000000100000000)
  region size 1024K, 13 young (13312K), 0 survivors (0K)
 Metaspace       used 1028K, committed 1152K, reserved 393216K
  class space    used 79K, committed 128K, reserved 327680K
}
Event: 1.401 GC heap after
{Heap after GC invocations=1 (full 0):
 garbage-first heap   total 262144K, used 3261K [0x00000000e0000000, 0x0000000100000000)
  region size 1024K, 2 young (2048K), 2 survivors (2048K)
 Metaspace       used 1028K, committed 1152K, reserved 393216K
  class space    used 79K, committed 128K, reserved 327680K
}
Event: 2.865 GC heap before
{Heap before GC invocations=1 (full 0):
 garbage-first heap   total 262144K, used 22717K [0x00000000e0000000, 0x0000000100000000)
  region size 1024K, 18 young (18432K), 2 survivors (2048K)
 Metaspace       used 3942K, committed 4096K, reserved 393216K
  class space    used 491K, committed 576K, reserved 327680K
}
Event: 2.871 GC heap after
{Heap after GC invocations=2 (full 0):
 garbage-first heap   total 262144K, used 11085K [0x00000000e0000000, 0x0000000100000000)
  region size 1024K, 3 young (3072K), 3 survivors (3072K)
 Metaspace       used 3942K, committed 4096K, reserved 393216K
  class space    used 491K, committed 576K, reserved 327680K
}
Event: 4.116 GC heap before
{Heap before GC invocations=2 (full 0):
 garbage-first heap   total 262144K, used 33613K [0x00000000e0000000, 0x0000000100000000)
  region size 1024K, 25 young (25600K), 3 survivors (3072K)
 Metaspace       used 4026K, committed 4160K, reserved 393216K
  class space    used 492K, committed 576K, reserved 327680K
}
Event: 4.120 GC heap after
{Heap after GC invocations=3 (full 0):
 garbage-first heap   total 262144K, used 11715K [0x00000000e0000000, 0x0000000100000000)
  region size 1024K, 1 young (1024K), 1 survivors (1024K)
 Metaspace       used 4026K, committed 4160K, reserved 393216K
  class space    used 492K, committed 576K, reserved 327680K
}
Event: 18.240 GC heap before
{Heap before GC invocations=3 (full 0):
 garbage-first heap   total 262144K, used 128451K [0x00000000e0000000, 0x0000000100000000)
  region size 1024K, 115 young (117760K), 1 survivors (1024K)
 Metaspace       used 21260K, committed 21504K, reserved 393216K
  class space    used 3121K, committed 3264K, reserved 327680K
}
Event: 18.253 GC heap after
{Heap after GC invocations=4 (full 0):
 garbage-first heap   total 262144K, used 22738K [0x00000000e0000000, 0x0000000100000000)
  region size 1024K, 12 young (12288K), 12 survivors (12288K)
 Metaspace       used 21260K, committed 21504K, reserved 393216K
  class space    used 3121K, committed 3264K, reserved 327680K
}
Event: 39.112 GC heap before
{Heap before GC invocations=5 (full 0):
 garbage-first heap   total 262144K, used 139474K [0x00000000e0000000, 0x0000000100000000)
  region size 1024K, 123 young (125952K), 12 survivors (12288K)
 Metaspace       used 35532K, committed 35968K, reserved 393216K
  class space    used 4945K, committed 5184K, reserved 327680K
}
Event: 39.133 GC heap after
{Heap after GC invocations=6 (full 0):
 garbage-first heap   total 262144K, used 32003K [0x00000000e0000000, 0x0000000100000000)
  region size 1024K, 10 young (10240K), 10 survivors (10240K)
 Metaspace       used 35532K, committed 35968K, reserved 393216K
  class space    used 4945K, committed 5184K, reserved 327680K
}

Deoptimization events (20 events):
Event: 47.581 Thread 0x000001317c8cee40 Uncommon trap: trap_request=0xffffff45 fr.pc=0x0000013107d6f2a8 relative=0x00000000000004a8
Event: 47.581 Thread 0x000001317c8cee40 Uncommon trap: reason=unstable_if action=reinterpret pc=0x0000013107d6f2a8 method=jdk.internal.org.objectweb.asm.Type.getArgumentsAndReturnSizes(Ljava/lang/String;)I @ 25 c2
Event: 47.581 Thread 0x000001317c8cee40 DEOPT PACKING pc=0x0000013107d6f2a8 sp=0x000000209b4f6f90
Event: 47.581 Thread 0x000001317c8cee40 DEOPT UNPACKING pc=0x00000131075823a3 sp=0x000000209b4f6f20 mode 2
Event: 48.183 Thread 0x000001317c8cee40 Uncommon trap: trap_request=0xffffffcc fr.pc=0x0000013107d98a84 relative=0x0000000000000364
Event: 48.183 Thread 0x000001317c8cee40 Uncommon trap: reason=intrinsic_or_type_checked_inlining action=make_not_entrant pc=0x0000013107d98a84 method=java.util.Arrays.copyOf([Ljava/lang/Object;ILjava/lang/Class;)[Ljava/lang/Object; @ 35 c2
Event: 48.183 Thread 0x000001317c8cee40 DEOPT PACKING pc=0x0000013107d98a84 sp=0x000000209b4f7cc0
Event: 48.183 Thread 0x000001317c8cee40 DEOPT UNPACKING pc=0x00000131075823a3 sp=0x000000209b4f7c50 mode 2
Event: 59.284 Thread 0x000001317d939400 Uncommon trap: trap_request=0xffffffcc fr.pc=0x0000013107daf108 relative=0x0000000000001468
Event: 59.284 Thread 0x000001317d939400 Uncommon trap: reason=intrinsic_or_type_checked_inlining action=make_not_entrant pc=0x0000013107daf108 method=java.util.ArrayList.toArray([Ljava/lang/Object;)[Ljava/lang/Object; @ 36 c2
Event: 59.284 Thread 0x000001317d939400 DEOPT PACKING pc=0x0000013107daf108 sp=0x000000209c4ff120
Event: 59.284 Thread 0x000001317d939400 DEOPT UNPACKING pc=0x00000131075823a3 sp=0x000000209c4ff068 mode 2
Event: 63.046 Thread 0x000001317c8cee40 DEOPT PACKING pc=0x000001310049f9dc sp=0x000000209b4f6a90
Event: 63.046 Thread 0x000001317c8cee40 DEOPT UNPACKING pc=0x0000013107582b43 sp=0x000000209b4f6010 mode 0
Event: 63.167 Thread 0x000001317c8cee40 DEOPT PACKING pc=0x0000013100416723 sp=0x000000209b4f6d10
Event: 63.167 Thread 0x000001317c8cee40 DEOPT UNPACKING pc=0x0000013107582b43 sp=0x000000209b4f6180 mode 0
Event: 63.528 Thread 0x000001317c8cee40 Uncommon trap: trap_request=0xffffff45 fr.pc=0x0000013107c70064 relative=0x0000000000003884
Event: 63.528 Thread 0x000001317c8cee40 Uncommon trap: reason=unstable_if action=reinterpret pc=0x0000013107c70064 method=org.objectweb.asm.Frame.execute(IILorg/objectweb/asm/Symbol;Lorg/objectweb/asm/SymbolTable;)V @ 1 c2
Event: 63.528 Thread 0x000001317c8cee40 DEOPT PACKING pc=0x0000013107c70064 sp=0x000000209b4f4f90
Event: 63.528 Thread 0x000001317c8cee40 DEOPT UNPACKING pc=0x00000131075823a3 sp=0x000000209b4f4f38 mode 2

Classes unloaded (0 events):
No events

Classes redefined (0 events):
No events

Internal exceptions (20 events):
Event: 46.253 Thread 0x000001317c8cee40 Exception <a 'java/lang/NoSuchMethodError'{0x00000000ed6329e0}: 'int java.lang.invoke.DirectMethodHandle$Holder.invokeStaticInit(java.lang.Object)'> (0x00000000ed6329e0) 
thrown [s\open\src\hotspot\share\interpreter\linkResolver.cpp, line 759]
Event: 46.284 Thread 0x000001317c8cee40 Exception <a 'java/lang/NoSuchMethodError'{0x00000000ed6c0eb8}: 'java.lang.Object java.lang.invoke.DirectMethodHandle$Holder.newInvokeSpecial(java.lang.Object, java.lang.Object, java.lang.Object, java.lang.Object, java.lang.Object, int)'> (0x00000000ed6c0eb8) 
thrown [s\open\src\hotspot\share\interpreter\linkResolver.cpp, line 759]
Event: 46.285 Thread 0x000001317c8cee40 Exception <a 'java/lang/NoSuchMethodError'{0x00000000ed6c6510}: 'java.lang.Object java.lang.invoke.DirectMethodHandle$Holder.invokeSpecial(java.lang.Object, java.lang.Object, java.lang.Object, java.lang.Object, java.lang.Object, java.lang.Object, int)'> (0x00000000ed6c6510) 
thrown [s\open\src\hotspot\share\interpreter\linkResolver.cpp, line 759]
Event: 46.360 Thread 0x000001317c8cee40 Exception <a 'java/lang/NoSuchMethodError'{0x00000000ed521490}: 'java.lang.Object java.lang.invoke.DirectMethodHandle$Holder.invokeSpecial(java.lang.Object, java.lang.Object, java.lang.Object, java.lang.Object, java.lang.Object, long)'> (0x00000000ed521490) 
thrown [s\open\src\hotspot\share\interpreter\linkResolver.cpp, line 759]
Event: 46.367 Thread 0x000001317c8cee40 Exception <a 'java/lang/NoSuchMethodError'{0x00000000ed550c40}: 'void java.lang.invoke.DirectMethodHandle$Holder.invokeStatic(java.lang.Object, java.lang.Object, java.lang.Object, int, java.lang.Object)'> (0x00000000ed550c40) 
thrown [s\open\src\hotspot\share\interpreter\linkResolver.cpp, line 759]
Event: 47.541 Thread 0x000001317c8cee40 Exception <a 'java/lang/NoSuchMethodError'{0x00000000ed0e2ed0}: 'java.lang.Object java.lang.invoke.DelegatingMethodHandle$Holder.reinvoke_L(java.lang.Object, java.lang.Object, java.lang.Object, java.lang.Object, java.lang.Object, java.lang.Object, java.lang.Object, java.lang.Object, java.lang.Object, java.lang.Object, java.lang.Object, java.lang.Object, java.lang.Object, java.lang.Object, java.lang.Object, java.lang.Object, java.lang.Object, java.lang.Object, java.lang.Object, java.lang.Object, java.lang.O
Event: 47.545 Thread 0x000001317c8cee40 Exception <a 'java/lang/NoSuchMethodError'{0x00000000ed0ef280}: 'java.lang.Object java.lang.invoke.Invokers$Holder.invoker(java.lang.Object, java.lang.Object, java.lang.Object, java.lang.Object, java.lang.Object, java.lang.Object, java.lang.Object, java.lang.Object, java.lang.Object, java.lang.Object, java.lang.Object, java.lang.Object, java.lang.Object, java.lang.Object, java.lang.Object, java.lang.Object, java.lang.Object, java.lang.Object, java.lang.Object, java.lang.Object, java.lang.Object, java.lang.
Event: 47.546 Thread 0x000001317c8cee40 Exception <a 'java/lang/NoSuchMethodError'{0x00000000ed0f6700}: 'java.lang.Object java.lang.invoke.DelegatingMethodHandle$Holder.delegate(java.lang.Object, java.lang.Object, java.lang.Object, java.lang.Object, java.lang.Object, java.lang.Object, java.lang.Object, java.lang.Object, java.lang.Object, java.lang.Object, java.lang.Object, java.lang.Object, java.lang.Object, java.lang.Object, java.lang.Object, java.lang.Object, java.lang.Object, java.lang.Object, java.lang.Object, java.lang.Object, java.lang.Obj
Event: 47.582 Thread 0x000001317c8cee40 Exception <a 'java/lang/NoSuchMethodError'{0x00000000ecf71080}: 'java.lang.Object java.lang.invoke.DirectMethodHandle$Holder.invokeStatic(java.lang.Object, java.lang.Object, java.lang.Object, java.lang.Object, java.lang.Object, java.lang.Object, java.lang.Object, java.lang.Object, java.lang.Object, java.lang.Object, java.lang.Object, java.lang.Object, java.lang.Object, java.lang.Object, java.lang.Object, java.lang.Object, java.lang.Object)'> (0x00000000ecf71080) 
thrown [s\open\src\hotspot\share\interprete
Event: 47.586 Thread 0x000001317c8cee40 Exception <a 'java/lang/NoSuchMethodError'{0x00000000ecf9ab90}: 'java.lang.Object java.lang.invoke.DirectMethodHandle$Holder.invokeStatic(java.lang.Object, java.lang.Object, java.lang.Object, java.lang.Object, java.lang.Object, java.lang.Object, java.lang.Object, java.lang.Object, java.lang.Object, java.lang.Object, java.lang.Object, java.lang.Object, java.lang.Object, java.lang.Object, java.lang.Object, java.lang.Object, java.lang.Object, java.lang.Object)'> (0x00000000ecf9ab90) 
thrown [s\open\src\hotspo
Event: 47.592 Thread 0x000001317c8cee40 Exception <a 'java/lang/NoSuchMethodError'{0x00000000ecfc5778}: 'java.lang.Object java.lang.invoke.DirectMethodHandle$Holder.invokeStatic(java.lang.Object, java.lang.Object, java.lang.Object, java.lang.Object, java.lang.Object, java.lang.Object, java.lang.Object, java.lang.Object, java.lang.Object, java.lang.Object, java.lang.Object, java.lang.Object, java.lang.Object, java.lang.Object, java.lang.Object, java.lang.Object, java.lang.Object, java.lang.Object, java.lang.Object)'> (0x00000000ecfc5778) 
thrown 
Event: 47.597 Thread 0x000001317c8cee40 Exception <a 'java/lang/NoSuchMethodError'{0x00000000ecff0fb0}: 'java.lang.Object java.lang.invoke.DirectMethodHandle$Holder.invokeStatic(java.lang.Object, java.lang.Object, java.lang.Object, java.lang.Object, java.lang.Object, java.lang.Object, java.lang.Object, java.lang.Object, java.lang.Object, java.lang.Object, java.lang.Object, java.lang.Object, java.lang.Object, java.lang.Object, java.lang.Object, java.lang.Object, java.lang.Object, java.lang.Object, java.lang.Object, java.lang.Object)'> (0x00000000
Event: 47.606 Thread 0x000001317c8cee40 Exception <a 'java/lang/NoSuchMethodError'{0x00000000ece1dd68}: 'java.lang.Object java.lang.invoke.DirectMethodHandle$Holder.invokeStatic(java.lang.Object, java.lang.Object, java.lang.Object, java.lang.Object, java.lang.Object, java.lang.Object, java.lang.Object, java.lang.Object, java.lang.Object, java.lang.Object, java.lang.Object, java.lang.Object, java.lang.Object, java.lang.Object, java.lang.Object, java.lang.Object, java.lang.Object, java.lang.Object, java.lang.Object, java.lang.Object, java.lang.Obj
Event: 47.614 Thread 0x000001317c8cee40 Exception <a 'java/lang/NoSuchMethodError'{0x00000000ece4b7c8}: 'java.lang.Object java.lang.invoke.DirectMethodHandle$Holder.invokeStatic(java.lang.Object, java.lang.Object, java.lang.Object, java.lang.Object, java.lang.Object, java.lang.Object, java.lang.Object, java.lang.Object, java.lang.Object, java.lang.Object, java.lang.Object, java.lang.Object, java.lang.Object, java.lang.Object, java.lang.Object, java.lang.Object, java.lang.Object, java.lang.Object, java.lang.Object, java.lang.Object, java.lang.Obj
Event: 47.629 Thread 0x000001317c8cee40 Exception <a 'java/lang/NoSuchMethodError'{0x00000000ece79dd8}: 'java.lang.Object java.lang.invoke.DirectMethodHandle$Holder.invokeStatic(java.lang.Object, java.lang.Object, java.lang.Object, java.lang.Object, java.lang.Object, java.lang.Object, java.lang.Object, java.lang.Object, java.lang.Object, java.lang.Object, java.lang.Object, java.lang.Object, java.lang.Object, java.lang.Object, java.lang.Object, java.lang.Object, java.lang.Object, java.lang.Object, java.lang.Object, java.lang.Object, java.lang.Obj
Event: 47.637 Thread 0x000001317c8cee40 Exception <a 'java/lang/NoSuchMethodError'{0x00000000eceaa0b0}: 'java.lang.Object java.lang.invoke.DirectMethodHandle$Holder.invokeStatic(java.lang.Object, java.lang.Object, java.lang.Object, java.lang.Object, java.lang.Object, java.lang.Object, java.lang.Object, java.lang.Object, java.lang.Object, java.lang.Object, java.lang.Object, java.lang.Object, java.lang.Object, java.lang.Object, java.lang.Object, java.lang.Object, java.lang.Object, java.lang.Object, java.lang.Object, java.lang.Object, java.lang.Obj
Event: 47.662 Thread 0x000001317c8cee40 Exception <a 'java/lang/NoSuchMethodError'{0x00000000ecedbc60}: 'java.lang.Object java.lang.invoke.DirectMethodHandle$Holder.invokeStatic(java.lang.Object, java.lang.Object, java.lang.Object, java.lang.Object, java.lang.Object, java.lang.Object, java.lang.Object, java.lang.Object, java.lang.Object, java.lang.Object, java.lang.Object, java.lang.Object, java.lang.Object, java.lang.Object, java.lang.Object, java.lang.Object, java.lang.Object, java.lang.Object, java.lang.Object, java.lang.Object, java.lang.Obj
Event: 63.524 Thread 0x000001317c8cee40 Exception <a 'java/lang/NoSuchMethodError'{0x00000000ebe062b8}: 'java.lang.Object java.lang.invoke.DirectMethodHandle$Holder.newInvokeSpecial(java.lang.Object, java.lang.Object, java.lang.Object, java.lang.Object, int)'> (0x00000000ebe062b8) 
thrown [s\open\src\hotspot\share\interpreter\linkResolver.cpp, line 759]
Event: 63.526 Thread 0x000001317c8cee40 Exception <a 'java/lang/NoSuchMethodError'{0x00000000ebe0b9a8}: 'java.lang.Object java.lang.invoke.DirectMethodHandle$Holder.invokeSpecial(java.lang.Object, java.lang.Object, java.lang.Object, java.lang.Object, java.lang.Object, int)'> (0x00000000ebe0b9a8) 
thrown [s\open\src\hotspot\share\interpreter\linkResolver.cpp, line 759]
Event: 63.526 Thread 0x000001317c8cee40 Exception <a 'java/lang/NoSuchMethodError'{0x00000000ebe109d0}: 'java.lang.Object java.lang.invoke.Invokers$Holder.linkToTargetMethod(java.lang.Object, java.lang.Object, java.lang.Object, int, java.lang.Object)'> (0x00000000ebe109d0) 
thrown [s\open\src\hotspot\share\interpreter\linkResolver.cpp, line 759]

VM Operations (20 events):
Event: 48.328 Executing VM operation: Cleanup
Event: 48.333 Executing VM operation: Cleanup done
Event: 49.335 Executing VM operation: Cleanup
Event: 49.335 Executing VM operation: Cleanup done
Event: 52.359 Executing VM operation: Cleanup
Event: 52.360 Executing VM operation: Cleanup done
Event: 53.371 Executing VM operation: Cleanup
Event: 53.371 Executing VM operation: Cleanup done
Event: 56.395 Executing VM operation: Cleanup
Event: 56.396 Executing VM operation: Cleanup done
Event: 58.413 Executing VM operation: Cleanup
Event: 58.413 Executing VM operation: Cleanup done
Event: 59.421 Executing VM operation: Cleanup
Event: 59.421 Executing VM operation: Cleanup done
Event: 60.432 Executing VM operation: Cleanup
Event: 60.432 Executing VM operation: Cleanup done
Event: 60.923 Executing VM operation: HandshakeAllThreads
Event: 60.923 Executing VM operation: HandshakeAllThreads done
Event: 62.931 Executing VM operation: Cleanup
Event: 62.948 Executing VM operation: Cleanup done

Events (20 events):
Event: 47.772 loading class java/util/Collections$2 done
Event: 55.450 Thread 0x000001317e951a40 Thread added: 0x000001317e951a40
Event: 55.451 Thread 0x000001317e9542c0 Thread added: 0x000001317e9542c0
Event: 55.451 Thread 0x000001317e951020 Thread added: 0x000001317e951020
Event: 63.563 loading class org/xml/sax/SAXNotSupportedException
Event: 63.563 loading class org/xml/sax/SAXNotSupportedException done
Event: 63.563 loading class org/xml/sax/SAXNotRecognizedException
Event: 63.564 loading class org/xml/sax/SAXNotRecognizedException done
Event: 63.564 loading class javax/xml/transform/TransformerConfigurationException
Event: 63.564 loading class javax/xml/transform/TransformerException
Event: 63.564 loading class javax/xml/transform/TransformerException done
Event: 63.564 loading class javax/xml/transform/TransformerConfigurationException done
Event: 63.564 loading class javax/xml/xpath/XPathFactoryConfigurationException
Event: 63.564 loading class javax/xml/xpath/XPathFactoryConfigurationException done
Event: 63.564 loading class javax/xml/xpath/XPathFactory
Event: 63.564 loading class javax/xml/xpath/XPathFactory done
Event: 63.564 loading class jdk/xml/internal/SecuritySupport
Event: 63.565 loading class jdk/xml/internal/SecuritySupport done
Event: 63.567 loading class javax/xml/xpath/XPathFactoryFinder
Event: 63.567 loading class javax/xml/xpath/XPathFactoryFinder done


Dynamic libraries:
0x00007ff7613b0000 - 0x00007ff7613c0000 	C:\Program Files\Java\jdk-17\bin\java.exe
0x00007fffefeb0000 - 0x00007ffff00a8000 	C:\WINDOWS\SYSTEM32\ntdll.dll
0x00007fffee5c0000 - 0x00007fffee67d000 	C:\WINDOWS\System32\KERNEL32.DLL
0x00007fffedae0000 - 0x00007fffeddd6000 	C:\WINDOWS\System32\KERNELBASE.dll
0x00007fffedde0000 - 0x00007fffedee0000 	C:\WINDOWS\System32\ucrtbase.dll
0x00007fffe8bd0000 - 0x00007fffe8be9000 	C:\Program Files\Java\jdk-17\bin\jli.dll
0x00007fffefcf0000 - 0x00007fffefda0000 	C:\WINDOWS\System32\ADVAPI32.dll
0x00007fffef310000 - 0x00007fffef3ae000 	C:\WINDOWS\System32\msvcrt.dll
0x00007fffeee00000 - 0x00007fffeeea0000 	C:\WINDOWS\System32\sechost.dll
0x00007fffeeb00000 - 0x00007fffeec25000 	C:\WINDOWS\System32\RPCRT4.dll
0x00007fffed560000 - 0x00007fffed587000 	C:\WINDOWS\System32\bcrypt.dll
0x00007fffee7b0000 - 0x00007fffee94e000 	C:\WINDOWS\System32\USER32.dll
0x00007fffed7f0000 - 0x00007fffed812000 	C:\WINDOWS\System32\win32u.dll
0x00007fffee740000 - 0x00007fffee76b000 	C:\WINDOWS\System32\GDI32.dll
0x00007fffed590000 - 0x00007fffed6a7000 	C:\WINDOWS\System32\gdi32full.dll
0x00007fffed870000 - 0x00007fffed90d000 	C:\WINDOWS\System32\msvcp_win.dll
0x00007fffda010000 - 0x00007fffda2aa000 	C:\WINDOWS\WinSxS\amd64_microsoft.windows.common-controls_6595b64144ccf1df_6.0.19041.3636_none_60b6a03d71f818d5\COMCTL32.dll
0x00007fffdeec0000 - 0x00007fffdeeca000 	C:\WINDOWS\SYSTEM32\VERSION.dll
0x00007fffe8cc0000 - 0x00007fffe8cdb000 	C:\Program Files\Java\jdk-17\bin\VCRUNTIME140.dll
0x00007fffee770000 - 0x00007fffee7a2000 	C:\WINDOWS\System32\IMM32.DLL
0x00007fffe8d60000 - 0x00007fffe8d6c000 	C:\Program Files\Java\jdk-17\bin\vcruntime140_1.dll
0x00007fffe1170000 - 0x00007fffe11fe000 	C:\Program Files\Java\jdk-17\bin\msvcp140.dll
0x00007fffbcaf0000 - 0x00007fffbd6cf000 	C:\Program Files\Java\jdk-17\bin\server\jvm.dll
0x00007fffedfd0000 - 0x00007fffedfd8000 	C:\WINDOWS\System32\PSAPI.DLL
0x00007fffdd780000 - 0x00007fffdd789000 	C:\WINDOWS\SYSTEM32\WSOCK32.dll
0x00007fffeea90000 - 0x00007fffeeafb000 	C:\WINDOWS\System32\WS2_32.dll
0x00007fffdcf00000 - 0x00007fffdcf27000 	C:\WINDOWS\SYSTEM32\WINMM.dll
0x00007fffebd60000 - 0x00007fffebd72000 	C:\WINDOWS\SYSTEM32\kernel.appcore.dll
0x00007fffe8630000 - 0x00007fffe863a000 	C:\Program Files\Java\jdk-17\bin\jimage.dll
0x00007fffebb40000 - 0x00007fffebd24000 	C:\WINDOWS\SYSTEM32\DBGHELP.DLL
0x00007fffd83f0000 - 0x00007fffd8424000 	C:\WINDOWS\SYSTEM32\dbgcore.DLL
0x00007fffed6b0000 - 0x00007fffed732000 	C:\WINDOWS\System32\bcryptPrimitives.dll
0x00007fffe6860000 - 0x00007fffe686e000 	C:\Program Files\Java\jdk-17\bin\instrument.dll
0x00007fffe3c10000 - 0x00007fffe3c35000 	C:\Program Files\Java\jdk-17\bin\java.dll
0x00007fffc5f70000 - 0x00007fffc6047000 	C:\Program Files\Java\jdk-17\bin\jsvml.dll
0x00007fffef3b0000 - 0x00007fffefb1b000 	C:\WINDOWS\System32\SHELL32.dll
0x00007fffeb3a0000 - 0x00007fffebb3e000 	C:\WINDOWS\SYSTEM32\windows.storage.dll
0x00007fffee260000 - 0x00007fffee5b3000 	C:\WINDOWS\System32\combase.dll
0x00007fffecde0000 - 0x00007fffece0e000 	C:\WINDOWS\SYSTEM32\Wldp.dll
0x00007fffefda0000 - 0x00007fffefe6d000 	C:\WINDOWS\System32\OLEAUT32.dll
0x00007fffefb20000 - 0x00007fffefbcd000 	C:\WINDOWS\System32\SHCORE.dll
0x00007fffedf70000 - 0x00007fffedfc5000 	C:\WINDOWS\System32\shlwapi.dll
0x00007fffed490000 - 0x00007fffed4b5000 	C:\WINDOWS\SYSTEM32\profapi.dll
0x00007fffe67f0000 - 0x00007fffe6808000 	C:\Program Files\Java\jdk-17\bin\zip.dll
0x00007fffe2a70000 - 0x00007fffe2a89000 	C:\Program Files\Java\jdk-17\bin\net.dll
0x00007fffe3d10000 - 0x00007fffe3e1a000 	C:\WINDOWS\SYSTEM32\WINHTTP.dll
0x00007fffecbc0000 - 0x00007fffecc2a000 	C:\WINDOWS\system32\mswsock.dll
0x00007fffe1e90000 - 0x00007fffe1ea6000 	C:\Program Files\Java\jdk-17\bin\nio.dll
0x00007fffe2700000 - 0x00007fffe2710000 	C:\Program Files\Java\jdk-17\bin\verify.dll
0x00007fffd4480000 - 0x00007fffd44a7000 	C:\Users\win\.gradle\native\c067742578af261105cb4f569cf0c3c89f3d7b1fecec35dd04571415982c5e48\windows-amd64\native-platform.dll
0x00007fffbd6d0000 - 0x00007fffbd814000 	C:\Users\win\.gradle\native\38dada09dfb8b06ba9b0570ebf7e218e3eb74d4ef43ca46872605cf95ebc2f47\windows-amd64\native-platform-file-events.dll
0x00007fffe1f60000 - 0x00007fffe1f6a000 	C:\Program Files\Java\jdk-17\bin\management.dll
0x00007fffe1e80000 - 0x00007fffe1e8b000 	C:\Program Files\Java\jdk-17\bin\management_ext.dll
0x00007fffece20000 - 0x00007fffece38000 	C:\WINDOWS\SYSTEM32\CRYPTSP.dll
0x00007fffec510000 - 0x00007fffec544000 	C:\WINDOWS\system32\rsaenh.dll
0x00007fffed410000 - 0x00007fffed43e000 	C:\WINDOWS\SYSTEM32\USERENV.dll
0x00007fffecd50000 - 0x00007fffecd5c000 	C:\WINDOWS\SYSTEM32\CRYPTBASE.dll
0x00007fffec8d0000 - 0x00007fffec90b000 	C:\WINDOWS\SYSTEM32\IPHLPAPI.DLL
0x00007fffedfe0000 - 0x00007fffedfe8000 	C:\WINDOWS\System32\NSI.dll
0x00007fffe5950000 - 0x00007fffe5967000 	C:\WINDOWS\SYSTEM32\dhcpcsvc6.DLL
0x00007fffe66b0000 - 0x00007fffe66cd000 	C:\WINDOWS\SYSTEM32\dhcpcsvc.DLL
0x00007fffec910000 - 0x00007fffec9db000 	C:\WINDOWS\SYSTEM32\DNSAPI.dll
0x00007fffe1d60000 - 0x00007fffe1d6e000 	C:\Program Files\Java\jdk-17\bin\sunmscapi.dll
0x00007fffed910000 - 0x00007fffeda6d000 	C:\WINDOWS\System32\CRYPT32.dll
0x00007fffecf30000 - 0x00007fffecf58000 	C:\WINDOWS\SYSTEM32\ncrypt.dll
0x00007fffecef0000 - 0x00007fffecf2b000 	C:\WINDOWS\SYSTEM32\NTASN1.dll
0x00007fffe1ac0000 - 0x00007fffe1ac7000 	C:\WINDOWS\system32\wshunix.dll

dbghelp: loaded successfully - version: 4.0.5 - missing functions: none
symbol engine: initialized successfully - sym options: 0x614 - pdb path: .;C:\Program Files\Java\jdk-17\bin;C:\WINDOWS\SYSTEM32;C:\WINDOWS\WinSxS\amd64_microsoft.windows.common-controls_6595b64144ccf1df_6.0.19041.3636_none_60b6a03d71f818d5;C:\Program Files\Java\jdk-17\bin\server;C:\Users\win\.gradle\native\c067742578af261105cb4f569cf0c3c89f3d7b1fecec35dd04571415982c5e48\windows-amd64;C:\Users\win\.gradle\native\38dada09dfb8b06ba9b0570ebf7e218e3eb74d4ef43ca46872605cf95ebc2f47\windows-amd64

VM Arguments:
jvm_args: --add-opens=java.base/java.util=ALL-UNNAMED --add-opens=java.base/java.lang=ALL-UNNAMED --add-opens=java.base/java.lang.invoke=ALL-UNNAMED --add-opens=java.prefs/java.util.prefs=ALL-UNNAMED --add-opens=java.base/java.nio.charset=ALL-UNNAMED --add-opens=java.base/java.net=ALL-UNNAMED --add-opens=java.base/java.util.concurrent.atomic=ALL-UNNAMED -XX:MaxMetaspaceSize=384m -XX:+HeapDumpOnOutOfMemoryError -Xms256m -Xmx512m -Dfile.encoding=windows-1252 -Duser.country=US -Duser.language=en -Duser.variant -javaagent:C:\Users\win\.gradle\wrapper\dists\gradle-8.5-bin\5t9huq95ubn472n8rpzujfbqh\gradle-8.5\lib\agents\gradle-instrumentation-agent-8.5.jar 
java_command: org.gradle.launcher.daemon.bootstrap.GradleDaemon 8.5
java_class_path (initial): C:\Users\win\.gradle\wrapper\dists\gradle-8.5-bin\5t9huq95ubn472n8rpzujfbqh\gradle-8.5\lib\gradle-launcher-8.5.jar
Launcher Type: SUN_STANDARD

[Global flags]
     intx CICompilerCount                          = 3                                         {product} {ergonomic}
   size_t CompressedClassSpaceSize                 = 335544320                                 {product} {ergonomic}
     uint ConcGCThreads                            = 1                                         {product} {ergonomic}
     uint G1ConcRefinementThreads                  = 4                                         {product} {ergonomic}
   size_t G1HeapRegionSize                         = 1048576                                   {product} {ergonomic}
    uintx GCDrainStackTargetSize                   = 64                                        {product} {ergonomic}
     bool HeapDumpOnOutOfMemoryError               = true                                   {manageable} {command line}
   size_t InitialHeapSize                          = 268435456                                 {product} {command line}
   size_t MarkStackSize                            = 4194304                                   {product} {ergonomic}
   size_t MaxHeapSize                              = 536870912                                 {product} {command line}
   size_t MaxMetaspaceSize                         = 402653184                                 {product} {command line}
   size_t MaxNewSize                               = 321912832                                 {product} {ergonomic}
   size_t MinHeapDeltaBytes                        = 1048576                                   {product} {ergonomic}
   size_t MinHeapSize                              = 268435456                                 {product} {command line}
    uintx NonNMethodCodeHeapSize                   = 5832780                                {pd product} {ergonomic}
    uintx NonProfiledCodeHeapSize                  = 122912730                              {pd product} {ergonomic}
    uintx ProfiledCodeHeapSize                     = 122912730                              {pd product} {ergonomic}
    uintx ReservedCodeCacheSize                    = 251658240                              {pd product} {ergonomic}
     bool SegmentedCodeCache                       = true                                      {product} {ergonomic}
   size_t SoftMaxHeapSize                          = 536870912                              {manageable} {ergonomic}
     bool UseCompressedClassPointers               = true                           {product lp64_product} {ergonomic}
     bool UseCompressedOops                        = true                           {product lp64_product} {ergonomic}
     bool UseG1GC                                  = true                                      {product} {ergonomic}
     bool UseLargePagesIndividualAllocation        = false                                  {pd product} {ergonomic}

Logging:
Log output configuration:
 #0: stdout all=warning uptime,level,tags
 #1: stderr all=off uptime,level,tags

Environment Variables:
JAVA_HOME=C:\Program Files\Java\jdk-17
PATH=C:\Program Files\Common Files\Oracle\Java\javapath;C:\WINDOWS\system32;C:\WINDOWS;C:\WINDOWS\System32\Wbem;C:\WINDOWS\System32\WindowsPowerShell\v1.0\;C:\WINDOWS\System32\OpenSSH\;C:\Program Files\Git\cmd;C:\Program Files\Azure Data Studio\bin;C:\Program Files (x86)\Microsoft SQL Server\160\Tools\Binn\;C:\Program Files\Microsoft SQL Server\160\Tools\Binn\;C:\Program Files\Microsoft SQL Server\Client SDK\ODBC\170\Tools\Binn\;C:\Program Files\Microsoft SQL Server\160\DTS\Binn\;C:\Program Files (x86)\Microsoft SQL Server\160\DTS\Binn\;C:\Program Files\Java\jdk-17\bin;C:\hadoop-3.1.3\bin;C:\hadoop-3.1.3\sbin;;C:\Program Files\Docker\Docker\resources\bin;C:\Program Files\dotnet\;C:\Program Files\nodejs\;C:\Users\win\AppData\Local\Microsoft\WindowsApps;C:\Users\win\AppData\Local\GitHubDesktop\bin;C:\Users\win\AppData\Local\Programs\Microsoft VS Code\bin;C:\Program Files\Azure Data Studio\bin;C:\Program Files\Java\jdk-17\bin;C:\hadoop-3.1.3\bin;C:\hadoop-3.1.3\sbin;C:\Users\win\.dotnet\tools;C:\Users\win\AppData\Roaming\npm;C:\Program Files\JetBrains\IntelliJ IDEA 2023.3.2\bin;
USERNAME=win
OS=Windows_NT
PROCESSOR_IDENTIFIER=Intel64 Family 6 Model 142 Stepping 9, GenuineIntel



---------------  S Y S T E M  ---------------

OS:
 Windows 10 , 64 bit Build 19041 (10.0.19041.3636)
OS uptime: 3 days 20:51 hours
Hyper-V role detected

CPU: total 4 (initial active 4) (2 cores per cpu, 2 threads per core) family 6 model 142 stepping 9 microcode 0xf0, cx8, cmov, fxsr, ht, mmx, 3dnowpref, sse, sse2, sse3, ssse3, sse4.1, sse4.2, popcnt, lzcnt, tsc, tscinvbit, avx, avx2, aes, erms, clmul, bmi1, bmi2, rtm, adx, fma, vzeroupper, clflush, clflushopt, hv

Memory: 4k page, system-wide physical 8052M (256M free)
TotalPageFile size 18576M (AvailPageFile size 360M)
current process WorkingSet (physical memory assigned to process): 300M, peak: 327M
current process commit charge ("private bytes"): 432M, peak: 460M

vm_info: Java HotSpot(TM) 64-Bit Server VM (17.0.10+11-LTS-240) for windows-amd64 JRE (17.0.10+11-LTS-240), built on Dec 19 2023 21:47:25 by "mach5one" with MS VC++ 17.1 (VS2022)

END.
