#
# There is insufficient memory for the Java Runtime Environment to continue.
# Native memory allocation (malloc) failed to allocate 953760 bytes for Chunk::new
# Possible reasons:
#   The system is out of physical RAM or swap space
#   The process is running with CompressedOops enabled, and the Java Heap may be blocking the growth of the native heap
# Possible solutions:
#   Reduce memory load on the system
#   Increase physical memory or swap space
#   Check if swap backing store is full
#   Decrease Java heap size (-Xmx/-Xms)
#   Decrease number of Java threads
#   Decrease Java thread stack sizes (-Xss)
#   Set larger code cache with -XX:ReservedCodeCacheSize=
#   JVM is running with Unscaled Compressed Oops mode in which the Java heap is
#     placed in the first 4GB address space. The Java Heap base address is the
#     maximum limit for the native heap growth. Please use -XX:HeapBaseMinAddress
#     to set the Java Heap base and to place the Java Heap above 4GB virtual address.
# This output file may be truncated or incomplete.
#
#  Out of Memory Error (arena.cpp:189), pid=17276, tid=5192
#
# JRE version: Java(TM) SE Runtime Environment (17.0.10+11) (build 17.0.10+11-LTS-240)
# Java VM: Java HotSpot(TM) 64-Bit Server VM (17.0.10+11-LTS-240, mixed mode, sharing, tiered, compressed oops, compressed class ptrs, g1 gc, windows-amd64)
# No core dump will be written. Minidumps are not enabled by default on client versions of Windows
#

---------------  S U M M A R Y ------------

Command Line: --add-opens=java.base/java.util=ALL-UNNAMED --add-opens=java.base/java.lang=ALL-UNNAMED --add-opens=java.base/java.lang.invoke=ALL-UNNAMED --add-opens=java.prefs/java.util.prefs=ALL-UNNAMED --add-opens=java.base/java.nio.charset=ALL-UNNAMED --add-opens=java.base/java.net=ALL-UNNAMED --add-opens=java.base/java.util.concurrent.atomic=ALL-UNNAMED -XX:MaxMetaspaceSize=384m -XX:+HeapDumpOnOutOfMemoryError -Xms256m -Xmx512m -Dfile.encoding=windows-1252 -Duser.country=US -Duser.language=en -Duser.variant -javaagent:C:\Users\win\.gradle\wrapper\dists\gradle-8.5-bin\5t9huq95ubn472n8rpzujfbqh\gradle-8.5\lib\agents\gradle-instrumentation-agent-8.5.jar org.gradle.launcher.daemon.bootstrap.GradleDaemon 8.5

Host: Intel(R) Core(TM) i5-7300U CPU @ 2.60GHz, 4 cores, 7G,  Windows 10 , 64 bit Build 19041 (10.0.19041.3636)
Time: Mon Mar 25 19:20:26 2024 SE Asia Standard Time elapsed time: 247.527476 seconds (0d 0h 4m 7s)

---------------  T H R E A D  ---------------

Current thread (0x00000225da879400):  JavaThread "C2 CompilerThread0" daemon [_thread_in_native, id=5192, stack(0x0000003a61400000,0x0000003a61500000)]


Current CompileTask:
C2: 247527 8783   !   4       io.spring.gradle.dependencymanagement.org.apache.maven.model.interpolation.StringSearchModelInterpolator$InterpolateObjectAction$MapField::doInterpolate (166 bytes)

Stack: [0x0000003a61400000,0x0000003a61500000]
Native frames: (J=compiled Java code, j=interpreted, Vv=VM code, C=native code)
V  [jvm.dll+0x677a5a]
V  [jvm.dll+0x7d8b2d]
V  [jvm.dll+0x7da48e]
V  [jvm.dll+0x7daaf3]
V  [jvm.dll+0x2455ff]
V  [jvm.dll+0xaaafb]
V  [jvm.dll+0xab09c]
V  [jvm.dll+0x361bae]
V  [jvm.dll+0x32c211]
V  [jvm.dll+0x32b6aa]
V  [jvm.dll+0x21794f]
V  [jvm.dll+0x216d81]
V  [jvm.dll+0x1a3410]
V  [jvm.dll+0x226aeb]
V  [jvm.dll+0x224cab]
V  [jvm.dll+0x78e45c]
V  [jvm.dll+0x78888a]
V  [jvm.dll+0x676935]
C  [ucrtbase.dll+0x21bb2]
C  [KERNEL32.DLL+0x17344]
C  [ntdll.dll+0x526b1]


---------------  P R O C E S S  ---------------

Threads class SMR info:
_java_thread_list=0x00000225f61b1750, length=86, elements={
0x00000225c07fb310, 0x00000225da85c700, 0x00000225da85d490, 0x00000225da874a80,
0x00000225da875550, 0x00000225da877f30, 0x00000225da878800, 0x00000225da879400,
0x00000225da87bdd0, 0x00000225da9f8070, 0x00000225da844f30, 0x00000225dab24e80,
0x00000225f52c5240, 0x00000225dad2c200, 0x00000225f55e5280, 0x00000225f482e0d0,
0x00000225da8d4030, 0x00000225f5182070, 0x00000225f5182fa0, 0x00000225f5185310,
0x00000225f51839c0, 0x00000225f5185820, 0x00000225f5183ed0, 0x00000225f5182a90,
0x00000225f51843e0, 0x00000225f5184e00, 0x00000225f5caf280, 0x00000225f5cb2a30,
0x00000225f5cb10e0, 0x00000225f5cb2520, 0x00000225f5cb0bd0, 0x00000225f5caca00,
0x00000225f5caf790, 0x00000225f5caed70, 0x00000225f5cacf10, 0x00000225f5cb1b00,
0x00000225f5cb2010, 0x00000225f5cb4380, 0x00000225f5cb3e70, 0x00000225f5cad420,
0x00000225f5cad930, 0x00000225f5cade40, 0x00000225f5cae860, 0x00000225f51834b0,
0x00000225f8703630, 0x00000225f8705eb0, 0x00000225f87068d0, 0x00000225f8703b40,
0x00000225f87021f0, 0x00000225f87017d0, 0x00000225f8704050, 0x00000225f8704560,
0x00000225f8704a70, 0x00000225f87063c0, 0x00000225f8701ce0, 0x00000225f8706de0,
0x00000225f87072f0, 0x00000225f87012c0, 0x00000225f8702700, 0x00000225f8700db0,
0x00000225f8702c10, 0x00000225f8707d10, 0x00000225f8707800, 0x00000225f87008a0,
0x00000225f8704f80, 0x00000225f8705490, 0x00000225f8708220, 0x00000225f87059a0,
0x00000225f51848f0, 0x00000225f543f240, 0x00000225f5441ac0, 0x00000225f5440680,
0x00000225f54415b0, 0x00000225f543ed30, 0x00000225f5441fd0, 0x00000225f5440170,
0x00000225f543c4b0, 0x00000225f54424e0, 0x00000225f54429f0, 0x00000225f5442f00,
0x00000225f543ba90, 0x00000225f543c9c0, 0x00000225f5443410, 0x00000225f543ced0,
0x00000225f543bfa0, 0x00000225f5440b90
}

Java Threads: ( => current thread )
  0x00000225c07fb310 JavaThread "main" [_thread_blocked, id=5020, stack(0x0000003a60700000,0x0000003a60800000)]
  0x00000225da85c700 JavaThread "Reference Handler" daemon [_thread_blocked, id=6860, stack(0x0000003a60e00000,0x0000003a60f00000)]
  0x00000225da85d490 JavaThread "Finalizer" daemon [_thread_blocked, id=9712, stack(0x0000003a60f00000,0x0000003a61000000)]
  0x00000225da874a80 JavaThread "Signal Dispatcher" daemon [_thread_blocked, id=10884, stack(0x0000003a61000000,0x0000003a61100000)]
  0x00000225da875550 JavaThread "Attach Listener" daemon [_thread_blocked, id=4272, stack(0x0000003a61100000,0x0000003a61200000)]
  0x00000225da877f30 JavaThread "Service Thread" daemon [_thread_blocked, id=2952, stack(0x0000003a61200000,0x0000003a61300000)]
  0x00000225da878800 JavaThread "Monitor Deflation Thread" daemon [_thread_blocked, id=14564, stack(0x0000003a61300000,0x0000003a61400000)]
=>0x00000225da879400 JavaThread "C2 CompilerThread0" daemon [_thread_in_native, id=5192, stack(0x0000003a61400000,0x0000003a61500000)]
  0x00000225da87bdd0 JavaThread "C1 CompilerThread0" daemon [_thread_blocked, id=18792, stack(0x0000003a61500000,0x0000003a61600000)]
  0x00000225da9f8070 JavaThread "Sweeper thread" daemon [_thread_blocked, id=16628, stack(0x0000003a61600000,0x0000003a61700000)]
  0x00000225da844f30 JavaThread "Common-Cleaner" daemon [_thread_blocked, id=4296, stack(0x0000003a61700000,0x0000003a61800000)]
  0x00000225dab24e80 JavaThread "Notification Thread" daemon [_thread_blocked, id=17380, stack(0x0000003a61800000,0x0000003a61900000)]
  0x00000225f52c5240 JavaThread "Daemon health stats" [_thread_blocked, id=15504, stack(0x0000003a61d00000,0x0000003a61e00000)]
  0x00000225dad2c200 JavaThread "Incoming local TCP Connector on port 49222" [_thread_in_native, id=5492, stack(0x0000003a61e00000,0x0000003a61f00000)]
  0x00000225f55e5280 JavaThread "Daemon periodic checks" [_thread_blocked, id=2780, stack(0x0000003a61f00000,0x0000003a62000000)]
  0x00000225f482e0d0 JavaThread "Daemon" [_thread_blocked, id=19172, stack(0x0000003a62000000,0x0000003a62100000)]
  0x00000225da8d4030 JavaThread "Handler for socket connection from /127.0.0.1:49222 to /127.0.0.1:49228" [_thread_in_native, id=14556, stack(0x0000003a62100000,0x0000003a62200000)]
  0x00000225f5182070 JavaThread "Cancel handler" [_thread_blocked, id=1264, stack(0x0000003a62200000,0x0000003a62300000)]
  0x00000225f5182fa0 JavaThread "Daemon worker" [_thread_blocked, id=16532, stack(0x0000003a62300000,0x0000003a62400000)]
  0x00000225f5185310 JavaThread "Asynchronous log dispatcher for DefaultDaemonConnection: socket connection from /127.0.0.1:49222 to /127.0.0.1:49228" [_thread_blocked, id=17000, stack(0x0000003a62400000,0x0000003a62500000)]
  0x00000225f51839c0 JavaThread "Stdin handler" [_thread_blocked, id=11756, stack(0x0000003a62500000,0x0000003a62600000)]
  0x00000225f5185820 JavaThread "Daemon client event forwarder" [_thread_blocked, id=16028, stack(0x0000003a62600000,0x0000003a62700000)]
  0x00000225f5183ed0 JavaThread "Cache worker for journal cache (C:\Users\win\.gradle\caches\journal-1)" [_thread_blocked, id=748, stack(0x0000003a62700000,0x0000003a62800000)]
  0x00000225f5182a90 JavaThread "File lock request listener" [_thread_in_native, id=12992, stack(0x0000003a62800000,0x0000003a62900000)]
  0x00000225f51843e0 JavaThread "Cache worker for file hash cache (C:\Users\win\.gradle\caches\8.5\fileHashes)" [_thread_blocked, id=124, stack(0x0000003a62a00000,0x0000003a62b00000)]
  0x00000225f5184e00 JavaThread "File watcher server" daemon [_thread_in_native, id=4188, stack(0x0000003a62b00000,0x0000003a62c00000)]
  0x00000225f5caf280 JavaThread "File watcher consumer" daemon [_thread_blocked, id=11940, stack(0x0000003a62c00000,0x0000003a62d00000)]
  0x00000225f5cb2a30 JavaThread "Cache worker for checksums cache (D:\HK2(2023-2024)\KTPM\20119821_PhamTrungVinh\ServiceDiscovery\.gradle\8.5\checksums)" [_thread_blocked, id=19016, stack(0x0000003a62d00000,0x0000003a62e00000)]
  0x00000225f5cb10e0 JavaThread "Cache worker for file hash cache (D:\HK2(2023-2024)\KTPM\20119821_PhamTrungVinh\ServiceDiscovery\.gradle\8.5\fileHashes)" [_thread_blocked, id=12140, stack(0x0000003a62e00000,0x0000003a62f00000)]
  0x00000225f5cb2520 JavaThread "Cache worker for cache directory md-supplier (C:\Users\win\.gradle\caches\8.5\md-supplier)" [_thread_blocked, id=10540, stack(0x0000003a62f00000,0x0000003a63000000)]
  0x00000225f5cb0bd0 JavaThread "Cache worker for cache directory md-rule (C:\Users\win\.gradle\caches\8.5\md-rule)" [_thread_blocked, id=2092, stack(0x0000003a63000000,0x0000003a63100000)]
  0x00000225f5caca00 JavaThread "Cache worker for file content cache (C:\Users\win\.gradle\caches\8.5\fileContent)" [_thread_blocked, id=2040, stack(0x0000003a63100000,0x0000003a63200000)]
  0x00000225f5caf790 JavaThread "Cache worker for execution history cache (C:\Users\win\.gradle\caches\8.5\executionHistory)" [_thread_blocked, id=10316, stack(0x0000003a63400000,0x0000003a63500000)]
  0x00000225f5caed70 JavaThread "jar transforms" [_thread_blocked, id=16916, stack(0x0000003a63500000,0x0000003a63600000)]
  0x00000225f5cacf10 JavaThread "jar transforms Thread 2" [_thread_blocked, id=17304, stack(0x0000003a63600000,0x0000003a63700000)]
  0x00000225f5cb1b00 JavaThread "jar transforms Thread 3" [_thread_blocked, id=10216, stack(0x0000003a60400000,0x0000003a60500000)]
  0x00000225f5cb2010 JavaThread "jar transforms Thread 4" [_thread_blocked, id=10192, stack(0x0000003a60500000,0x0000003a60600000)]
  0x00000225f5cb4380 JavaThread "Cache worker for dependencies-accessors (D:\HK2(2023-2024)\KTPM\20119821_PhamTrungVinh\ServiceDiscovery\.gradle\8.5\dependencies-accessors)" [_thread_blocked, id=1664, stack(0x0000003a63700000,0x0000003a63800000)]
  0x00000225f5cb3e70 JavaThread "Cache worker for Build Output Cleanup Cache (D:\HK2(2023-2024)\KTPM\20119821_PhamTrungVinh\ServiceDiscovery\.gradle\buildOutputCleanup)" [_thread_blocked, id=680, stack(0x0000003a63800000,0x0000003a63900000)]
  0x00000225f5cad420 JavaThread "Unconstrained build operations" [_thread_blocked, id=12744, stack(0x0000003a63900000,0x0000003a63a00000)]
  0x00000225f5cad930 JavaThread "Unconstrained build operations Thread 2" [_thread_blocked, id=9544, stack(0x0000003a63a00000,0x0000003a63b00000)]
  0x00000225f5cade40 JavaThread "Unconstrained build operations Thread 3" [_thread_blocked, id=12752, stack(0x0000003a63b00000,0x0000003a63c00000)]
  0x00000225f5cae860 JavaThread "Memory manager" [_thread_blocked, id=19076, stack(0x0000003a63c00000,0x0000003a63d00000)]
  0x00000225f51834b0 JavaThread "File lock release action executor Thread 2" [_thread_blocked, id=15352, stack(0x0000003a63d00000,0x0000003a63e00000)]
  0x00000225f8703630 JavaThread "included builds" [_thread_in_Java, id=4636, stack(0x0000003a63e00000,0x0000003a63f00000)]
  0x00000225f8705eb0 JavaThread "Execution worker" [_thread_blocked, id=5828, stack(0x0000003a63f00000,0x0000003a64000000)]
  0x00000225f87068d0 JavaThread "Execution worker Thread 2" [_thread_blocked, id=12804, stack(0x0000003a64000000,0x0000003a64100000)]
  0x00000225f8703b40 JavaThread "Execution worker Thread 3" [_thread_blocked, id=16912, stack(0x0000003a64100000,0x0000003a64200000)]
  0x00000225f87021f0 JavaThread "Cache worker for execution history cache (D:\HK2(2023-2024)\KTPM\20119821_PhamTrungVinh\ServiceDiscovery\.gradle\8.5\executionHistory)" [_thread_blocked, id=10432, stack(0x0000003a64200000,0x0000003a64300000)]
  0x00000225f87017d0 JavaThread "Unconstrained build operations Thread 4" [_thread_blocked, id=19052, stack(0x0000003a64300000,0x0000003a64400000)]
  0x00000225f8704050 JavaThread "Unconstrained build operations Thread 5" [_thread_blocked, id=17024, stack(0x0000003a64400000,0x0000003a64500000)]
  0x00000225f8704560 JavaThread "Unconstrained build operations Thread 6" [_thread_blocked, id=17496, stack(0x0000003a64500000,0x0000003a64600000)]
  0x00000225f8704a70 JavaThread "Unconstrained build operations Thread 7" [_thread_blocked, id=17736, stack(0x0000003a64600000,0x0000003a64700000)]
  0x00000225f87063c0 JavaThread "Unconstrained build operations Thread 8" [_thread_blocked, id=9692, stack(0x0000003a64700000,0x0000003a64800000)]
  0x00000225f8701ce0 JavaThread "Unconstrained build operations Thread 9" [_thread_blocked, id=10372, stack(0x0000003a64800000,0x0000003a64900000)]
  0x00000225f8706de0 JavaThread "Unconstrained build operations Thread 10" [_thread_blocked, id=15940, stack(0x0000003a64900000,0x0000003a64a00000)]
  0x00000225f87072f0 JavaThread "Unconstrained build operations Thread 11" [_thread_blocked, id=1284, stack(0x0000003a64a00000,0x0000003a64b00000)]
  0x00000225f87012c0 JavaThread "Unconstrained build operations Thread 12" [_thread_blocked, id=19892, stack(0x0000003a63200000,0x0000003a63300000)]
  0x00000225f8702700 JavaThread "Unconstrained build operations Thread 13" [_thread_blocked, id=20160, stack(0x0000003a64b00000,0x0000003a64c00000)]
  0x00000225f8700db0 JavaThread "Unconstrained build operations Thread 14" [_thread_blocked, id=6520, stack(0x0000003a64c00000,0x0000003a64d00000)]
  0x00000225f8702c10 JavaThread "Unconstrained build operations Thread 15" [_thread_blocked, id=20168, stack(0x0000003a64d00000,0x0000003a64e00000)]
  0x00000225f8707d10 JavaThread "Unconstrained build operations Thread 16" [_thread_blocked, id=20756, stack(0x0000003a64e00000,0x0000003a64f00000)]
  0x00000225f8707800 JavaThread "Unconstrained build operations Thread 17" [_thread_blocked, id=21032, stack(0x0000003a64f00000,0x0000003a65000000)]
  0x00000225f87008a0 JavaThread "Unconstrained build operations Thread 18" [_thread_blocked, id=21252, stack(0x0000003a62900000,0x0000003a62a00000)]
  0x00000225f8704f80 JavaThread "Unconstrained build operations Thread 19" [_thread_blocked, id=8020, stack(0x0000003a65000000,0x0000003a65100000)]
  0x00000225f8705490 JavaThread "Unconstrained build operations Thread 20" [_thread_blocked, id=20516, stack(0x0000003a65100000,0x0000003a65200000)]
  0x00000225f8708220 JavaThread "Unconstrained build operations Thread 21" [_thread_blocked, id=13084, stack(0x0000003a65200000,0x0000003a65300000)]
  0x00000225f87059a0 JavaThread "Unconstrained build operations Thread 22" [_thread_blocked, id=14220, stack(0x0000003a65300000,0x0000003a65400000)]
  0x00000225f51848f0 JavaThread "Unconstrained build operations Thread 23" [_thread_blocked, id=14428, stack(0x0000003a65400000,0x0000003a65500000)]
  0x00000225f543f240 JavaThread "Unconstrained build operations Thread 24" [_thread_blocked, id=21300, stack(0x0000003a65500000,0x0000003a65600000)]
  0x00000225f5441ac0 JavaThread "Unconstrained build operations Thread 25" [_thread_blocked, id=13056, stack(0x0000003a65600000,0x0000003a65700000)]
  0x00000225f5440680 JavaThread "Unconstrained build operations Thread 26" [_thread_blocked, id=9300, stack(0x0000003a65700000,0x0000003a65800000)]
  0x00000225f54415b0 JavaThread "Unconstrained build operations Thread 27" [_thread_blocked, id=21256, stack(0x0000003a65800000,0x0000003a65900000)]
  0x00000225f543ed30 JavaThread "Unconstrained build operations Thread 28" [_thread_blocked, id=20524, stack(0x0000003a65900000,0x0000003a65a00000)]
  0x00000225f5441fd0 JavaThread "Unconstrained build operations Thread 29" [_thread_blocked, id=20556, stack(0x0000003a65a00000,0x0000003a65b00000)]
  0x00000225f5440170 JavaThread "Unconstrained build operations Thread 30" [_thread_blocked, id=21496, stack(0x0000003a65b00000,0x0000003a65c00000)]
  0x00000225f543c4b0 JavaThread "Unconstrained build operations Thread 31" [_thread_blocked, id=21348, stack(0x0000003a65c00000,0x0000003a65d00000)]
  0x00000225f54424e0 JavaThread "Unconstrained build operations Thread 32" [_thread_blocked, id=20564, stack(0x0000003a65d00000,0x0000003a65e00000)]
  0x00000225f54429f0 JavaThread "Unconstrained build operations Thread 33" [_thread_blocked, id=20508, stack(0x0000003a65e00000,0x0000003a65f00000)]
  0x00000225f5442f00 JavaThread "Unconstrained build operations Thread 34" [_thread_blocked, id=20540, stack(0x0000003a65f00000,0x0000003a66000000)]
  0x00000225f543ba90 JavaThread "Unconstrained build operations Thread 35" [_thread_blocked, id=20520, stack(0x0000003a66000000,0x0000003a66100000)]
  0x00000225f543c9c0 JavaThread "Unconstrained build operations Thread 36" [_thread_blocked, id=20560, stack(0x0000003a66100000,0x0000003a66200000)]
  0x00000225f5443410 JavaThread "Unconstrained build operations Thread 37" [_thread_blocked, id=20700, stack(0x0000003a66200000,0x0000003a66300000)]
  0x00000225f543ced0 JavaThread "Unconstrained build operations Thread 38" [_thread_blocked, id=20488, stack(0x0000003a66300000,0x0000003a66400000)]
  0x00000225f543bfa0 JavaThread "Unconstrained build operations Thread 39" [_thread_blocked, id=13032, stack(0x0000003a66400000,0x0000003a66500000)]
  0x00000225f5440b90 JavaThread "Unconstrained build operations Thread 40" [_thread_blocked, id=11964, stack(0x0000003a66500000,0x0000003a66600000)]

Other Threads:
  0x00000225da857160 VMThread "VM Thread" [stack: 0x0000003a60d00000,0x0000003a60e00000] [id=11988]
  0x00000225dab01e00 WatcherThread [stack: 0x0000003a61900000,0x0000003a61a00000] [id=1328]
  0x00000225c0827e30 GCTaskThread "GC Thread#0" [stack: 0x0000003a60800000,0x0000003a60900000] [id=1476]
  0x00000225dad9c370 GCTaskThread "GC Thread#1" [stack: 0x0000003a61a00000,0x0000003a61b00000] [id=11228]
  0x00000225dabd3bd0 GCTaskThread "GC Thread#2" [stack: 0x0000003a61b00000,0x0000003a61c00000] [id=8680]
  0x00000225f40290e0 GCTaskThread "GC Thread#3" [stack: 0x0000003a61c00000,0x0000003a61d00000] [id=13156]
  0x00000225c082dca0 ConcurrentGCThread "G1 Main Marker" [stack: 0x0000003a60900000,0x0000003a60a00000] [id=7972]
  0x00000225c082e5c0 ConcurrentGCThread "G1 Conc#0" [stack: 0x0000003a60a00000,0x0000003a60b00000] [id=18576]
  0x00000225c08ce1f0 ConcurrentGCThread "G1 Refine#0" [stack: 0x0000003a60b00000,0x0000003a60c00000] [id=17444]
  0x00000225f60105c0 ConcurrentGCThread "G1 Refine#1" [stack: 0x0000003a60600000,0x0000003a60700000] [id=5752]
  0x00000225f59b2590 ConcurrentGCThread "G1 Refine#2" [stack: 0x0000003a63300000,0x0000003a63400000] [id=20216]
  0x00000225c08ceb30 ConcurrentGCThread "G1 Service" [stack: 0x0000003a60c00000,0x0000003a60d00000] [id=12608]

Threads with active compile tasks:
C2 CompilerThread0   247586 8783   !   4       io.spring.gradle.dependencymanagement.org.apache.maven.model.interpolation.StringSearchModelInterpolator$InterpolateObjectAction$MapField::doInterpolate (166 bytes)

VM state: not at safepoint (normal execution)

VM Mutex/Monitor currently owned by a thread: None

Heap address: 0x00000000e0000000, size: 512 MB, Compressed Oops mode: 32-bit

CDS archive(s) mapped at: [0x00000225db000000-0x00000225dbbd0000-0x00000225dbbd0000), size 12386304, SharedBaseAddress: 0x00000225db000000, ArchiveRelocationMode: 1.
Compressed class space mapped at: 0x00000225dc000000-0x00000225f0000000, reserved size: 335544320
Narrow klass base: 0x00000225db000000, Narrow klass shift: 0, Narrow klass range: 0x100000000

GC Precious Log:
 CPUs: 4 total, 4 available
 Memory: 8052M
 Large Page Support: Disabled
 NUMA Support: Disabled
 Compressed Oops: Enabled (32-bit)
 Heap Region Size: 1M
 Heap Min Capacity: 256M
 Heap Initial Capacity: 256M
 Heap Max Capacity: 512M
 Pre-touch: Disabled
 Parallel Workers: 4
 Concurrent Workers: 1
 Concurrent Refinement Workers: 4
 Periodic GC: Disabled

Heap:
 garbage-first heap   total 262144K, used 71680K [0x00000000e0000000, 0x0000000100000000)
  region size 1024K, 41 young (41984K), 20 survivors (20480K)
 Metaspace       used 52576K, committed 53120K, reserved 393216K
  class space    used 7289K, committed 7552K, reserved 327680K

Heap Regions: E=young(eden), S=young(survivor), O=old, HS=humongous(starts), HC=humongous(continues), CS=collection set, F=free, OA=open archive, CA=closed archive, TAMS=top-at-mark-start (previous, next)
|   0|0x00000000e0000000, 0x00000000e0100000, 0x00000000e0100000|100%| O|  |TAMS 0x00000000e0100000, 0x00000000e0000000| Untracked 
|   1|0x00000000e0100000, 0x00000000e0200000, 0x00000000e0200000|100%| O|  |TAMS 0x00000000e0200000, 0x00000000e0100000| Untracked 
|   2|0x00000000e0200000, 0x00000000e0300000, 0x00000000e0300000|100%|HS|  |TAMS 0x00000000e0300000, 0x00000000e0200000| Complete 
|   3|0x00000000e0300000, 0x00000000e0400000, 0x00000000e0400000|100%|HC|  |TAMS 0x00000000e0400000, 0x00000000e0300000| Complete 
|   4|0x00000000e0400000, 0x00000000e0500000, 0x00000000e0500000|100%|HC|  |TAMS 0x00000000e0500000, 0x00000000e0400000| Complete 
|   5|0x00000000e0500000, 0x00000000e0600000, 0x00000000e0600000|100%|HC|  |TAMS 0x00000000e0600000, 0x00000000e0500000| Complete 
|   6|0x00000000e0600000, 0x00000000e0700000, 0x00000000e0700000|100%| O|  |TAMS 0x00000000e0700000, 0x00000000e0600000| Untracked 
|   7|0x00000000e0700000, 0x00000000e0800000, 0x00000000e0800000|100%| O|  |TAMS 0x00000000e0800000, 0x00000000e0700000| Untracked 
|   8|0x00000000e0800000, 0x00000000e0900000, 0x00000000e0900000|100%| O|  |TAMS 0x00000000e0900000, 0x00000000e0800000| Untracked 
|   9|0x00000000e0900000, 0x00000000e0a00000, 0x00000000e0a00000|100%| O|  |TAMS 0x00000000e0a00000, 0x00000000e0900000| Untracked 
|  10|0x00000000e0a00000, 0x00000000e0b00000, 0x00000000e0b00000|100%| O|  |TAMS 0x00000000e0ad0a00, 0x00000000e0a00000| Untracked 
|  11|0x00000000e0b00000, 0x00000000e0c00000, 0x00000000e0c00000|100%| O|  |TAMS 0x00000000e0b00000, 0x00000000e0b00000| Untracked 
|  12|0x00000000e0c00000, 0x00000000e0d00000, 0x00000000e0d00000|100%| O|  |TAMS 0x00000000e0c00000, 0x00000000e0c00000| Untracked 
|  13|0x00000000e0d00000, 0x00000000e0e00000, 0x00000000e0e00000|100%| O|  |TAMS 0x00000000e0d00000, 0x00000000e0d00000| Untracked 
|  14|0x00000000e0e00000, 0x00000000e0f00000, 0x00000000e0f00000|100%| O|  |TAMS 0x00000000e0e00000, 0x00000000e0e00000| Untracked 
|  15|0x00000000e0f00000, 0x00000000e1000000, 0x00000000e1000000|100%| O|  |TAMS 0x00000000e0f00000, 0x00000000e0f00000| Untracked 
|  16|0x00000000e1000000, 0x00000000e1100000, 0x00000000e1100000|100%| O|  |TAMS 0x00000000e1000000, 0x00000000e1000000| Untracked 
|  17|0x00000000e1100000, 0x00000000e1200000, 0x00000000e1200000|100%| O|  |TAMS 0x00000000e1100000, 0x00000000e1100000| Untracked 
|  18|0x00000000e1200000, 0x00000000e1300000, 0x00000000e1300000|100%| O|  |TAMS 0x00000000e1200000, 0x00000000e1200000| Untracked 
|  19|0x00000000e1300000, 0x00000000e1400000, 0x00000000e1400000|100%| O|  |TAMS 0x00000000e1300000, 0x00000000e1300000| Untracked 
|  20|0x00000000e1400000, 0x00000000e1500000, 0x00000000e1500000|100%| O|  |TAMS 0x00000000e1400000, 0x00000000e1400000| Untracked 
|  21|0x00000000e1500000, 0x00000000e1600000, 0x00000000e1600000|100%| O|  |TAMS 0x00000000e1500000, 0x00000000e1500000| Untracked 
|  22|0x00000000e1600000, 0x00000000e1700000, 0x00000000e1700000|100%| O|  |TAMS 0x00000000e1600000, 0x00000000e1600000| Untracked 
|  23|0x00000000e1700000, 0x00000000e1800000, 0x00000000e1800000|100%| O|  |TAMS 0x00000000e1700000, 0x00000000e1700000| Untracked 
|  24|0x00000000e1800000, 0x00000000e1900000, 0x00000000e1900000|100%| O|  |TAMS 0x00000000e1800000, 0x00000000e1800000| Untracked 
|  25|0x00000000e1900000, 0x00000000e1a00000, 0x00000000e1a00000|100%| O|  |TAMS 0x00000000e1900000, 0x00000000e1900000| Untracked 
|  26|0x00000000e1a00000, 0x00000000e1b00000, 0x00000000e1b00000|100%| O|  |TAMS 0x00000000e1a00000, 0x00000000e1a00000| Untracked 
|  27|0x00000000e1b00000, 0x00000000e1c00000, 0x00000000e1c00000|100%| O|  |TAMS 0x00000000e1b00000, 0x00000000e1b00000| Untracked 
|  28|0x00000000e1c00000, 0x00000000e1d00000, 0x00000000e1d00000|100%| O|  |TAMS 0x00000000e1c00000, 0x00000000e1c00000| Untracked 
|  29|0x00000000e1d00000, 0x00000000e1e00000, 0x00000000e1e00000|100%| O|  |TAMS 0x00000000e1d00000, 0x00000000e1d00000| Untracked 
|  30|0x00000000e1e00000, 0x00000000e1e00000, 0x00000000e1f00000|  0%| F|  |TAMS 0x00000000e1e00000, 0x00000000e1e00000| Untracked 
|  31|0x00000000e1f00000, 0x00000000e1f00000, 0x00000000e2000000|  0%| F|  |TAMS 0x00000000e1f00000, 0x00000000e1f00000| Untracked 
|  32|0x00000000e2000000, 0x00000000e2000000, 0x00000000e2100000|  0%| F|  |TAMS 0x00000000e2000000, 0x00000000e2000000| Untracked 
|  33|0x00000000e2100000, 0x00000000e2100000, 0x00000000e2200000|  0%| F|  |TAMS 0x00000000e2100000, 0x00000000e2100000| Untracked 
|  34|0x00000000e2200000, 0x00000000e2200000, 0x00000000e2300000|  0%| F|  |TAMS 0x00000000e2200000, 0x00000000e2200000| Untracked 
|  35|0x00000000e2300000, 0x00000000e2300000, 0x00000000e2400000|  0%| F|  |TAMS 0x00000000e2300000, 0x00000000e2300000| Untracked 
|  36|0x00000000e2400000, 0x00000000e2400000, 0x00000000e2500000|  0%| F|  |TAMS 0x00000000e2400000, 0x00000000e2400000| Untracked 
|  37|0x00000000e2500000, 0x00000000e2500000, 0x00000000e2600000|  0%| F|  |TAMS 0x00000000e2500000, 0x00000000e2500000| Untracked 
|  38|0x00000000e2600000, 0x00000000e2600000, 0x00000000e2700000|  0%| F|  |TAMS 0x00000000e2600000, 0x00000000e2600000| Untracked 
|  39|0x00000000e2700000, 0x00000000e2700000, 0x00000000e2800000|  0%| F|  |TAMS 0x00000000e2700000, 0x00000000e2700000| Untracked 
|  40|0x00000000e2800000, 0x00000000e2800000, 0x00000000e2900000|  0%| F|  |TAMS 0x00000000e2800000, 0x00000000e2800000| Untracked 
|  41|0x00000000e2900000, 0x00000000e2900000, 0x00000000e2a00000|  0%| F|  |TAMS 0x00000000e2900000, 0x00000000e2900000| Untracked 
|  42|0x00000000e2a00000, 0x00000000e2a00000, 0x00000000e2b00000|  0%| F|  |TAMS 0x00000000e2a00000, 0x00000000e2a00000| Untracked 
|  43|0x00000000e2b00000, 0x00000000e2b00000, 0x00000000e2c00000|  0%| F|  |TAMS 0x00000000e2b00000, 0x00000000e2b00000| Untracked 
|  44|0x00000000e2c00000, 0x00000000e2c00000, 0x00000000e2d00000|  0%| F|  |TAMS 0x00000000e2c00000, 0x00000000e2c00000| Untracked 
|  45|0x00000000e2d00000, 0x00000000e2d00000, 0x00000000e2e00000|  0%| F|  |TAMS 0x00000000e2d00000, 0x00000000e2d00000| Untracked 
|  46|0x00000000e2e00000, 0x00000000e2e00000, 0x00000000e2f00000|  0%| F|  |TAMS 0x00000000e2e00000, 0x00000000e2e00000| Untracked 
|  47|0x00000000e2f00000, 0x00000000e2f00000, 0x00000000e3000000|  0%| F|  |TAMS 0x00000000e2f00000, 0x00000000e2f00000| Untracked 
|  48|0x00000000e3000000, 0x00000000e3000000, 0x00000000e3100000|  0%| F|  |TAMS 0x00000000e3000000, 0x00000000e3000000| Untracked 
|  49|0x00000000e3100000, 0x00000000e3100000, 0x00000000e3200000|  0%| F|  |TAMS 0x00000000e3100000, 0x00000000e3100000| Untracked 
|  50|0x00000000e3200000, 0x00000000e3200000, 0x00000000e3300000|  0%| F|  |TAMS 0x00000000e3200000, 0x00000000e3200000| Untracked 
|  51|0x00000000e3300000, 0x00000000e3300000, 0x00000000e3400000|  0%| F|  |TAMS 0x00000000e3300000, 0x00000000e3300000| Untracked 
|  52|0x00000000e3400000, 0x00000000e3400000, 0x00000000e3500000|  0%| F|  |TAMS 0x00000000e3400000, 0x00000000e3400000| Untracked 
|  53|0x00000000e3500000, 0x00000000e3500000, 0x00000000e3600000|  0%| F|  |TAMS 0x00000000e3500000, 0x00000000e3500000| Untracked 
|  54|0x00000000e3600000, 0x00000000e3600000, 0x00000000e3700000|  0%| F|  |TAMS 0x00000000e3600000, 0x00000000e3600000| Untracked 
|  55|0x00000000e3700000, 0x00000000e3700000, 0x00000000e3800000|  0%| F|  |TAMS 0x00000000e3700000, 0x00000000e3700000| Untracked 
|  56|0x00000000e3800000, 0x00000000e3800000, 0x00000000e3900000|  0%| F|  |TAMS 0x00000000e3800000, 0x00000000e3800000| Untracked 
|  57|0x00000000e3900000, 0x00000000e3900000, 0x00000000e3a00000|  0%| F|  |TAMS 0x00000000e3900000, 0x00000000e3900000| Untracked 
|  58|0x00000000e3a00000, 0x00000000e3a00000, 0x00000000e3b00000|  0%| F|  |TAMS 0x00000000e3a00000, 0x00000000e3a00000| Untracked 
|  59|0x00000000e3b00000, 0x00000000e3b00000, 0x00000000e3c00000|  0%| F|  |TAMS 0x00000000e3b00000, 0x00000000e3b00000| Untracked 
|  60|0x00000000e3c00000, 0x00000000e3c00000, 0x00000000e3d00000|  0%| F|  |TAMS 0x00000000e3c00000, 0x00000000e3c00000| Untracked 
|  61|0x00000000e3d00000, 0x00000000e3d00000, 0x00000000e3e00000|  0%| F|  |TAMS 0x00000000e3d00000, 0x00000000e3d00000| Untracked 
|  62|0x00000000e3e00000, 0x00000000e3e00000, 0x00000000e3f00000|  0%| F|  |TAMS 0x00000000e3e00000, 0x00000000e3e00000| Untracked 
|  63|0x00000000e3f00000, 0x00000000e3f00000, 0x00000000e4000000|  0%| F|  |TAMS 0x00000000e3f00000, 0x00000000e3f00000| Untracked 
|  64|0x00000000e4000000, 0x00000000e4000000, 0x00000000e4100000|  0%| F|  |TAMS 0x00000000e4000000, 0x00000000e4000000| Untracked 
|  65|0x00000000e4100000, 0x00000000e4100000, 0x00000000e4200000|  0%| F|  |TAMS 0x00000000e4100000, 0x00000000e4100000| Untracked 
|  66|0x00000000e4200000, 0x00000000e4200000, 0x00000000e4300000|  0%| F|  |TAMS 0x00000000e4200000, 0x00000000e4200000| Untracked 
|  67|0x00000000e4300000, 0x00000000e4300000, 0x00000000e4400000|  0%| F|  |TAMS 0x00000000e4300000, 0x00000000e4300000| Untracked 
|  68|0x00000000e4400000, 0x00000000e4400000, 0x00000000e4500000|  0%| F|  |TAMS 0x00000000e4400000, 0x00000000e4400000| Untracked 
|  69|0x00000000e4500000, 0x00000000e4500000, 0x00000000e4600000|  0%| F|  |TAMS 0x00000000e4500000, 0x00000000e4500000| Untracked 
|  70|0x00000000e4600000, 0x00000000e4600000, 0x00000000e4700000|  0%| F|  |TAMS 0x00000000e4600000, 0x00000000e4600000| Untracked 
|  71|0x00000000e4700000, 0x00000000e4700000, 0x00000000e4800000|  0%| F|  |TAMS 0x00000000e4700000, 0x00000000e4700000| Untracked 
|  72|0x00000000e4800000, 0x00000000e4800000, 0x00000000e4900000|  0%| F|  |TAMS 0x00000000e4800000, 0x00000000e4800000| Untracked 
|  73|0x00000000e4900000, 0x00000000e4900000, 0x00000000e4a00000|  0%| F|  |TAMS 0x00000000e4900000, 0x00000000e4900000| Untracked 
|  74|0x00000000e4a00000, 0x00000000e4a00000, 0x00000000e4b00000|  0%| F|  |TAMS 0x00000000e4a00000, 0x00000000e4a00000| Untracked 
|  75|0x00000000e4b00000, 0x00000000e4b00000, 0x00000000e4c00000|  0%| F|  |TAMS 0x00000000e4b00000, 0x00000000e4b00000| Untracked 
|  76|0x00000000e4c00000, 0x00000000e4c00000, 0x00000000e4d00000|  0%| F|  |TAMS 0x00000000e4c00000, 0x00000000e4c00000| Untracked 
|  77|0x00000000e4d00000, 0x00000000e4d00000, 0x00000000e4e00000|  0%| F|  |TAMS 0x00000000e4d00000, 0x00000000e4d00000| Untracked 
|  78|0x00000000e4e00000, 0x00000000e4e00000, 0x00000000e4f00000|  0%| F|  |TAMS 0x00000000e4e00000, 0x00000000e4e00000| Untracked 
|  79|0x00000000e4f00000, 0x00000000e4f00000, 0x00000000e5000000|  0%| F|  |TAMS 0x00000000e4f00000, 0x00000000e4f00000| Untracked 
|  80|0x00000000e5000000, 0x00000000e5000000, 0x00000000e5100000|  0%| F|  |TAMS 0x00000000e5000000, 0x00000000e5000000| Untracked 
|  81|0x00000000e5100000, 0x00000000e5100000, 0x00000000e5200000|  0%| F|  |TAMS 0x00000000e5100000, 0x00000000e5100000| Untracked 
|  82|0x00000000e5200000, 0x00000000e5200000, 0x00000000e5300000|  0%| F|  |TAMS 0x00000000e5200000, 0x00000000e5200000| Untracked 
|  83|0x00000000e5300000, 0x00000000e5400000, 0x00000000e5400000|100%| S|CS|TAMS 0x00000000e5300000, 0x00000000e5300000| Complete 
|  84|0x00000000e5400000, 0x00000000e5500000, 0x00000000e5500000|100%| S|CS|TAMS 0x00000000e5400000, 0x00000000e5400000| Complete 
|  85|0x00000000e5500000, 0x00000000e5600000, 0x00000000e5600000|100%| S|CS|TAMS 0x00000000e5500000, 0x00000000e5500000| Complete 
|  86|0x00000000e5600000, 0x00000000e5600000, 0x00000000e5700000|  0%| F|  |TAMS 0x00000000e5600000, 0x00000000e5600000| Untracked 
|  87|0x00000000e5700000, 0x00000000e5700000, 0x00000000e5800000|  0%| F|  |TAMS 0x00000000e5700000, 0x00000000e5700000| Untracked 
|  88|0x00000000e5800000, 0x00000000e5800000, 0x00000000e5900000|  0%| F|  |TAMS 0x00000000e5800000, 0x00000000e5800000| Untracked 
|  89|0x00000000e5900000, 0x00000000e5900000, 0x00000000e5a00000|  0%| F|  |TAMS 0x00000000e5900000, 0x00000000e5900000| Untracked 
|  90|0x00000000e5a00000, 0x00000000e5a00000, 0x00000000e5b00000|  0%| F|  |TAMS 0x00000000e5a00000, 0x00000000e5a00000| Untracked 
|  91|0x00000000e5b00000, 0x00000000e5b00000, 0x00000000e5c00000|  0%| F|  |TAMS 0x00000000e5b00000, 0x00000000e5b00000| Untracked 
|  92|0x00000000e5c00000, 0x00000000e5c00000, 0x00000000e5d00000|  0%| F|  |TAMS 0x00000000e5c00000, 0x00000000e5c00000| Untracked 
|  93|0x00000000e5d00000, 0x00000000e5d00000, 0x00000000e5e00000|  0%| F|  |TAMS 0x00000000e5d00000, 0x00000000e5d00000| Untracked 
|  94|0x00000000e5e00000, 0x00000000e5e00000, 0x00000000e5f00000|  0%| F|  |TAMS 0x00000000e5e00000, 0x00000000e5e00000| Untracked 
|  95|0x00000000e5f00000, 0x00000000e5f00000, 0x00000000e6000000|  0%| F|  |TAMS 0x00000000e5f00000, 0x00000000e5f00000| Untracked 
|  96|0x00000000e6000000, 0x00000000e6000000, 0x00000000e6100000|  0%| F|  |TAMS 0x00000000e6000000, 0x00000000e6000000| Untracked 
|  97|0x00000000e6100000, 0x00000000e6100000, 0x00000000e6200000|  0%| F|  |TAMS 0x00000000e6100000, 0x00000000e6100000| Untracked 
|  98|0x00000000e6200000, 0x00000000e6200000, 0x00000000e6300000|  0%| F|  |TAMS 0x00000000e6200000, 0x00000000e6200000| Untracked 
|  99|0x00000000e6300000, 0x00000000e6300000, 0x00000000e6400000|  0%| F|  |TAMS 0x00000000e6300000, 0x00000000e6300000| Untracked 
| 100|0x00000000e6400000, 0x00000000e6400000, 0x00000000e6500000|  0%| F|  |TAMS 0x00000000e6400000, 0x00000000e6400000| Untracked 
| 101|0x00000000e6500000, 0x00000000e6500000, 0x00000000e6600000|  0%| F|  |TAMS 0x00000000e6500000, 0x00000000e6500000| Untracked 
| 102|0x00000000e6600000, 0x00000000e6600000, 0x00000000e6700000|  0%| F|  |TAMS 0x00000000e6600000, 0x00000000e6600000| Untracked 
| 103|0x00000000e6700000, 0x00000000e6800000, 0x00000000e6800000|100%| S|CS|TAMS 0x00000000e6700000, 0x00000000e6700000| Complete 
| 104|0x00000000e6800000, 0x00000000e6900000, 0x00000000e6900000|100%| S|CS|TAMS 0x00000000e6800000, 0x00000000e6800000| Complete 
| 105|0x00000000e6900000, 0x00000000e6a00000, 0x00000000e6a00000|100%| S|CS|TAMS 0x00000000e6900000, 0x00000000e6900000| Complete 
| 106|0x00000000e6a00000, 0x00000000e6b00000, 0x00000000e6b00000|100%| S|CS|TAMS 0x00000000e6a00000, 0x00000000e6a00000| Complete 
| 107|0x00000000e6b00000, 0x00000000e6c00000, 0x00000000e6c00000|100%| S|CS|TAMS 0x00000000e6b00000, 0x00000000e6b00000| Complete 
| 108|0x00000000e6c00000, 0x00000000e6d00000, 0x00000000e6d00000|100%| S|CS|TAMS 0x00000000e6c00000, 0x00000000e6c00000| Complete 
| 109|0x00000000e6d00000, 0x00000000e6e00000, 0x00000000e6e00000|100%| S|CS|TAMS 0x00000000e6d00000, 0x00000000e6d00000| Complete 
| 110|0x00000000e6e00000, 0x00000000e6f00000, 0x00000000e6f00000|100%| S|CS|TAMS 0x00000000e6e00000, 0x00000000e6e00000| Complete 
| 111|0x00000000e6f00000, 0x00000000e7000000, 0x00000000e7000000|100%| S|CS|TAMS 0x00000000e6f00000, 0x00000000e6f00000| Complete 
| 112|0x00000000e7000000, 0x00000000e7100000, 0x00000000e7100000|100%| S|CS|TAMS 0x00000000e7000000, 0x00000000e7000000| Complete 
| 113|0x00000000e7100000, 0x00000000e7200000, 0x00000000e7200000|100%| S|CS|TAMS 0x00000000e7100000, 0x00000000e7100000| Complete 
| 114|0x00000000e7200000, 0x00000000e7300000, 0x00000000e7300000|100%| S|CS|TAMS 0x00000000e7200000, 0x00000000e7200000| Complete 
| 115|0x00000000e7300000, 0x00000000e7400000, 0x00000000e7400000|100%| S|CS|TAMS 0x00000000e7300000, 0x00000000e7300000| Complete 
| 116|0x00000000e7400000, 0x00000000e7500000, 0x00000000e7500000|100%| S|CS|TAMS 0x00000000e7400000, 0x00000000e7400000| Complete 
| 117|0x00000000e7500000, 0x00000000e7600000, 0x00000000e7600000|100%| S|CS|TAMS 0x00000000e7500000, 0x00000000e7500000| Complete 
| 118|0x00000000e7600000, 0x00000000e7700000, 0x00000000e7700000|100%| S|CS|TAMS 0x00000000e7600000, 0x00000000e7600000| Complete 
| 119|0x00000000e7700000, 0x00000000e7800000, 0x00000000e7800000|100%| S|CS|TAMS 0x00000000e7700000, 0x00000000e7700000| Complete 
| 120|0x00000000e7800000, 0x00000000e7800000, 0x00000000e7900000|  0%| F|  |TAMS 0x00000000e7800000, 0x00000000e7800000| Untracked 
| 121|0x00000000e7900000, 0x00000000e7900000, 0x00000000e7a00000|  0%| F|  |TAMS 0x00000000e7900000, 0x00000000e7900000| Untracked 
| 122|0x00000000e7a00000, 0x00000000e7a00000, 0x00000000e7b00000|  0%| F|  |TAMS 0x00000000e7a00000, 0x00000000e7a00000| Untracked 
| 123|0x00000000e7b00000, 0x00000000e7b00000, 0x00000000e7c00000|  0%| F|  |TAMS 0x00000000e7b00000, 0x00000000e7b00000| Untracked 
| 124|0x00000000e7c00000, 0x00000000e7c00000, 0x00000000e7d00000|  0%| F|  |TAMS 0x00000000e7c00000, 0x00000000e7c00000| Untracked 
| 125|0x00000000e7d00000, 0x00000000e7d00000, 0x00000000e7e00000|  0%| F|  |TAMS 0x00000000e7d00000, 0x00000000e7d00000| Untracked 
| 126|0x00000000e7e00000, 0x00000000e7e00000, 0x00000000e7f00000|  0%| F|  |TAMS 0x00000000e7e00000, 0x00000000e7e00000| Untracked 
| 127|0x00000000e7f00000, 0x00000000e7f00000, 0x00000000e8000000|  0%| F|  |TAMS 0x00000000e7f00000, 0x00000000e7f00000| Untracked 
| 128|0x00000000e8000000, 0x00000000e8000000, 0x00000000e8100000|  0%| F|  |TAMS 0x00000000e8000000, 0x00000000e8000000| Untracked 
| 129|0x00000000e8100000, 0x00000000e8100000, 0x00000000e8200000|  0%| F|  |TAMS 0x00000000e8100000, 0x00000000e8100000| Untracked 
| 130|0x00000000e8200000, 0x00000000e8200000, 0x00000000e8300000|  0%| F|  |TAMS 0x00000000e8200000, 0x00000000e8200000| Untracked 
| 131|0x00000000e8300000, 0x00000000e8300000, 0x00000000e8400000|  0%| F|  |TAMS 0x00000000e8300000, 0x00000000e8300000| Untracked 
| 132|0x00000000e8400000, 0x00000000e8400000, 0x00000000e8500000|  0%| F|  |TAMS 0x00000000e8400000, 0x00000000e8400000| Untracked 
| 133|0x00000000e8500000, 0x00000000e8500000, 0x00000000e8600000|  0%| F|  |TAMS 0x00000000e8500000, 0x00000000e8500000| Untracked 
| 134|0x00000000e8600000, 0x00000000e8600000, 0x00000000e8700000|  0%| F|  |TAMS 0x00000000e8600000, 0x00000000e8600000| Untracked 
| 135|0x00000000e8700000, 0x00000000e8700000, 0x00000000e8800000|  0%| F|  |TAMS 0x00000000e8700000, 0x00000000e8700000| Untracked 
| 136|0x00000000e8800000, 0x00000000e8800000, 0x00000000e8900000|  0%| F|  |TAMS 0x00000000e8800000, 0x00000000e8800000| Untracked 
| 137|0x00000000e8900000, 0x00000000e8900000, 0x00000000e8a00000|  0%| F|  |TAMS 0x00000000e8900000, 0x00000000e8900000| Untracked 
| 138|0x00000000e8a00000, 0x00000000e8a00000, 0x00000000e8b00000|  0%| F|  |TAMS 0x00000000e8a00000, 0x00000000e8a00000| Untracked 
| 139|0x00000000e8b00000, 0x00000000e8b00000, 0x00000000e8c00000|  0%| F|  |TAMS 0x00000000e8b00000, 0x00000000e8b00000| Untracked 
| 140|0x00000000e8c00000, 0x00000000e8c00000, 0x00000000e8d00000|  0%| F|  |TAMS 0x00000000e8c00000, 0x00000000e8c00000| Untracked 
| 141|0x00000000e8d00000, 0x00000000e8d00000, 0x00000000e8e00000|  0%| F|  |TAMS 0x00000000e8d00000, 0x00000000e8d00000| Untracked 
| 142|0x00000000e8e00000, 0x00000000e8e00000, 0x00000000e8f00000|  0%| F|  |TAMS 0x00000000e8e00000, 0x00000000e8e00000| Untracked 
| 143|0x00000000e8f00000, 0x00000000e8f00000, 0x00000000e9000000|  0%| F|  |TAMS 0x00000000e8f00000, 0x00000000e8f00000| Untracked 
| 144|0x00000000e9000000, 0x00000000e9000000, 0x00000000e9100000|  0%| F|  |TAMS 0x00000000e9000000, 0x00000000e9000000| Untracked 
| 145|0x00000000e9100000, 0x00000000e9100000, 0x00000000e9200000|  0%| F|  |TAMS 0x00000000e9100000, 0x00000000e9100000| Untracked 
| 146|0x00000000e9200000, 0x00000000e9200000, 0x00000000e9300000|  0%| F|  |TAMS 0x00000000e9200000, 0x00000000e9200000| Untracked 
| 147|0x00000000e9300000, 0x00000000e9300000, 0x00000000e9400000|  0%| F|  |TAMS 0x00000000e9300000, 0x00000000e9300000| Untracked 
| 148|0x00000000e9400000, 0x00000000e9400000, 0x00000000e9500000|  0%| F|  |TAMS 0x00000000e9400000, 0x00000000e9400000| Untracked 
| 149|0x00000000e9500000, 0x00000000e9500000, 0x00000000e9600000|  0%| F|  |TAMS 0x00000000e9500000, 0x00000000e9500000| Untracked 
| 150|0x00000000e9600000, 0x00000000e9600000, 0x00000000e9700000|  0%| F|  |TAMS 0x00000000e9600000, 0x00000000e9600000| Untracked 
| 151|0x00000000e9700000, 0x00000000e9700000, 0x00000000e9800000|  0%| F|  |TAMS 0x00000000e9700000, 0x00000000e9700000| Untracked 
| 152|0x00000000e9800000, 0x00000000e9800000, 0x00000000e9900000|  0%| F|  |TAMS 0x00000000e9800000, 0x00000000e9800000| Untracked 
| 153|0x00000000e9900000, 0x00000000e9900000, 0x00000000e9a00000|  0%| F|  |TAMS 0x00000000e9900000, 0x00000000e9900000| Untracked 
| 154|0x00000000e9a00000, 0x00000000e9a00000, 0x00000000e9b00000|  0%| F|  |TAMS 0x00000000e9a00000, 0x00000000e9a00000| Untracked 
| 155|0x00000000e9b00000, 0x00000000e9b00000, 0x00000000e9c00000|  0%| F|  |TAMS 0x00000000e9b00000, 0x00000000e9b00000| Untracked 
| 156|0x00000000e9c00000, 0x00000000e9c00000, 0x00000000e9d00000|  0%| F|  |TAMS 0x00000000e9c00000, 0x00000000e9c00000| Untracked 
| 157|0x00000000e9d00000, 0x00000000e9d00000, 0x00000000e9e00000|  0%| F|  |TAMS 0x00000000e9d00000, 0x00000000e9d00000| Untracked 
| 158|0x00000000e9e00000, 0x00000000e9e00000, 0x00000000e9f00000|  0%| F|  |TAMS 0x00000000e9e00000, 0x00000000e9e00000| Untracked 
| 159|0x00000000e9f00000, 0x00000000e9f00000, 0x00000000ea000000|  0%| F|  |TAMS 0x00000000e9f00000, 0x00000000e9f00000| Untracked 
| 160|0x00000000ea000000, 0x00000000ea000000, 0x00000000ea100000|  0%| F|  |TAMS 0x00000000ea000000, 0x00000000ea000000| Untracked 
| 161|0x00000000ea100000, 0x00000000ea100000, 0x00000000ea200000|  0%| F|  |TAMS 0x00000000ea100000, 0x00000000ea100000| Untracked 
| 162|0x00000000ea200000, 0x00000000ea200000, 0x00000000ea300000|  0%| F|  |TAMS 0x00000000ea200000, 0x00000000ea200000| Untracked 
| 163|0x00000000ea300000, 0x00000000ea300000, 0x00000000ea400000|  0%| F|  |TAMS 0x00000000ea300000, 0x00000000ea300000| Untracked 
| 164|0x00000000ea400000, 0x00000000ea400000, 0x00000000ea500000|  0%| F|  |TAMS 0x00000000ea400000, 0x00000000ea400000| Untracked 
| 165|0x00000000ea500000, 0x00000000ea500000, 0x00000000ea600000|  0%| F|  |TAMS 0x00000000ea500000, 0x00000000ea500000| Untracked 
| 166|0x00000000ea600000, 0x00000000ea600000, 0x00000000ea700000|  0%| F|  |TAMS 0x00000000ea600000, 0x00000000ea600000| Untracked 
| 167|0x00000000ea700000, 0x00000000ea700000, 0x00000000ea800000|  0%| F|  |TAMS 0x00000000ea700000, 0x00000000ea700000| Untracked 
| 168|0x00000000ea800000, 0x00000000ea800000, 0x00000000ea900000|  0%| F|  |TAMS 0x00000000ea800000, 0x00000000ea800000| Untracked 
| 169|0x00000000ea900000, 0x00000000ea900000, 0x00000000eaa00000|  0%| F|  |TAMS 0x00000000ea900000, 0x00000000ea900000| Untracked 
| 170|0x00000000eaa00000, 0x00000000eaa00000, 0x00000000eab00000|  0%| F|  |TAMS 0x00000000eaa00000, 0x00000000eaa00000| Untracked 
| 171|0x00000000eab00000, 0x00000000eab00000, 0x00000000eac00000|  0%| F|  |TAMS 0x00000000eab00000, 0x00000000eab00000| Untracked 
| 172|0x00000000eac00000, 0x00000000eac00000, 0x00000000ead00000|  0%| F|  |TAMS 0x00000000eac00000, 0x00000000eac00000| Untracked 
| 173|0x00000000ead00000, 0x00000000ead00000, 0x00000000eae00000|  0%| F|  |TAMS 0x00000000ead00000, 0x00000000ead00000| Untracked 
| 174|0x00000000eae00000, 0x00000000eae00000, 0x00000000eaf00000|  0%| F|  |TAMS 0x00000000eae00000, 0x00000000eae00000| Untracked 
| 175|0x00000000eaf00000, 0x00000000eaf00000, 0x00000000eb000000|  0%| F|  |TAMS 0x00000000eaf00000, 0x00000000eaf00000| Untracked 
| 176|0x00000000eb000000, 0x00000000eb000000, 0x00000000eb100000|  0%| F|  |TAMS 0x00000000eb000000, 0x00000000eb000000| Untracked 
| 177|0x00000000eb100000, 0x00000000eb100000, 0x00000000eb200000|  0%| F|  |TAMS 0x00000000eb100000, 0x00000000eb100000| Untracked 
| 178|0x00000000eb200000, 0x00000000eb200000, 0x00000000eb300000|  0%| F|  |TAMS 0x00000000eb200000, 0x00000000eb200000| Untracked 
| 179|0x00000000eb300000, 0x00000000eb300000, 0x00000000eb400000|  0%| F|  |TAMS 0x00000000eb300000, 0x00000000eb300000| Untracked 
| 180|0x00000000eb400000, 0x00000000eb400000, 0x00000000eb500000|  0%| F|  |TAMS 0x00000000eb400000, 0x00000000eb400000| Untracked 
| 181|0x00000000eb500000, 0x00000000eb500000, 0x00000000eb600000|  0%| F|  |TAMS 0x00000000eb500000, 0x00000000eb500000| Untracked 
| 182|0x00000000eb600000, 0x00000000eb600000, 0x00000000eb700000|  0%| F|  |TAMS 0x00000000eb600000, 0x00000000eb600000| Untracked 
| 183|0x00000000eb700000, 0x00000000eb700000, 0x00000000eb800000|  0%| F|  |TAMS 0x00000000eb700000, 0x00000000eb700000| Untracked 
| 184|0x00000000eb800000, 0x00000000eb800000, 0x00000000eb900000|  0%| F|  |TAMS 0x00000000eb800000, 0x00000000eb800000| Untracked 
| 185|0x00000000eb900000, 0x00000000eb900000, 0x00000000eba00000|  0%| F|  |TAMS 0x00000000eb900000, 0x00000000eb900000| Untracked 
| 186|0x00000000eba00000, 0x00000000eba00000, 0x00000000ebb00000|  0%| F|  |TAMS 0x00000000eba00000, 0x00000000eba00000| Untracked 
| 187|0x00000000ebb00000, 0x00000000ebb00000, 0x00000000ebc00000|  0%| F|  |TAMS 0x00000000ebb00000, 0x00000000ebb00000| Untracked 
| 188|0x00000000ebc00000, 0x00000000ebc00000, 0x00000000ebd00000|  0%| F|  |TAMS 0x00000000ebc00000, 0x00000000ebc00000| Untracked 
| 189|0x00000000ebd00000, 0x00000000ebd00000, 0x00000000ebe00000|  0%| F|  |TAMS 0x00000000ebd00000, 0x00000000ebd00000| Untracked 
| 190|0x00000000ebe00000, 0x00000000ebe00000, 0x00000000ebf00000|  0%| F|  |TAMS 0x00000000ebe00000, 0x00000000ebe00000| Untracked 
| 191|0x00000000ebf00000, 0x00000000ebf00000, 0x00000000ec000000|  0%| F|  |TAMS 0x00000000ebf00000, 0x00000000ebf00000| Untracked 
| 192|0x00000000ec000000, 0x00000000ec000000, 0x00000000ec100000|  0%| F|  |TAMS 0x00000000ec000000, 0x00000000ec000000| Untracked 
| 193|0x00000000ec100000, 0x00000000ec100000, 0x00000000ec200000|  0%| F|  |TAMS 0x00000000ec100000, 0x00000000ec100000| Untracked 
| 194|0x00000000ec200000, 0x00000000ec200000, 0x00000000ec300000|  0%| F|  |TAMS 0x00000000ec200000, 0x00000000ec200000| Untracked 
| 195|0x00000000ec300000, 0x00000000ec300000, 0x00000000ec400000|  0%| F|  |TAMS 0x00000000ec300000, 0x00000000ec300000| Untracked 
| 196|0x00000000ec400000, 0x00000000ec400000, 0x00000000ec500000|  0%| F|  |TAMS 0x00000000ec400000, 0x00000000ec400000| Untracked 
| 197|0x00000000ec500000, 0x00000000ec500000, 0x00000000ec600000|  0%| F|  |TAMS 0x00000000ec500000, 0x00000000ec500000| Untracked 
| 198|0x00000000ec600000, 0x00000000ec600000, 0x00000000ec700000|  0%| F|  |TAMS 0x00000000ec600000, 0x00000000ec600000| Untracked 
| 199|0x00000000ec700000, 0x00000000ec700000, 0x00000000ec800000|  0%| F|  |TAMS 0x00000000ec700000, 0x00000000ec700000| Untracked 
| 200|0x00000000ec800000, 0x00000000ec800000, 0x00000000ec900000|  0%| F|  |TAMS 0x00000000ec800000, 0x00000000ec800000| Untracked 
| 201|0x00000000ec900000, 0x00000000ec900000, 0x00000000eca00000|  0%| F|  |TAMS 0x00000000ec900000, 0x00000000ec900000| Untracked 
| 202|0x00000000eca00000, 0x00000000eca00000, 0x00000000ecb00000|  0%| F|  |TAMS 0x00000000eca00000, 0x00000000eca00000| Untracked 
| 203|0x00000000ecb00000, 0x00000000ecb00000, 0x00000000ecc00000|  0%| F|  |TAMS 0x00000000ecb00000, 0x00000000ecb00000| Untracked 
| 204|0x00000000ecc00000, 0x00000000ecc00000, 0x00000000ecd00000|  0%| F|  |TAMS 0x00000000ecc00000, 0x00000000ecc00000| Untracked 
| 205|0x00000000ecd00000, 0x00000000ecd00000, 0x00000000ece00000|  0%| F|  |TAMS 0x00000000ecd00000, 0x00000000ecd00000| Untracked 
| 206|0x00000000ece00000, 0x00000000ece00000, 0x00000000ecf00000|  0%| F|  |TAMS 0x00000000ece00000, 0x00000000ece00000| Untracked 
| 207|0x00000000ecf00000, 0x00000000ecf00000, 0x00000000ed000000|  0%| F|  |TAMS 0x00000000ecf00000, 0x00000000ecf00000| Untracked 
| 208|0x00000000ed000000, 0x00000000ed000000, 0x00000000ed100000|  0%| F|  |TAMS 0x00000000ed000000, 0x00000000ed000000| Untracked 
| 209|0x00000000ed100000, 0x00000000ed100000, 0x00000000ed200000|  0%| F|  |TAMS 0x00000000ed100000, 0x00000000ed100000| Untracked 
| 210|0x00000000ed200000, 0x00000000ed200000, 0x00000000ed300000|  0%| F|  |TAMS 0x00000000ed200000, 0x00000000ed200000| Untracked 
| 211|0x00000000ed300000, 0x00000000ed300000, 0x00000000ed400000|  0%| F|  |TAMS 0x00000000ed300000, 0x00000000ed300000| Untracked 
| 212|0x00000000ed400000, 0x00000000ed400000, 0x00000000ed500000|  0%| F|  |TAMS 0x00000000ed400000, 0x00000000ed400000| Untracked 
| 213|0x00000000ed500000, 0x00000000ed500000, 0x00000000ed600000|  0%| F|  |TAMS 0x00000000ed500000, 0x00000000ed500000| Untracked 
| 214|0x00000000ed600000, 0x00000000ed600000, 0x00000000ed700000|  0%| F|  |TAMS 0x00000000ed600000, 0x00000000ed600000| Untracked 
| 215|0x00000000ed700000, 0x00000000ed700000, 0x00000000ed800000|  0%| F|  |TAMS 0x00000000ed700000, 0x00000000ed700000| Untracked 
| 216|0x00000000ed800000, 0x00000000ed800000, 0x00000000ed900000|  0%| F|  |TAMS 0x00000000ed800000, 0x00000000ed800000| Untracked 
| 217|0x00000000ed900000, 0x00000000ed900000, 0x00000000eda00000|  0%| F|  |TAMS 0x00000000ed900000, 0x00000000ed900000| Untracked 
| 218|0x00000000eda00000, 0x00000000eda00000, 0x00000000edb00000|  0%| F|  |TAMS 0x00000000eda00000, 0x00000000eda00000| Untracked 
| 219|0x00000000edb00000, 0x00000000edb00000, 0x00000000edc00000|  0%| F|  |TAMS 0x00000000edb00000, 0x00000000edb00000| Untracked 
| 220|0x00000000edc00000, 0x00000000edc00000, 0x00000000edd00000|  0%| F|  |TAMS 0x00000000edc00000, 0x00000000edc00000| Untracked 
| 221|0x00000000edd00000, 0x00000000edd00000, 0x00000000ede00000|  0%| F|  |TAMS 0x00000000edd00000, 0x00000000edd00000| Untracked 
| 222|0x00000000ede00000, 0x00000000ede00000, 0x00000000edf00000|  0%| F|  |TAMS 0x00000000ede00000, 0x00000000ede00000| Untracked 
| 223|0x00000000edf00000, 0x00000000edf00000, 0x00000000ee000000|  0%| F|  |TAMS 0x00000000edf00000, 0x00000000edf00000| Untracked 
| 224|0x00000000ee000000, 0x00000000ee000000, 0x00000000ee100000|  0%| F|  |TAMS 0x00000000ee000000, 0x00000000ee000000| Untracked 
| 225|0x00000000ee100000, 0x00000000ee100000, 0x00000000ee200000|  0%| F|  |TAMS 0x00000000ee100000, 0x00000000ee100000| Untracked 
| 226|0x00000000ee200000, 0x00000000ee200000, 0x00000000ee300000|  0%| F|  |TAMS 0x00000000ee200000, 0x00000000ee200000| Untracked 
| 227|0x00000000ee300000, 0x00000000ee300000, 0x00000000ee400000|  0%| F|  |TAMS 0x00000000ee300000, 0x00000000ee300000| Untracked 
| 228|0x00000000ee400000, 0x00000000ee400000, 0x00000000ee500000|  0%| F|  |TAMS 0x00000000ee400000, 0x00000000ee400000| Untracked 
| 229|0x00000000ee500000, 0x00000000ee500000, 0x00000000ee600000|  0%| F|  |TAMS 0x00000000ee500000, 0x00000000ee500000| Untracked 
| 230|0x00000000ee600000, 0x00000000ee600000, 0x00000000ee700000|  0%| F|  |TAMS 0x00000000ee600000, 0x00000000ee600000| Untracked 
| 231|0x00000000ee700000, 0x00000000ee700000, 0x00000000ee800000|  0%| F|  |TAMS 0x00000000ee700000, 0x00000000ee700000| Untracked 
| 232|0x00000000ee800000, 0x00000000ee800000, 0x00000000ee900000|  0%| F|  |TAMS 0x00000000ee800000, 0x00000000ee800000| Untracked 
| 233|0x00000000ee900000, 0x00000000ee900000, 0x00000000eea00000|  0%| F|  |TAMS 0x00000000ee900000, 0x00000000ee900000| Untracked 
| 234|0x00000000eea00000, 0x00000000eea00000, 0x00000000eeb00000|  0%| F|  |TAMS 0x00000000eea00000, 0x00000000eea00000| Untracked 
| 235|0x00000000eeb00000, 0x00000000eeb11e68, 0x00000000eec00000|  6%| E|  |TAMS 0x00000000eeb00000, 0x00000000eeb00000| Complete 
| 236|0x00000000eec00000, 0x00000000eed00000, 0x00000000eed00000|100%| E|CS|TAMS 0x00000000eec00000, 0x00000000eec00000| Complete 
| 237|0x00000000eed00000, 0x00000000eee00000, 0x00000000eee00000|100%| E|CS|TAMS 0x00000000eed00000, 0x00000000eed00000| Complete 
| 238|0x00000000eee00000, 0x00000000eef00000, 0x00000000eef00000|100%| E|CS|TAMS 0x00000000eee00000, 0x00000000eee00000| Complete 
| 239|0x00000000eef00000, 0x00000000ef000000, 0x00000000ef000000|100%| E|CS|TAMS 0x00000000eef00000, 0x00000000eef00000| Complete 
| 240|0x00000000ef000000, 0x00000000ef100000, 0x00000000ef100000|100%| E|CS|TAMS 0x00000000ef000000, 0x00000000ef000000| Complete 
| 241|0x00000000ef100000, 0x00000000ef200000, 0x00000000ef200000|100%| E|CS|TAMS 0x00000000ef100000, 0x00000000ef100000| Complete 
| 242|0x00000000ef200000, 0x00000000ef300000, 0x00000000ef300000|100%| E|CS|TAMS 0x00000000ef200000, 0x00000000ef200000| Complete 
| 243|0x00000000ef300000, 0x00000000ef400000, 0x00000000ef400000|100%| E|CS|TAMS 0x00000000ef300000, 0x00000000ef300000| Complete 
| 244|0x00000000ef400000, 0x00000000ef500000, 0x00000000ef500000|100%| E|CS|TAMS 0x00000000ef400000, 0x00000000ef400000| Complete 
| 245|0x00000000ef500000, 0x00000000ef600000, 0x00000000ef600000|100%| E|CS|TAMS 0x00000000ef500000, 0x00000000ef500000| Complete 
| 246|0x00000000ef600000, 0x00000000ef700000, 0x00000000ef700000|100%| E|CS|TAMS 0x00000000ef600000, 0x00000000ef600000| Complete 
| 247|0x00000000ef700000, 0x00000000ef800000, 0x00000000ef800000|100%| E|CS|TAMS 0x00000000ef700000, 0x00000000ef700000| Complete 
| 248|0x00000000ef800000, 0x00000000ef900000, 0x00000000ef900000|100%| E|CS|TAMS 0x00000000ef800000, 0x00000000ef800000| Complete 
| 249|0x00000000ef900000, 0x00000000efa00000, 0x00000000efa00000|100%| E|CS|TAMS 0x00000000ef900000, 0x00000000ef900000| Complete 
| 250|0x00000000efa00000, 0x00000000efb00000, 0x00000000efb00000|100%| E|CS|TAMS 0x00000000efa00000, 0x00000000efa00000| Complete 
| 251|0x00000000efb00000, 0x00000000efc00000, 0x00000000efc00000|100%| E|CS|TAMS 0x00000000efb00000, 0x00000000efb00000| Complete 
| 252|0x00000000efc00000, 0x00000000efd00000, 0x00000000efd00000|100%| E|CS|TAMS 0x00000000efc00000, 0x00000000efc00000| Complete 
| 253|0x00000000efd00000, 0x00000000efe00000, 0x00000000efe00000|100%| E|CS|TAMS 0x00000000efd00000, 0x00000000efd00000| Complete 
| 254|0x00000000efe00000, 0x00000000eff00000, 0x00000000eff00000|100%| E|CS|TAMS 0x00000000efe00000, 0x00000000efe00000| Complete 
| 255|0x00000000eff00000, 0x00000000f0000000, 0x00000000f0000000|100%| E|CS|TAMS 0x00000000eff00000, 0x00000000eff00000| Complete 

Card table byte_map: [0x00000225d70b0000,0x00000225d71b0000] _byte_map_base: 0x00000225d69b0000

Marking Bits (Prev, Next): (CMBitMap*) 0x00000225c0829370, (CMBitMap*) 0x00000225c08293b0
 Prev Bits: [0x00000225d72b0000, 0x00000225d7ab0000)
 Next Bits: [0x00000225d7ab0000, 0x00000225d82b0000)

Polling page: 0x00000225be780000

Metaspace:

Usage:
  Non-class:     44.23 MB used.
      Class:      7.12 MB used.
       Both:     51.34 MB used.

Virtual space:
  Non-class space:       64.00 MB reserved,      44.50 MB ( 70%) committed,  1 nodes.
      Class space:      320.00 MB reserved,       7.38 MB (  2%) committed,  1 nodes.
             Both:      384.00 MB reserved,      51.88 MB ( 14%) committed. 

Chunk freelists:
   Non-Class:  3.05 MB
       Class:  8.53 MB
        Both:  11.58 MB

MaxMetaspaceSize: 384.00 MB
CompressedClassSpaceSize: 320.00 MB
Initial GC threshold: 21.00 MB
Current GC threshold: 58.75 MB
CDS: on
MetaspaceReclaimPolicy: balanced
 - commit_granule_bytes: 65536.
 - commit_granule_words: 8192.
 - virtual_space_node_default_size: 8388608.
 - enlarge_chunks_in_place: 1.
 - new_chunks_are_fully_committed: 0.
 - uncommit_free_chunks: 1.
 - use_allocation_guard: 0.
 - handle_deallocations: 1.


Internal statistics:

num_allocs_failed_limit: 6.
num_arena_births: 578.
num_arena_deaths: 0.
num_vsnodes_births: 2.
num_vsnodes_deaths: 0.
num_space_committed: 830.
num_space_uncommitted: 0.
num_chunks_returned_to_freelist: 6.
num_chunks_taken_from_freelist: 2709.
num_chunk_merges: 6.
num_chunk_splits: 1773.
num_chunks_enlarged: 1163.
num_inconsistent_stats: 0.

CodeHeap 'non-profiled nmethods': size=120000Kb used=4800Kb max_used=4800Kb free=115199Kb
 bounds [0x00000225cfb80000, 0x00000225d0040000, 0x00000225d70b0000]
CodeHeap 'profiled nmethods': size=120000Kb used=16123Kb max_used=16123Kb free=103877Kb
 bounds [0x00000225c80b0000, 0x00000225c9070000, 0x00000225cf5e0000]
CodeHeap 'non-nmethods': size=5760Kb used=2316Kb max_used=2450Kb free=3443Kb
 bounds [0x00000225cf5e0000, 0x00000225cf850000, 0x00000225cfb80000]
 total_blobs=8842 nmethods=8008 adapters=746
 compilation: enabled
              stopped_count=0, restarted_count=0
 full_count=0

Compilation events (20 events):
Event: 247.280 Thread 0x00000225da87bdd0 8778       1       io.spring.gradle.dependencymanagement.org.apache.maven.model.Parent::setVersion (6 bytes)
Event: 247.280 Thread 0x00000225da87bdd0 nmethod 8778 0x00000225d002be10 code [0x00000225d002bfa0, 0x00000225d002c0b8]
Event: 247.286 Thread 0x00000225da87bdd0 8779       3       java.util.regex.CharPredicates$$Lambda$47/0x800000055::is (5 bytes)
Event: 247.287 Thread 0x00000225da87bdd0 nmethod 8779 0x00000225c9069c90 code [0x00000225c9069e60, 0x00000225c906a278]
Event: 247.303 Thread 0x00000225da87bdd0 8780       3       java.util.Vector::<init> (7 bytes)
Event: 247.304 Thread 0x00000225da87bdd0 nmethod 8780 0x00000225c906a410 code [0x00000225c906a5c0, 0x00000225c906a768]
Event: 247.339 Thread 0x00000225da879400 nmethod 8776 0x00000225d002c110 code [0x00000225d002c3a0, 0x00000225d002dec0]
Event: 247.381 Thread 0x00000225da879400 8781       4       io.spring.gradle.dependencymanagement.internal.properties.CompositePropertySource$$Lambda$1265/0x00000225dc762ab8::test (5 bytes)
Event: 247.382 Thread 0x00000225da879400 nmethod 8781 0x00000225d002ea10 code [0x00000225d002eb80, 0x00000225d002ebf8]
Event: 247.384 Thread 0x00000225da879400 8782       4       io.spring.gradle.dependencymanagement.internal.properties.CompositePropertySource$$Lambda$1264/0x00000225dc762878::apply (12 bytes)
Event: 247.395 Thread 0x00000225da87bdd0 8784   !   3       io.spring.gradle.dependencymanagement.org.apache.maven.model.Exclusion::clone (73 bytes)
Event: 247.396 Thread 0x00000225da87bdd0 nmethod 8784 0x00000225c906a810 code [0x00000225c906aac0, 0x00000225c906b878]
Event: 247.410 Thread 0x00000225da879400 nmethod 8782 0x00000225d002ed10 code [0x00000225d002ef20, 0x00000225d002fa68]
Event: 247.410 Thread 0x00000225da879400 8783   !   4       io.spring.gradle.dependencymanagement.org.apache.maven.model.interpolation.StringSearchModelInterpolator$InterpolateObjectAction$MapField::doInterpolate (166 bytes)
Event: 247.478 Thread 0x00000225da87bdd0 8785   !   3       org.gradle.cache.internal.DefaultMultiProcessSafeIndexedCache::finishWork (39 bytes)
Event: 247.478 Thread 0x00000225da87bdd0 nmethod 8785 0x00000225c906bd90 code [0x00000225c906bfa0, 0x00000225c906c6d8]
Event: 247.478 Thread 0x00000225da87bdd0 8786       3       org.gradle.cache.internal.DefaultMultiProcessSafeIndexedCache::beforeLockRelease (1 bytes)
Event: 247.478 Thread 0x00000225da87bdd0 nmethod 8786 0x00000225c906c990 code [0x00000225c906cb20, 0x00000225c906cc38]
Event: 247.487 Thread 0x00000225da87bdd0 8787       3       io.spring.gradle.dependencymanagement.org.apache.maven.model.validation.DefaultModelValidator::validateIdWithWildcards (92 bytes)
Event: 247.489 Thread 0x00000225da87bdd0 nmethod 8787 0x00000225c906cd10 code [0x00000225c906d080, 0x00000225c906e418]

GC Heap History (14 events):
Event: 5.732 GC heap before
{Heap before GC invocations=0 (full 0):
 garbage-first heap   total 262144K, used 13312K [0x00000000e0000000, 0x0000000100000000)
  region size 1024K, 13 young (13312K), 0 survivors (0K)
 Metaspace       used 1002K, committed 1152K, reserved 393216K
  class space    used 77K, committed 128K, reserved 327680K
}
Event: 5.777 GC heap after
{Heap after GC invocations=1 (full 0):
 garbage-first heap   total 262144K, used 3624K [0x00000000e0000000, 0x0000000100000000)
  region size 1024K, 2 young (2048K), 2 survivors (2048K)
 Metaspace       used 1002K, committed 1152K, reserved 393216K
  class space    used 77K, committed 128K, reserved 327680K
}
Event: 9.637 GC heap before
{Heap before GC invocations=1 (full 0):
 garbage-first heap   total 262144K, used 23080K [0x00000000e0000000, 0x0000000100000000)
  region size 1024K, 17 young (17408K), 2 survivors (2048K)
 Metaspace       used 3857K, committed 4032K, reserved 393216K
  class space    used 484K, committed 576K, reserved 327680K
}
Event: 9.641 GC heap after
{Heap after GC invocations=2 (full 0):
 garbage-first heap   total 262144K, used 11195K [0x00000000e0000000, 0x0000000100000000)
  region size 1024K, 3 young (3072K), 3 survivors (3072K)
 Metaspace       used 3857K, committed 4032K, reserved 393216K
  class space    used 484K, committed 576K, reserved 327680K
}
Event: 13.420 GC heap before
{Heap before GC invocations=2 (full 0):
 garbage-first heap   total 262144K, used 32699K [0x00000000e0000000, 0x0000000100000000)
  region size 1024K, 25 young (25600K), 3 survivors (3072K)
 Metaspace       used 4019K, committed 4160K, reserved 393216K
  class space    used 492K, committed 576K, reserved 327680K
}
Event: 13.422 GC heap after
{Heap after GC invocations=3 (full 0):
 garbage-first heap   total 262144K, used 11535K [0x00000000e0000000, 0x0000000100000000)
  region size 1024K, 1 young (1024K), 1 survivors (1024K)
 Metaspace       used 4019K, committed 4160K, reserved 393216K
  class space    used 492K, committed 576K, reserved 327680K
}
Event: 41.784 GC heap before
{Heap before GC invocations=3 (full 0):
 garbage-first heap   total 262144K, used 130319K [0x00000000e0000000, 0x0000000100000000)
  region size 1024K, 117 young (119808K), 1 survivors (1024K)
 Metaspace       used 21259K, committed 21504K, reserved 393216K
  class space    used 3121K, committed 3264K, reserved 327680K
}
Event: 41.797 GC heap after
{Heap after GC invocations=4 (full 0):
 garbage-first heap   total 262144K, used 22629K [0x00000000e0000000, 0x0000000100000000)
  region size 1024K, 12 young (12288K), 12 survivors (12288K)
 Metaspace       used 21259K, committed 21504K, reserved 393216K
  class space    used 3121K, committed 3264K, reserved 327680K
}
Event: 62.699 GC heap before
{Heap before GC invocations=5 (full 0):
 garbage-first heap   total 262144K, used 139365K [0x00000000e0000000, 0x0000000100000000)
  region size 1024K, 123 young (125952K), 12 survivors (12288K)
 Metaspace       used 35593K, committed 35968K, reserved 393216K
  class space    used 4961K, committed 5184K, reserved 327680K
}
Event: 62.725 GC heap after
{Heap after GC invocations=6 (full 0):
 garbage-first heap   total 262144K, used 31203K [0x00000000e0000000, 0x0000000100000000)
  region size 1024K, 9 young (9216K), 9 survivors (9216K)
 Metaspace       used 35593K, committed 35968K, reserved 393216K
  class space    used 4961K, committed 5184K, reserved 327680K
}
Event: 97.969 GC heap before
{Heap before GC invocations=7 (full 0):
 garbage-first heap   total 262144K, used 179683K [0x00000000e0000000, 0x0000000100000000)
  region size 1024K, 153 young (156672K), 9 survivors (9216K)
 Metaspace       used 47929K, committed 48448K, reserved 393216K
  class space    used 6833K, committed 7104K, reserved 327680K
}
Event: 97.994 GC heap after
{Heap after GC invocations=8 (full 0):
 garbage-first heap   total 262144K, used 39947K [0x00000000e0000000, 0x0000000100000000)
  region size 1024K, 17 young (17408K), 17 survivors (17408K)
 Metaspace       used 47929K, committed 48448K, reserved 393216K
  class space    used 6833K, committed 7104K, reserved 327680K
}
Event: 240.881 GC heap before
{Heap before GC invocations=8 (full 0):
 garbage-first heap   total 262144K, used 178187K [0x00000000e0000000, 0x0000000100000000)
  region size 1024K, 153 young (156672K), 17 survivors (17408K)
 Metaspace       used 52364K, committed 52864K, reserved 393216K
  class space    used 7287K, committed 7552K, reserved 327680K
}
Event: 241.057 GC heap after
{Heap after GC invocations=9 (full 0):
 garbage-first heap   total 262144K, used 51200K [0x00000000e0000000, 0x0000000100000000)
  region size 1024K, 20 young (20480K), 20 survivors (20480K)
 Metaspace       used 52364K, committed 52864K, reserved 393216K
  class space    used 7287K, committed 7552K, reserved 327680K
}

Deoptimization events (20 events):
Event: 210.048 Thread 0x00000225f8703630 Uncommon trap: trap_request=0xffffffde fr.pc=0x00000225cffab18c relative=0x000000000000308c
Event: 210.048 Thread 0x00000225f8703630 Uncommon trap: reason=class_check action=maybe_recompile pc=0x00000225cffab18c method=org.gradle.api.internal.artifacts.ivyservice.resolveengine.result.DesugaredAttributeContainerSerializer.read(Lorg/gradle/internal/serialize/Decoder;)Lorg/gradle/api/inte
Event: 210.048 Thread 0x00000225f8703630 DEOPT PACKING pc=0x00000225cffab18c sp=0x0000003a63ef9b20
Event: 210.048 Thread 0x00000225f8703630 DEOPT UNPACKING pc=0x00000225cf6323a3 sp=0x0000003a63ef9b20 mode 2
Event: 223.427 Thread 0x00000225f5183ed0 DEOPT PACKING pc=0x00000225c8b74638 sp=0x0000003a627fe2f0
Event: 223.427 Thread 0x00000225f5183ed0 DEOPT UNPACKING pc=0x00000225cf632b43 sp=0x0000003a627fd7b0 mode 0
Event: 233.602 Thread 0x00000225f8703630 Uncommon trap: trap_request=0xffffff45 fr.pc=0x00000225cfedf41c relative=0x000000000000261c
Event: 233.602 Thread 0x00000225f8703630 Uncommon trap: reason=unstable_if action=reinterpret pc=0x00000225cfedf41c method=io.spring.gradle.dependencymanagement.org.codehaus.plexus.util.xml.pull.MXParser.isS(C)Z @ 21 c2
Event: 233.602 Thread 0x00000225f8703630 DEOPT PACKING pc=0x00000225cfedf41c sp=0x0000003a63ef9640
Event: 233.602 Thread 0x00000225f8703630 DEOPT UNPACKING pc=0x00000225cf6323a3 sp=0x0000003a63ef9578 mode 2
Event: 240.122 Thread 0x00000225f8703630 DEOPT PACKING pc=0x00000225c8be66f6 sp=0x0000003a63ef9070
Event: 240.122 Thread 0x00000225f8703630 DEOPT UNPACKING pc=0x00000225cf632b43 sp=0x0000003a63ef8570 mode 0
Event: 240.445 Thread 0x00000225f8703630 DEOPT PACKING pc=0x00000225c8352c94 sp=0x0000003a63ef8c00
Event: 240.445 Thread 0x00000225f8703630 DEOPT UNPACKING pc=0x00000225cf632b43 sp=0x0000003a63ef8158 mode 0
Event: 240.480 Thread 0x00000225f5183ed0 DEOPT PACKING pc=0x00000225c8a01cc3 sp=0x0000003a627fe600
Event: 240.480 Thread 0x00000225f5183ed0 DEOPT UNPACKING pc=0x00000225cf632b43 sp=0x0000003a627fda88 mode 0
Event: 241.074 Thread 0x00000225f8703630 Uncommon trap: trap_request=0xffffff45 fr.pc=0x00000225d00002e0 relative=0x0000000000000700
Event: 241.074 Thread 0x00000225f8703630 Uncommon trap: reason=unstable_if action=reinterpret pc=0x00000225d00002e0 method=io.spring.gradle.dependencymanagement.org.apache.maven.model.validation.DefaultModelValidator.validateEffectiveDependency(Lio/spring/gradle/dependencymanagement/org/apache/m
Event: 241.074 Thread 0x00000225f8703630 DEOPT PACKING pc=0x00000225d00002e0 sp=0x0000003a63ef9750
Event: 241.074 Thread 0x00000225f8703630 DEOPT UNPACKING pc=0x00000225cf6323a3 sp=0x0000003a63ef9700 mode 2

Classes unloaded (0 events):
No events

Classes redefined (0 events):
No events

Internal exceptions (20 events):
Event: 98.067 Thread 0x00000225f5182fa0 Exception <a 'java/lang/ClassNotFoundException'{0x00000000efd182e8}: org/gradle/language/jvm/tasks/ProcessResourcesBeanInfo> (0x00000000efd182e8) 
thrown [s\open\src\hotspot\share\classfile\systemDictionary.cpp, line 256]
Event: 98.068 Thread 0x00000225f5182fa0 Exception <a 'java/lang/ClassNotFoundException'{0x00000000efd22758}: org/gradle/api/tasks/CopyBeanInfo> (0x00000000efd22758) 
thrown [s\open\src\hotspot\share\classfile\systemDictionary.cpp, line 256]
Event: 98.069 Thread 0x00000225f5182fa0 Exception <a 'java/lang/ClassNotFoundException'{0x00000000efd2d200}: org/gradle/api/tasks/AbstractCopyTaskBeanInfo> (0x00000000efd2d200) 
thrown [s\open\src\hotspot\share\classfile\systemDictionary.cpp, line 256]
Event: 98.069 Thread 0x00000225f5182fa0 Exception <a 'java/lang/ClassNotFoundException'{0x00000000efd37790}: org/gradle/api/tasks/AbstractCopyTaskCustomizer> (0x00000000efd37790) 
thrown [s\open\src\hotspot\share\classfile\systemDictionary.cpp, line 256]
Event: 98.076 Thread 0x00000225f5182fa0 Exception <a 'java/lang/ClassNotFoundException'{0x00000000efdb6f40}: org/gradle/api/tasks/CopyCustomizer> (0x00000000efdb6f40) 
thrown [s\open\src\hotspot\share\classfile\systemDictionary.cpp, line 256]
Event: 98.081 Thread 0x00000225f5182fa0 Exception <a 'java/lang/ClassNotFoundException'{0x00000000efddab08}: org/gradle/language/jvm/tasks/ProcessResourcesCustomizer> (0x00000000efddab08) 
thrown [s\open\src\hotspot\share\classfile\systemDictionary.cpp, line 256]
Event: 98.083 Thread 0x00000225f5182fa0 Exception <a 'java/lang/ClassNotFoundException'{0x00000000efdfb6d0}: org/gradle/language/jvm/tasks/ProcessResources_DecoratedCustomizer> (0x00000000efdfb6d0) 
thrown [s\open\src\hotspot\share\classfile\systemDictionary.cpp, line 256]
Event: 98.093 Thread 0x00000225f5182fa0 Exception <a 'java/lang/ClassNotFoundException'{0x00000000efc9c1e8}: org/gradle/api/DefaultTask_DecoratedBeanInfo> (0x00000000efc9c1e8) 
thrown [s\open\src\hotspot\share\classfile\systemDictionary.cpp, line 256]
Event: 98.093 Thread 0x00000225f5182fa0 Exception <a 'java/lang/ClassNotFoundException'{0x00000000efca65d0}: org/gradle/api/DefaultTask_DecoratedCustomizer> (0x00000000efca65d0) 
thrown [s\open\src\hotspot\share\classfile\systemDictionary.cpp, line 256]
Event: 98.436 Thread 0x00000225f8703630 Exception <a 'java/lang/NoSuchMethodError'{0x00000000ef804ec8}: 'java.lang.Object java.lang.invoke.DirectMethodHandle$Holder.newInvokeSpecial(java.lang.Object, java.lang.Object, java.lang.Object, java.lang.Object, int, java.lang.Object)'> (0x00000000ef804ec8) 
thrown [s\open\src\hotspot\share\interpreter\linkResolver.cpp, line 759]
Event: 98.436 Thread 0x00000225f8703630 Exception <a 'java/lang/NoSuchMethodError'{0x00000000ef8091e8}: 'java.lang.Object java.lang.invoke.Invokers$Holder.linkToTargetMethod(java.lang.Object, java.lang.Object, java.lang.Object, int, java.lang.Object, java.lang.Object)'> (0x00000000ef8091e8) 
thrown [s\open\src\hotspot\share\interpreter\linkResolver.cpp, line 759]
Event: 98.556 Thread 0x00000225f8703630 Exception <a 'java/lang/NoSuchMethodError'{0x00000000ef8a2208}: 'void java.lang.invoke.DirectMethodHandle$Holder.invokeInterface(java.lang.Object, java.lang.Object, java.lang.Object, java.lang.Object)'> (0x00000000ef8a2208) 
thrown [s\open\src\hotspot\share\interpreter\linkResolver.cpp, line 759]
Event: 98.952 Thread 0x00000225f8703630 Exception <a 'java/lang/IncompatibleClassChangeError'{0x00000000ef6e0378}: Found class java.lang.Object, but interface was expected> (0x00000000ef6e0378) 
thrown [s\open\src\hotspot\share\interpreter\linkResolver.cpp, line 826]
Event: 99.043 Thread 0x00000225f5185820 Exception <a 'java/lang/NoSuchMethodError'{0x00000000ef4af3a8}: static Lorg/gradle/internal/build/event/types/DefaultTaskStartedProgressEvent;.<clinit>()V> (0x00000000ef4af3a8) 
thrown [s\open\src\hotspot\share\prims\jni.cpp, line 1107]
Event: 99.043 Thread 0x00000225f5185820 Exception <a 'java/lang/NoSuchMethodError'{0x00000000ef4b1410}: static Lorg/gradle/internal/build/event/types/AbstractProgressEvent;.<clinit>()V> (0x00000000ef4b1410) 
thrown [s\open\src\hotspot\share\prims\jni.cpp, line 1107]
Event: 99.045 Thread 0x00000225f5185820 Exception <a 'java/lang/NoSuchMethodError'{0x00000000ef4bbc38}: static Lorg/gradle/internal/build/event/types/DefaultTaskDescriptor;.<clinit>()V> (0x00000000ef4bbc38) 
thrown [s\open\src\hotspot\share\prims\jni.cpp, line 1107]
Event: 99.050 Thread 0x00000225f5185820 Exception <a 'java/lang/NoSuchMethodError'{0x00000000ef4e4ad0}: static Lorg/gradle/internal/operations/OperationIdentifier;.<clinit>()V> (0x00000000ef4e4ad0) 
thrown [s\open\src\hotspot\share\prims\jni.cpp, line 1107]
Event: 99.053 Thread 0x00000225f5185820 Exception <a 'java/lang/NoSuchMethodError'{0x00000000ef4ee488}: static Lorg/gradle/internal/build/event/types/DefaultBinaryPluginIdentifier;.<clinit>()V> (0x00000000ef4ee488) 
thrown [s\open\src\hotspot\share\prims\jni.cpp, line 1107]
Event: 99.137 Thread 0x00000225f8703630 Exception <a 'java/lang/IncompatibleClassChangeError'{0x00000000ef3fa000}: Found class java.lang.Object, but interface was expected> (0x00000000ef3fa000) 
thrown [s\open\src\hotspot\share\interpreter\linkResolver.cpp, line 826]
Event: 99.166 Thread 0x00000225f8703630 Exception <a 'java/lang/NoSuchMethodError'{0x00000000ef253b10}: static Ljava/lang/Object;.<clinit>()V> (0x00000000ef253b10) 
thrown [s\open\src\hotspot\share\prims\jni.cpp, line 1107]

VM Operations (20 events):
Event: 224.187 Executing VM operation: Cleanup
Event: 224.249 Executing VM operation: Cleanup done
Event: 225.261 Executing VM operation: Cleanup
Event: 225.261 Executing VM operation: Cleanup done
Event: 234.352 Executing VM operation: Cleanup
Event: 234.572 Executing VM operation: Cleanup done
Event: 235.589 Executing VM operation: Cleanup
Event: 235.590 Executing VM operation: Cleanup done
Event: 236.600 Executing VM operation: Cleanup
Event: 236.600 Executing VM operation: Cleanup done
Event: 240.641 Executing VM operation: Cleanup
Event: 240.658 Executing VM operation: Cleanup done
Event: 240.881 Executing VM operation: G1CollectForAllocation
Event: 241.057 Executing VM operation: G1CollectForAllocation done
Event: 242.067 Executing VM operation: Cleanup
Event: 242.223 Executing VM operation: Cleanup done
Event: 245.242 Executing VM operation: Cleanup
Event: 245.242 Executing VM operation: Cleanup done
Event: 247.250 Executing VM operation: Cleanup
Event: 247.250 Executing VM operation: Cleanup done

Events (20 events):
Event: 190.083 Thread 0x00000225f87059a0 Thread added: 0x00000225f87059a0
Event: 190.720 Thread 0x00000225f51848f0 Thread added: 0x00000225f51848f0
Event: 192.870 Thread 0x00000225f543f240 Thread added: 0x00000225f543f240
Event: 194.621 Thread 0x00000225f5441ac0 Thread added: 0x00000225f5441ac0
Event: 194.915 Thread 0x00000225f5440680 Thread added: 0x00000225f5440680
Event: 194.966 Thread 0x00000225f54415b0 Thread added: 0x00000225f54415b0
Event: 195.097 Thread 0x00000225f543ed30 Thread added: 0x00000225f543ed30
Event: 195.133 Thread 0x00000225f5441fd0 Thread added: 0x00000225f5441fd0
Event: 195.156 Thread 0x00000225f5440170 Thread added: 0x00000225f5440170
Event: 195.184 Thread 0x00000225f543c4b0 Thread added: 0x00000225f543c4b0
Event: 195.215 Thread 0x00000225f54424e0 Thread added: 0x00000225f54424e0
Event: 195.245 Thread 0x00000225f54429f0 Thread added: 0x00000225f54429f0
Event: 195.283 Thread 0x00000225f5442f00 Thread added: 0x00000225f5442f00
Event: 195.309 Thread 0x00000225f543ba90 Thread added: 0x00000225f543ba90
Event: 195.363 Thread 0x00000225f543c9c0 Thread added: 0x00000225f543c9c0
Event: 195.563 Thread 0x00000225f5443410 Thread added: 0x00000225f5443410
Event: 195.580 Thread 0x00000225f543ced0 Thread added: 0x00000225f543ced0
Event: 195.712 Thread 0x00000225f543bfa0 Thread added: 0x00000225f543bfa0
Event: 195.726 Thread 0x00000225f5440b90 Thread added: 0x00000225f5440b90
Event: 204.848 Thread 0x00000225da9f8070 flushing nmethod 0x00000225c8520590


Dynamic libraries:
0x00007ff7613b0000 - 0x00007ff7613c0000 	C:\Program Files\Java\jdk-17\bin\java.exe
0x00007fffefeb0000 - 0x00007ffff00a8000 	C:\WINDOWS\SYSTEM32\ntdll.dll
0x00007fffee5c0000 - 0x00007fffee67d000 	C:\WINDOWS\System32\KERNEL32.DLL
0x00007fffedae0000 - 0x00007fffeddd6000 	C:\WINDOWS\System32\KERNELBASE.dll
0x00007fffedde0000 - 0x00007fffedee0000 	C:\WINDOWS\System32\ucrtbase.dll
0x00007fffe8bd0000 - 0x00007fffe8be9000 	C:\Program Files\Java\jdk-17\bin\jli.dll
0x00007fffefcf0000 - 0x00007fffefda0000 	C:\WINDOWS\System32\ADVAPI32.dll
0x00007fffef310000 - 0x00007fffef3ae000 	C:\WINDOWS\System32\msvcrt.dll
0x00007fffeee00000 - 0x00007fffeeea0000 	C:\WINDOWS\System32\sechost.dll
0x00007fffeeb00000 - 0x00007fffeec25000 	C:\WINDOWS\System32\RPCRT4.dll
0x00007fffed560000 - 0x00007fffed587000 	C:\WINDOWS\System32\bcrypt.dll
0x00007fffee7b0000 - 0x00007fffee94e000 	C:\WINDOWS\System32\USER32.dll
0x00007fffed7f0000 - 0x00007fffed812000 	C:\WINDOWS\System32\win32u.dll
0x00007fffee740000 - 0x00007fffee76b000 	C:\WINDOWS\System32\GDI32.dll
0x00007fffed590000 - 0x00007fffed6a7000 	C:\WINDOWS\System32\gdi32full.dll
0x00007fffed870000 - 0x00007fffed90d000 	C:\WINDOWS\System32\msvcp_win.dll
0x00007fffda010000 - 0x00007fffda2aa000 	C:\WINDOWS\WinSxS\amd64_microsoft.windows.common-controls_6595b64144ccf1df_6.0.19041.3636_none_60b6a03d71f818d5\COMCTL32.dll
0x00007fffdeec0000 - 0x00007fffdeeca000 	C:\WINDOWS\SYSTEM32\VERSION.dll
0x00007fffe8cc0000 - 0x00007fffe8cdb000 	C:\Program Files\Java\jdk-17\bin\VCRUNTIME140.dll
0x00007fffee770000 - 0x00007fffee7a2000 	C:\WINDOWS\System32\IMM32.DLL
0x00007fffe8d60000 - 0x00007fffe8d6c000 	C:\Program Files\Java\jdk-17\bin\vcruntime140_1.dll
0x00007fffe1170000 - 0x00007fffe11fe000 	C:\Program Files\Java\jdk-17\bin\msvcp140.dll
0x00007fffbcaf0000 - 0x00007fffbd6cf000 	C:\Program Files\Java\jdk-17\bin\server\jvm.dll
0x00007fffedfd0000 - 0x00007fffedfd8000 	C:\WINDOWS\System32\PSAPI.DLL
0x00007fffdd780000 - 0x00007fffdd789000 	C:\WINDOWS\SYSTEM32\WSOCK32.dll
0x00007fffeea90000 - 0x00007fffeeafb000 	C:\WINDOWS\System32\WS2_32.dll
0x00007fffdcf00000 - 0x00007fffdcf27000 	C:\WINDOWS\SYSTEM32\WINMM.dll
0x00007fffebd60000 - 0x00007fffebd72000 	C:\WINDOWS\SYSTEM32\kernel.appcore.dll
0x00007fffe8630000 - 0x00007fffe863a000 	C:\Program Files\Java\jdk-17\bin\jimage.dll
0x00007fffebb40000 - 0x00007fffebd24000 	C:\WINDOWS\SYSTEM32\DBGHELP.DLL
0x00007fffd83f0000 - 0x00007fffd8424000 	C:\WINDOWS\SYSTEM32\dbgcore.DLL
0x00007fffed6b0000 - 0x00007fffed732000 	C:\WINDOWS\System32\bcryptPrimitives.dll
0x00007fffe6860000 - 0x00007fffe686e000 	C:\Program Files\Java\jdk-17\bin\instrument.dll
0x00007fffe3c10000 - 0x00007fffe3c35000 	C:\Program Files\Java\jdk-17\bin\java.dll
0x00007fffc5f70000 - 0x00007fffc6047000 	C:\Program Files\Java\jdk-17\bin\jsvml.dll
0x00007fffef3b0000 - 0x00007fffefb1b000 	C:\WINDOWS\System32\SHELL32.dll
0x00007fffeb3a0000 - 0x00007fffebb3e000 	C:\WINDOWS\SYSTEM32\windows.storage.dll
0x00007fffee260000 - 0x00007fffee5b3000 	C:\WINDOWS\System32\combase.dll
0x00007fffecde0000 - 0x00007fffece0e000 	C:\WINDOWS\SYSTEM32\Wldp.dll
0x00007fffefda0000 - 0x00007fffefe6d000 	C:\WINDOWS\System32\OLEAUT32.dll
0x00007fffefb20000 - 0x00007fffefbcd000 	C:\WINDOWS\System32\SHCORE.dll
0x00007fffedf70000 - 0x00007fffedfc5000 	C:\WINDOWS\System32\shlwapi.dll
0x00007fffed490000 - 0x00007fffed4b5000 	C:\WINDOWS\SYSTEM32\profapi.dll
0x00007fffe67f0000 - 0x00007fffe6808000 	C:\Program Files\Java\jdk-17\bin\zip.dll
0x00007fffe2a70000 - 0x00007fffe2a89000 	C:\Program Files\Java\jdk-17\bin\net.dll
0x00007fffe3d10000 - 0x00007fffe3e1a000 	C:\WINDOWS\SYSTEM32\WINHTTP.dll
0x00007fffecbc0000 - 0x00007fffecc2a000 	C:\WINDOWS\system32\mswsock.dll
0x00007fffe1e90000 - 0x00007fffe1ea6000 	C:\Program Files\Java\jdk-17\bin\nio.dll
0x00007fffe2700000 - 0x00007fffe2710000 	C:\Program Files\Java\jdk-17\bin\verify.dll
0x00007fffd4480000 - 0x00007fffd44a7000 	C:\Users\win\.gradle\native\c067742578af261105cb4f569cf0c3c89f3d7b1fecec35dd04571415982c5e48\windows-amd64\native-platform.dll
0x00007fffbd6d0000 - 0x00007fffbd814000 	C:\Users\win\.gradle\native\38dada09dfb8b06ba9b0570ebf7e218e3eb74d4ef43ca46872605cf95ebc2f47\windows-amd64\native-platform-file-events.dll
0x00007fffe1f60000 - 0x00007fffe1f6a000 	C:\Program Files\Java\jdk-17\bin\management.dll
0x00007fffe1e80000 - 0x00007fffe1e8b000 	C:\Program Files\Java\jdk-17\bin\management_ext.dll
0x00007fffece20000 - 0x00007fffece38000 	C:\WINDOWS\SYSTEM32\CRYPTSP.dll
0x00007fffec510000 - 0x00007fffec544000 	C:\WINDOWS\system32\rsaenh.dll
0x00007fffed410000 - 0x00007fffed43e000 	C:\WINDOWS\SYSTEM32\USERENV.dll
0x00007fffecd50000 - 0x00007fffecd5c000 	C:\WINDOWS\SYSTEM32\CRYPTBASE.dll
0x00007fffec8d0000 - 0x00007fffec90b000 	C:\WINDOWS\SYSTEM32\IPHLPAPI.DLL
0x00007fffedfe0000 - 0x00007fffedfe8000 	C:\WINDOWS\System32\NSI.dll
0x00007fffe5950000 - 0x00007fffe5967000 	C:\WINDOWS\SYSTEM32\dhcpcsvc6.DLL
0x00007fffe66b0000 - 0x00007fffe66cd000 	C:\WINDOWS\SYSTEM32\dhcpcsvc.DLL
0x00007fffec910000 - 0x00007fffec9db000 	C:\WINDOWS\SYSTEM32\DNSAPI.dll
0x00007fffe1d60000 - 0x00007fffe1d6e000 	C:\Program Files\Java\jdk-17\bin\sunmscapi.dll
0x00007fffed910000 - 0x00007fffeda6d000 	C:\WINDOWS\System32\CRYPT32.dll
0x00007fffecf30000 - 0x00007fffecf58000 	C:\WINDOWS\SYSTEM32\ncrypt.dll
0x00007fffecef0000 - 0x00007fffecf2b000 	C:\WINDOWS\SYSTEM32\NTASN1.dll
0x00007fffe1ac0000 - 0x00007fffe1ac7000 	C:\WINDOWS\system32\wshunix.dll

dbghelp: loaded successfully - version: 4.0.5 - missing functions: none
symbol engine: initialized successfully - sym options: 0x614 - pdb path: .;C:\Program Files\Java\jdk-17\bin;C:\WINDOWS\SYSTEM32;C:\WINDOWS\WinSxS\amd64_microsoft.windows.common-controls_6595b64144ccf1df_6.0.19041.3636_none_60b6a03d71f818d5;C:\Program Files\Java\jdk-17\bin\server;C:\Users\win\.gradle\native\c067742578af261105cb4f569cf0c3c89f3d7b1fecec35dd04571415982c5e48\windows-amd64;C:\Users\win\.gradle\native\38dada09dfb8b06ba9b0570ebf7e218e3eb74d4ef43ca46872605cf95ebc2f47\windows-amd64

VM Arguments:
jvm_args: --add-opens=java.base/java.util=ALL-UNNAMED --add-opens=java.base/java.lang=ALL-UNNAMED --add-opens=java.base/java.lang.invoke=ALL-UNNAMED --add-opens=java.prefs/java.util.prefs=ALL-UNNAMED --add-opens=java.base/java.nio.charset=ALL-UNNAMED --add-opens=java.base/java.net=ALL-UNNAMED --add-opens=java.base/java.util.concurrent.atomic=ALL-UNNAMED -XX:MaxMetaspaceSize=384m -XX:+HeapDumpOnOutOfMemoryError -Xms256m -Xmx512m -Dfile.encoding=windows-1252 -Duser.country=US -Duser.language=en -Duser.variant -javaagent:C:\Users\win\.gradle\wrapper\dists\gradle-8.5-bin\5t9huq95ubn472n8rpzujfbqh\gradle-8.5\lib\agents\gradle-instrumentation-agent-8.5.jar 
java_command: org.gradle.launcher.daemon.bootstrap.GradleDaemon 8.5
java_class_path (initial): C:\Users\win\.gradle\wrapper\dists\gradle-8.5-bin\5t9huq95ubn472n8rpzujfbqh\gradle-8.5\lib\gradle-launcher-8.5.jar
Launcher Type: SUN_STANDARD

[Global flags]
     intx CICompilerCount                          = 3                                         {product} {ergonomic}
   size_t CompressedClassSpaceSize                 = 335544320                                 {product} {ergonomic}
     uint ConcGCThreads                            = 1                                         {product} {ergonomic}
     uint G1ConcRefinementThreads                  = 4                                         {product} {ergonomic}
   size_t G1HeapRegionSize                         = 1048576                                   {product} {ergonomic}
    uintx GCDrainStackTargetSize                   = 64                                        {product} {ergonomic}
     bool HeapDumpOnOutOfMemoryError               = true                                   {manageable} {command line}
   size_t InitialHeapSize                          = 268435456                                 {product} {command line}
   size_t MarkStackSize                            = 4194304                                   {product} {ergonomic}
   size_t MaxHeapSize                              = 536870912                                 {product} {command line}
   size_t MaxMetaspaceSize                         = 402653184                                 {product} {command line}
   size_t MaxNewSize                               = 321912832                                 {product} {ergonomic}
   size_t MinHeapDeltaBytes                        = 1048576                                   {product} {ergonomic}
   size_t MinHeapSize                              = 268435456                                 {product} {command line}
    uintx NonNMethodCodeHeapSize                   = 5832780                                {pd product} {ergonomic}
    uintx NonProfiledCodeHeapSize                  = 122912730                              {pd product} {ergonomic}
    uintx ProfiledCodeHeapSize                     = 122912730                              {pd product} {ergonomic}
    uintx ReservedCodeCacheSize                    = 251658240                              {pd product} {ergonomic}
     bool SegmentedCodeCache                       = true                                      {product} {ergonomic}
   size_t SoftMaxHeapSize                          = 536870912                              {manageable} {ergonomic}
     bool UseCompressedClassPointers               = true                           {product lp64_product} {ergonomic}
     bool UseCompressedOops                        = true                           {product lp64_product} {ergonomic}
     bool UseG1GC                                  = true                                      {product} {ergonomic}
     bool UseLargePagesIndividualAllocation        = false                                  {pd product} {ergonomic}

Logging:
Log output configuration:
 #0: stdout all=warning uptime,level,tags
 #1: stderr all=off uptime,level,tags

Environment Variables:
JAVA_HOME=C:\Program Files\Java\jdk-17
PATH=C:\Program Files\Common Files\Oracle\Java\javapath;C:\WINDOWS\system32;C:\WINDOWS;C:\WINDOWS\System32\Wbem;C:\WINDOWS\System32\WindowsPowerShell\v1.0\;C:\WINDOWS\System32\OpenSSH\;C:\Program Files\Git\cmd;C:\Program Files\Azure Data Studio\bin;C:\Program Files (x86)\Microsoft SQL Server\160\Tools\Binn\;C:\Program Files\Microsoft SQL Server\160\Tools\Binn\;C:\Program Files\Microsoft SQL Server\Client SDK\ODBC\170\Tools\Binn\;C:\Program Files\Microsoft SQL Server\160\DTS\Binn\;C:\Program Files (x86)\Microsoft SQL Server\160\DTS\Binn\;C:\Program Files\Java\jdk-17\bin;C:\hadoop-3.1.3\bin;C:\hadoop-3.1.3\sbin;;C:\Program Files\Docker\Docker\resources\bin;C:\Program Files\dotnet\;C:\Program Files\nodejs\;C:\Users\win\AppData\Local\Microsoft\WindowsApps;C:\Users\win\AppData\Local\GitHubDesktop\bin;C:\Users\win\AppData\Local\Programs\Microsoft VS Code\bin;C:\Program Files\Azure Data Studio\bin;C:\Program Files\Java\jdk-17\bin;C:\hadoop-3.1.3\bin;C:\hadoop-3.1.3\sbin;C:\Users\win\.dotnet\tools;C:\Users\win\AppData\Roaming\npm;C:\Program Files\JetBrains\IntelliJ IDEA 2023.3.2\bin;
USERNAME=win
OS=Windows_NT
PROCESSOR_IDENTIFIER=Intel64 Family 6 Model 142 Stepping 9, GenuineIntel



---------------  S Y S T E M  ---------------

OS:
 Windows 10 , 64 bit Build 19041 (10.0.19041.3636)
OS uptime: 3 days 20:56 hours
Hyper-V role detected

CPU: total 4 (initial active 4) (2 cores per cpu, 2 threads per core) family 6 model 142 stepping 9 microcode 0xf0, cx8, cmov, fxsr, ht, mmx, 3dnowpref, sse, sse2, sse3, ssse3, sse4.1, sse4.2, popcnt, lzcnt, tsc, tscinvbit, avx, avx2, aes, erms, clmul, bmi1, bmi2, rtm, adx, fma, vzeroupper, clflush, clflushopt, hv

Memory: 4k page, system-wide physical 8052M (120M free)
TotalPageFile size 18576M (AvailPageFile size 4M)
current process WorkingSet (physical memory assigned to process): 254M, peak: 327M
current process commit charge ("private bytes"): 471M, peak: 473M

vm_info: Java HotSpot(TM) 64-Bit Server VM (17.0.10+11-LTS-240) for windows-amd64 JRE (17.0.10+11-LTS-240), built on Dec 19 2023 21:47:25 by "mach5one" with MS VC++ 17.1 (VS2022)

END.
